[I 2023-06-27 06:36:00,793] Trial 42 finished with value: 0.3514508605003357 and parameters: {'dim': 300, 'lam': 1.4938733741892746e-06}. Best is trial 42 with value: 0.3514508605003357.
[I 2023-06-27 06:36:32,852] Trial 43 finished with value: 0.35241392254829407 and parameters: {'dim': 300, 'lam': 7.967586447337424e-07}. Best is trial 42 with value: 0.3514508605003357.
[I 2023-06-27 06:37:04,610] Trial 44 finished with value: 0.3535325825214386 and parameters: {'dim': 300, 'lam': 4.2137019092400793e-07}. Best is trial 42 with value: 0.3514508605003357.
[I 2023-06-27 06:37:26,957] Trial 45 finished with value: 0.40140724182128906 and parameters: {'dim': 100, 'lam': 1.4658277772447676e-06}. Best is trial 42 with value: 0.3514508605003357.
[I 2023-06-27 06:37:51,695] Trial 46 finished with value: 0.3846842646598816 and parameters: {'dim': 140, 'lam': 7.910627449366714e-07}. Best is trial 42 with value: 0.3514508605003357.
[I 2023-06-27 06:38:23,466] Trial 47 finished with value: 0.35438987612724304 and parameters: {'dim': 300, 'lam': 2.5206046729625443e-07}. Best is trial 42 with value: 0.3514508605003357.
[I 2023-06-27 06:38:53,298] Trial 48 finished with value: 0.35892772674560547 and parameters: {'dim': 260, 'lam': 5.4543404513737235e-06}. Best is trial 42 with value: 0.3514508605003357.
[I 2023-06-27 06:39:19,932] Trial 49 finished with value: 0.3766889274120331 and parameters: {'dim': 180, 'lam': 4.640537806387122e-07}. Best is trial 42 with value: 0.3514508605003357.
[I 2023-06-27 06:39:51,875] Trial 50 finished with value: 0.3519459068775177 and parameters: {'dim': 300, 'lam': 1.0576044955564824e-06}. Best is trial 42 with value: 0.3514508605003357.
[I 2023-06-27 06:40:23,534] Trial 51 finished with value: 0.35137492418289185 and parameters: {'dim': 300, 'lam': 1.589015936817652e-06}. Best is trial 51 with value: 0.35137492418289185.
[I 2023-06-27 06:40:55,734] Trial 52 finished with value: 0.35124921798706055 and parameters: {'dim': 300, 'lam': 1.791167856869459e-06}. Best is trial 52 with value: 0.35124921798706055.
[I 2023-06-27 06:41:26,881] Trial 53 finished with value: 0.35386160016059875 and parameters: {'dim': 280, 'lam': 1.618366071067765e-06}. Best is trial 52 with value: 0.35124921798706055.
[I 2023-06-27 06:41:58,626] Trial 54 finished with value: 0.35128021240234375 and parameters: {'dim': 300, 'lam': 3.926298706775895e-06}. Best is trial 52 with value: 0.35124921798706055.
[I 2023-06-27 06:42:30,266] Trial 55 finished with value: 0.3536107838153839 and parameters: {'dim': 280, 'lam': 4.156580604978179e-06}. Best is trial 52 with value: 0.35124921798706055.
[I 2023-06-27 06:43:02,437] Trial 56 finished with value: 0.35267138481140137 and parameters: {'dim': 300, 'lam': 6.373684170118995e-06}. Best is trial 52 with value: 0.35124921798706055.
[I 2023-06-27 06:43:33,128] Trial 57 finished with value: 0.3584321141242981 and parameters: {'dim': 260, 'lam': 1.9495853952537368e-06}. Best is trial 52 with value: 0.35124921798706055.
[I 2023-06-27 06:44:04,656] Trial 58 finished with value: 0.35353803634643555 and parameters: {'dim': 280, 'lam': 3.932263280268251e-06}. Best is trial 52 with value: 0.35124921798706055.
[I 2023-06-27 06:44:36,911] Trial 59 finished with value: 0.35103508830070496 and parameters: {'dim': 300, 'lam': 2.7736365981973345e-06}. Best is trial 59 with value: 0.35103508830070496.
[I 2023-06-27 06:45:08,317] Trial 60 finished with value: 0.35340991616249084 and parameters: {'dim': 280, 'lam': 2.476179710104823e-06}. Best is trial 59 with value: 0.35103508830070496.
[I 2023-06-27 06:45:39,849] Trial 61 finished with value: 0.3510594666004181 and parameters: {'dim': 300, 'lam': 3.0593289465152762e-06}. Best is trial 59 with value: 0.35103508830070496.
[I 2023-06-27 06:46:11,509] Trial 62 finished with value: 0.353173166513443 and parameters: {'dim': 300, 'lam': 7.032284963519511e-06}. Best is trial 59 with value: 0.35103508830070496.
[I 2023-06-27 06:46:43,345] Trial 63 finished with value: 0.3535917103290558 and parameters: {'dim': 280, 'lam': 4.100426391339207e-06}. Best is trial 59 with value: 0.35103508830070496.
[I 2023-06-27 06:47:15,588] Trial 64 finished with value: 0.3510403037071228 and parameters: {'dim': 300, 'lam': 2.875173029191014e-06}. Best is trial 59 with value: 0.35103508830070496.
[I 2023-06-27 06:47:46,502] Trial 65 finished with value: 0.35879141092300415 and parameters: {'dim': 260, 'lam': 5.182877157476075e-06}. Best is trial 59 with value: 0.35103508830070496.
[I 2023-06-27 06:48:17,051] Trial 66 finished with value: 0.35343241691589355 and parameters: {'dim': 280, 'lam': 2.3869281533075525e-06}. Best is trial 59 with value: 0.35103508830070496.
[I 2023-06-27 06:48:48,652] Trial 67 finished with value: 0.3510512411594391 and parameters: {'dim': 300, 'lam': 2.9946585404205657e-06}. Best is trial 59 with value: 0.35103508830070496.
[I 2023-06-27 06:49:20,244] Trial 68 finished with value: 0.35336554050445557 and parameters: {'dim': 280, 'lam': 3.0517502400124883e-06}. Best is trial 59 with value: 0.35103508830070496.
[I 2023-06-27 06:49:49,961] Trial 69 finished with value: 0.36017894744873047 and parameters: {'dim': 240, 'lam': 7.2844415993924735e-06}. Best is trial 59 with value: 0.35103508830070496.
[I 2023-06-27 06:50:22,472] Trial 70 finished with value: 0.3510790765285492 and parameters: {'dim': 300, 'lam': 3.1980426375409585e-06}. Best is trial 59 with value: 0.35103508830070496.
[I 2023-06-27 06:50:54,441] Trial 71 finished with value: 0.35109052062034607 and parameters: {'dim': 300, 'lam': 3.2613371634787204e-06}. Best is trial 59 with value: 0.35103508830070496.
[I 2023-06-27 06:51:27,102] Trial 72 finished with value: 0.35110804438591003 and parameters: {'dim': 300, 'lam': 3.3443364792086456e-06}. Best is trial 59 with value: 0.35103508830070496.
[I 2023-06-27 06:51:59,174] Trial 73 finished with value: 0.3510475158691406 and parameters: {'dim': 300, 'lam': 2.9606994766995455e-06}. Best is trial 59 with value: 0.35103508830070496.
[I 2023-06-27 06:52:30,980] Trial 74 finished with value: 0.35336852073669434 and parameters: {'dim': 280, 'lam': 3.0898080239271767e-06}. Best is trial 59 with value: 0.35103508830070496.
[I 2023-06-27 06:53:02,819] Trial 75 finished with value: 0.35778483748435974 and parameters: {'dim': 280, 'lam': 1.009387202556001e-05}. Best is trial 59 with value: 0.35103508830070496.
[I 2023-06-27 06:53:34,970] Trial 76 finished with value: 0.3517705202102661 and parameters: {'dim': 300, 'lam': 4.9917355785427305e-06}. Best is trial 59 with value: 0.35103508830070496.
[I 2023-06-27 06:54:07,032] Trial 77 finished with value: 0.3510362505912781 and parameters: {'dim': 300, 'lam': 2.6104381142938544e-06}. Best is trial 59 with value: 0.35103508830070496.
[I 2023-06-27 06:54:39,174] Trial 78 finished with value: 0.35104405879974365 and parameters: {'dim': 300, 'lam': 2.503608229201087e-06}. Best is trial 59 with value: 0.35103508830070496.
[I 2023-06-27 06:55:07,437] Trial 79 finished with value: 0.367061972618103 and parameters: {'dim': 200, 'lam': 2.165575930481979e-06}. Best is trial 59 with value: 0.35103508830070496.
[I 2023-06-27 06:55:38,697] Trial 80 finished with value: 0.3543285131454468 and parameters: {'dim': 280, 'lam': 5.681677727891636e-06}. Best is trial 59 with value: 0.35103508830070496.
[I 2023-06-27 06:56:10,641] Trial 81 finished with value: 0.351036936044693 and parameters: {'dim': 300, 'lam': 2.596838264054721e-06}. Best is trial 59 with value: 0.35103508830070496.
[I 2023-06-27 06:56:42,592] Trial 82 finished with value: 0.35103392601013184 and parameters: {'dim': 300, 'lam': 2.724840401951802e-06}. Best is trial 82 with value: 0.35103392601013184.
[I 2023-06-27 06:57:14,622] Trial 83 finished with value: 0.35105422139167786 and parameters: {'dim': 300, 'lam': 2.4135714533436266e-06}. Best is trial 82 with value: 0.35103392601013184.
[I 2023-06-27 06:57:46,775] Trial 84 finished with value: 0.3511657118797302 and parameters: {'dim': 300, 'lam': 1.977011799420006e-06}. Best is trial 82 with value: 0.35103392601013184.
[I 2023-06-27 06:58:17,686] Trial 85 finished with value: 0.3544917702674866 and parameters: {'dim': 280, 'lam': 1.124044859316843e-06}. Best is trial 82 with value: 0.35103392601013184.
[I 2023-06-27 06:58:49,966] Trial 86 finished with value: 0.3510410785675049 and parameters: {'dim': 300, 'lam': 2.5371801475019e-06}. Best is trial 82 with value: 0.35103392601013184.
[I 2023-06-27 06:59:22,255] Trial 87 finished with value: 0.35165461897850037 and parameters: {'dim': 300, 'lam': 4.779333579777779e-06}. Best is trial 82 with value: 0.35103392601013184.
[I 2023-06-27 06:59:53,716] Trial 88 finished with value: 0.35342562198638916 and parameters: {'dim': 280, 'lam': 2.412107540952696e-06}. Best is trial 82 with value: 0.35103392601013184.
[I 2023-06-27 07:00:26,229] Trial 89 finished with value: 0.3521253764629364 and parameters: {'dim': 300, 'lam': 9.444399014698242e-07}. Best is trial 82 with value: 0.35103392601013184.
[I 2023-06-27 07:00:57,703] Trial 90 finished with value: 0.35368937253952026 and parameters: {'dim': 280, 'lam': 1.830406686042249e-06}. Best is trial 82 with value: 0.35103392601013184.
[I 2023-06-27 07:01:30,380] Trial 91 finished with value: 0.3510347604751587 and parameters: {'dim': 300, 'lam': 2.649566577282851e-06}. Best is trial 82 with value: 0.35103392601013184.
[I 2023-06-27 07:02:03,099] Trial 92 finished with value: 0.3510337769985199 and parameters: {'dim': 300, 'lam': 2.6991462184582413e-06}. Best is trial 92 with value: 0.3510337769985199.
[I 2023-06-27 07:02:35,228] Trial 93 finished with value: 0.35141974687576294 and parameters: {'dim': 300, 'lam': 4.284064001428162e-06}. Best is trial 92 with value: 0.3510337769985199.
[I 2023-06-27 07:03:07,579] Trial 94 finished with value: 0.35120028257369995 and parameters: {'dim': 300, 'lam': 1.8928602945238953e-06}. Best is trial 92 with value: 0.3510337769985199.
[I 2023-06-27 07:03:39,148] Trial 95 finished with value: 0.3510455787181854 and parameters: {'dim': 300, 'lam': 2.4875717974532014e-06}. Best is trial 92 with value: 0.3510337769985199.
[I 2023-06-27 07:04:10,176] Trial 96 finished with value: 0.35339078307151794 and parameters: {'dim': 280, 'lam': 2.566816676249232e-06}. Best is trial 92 with value: 0.3510337769985199.
[I 2023-06-27 07:04:42,363] Trial 97 finished with value: 0.3512040078639984 and parameters: {'dim': 300, 'lam': 3.7036735436189482e-06}. Best is trial 92 with value: 0.3510337769985199.
[I 2023-06-27 07:05:14,297] Trial 98 finished with value: 0.35180944204330444 and parameters: {'dim': 300, 'lam': 1.158348374952397e-06}. Best is trial 92 with value: 0.3510337769985199.
[I 2023-06-27 07:05:45,913] Trial 99 finished with value: 0.3546639382839203 and parameters: {'dim': 280, 'lam': 6.234366079113355e-06}. Best is trial 92 with value: 0.3510337769985199.
[I 2023-06-27 07:05:45,913] A new study created in memory with name: no-name-eb34c1a6-1a2f-4883-b867-1af9877a5428
[I 2023-06-27 07:06:12,280] Trial 0 finished with value: 639.90869140625 and parameters: {'dim': 180, 'lam': 6.221477621140814e-07, 'beta': 4.76990550540845}. Best is trial 0 with value: 639.90869140625.
[I 2023-06-27 07:06:35,138] Trial 1 finished with value: 649.328857421875 and parameters: {'dim': 100, 'lam': 3.669397441554375e-05, 'beta': 1.630506533048354}. Best is trial 0 with value: 639.90869140625.
[I 2023-06-27 07:07:02,613] Trial 2 finished with value: 622.657470703125 and parameters: {'dim': 200, 'lam': 9.414409894590487e-05, 'beta': 0.8362765274954979}. Best is trial 2 with value: 622.657470703125.
[I 2023-06-27 07:07:31,899] Trial 3 finished with value: 612.1929321289062 and parameters: {'dim': 240, 'lam': 0.0005590456722985707, 'beta': 7.810165614960063}. Best is trial 3 with value: 612.1929321289062.
[I 2023-06-27 07:07:59,479] Trial 4 finished with value: 622.49658203125 and parameters: {'dim': 200, 'lam': 8.799283462991333e-05, 'beta': 8.306048605974452}. Best is trial 3 with value: 612.1929321289062.
[I 2023-06-27 07:08:29,043] Trial 5 finished with value: 626.4469604492188 and parameters: {'dim': 240, 'lam': 3.0828568322563833e-07, 'beta': 6.485392344072319}. Best is trial 3 with value: 612.1929321289062.
[I 2023-06-27 07:08:51,180] Trial 6 finished with value: 649.1553955078125 and parameters: {'dim': 100, 'lam': 4.151443843362464e-05, 'beta': 6.02947355409251}. Best is trial 3 with value: 612.1929321289062.
[I 2023-06-27 07:09:15,541] Trial 7 finished with value: 639.4613037109375 and parameters: {'dim': 140, 'lam': 3.913314933556267e-06, 'beta': 8.311770799490343}. Best is trial 3 with value: 612.1929321289062.
[I 2023-06-27 07:09:43,960] Trial 8 finished with value: 618.3110961914062 and parameters: {'dim': 220, 'lam': 0.0009054026122148783, 'beta': 2.930388975113845}. Best is trial 3 with value: 612.1929321289062.
[I 2023-06-27 07:10:15,194] Trial 9 finished with value: 606.247802734375 and parameters: {'dim': 280, 'lam': 4.0529290255598234e-05, 'beta': 9.563929769016857}. Best is trial 9 with value: 606.247802734375.
[I 2023-06-27 07:10:47,554] Trial 10 finished with value: 609.4257202148438 and parameters: {'dim': 300, 'lam': 4.011816563614136e-06, 'beta': 9.677837332727691}. Best is trial 9 with value: 606.247802734375.
[I 2023-06-27 07:11:19,442] Trial 11 finished with value: 608.1578369140625 and parameters: {'dim': 300, 'lam': 6.027468975517878e-06, 'beta': 9.671142496600707}. Best is trial 9 with value: 606.247802734375.
[I 2023-06-27 07:11:50,579] Trial 12 finished with value: 609.2547607421875 and parameters: {'dim': 280, 'lam': 8.435818125967937e-06, 'beta': 9.690961747240065}. Best is trial 9 with value: 606.247802734375.
[I 2023-06-27 07:12:21,702] Trial 13 finished with value: 614.9287109375 and parameters: {'dim': 280, 'lam': 1.3809621470656825e-06, 'beta': 9.918606738297559}. Best is trial 9 with value: 606.247802734375.
[I 2023-06-27 07:12:53,678] Trial 14 finished with value: 606.0440673828125 and parameters: {'dim': 300, 'lam': 1.538122373520974e-05, 'beta': 7.448816538153396}. Best is trial 14 with value: 606.0440673828125.
[I 2023-06-27 07:13:23,464] Trial 15 finished with value: 613.977783203125 and parameters: {'dim': 260, 'lam': 2.1545842318446683e-05, 'beta': 7.294484969373938}. Best is trial 14 with value: 606.0440673828125.
[I 2023-06-27 07:13:53,232] Trial 16 finished with value: 614.2805786132812 and parameters: {'dim': 260, 'lam': 1.8586641270253005e-05, 'beta': 5.073383204912317}. Best is trial 14 with value: 606.0440673828125.
[I 2023-06-27 07:14:25,150] Trial 17 finished with value: 603.5073852539062 and parameters: {'dim': 300, 'lam': 0.0001703702004522667, 'beta': 8.787505883609544}. Best is trial 17 with value: 603.5073852539062.
[I 2023-06-27 07:14:57,571] Trial 18 finished with value: 618.8327026367188 and parameters: {'dim': 300, 'lam': 1.199166116065237e-07, 'beta': 7.115110774824532}. Best is trial 17 with value: 603.5073852539062.
[I 2023-06-27 07:15:23,113] Trial 19 finished with value: 627.7657470703125 and parameters: {'dim': 160, 'lam': 0.0002814514374209405, 'beta': 8.536161522072685}. Best is trial 17 with value: 603.5073852539062.
[I 2023-06-27 07:15:52,469] Trial 20 finished with value: 612.3955688476562 and parameters: {'dim': 240, 'lam': 0.0002093334278727679, 'beta': 8.674602386225871}. Best is trial 17 with value: 603.5073852539062.
[I 2023-06-27 07:16:23,511] Trial 21 finished with value: 605.4972534179688 and parameters: {'dim': 280, 'lam': 0.00010363394227968706, 'beta': 8.932630190880595}. Best is trial 17 with value: 603.5073852539062.
[I 2023-06-27 07:16:55,940] Trial 22 finished with value: 603.713623046875 and parameters: {'dim': 300, 'lam': 0.00012607487773591948, 'beta': 7.269283113225937}. Best is trial 17 with value: 603.5073852539062.
[I 2023-06-27 07:17:26,023] Trial 23 finished with value: 611.593994140625 and parameters: {'dim': 260, 'lam': 0.00020486751291216818, 'beta': 8.847809823443963}. Best is trial 17 with value: 603.5073852539062.
[I 2023-06-27 07:17:56,892] Trial 24 finished with value: 605.5482177734375 and parameters: {'dim': 280, 'lam': 9.870270004655799e-05, 'beta': 7.761992648757303}. Best is trial 17 with value: 603.5073852539062.
[I 2023-06-27 07:18:29,095] Trial 25 finished with value: 603.3434448242188 and parameters: {'dim': 300, 'lam': 0.000499022936259604, 'beta': 8.933998189631513}. Best is trial 25 with value: 603.3434448242188.
[I 2023-06-27 07:19:01,534] Trial 26 finished with value: 603.38916015625 and parameters: {'dim': 300, 'lam': 0.0004620556081923097, 'beta': 6.693283011922931}. Best is trial 25 with value: 603.3434448242188.
[I 2023-06-27 07:19:31,730] Trial 27 finished with value: 611.5369262695312 and parameters: {'dim': 260, 'lam': 0.0005220588981941102, 'beta': 6.54266857842336}. Best is trial 25 with value: 603.3434448242188.
[I 2023-06-27 07:20:01,595] Trial 28 finished with value: 612.1779174804688 and parameters: {'dim': 240, 'lam': 0.0009082842988771644, 'beta': 9.14755497550711}. Best is trial 25 with value: 603.3434448242188.
[I 2023-06-27 07:20:28,093] Trial 29 finished with value: 631.0744018554688 and parameters: {'dim': 180, 'lam': 0.0003474402699767425, 'beta': 5.65979354578136}. Best is trial 25 with value: 603.3434448242188.
[I 2023-06-27 07:20:56,441] Trial 30 finished with value: 618.1458740234375 and parameters: {'dim': 220, 'lam': 0.000569404038969102, 'beta': 8.064114560118691}. Best is trial 25 with value: 603.3434448242188.
[I 2023-06-27 07:21:28,890] Trial 31 finished with value: 603.5335693359375 and parameters: {'dim': 300, 'lam': 0.00017512828867433168, 'beta': 6.89798408490578}. Best is trial 25 with value: 603.3434448242188.
[I 2023-06-27 07:22:01,041] Trial 32 finished with value: 603.4141845703125 and parameters: {'dim': 300, 'lam': 0.0003482724612396801, 'beta': 6.662659010605793}. Best is trial 25 with value: 603.3434448242188.
[I 2023-06-27 07:22:32,354] Trial 33 finished with value: 605.0682373046875 and parameters: {'dim': 280, 'lam': 0.0003396075405610555, 'beta': 4.592684914355749}. Best is trial 25 with value: 603.3434448242188.
[I 2023-06-27 07:23:04,598] Trial 34 finished with value: 603.3643798828125 and parameters: {'dim': 300, 'lam': 0.0004029702937529788, 'beta': 7.851864894133095}. Best is trial 25 with value: 603.3434448242188.
[I 2023-06-27 07:23:35,208] Trial 35 finished with value: 611.56103515625 and parameters: {'dim': 260, 'lam': 0.0009976973425406565, 'beta': 7.926176954497468}. Best is trial 25 with value: 603.3434448242188.
[I 2023-06-27 07:24:06,253] Trial 36 finished with value: 605.024169921875 and parameters: {'dim': 280, 'lam': 0.00036462021760178323, 'beta': 6.6681178584115735}. Best is trial 25 with value: 603.3434448242188.
[I 2023-06-27 07:24:38,034] Trial 37 finished with value: 603.4013671875 and parameters: {'dim': 300, 'lam': 0.0005828691760474705, 'beta': 7.746576252198894}. Best is trial 25 with value: 603.3434448242188.
[I 2023-06-27 07:25:02,762] Trial 38 finished with value: 636.7994995117188 and parameters: {'dim': 140, 'lam': 6.469589643603418e-05, 'beta': 7.7431567225695686}. Best is trial 25 with value: 603.3434448242188.
[I 2023-06-27 07:25:30,714] Trial 39 finished with value: 618.1445922851562 and parameters: {'dim': 220, 'lam': 0.0006161217694853706, 'beta': 7.98931677159377}. Best is trial 25 with value: 603.3434448242188.
[I 2023-06-27 07:25:54,101] Trial 40 finished with value: 648.88623046875 and parameters: {'dim': 100, 'lam': 5.976721014154256e-05, 'beta': 8.26433712464673}. Best is trial 25 with value: 603.3434448242188.
[I 2023-06-27 07:26:26,418] Trial 41 finished with value: 603.4008178710938 and parameters: {'dim': 300, 'lam': 0.000483167480665285, 'beta': 6.191925941779358}. Best is trial 25 with value: 603.3434448242188.
[I 2023-06-27 07:26:58,171] Trial 42 finished with value: 605.0227661132812 and parameters: {'dim': 280, 'lam': 0.000517188459766664, 'beta': 6.056022275512613}. Best is trial 25 with value: 603.3434448242188.
[I 2023-06-27 07:27:30,694] Trial 43 finished with value: 603.4955444335938 and parameters: {'dim': 300, 'lam': 0.00024901888821489616, 'beta': 7.415164429285687}. Best is trial 25 with value: 603.3434448242188.
[I 2023-06-27 07:28:02,756] Trial 44 finished with value: 605.0590209960938 and parameters: {'dim': 280, 'lam': 0.0006477150936763238, 'beta': 6.183332312454861}. Best is trial 25 with value: 603.3434448242188.
[I 2023-06-27 07:28:34,855] Trial 45 finished with value: 603.6192016601562 and parameters: {'dim': 300, 'lam': 0.00014363098917415093, 'beta': 6.969657731454202}. Best is trial 25 with value: 603.3434448242188.
[I 2023-06-27 07:29:05,746] Trial 46 finished with value: 611.5489501953125 and parameters: {'dim': 260, 'lam': 0.0009745096116330783, 'beta': 8.375933998414775}. Best is trial 25 with value: 603.3434448242188.
[I 2023-06-27 07:29:37,343] Trial 47 finished with value: 604.9366455078125 and parameters: {'dim': 280, 'lam': 0.0004382013985548664, 'beta': 9.250913153095}. Best is trial 25 with value: 603.3434448242188.
[I 2023-06-27 07:30:09,402] Trial 48 finished with value: 603.44580078125 and parameters: {'dim': 300, 'lam': 0.00028955679127054545, 'beta': 7.805784046727937}. Best is trial 25 with value: 603.3434448242188.
[I 2023-06-27 07:30:33,616] Trial 49 finished with value: 643.8040161132812 and parameters: {'dim': 120, 'lam': 0.0006640345703506315, 'beta': 7.483974066342921}. Best is trial 25 with value: 603.3434448242188.
[I 2023-06-27 07:31:06,059] Trial 50 finished with value: 603.47216796875 and parameters: {'dim': 300, 'lam': 0.00020961893434113532, 'beta': 9.273005661251107}. Best is trial 25 with value: 603.3434448242188.
[I 2023-06-27 07:31:38,210] Trial 51 finished with value: 603.3927001953125 and parameters: {'dim': 300, 'lam': 0.000389787502059441, 'beta': 6.462771293738963}. Best is trial 25 with value: 603.3434448242188.
