[I 2023-06-27 07:32:10,009] Trial 52 finished with value: 605.0204467773438 and parameters: {'dim': 280, 'lam': 0.00043012776634627516, 'beta': 5.684087058136033}. Best is trial 25 with value: 603.3434448242188.
[I 2023-06-27 07:32:41,461] Trial 53 finished with value: 603.4261474609375 and parameters: {'dim': 300, 'lam': 0.000689704284433415, 'beta': 6.4056127456504575}. Best is trial 25 with value: 603.3434448242188.
[I 2023-06-27 07:33:13,532] Trial 54 finished with value: 603.5108642578125 and parameters: {'dim': 300, 'lam': 0.0002527042782120212, 'beta': 6.872565040443212}. Best is trial 25 with value: 603.3434448242188.
[I 2023-06-27 07:33:45,401] Trial 55 finished with value: 605.1781616210938 and parameters: {'dim': 280, 'lam': 0.00016191751310199853, 'beta': 8.281437810284535}. Best is trial 25 with value: 603.3434448242188.
[I 2023-06-27 07:34:17,660] Trial 56 finished with value: 603.3820190429688 and parameters: {'dim': 300, 'lam': 0.0003946327138744741, 'beta': 7.100601989128078}. Best is trial 25 with value: 603.3434448242188.
[I 2023-06-27 07:34:48,752] Trial 57 finished with value: 611.8712768554688 and parameters: {'dim': 260, 'lam': 0.00012540694012503335, 'beta': 5.708162153163158}. Best is trial 25 with value: 603.3434448242188.
[I 2023-06-27 07:35:18,763] Trial 58 finished with value: 612.2197875976562 and parameters: {'dim': 240, 'lam': 0.0004391489420091016, 'beta': 7.1364666629603954}. Best is trial 25 with value: 603.3434448242188.
[I 2023-06-27 07:35:51,029] Trial 59 finished with value: 603.5220947265625 and parameters: {'dim': 300, 'lam': 0.00025396474005179336, 'beta': 6.313159626992297}. Best is trial 25 with value: 603.3434448242188.
[I 2023-06-27 07:36:22,774] Trial 60 finished with value: 605.0319213867188 and parameters: {'dim': 280, 'lam': 0.0007263151397810965, 'beta': 8.502937419753515}. Best is trial 25 with value: 603.3434448242188.
[I 2023-06-27 07:36:54,772] Trial 61 finished with value: 603.373291015625 and parameters: {'dim': 300, 'lam': 0.0004390160787688792, 'beta': 7.543462448062877}. Best is trial 25 with value: 603.3434448242188.
[I 2023-06-27 07:37:26,859] Trial 62 finished with value: 603.3705444335938 and parameters: {'dim': 300, 'lam': 0.00038997490399605376, 'beta': 7.4271660712869565}. Best is trial 25 with value: 603.3434448242188.
[I 2023-06-27 07:37:58,927] Trial 63 finished with value: 603.4060668945312 and parameters: {'dim': 300, 'lam': 0.0003331807043742194, 'beta': 7.5172718494406485}. Best is trial 25 with value: 603.3434448242188.
[I 2023-06-27 07:38:30,242] Trial 64 finished with value: 605.1680297851562 and parameters: {'dim': 280, 'lam': 0.00019093112714411002, 'beta': 7.167949883264702}. Best is trial 25 with value: 603.3434448242188.
[I 2023-06-27 07:39:02,495] Trial 65 finished with value: 603.3511962890625 and parameters: {'dim': 300, 'lam': 0.0004065816937554236, 'beta': 8.161028843162628}. Best is trial 25 with value: 603.3434448242188.
[I 2023-06-27 07:39:33,854] Trial 66 finished with value: 605.0516967773438 and parameters: {'dim': 280, 'lam': 0.0007948043305697742, 'beta': 8.702392620075928}. Best is trial 25 with value: 603.3434448242188.
[I 2023-06-27 07:40:04,243] Trial 67 finished with value: 611.565185546875 and parameters: {'dim': 260, 'lam': 0.00029078433250268135, 'beta': 8.047128379711523}. Best is trial 25 with value: 603.3434448242188.
[I 2023-06-27 07:40:35,919] Trial 68 finished with value: 603.689697265625 and parameters: {'dim': 300, 'lam': 0.00012341119634182962, 'beta': 8.954839857321657}. Best is trial 25 with value: 603.3434448242188.
[I 2023-06-27 07:41:07,100] Trial 69 finished with value: 605.0711059570312 and parameters: {'dim': 280, 'lam': 0.0007676171763555426, 'beta': 7.5017324427059835}. Best is trial 25 with value: 603.3434448242188.
[I 2023-06-27 07:41:39,263] Trial 70 finished with value: 603.4755249023438 and parameters: {'dim': 300, 'lam': 0.00022522872781623114, 'beta': 8.55481983442191}. Best is trial 25 with value: 603.3434448242188.
[I 2023-06-27 07:42:11,054] Trial 71 finished with value: 603.380615234375 and parameters: {'dim': 300, 'lam': 0.00038673618482924115, 'beta': 6.973715781620932}. Best is trial 25 with value: 603.3434448242188.
[I 2023-06-27 07:42:38,634] Trial 72 finished with value: 622.1976928710938 and parameters: {'dim': 200, 'lam': 0.0004954504844314336, 'beta': 6.860747419349709}. Best is trial 25 with value: 603.3434448242188.
[I 2023-06-27 07:43:10,529] Trial 73 finished with value: 603.37060546875 and parameters: {'dim': 300, 'lam': 0.00035735391440400464, 'beta': 8.168487276628989}. Best is trial 25 with value: 603.3434448242188.
[I 2023-06-27 07:43:42,497] Trial 74 finished with value: 603.5111083984375 and parameters: {'dim': 300, 'lam': 0.0001683492049805348, 'beta': 8.235130713559967}. Best is trial 25 with value: 603.3434448242188.
[I 2023-06-27 07:44:14,083] Trial 75 finished with value: 604.9956665039062 and parameters: {'dim': 280, 'lam': 0.0003178089498320439, 'beta': 8.107023685604254}. Best is trial 25 with value: 603.3434448242188.
[I 2023-06-27 07:44:46,581] Trial 76 finished with value: 603.874267578125 and parameters: {'dim': 300, 'lam': 8.654738933108697e-05, 'beta': 7.745600519243227}. Best is trial 25 with value: 603.3434448242188.
[I 2023-06-27 07:45:18,708] Trial 77 finished with value: 603.32275390625 and parameters: {'dim': 300, 'lam': 0.0003834332315435147, 'beta': 9.48016499347948}. Best is trial 77 with value: 603.32275390625.
[I 2023-06-27 07:45:50,351] Trial 78 finished with value: 604.9473876953125 and parameters: {'dim': 280, 'lam': 0.0005754509678786139, 'beta': 9.575799789915884}. Best is trial 77 with value: 603.32275390625.
[I 2023-06-27 07:46:22,181] Trial 79 finished with value: 605.04443359375 and parameters: {'dim': 280, 'lam': 0.0008098418294396206, 'beta': 8.949013010450436}. Best is trial 77 with value: 603.32275390625.
[I 2023-06-27 07:46:49,136] Trial 80 finished with value: 631.1163330078125 and parameters: {'dim': 180, 'lam': 0.00023579253286881718, 'beta': 9.444309474313677}. Best is trial 77 with value: 603.32275390625.
[I 2023-06-27 07:47:21,471] Trial 81 finished with value: 603.3399047851562 and parameters: {'dim': 300, 'lam': 0.00038138774247607987, 'beta': 8.794813105924236}. Best is trial 77 with value: 603.32275390625.
[I 2023-06-27 07:47:52,684] Trial 82 finished with value: 603.3910522460938 and parameters: {'dim': 300, 'lam': 0.0003065054012030746, 'beta': 9.755632555419627}. Best is trial 77 with value: 603.32275390625.
[I 2023-06-27 07:48:24,986] Trial 83 finished with value: 603.3275146484375 and parameters: {'dim': 300, 'lam': 0.0005094732844753669, 'beta': 9.908726454433111}. Best is trial 77 with value: 603.32275390625.
[I 2023-06-27 07:48:57,835] Trial 84 finished with value: 603.3480834960938 and parameters: {'dim': 300, 'lam': 0.0005712573265019293, 'beta': 9.958218774333572}. Best is trial 77 with value: 603.32275390625.
[I 2023-06-27 07:49:30,198] Trial 85 finished with value: 603.355224609375 and parameters: {'dim': 300, 'lam': 0.000601592481766283, 'beta': 9.84548965579472}. Best is trial 77 with value: 603.32275390625.
[I 2023-06-27 07:50:01,753] Trial 86 finished with value: 604.9385375976562 and parameters: {'dim': 280, 'lam': 0.0005724897132358635, 'beta': 9.879225926915469}. Best is trial 77 with value: 603.32275390625.
[I 2023-06-27 07:50:34,538] Trial 87 finished with value: 603.4258422851562 and parameters: {'dim': 300, 'lam': 0.0009856037760274951, 'beta': 9.367046485486245}. Best is trial 77 with value: 603.32275390625.
[I 2023-06-27 07:51:05,866] Trial 88 finished with value: 605.0077514648438 and parameters: {'dim': 280, 'lam': 0.0007499214468958598, 'beta': 9.9890665229438}. Best is trial 77 with value: 603.32275390625.
[I 2023-06-27 07:51:32,009] Trial 89 finished with value: 627.6307373046875 and parameters: {'dim': 160, 'lam': 0.0005652681941182878, 'beta': 9.094292159911067}. Best is trial 77 with value: 603.32275390625.
[I 2023-06-27 07:52:02,278] Trial 90 finished with value: 611.5333862304688 and parameters: {'dim': 260, 'lam': 0.000278935925991125, 'beta': 9.625052273626562}. Best is trial 77 with value: 603.32275390625.
[I 2023-06-27 07:52:34,605] Trial 91 finished with value: 603.3236694335938 and parameters: {'dim': 300, 'lam': 0.0004929176286466094, 'beta': 9.450311676384368}. Best is trial 77 with value: 603.32275390625.
[I 2023-06-27 07:53:07,156] Trial 92 finished with value: 603.330078125 and parameters: {'dim': 300, 'lam': 0.0005148192823014836, 'beta': 9.991630595793335}. Best is trial 77 with value: 603.32275390625.
[I 2023-06-27 07:53:39,726] Trial 93 finished with value: 603.3259887695312 and parameters: {'dim': 300, 'lam': 0.00047814133881507833, 'beta': 9.483063901832711}. Best is trial 77 with value: 603.32275390625.
[I 2023-06-27 07:54:11,939] Trial 94 finished with value: 603.3232421875 and parameters: {'dim': 300, 'lam': 0.0004977653963261576, 'beta': 9.781561914798575}. Best is trial 77 with value: 603.32275390625.
[I 2023-06-27 07:54:44,360] Trial 95 finished with value: 603.3794555664062 and parameters: {'dim': 300, 'lam': 0.0008274136119625923, 'beta': 9.447009712095657}. Best is trial 77 with value: 603.32275390625.
[I 2023-06-27 07:55:15,997] Trial 96 finished with value: 603.327392578125 and parameters: {'dim': 300, 'lam': 0.0005189631913308467, 'beta': 9.991572689682016}. Best is trial 77 with value: 603.32275390625.
[I 2023-06-27 07:55:47,409] Trial 97 finished with value: 604.936767578125 and parameters: {'dim': 280, 'lam': 0.0005161974676664566, 'beta': 9.699466606310907}. Best is trial 77 with value: 603.32275390625.
[I 2023-06-27 07:56:18,275] Trial 98 finished with value: 603.45556640625 and parameters: {'dim': 300, 'lam': 0.00020610818965806314, 'beta': 9.91464023497869}. Best is trial 77 with value: 603.32275390625.
[I 2023-06-27 07:56:49,122] Trial 99 finished with value: 605.1052856445312 and parameters: {'dim': 280, 'lam': 0.0009981627819056877, 'beta': 9.249393348843267}. Best is trial 77 with value: 603.32275390625.
[I 2023-06-27 07:56:49,123] A new study created in memory with name: no-name-33cf03f3-82f3-4fdc-a0dd-b8973e57f6fd
[I 2023-06-27 07:57:22,043] Trial 0 finished with value: 0.6050362586975098 and parameters: {'dim': 220, 'lam': 0.0003988001244754903, 'clip': 0.2620330219702346}. Best is trial 0 with value: 0.6050362586975098.
[I 2023-06-27 07:57:55,596] Trial 1 finished with value: 0.4680652618408203 and parameters: {'dim': 200, 'lam': 1.0807091452202175e-06, 'clip': 0.3319152676058203}. Best is trial 1 with value: 0.4680652618408203.
[I 2023-06-27 07:58:29,092] Trial 2 finished with value: 0.48493337631225586 and parameters: {'dim': 100, 'lam': 8.970377609006653e-05, 'clip': 0.408265985612967}. Best is trial 1 with value: 0.4680652618408203.
[I 2023-06-27 07:59:01,367] Trial 3 finished with value: 0.46531444787979126 and parameters: {'dim': 100, 'lam': 5.658286658587949e-05, 'clip': 0.4342935747310088}. Best is trial 3 with value: 0.46531444787979126.
[I 2023-06-27 07:59:34,220] Trial 4 finished with value: 0.34764066338539124 and parameters: {'dim': 260, 'lam': 1.8272683366412536e-07, 'clip': 0.48685221806557805}. Best is trial 4 with value: 0.34764066338539124.
[I 2023-06-27 08:00:07,772] Trial 5 finished with value: 0.45770031213760376 and parameters: {'dim': 160, 'lam': 0.00015385768843194267, 'clip': 0.41626166491870936}. Best is trial 4 with value: 0.34764066338539124.
[I 2023-06-27 08:00:41,231] Trial 6 finished with value: 1.5091285705566406 and parameters: {'dim': 180, 'lam': 5.722734264553287e-07, 'clip': 0.08395051257621572}. Best is trial 4 with value: 0.34764066338539124.
[I 2023-06-27 08:01:14,320] Trial 7 finished with value: 9.264540672302246 and parameters: {'dim': 240, 'lam': 0.0004242211836451857, 'clip': 0.014690004523555011}. Best is trial 4 with value: 0.34764066338539124.
[I 2023-06-27 08:01:46,873] Trial 8 finished with value: 1.5243550539016724 and parameters: {'dim': 140, 'lam': 0.0001526654641361493, 'clip': 0.104544321493305}. Best is trial 4 with value: 0.34764066338539124.
[I 2023-06-27 08:02:19,637] Trial 9 finished with value: 1.5595366954803467 and parameters: {'dim': 260, 'lam': 0.00014421009623548193, 'clip': 0.10388143361463609}. Best is trial 4 with value: 0.34764066338539124.
[I 2023-06-27 08:02:54,032] Trial 10 finished with value: 0.34353262186050415 and parameters: {'dim': 300, 'lam': 1.2980452731755585e-07, 'clip': 0.4969530900383601}. Best is trial 10 with value: 0.34353262186050415.
[I 2023-06-27 08:03:26,709] Trial 11 finished with value: 0.3431260585784912 and parameters: {'dim': 300, 'lam': 1.1691003247876486e-07, 'clip': 0.49807638735708815}. Best is trial 11 with value: 0.3431260585784912.
[I 2023-06-27 08:04:00,329] Trial 12 finished with value: 0.34601500630378723 and parameters: {'dim': 300, 'lam': 1.1382616811863773e-07, 'clip': 0.49193876008308624}. Best is trial 11 with value: 0.3431260585784912.
[I 2023-06-27 08:04:34,224] Trial 13 finished with value: 0.44793757796287537 and parameters: {'dim': 300, 'lam': 3.3486398775319614e-06, 'clip': 0.34779260954966557}. Best is trial 11 with value: 0.3431260585784912.
[I 2023-06-27 08:05:07,490] Trial 14 finished with value: 0.3480061888694763 and parameters: {'dim': 280, 'lam': 1.0294788172880877e-07, 'clip': 0.49602689402671174}. Best is trial 11 with value: 0.3431260585784912.
[I 2023-06-27 08:05:40,746] Trial 15 finished with value: 0.434245228767395 and parameters: {'dim': 300, 'lam': 5.60116148339802e-07, 'clip': 0.3537252672629072}. Best is trial 11 with value: 0.3431260585784912.
[I 2023-06-27 08:06:13,925] Trial 16 finished with value: 0.5931742787361145 and parameters: {'dim': 260, 'lam': 8.208653904564516e-06, 'clip': 0.25048189833001133}. Best is trial 11 with value: 0.3431260585784912.
[I 2023-06-27 08:06:46,877] Trial 17 finished with value: 0.37021613121032715 and parameters: {'dim': 220, 'lam': 2.5777896952516666e-07, 'clip': 0.4505201154828665}. Best is trial 11 with value: 0.3431260585784912.
[I 2023-06-27 08:07:21,099] Trial 18 finished with value: 0.41436946392059326 and parameters: {'dim': 280, 'lam': 1.9195806567322807e-06, 'clip': 0.38786912486904734}. Best is trial 11 with value: 0.3431260585784912.
[I 2023-06-27 08:07:55,423] Trial 19 finished with value: 0.36488988995552063 and parameters: {'dim': 240, 'lam': 3.1438420010246883e-07, 'clip': 0.4604428698933581}. Best is trial 11 with value: 0.3431260585784912.
[I 2023-06-27 08:08:27,771] Trial 20 finished with value: 0.48922649025917053 and parameters: {'dim': 280, 'lam': 4.3284241616292857e-07, 'clip': 0.3071054114283548}. Best is trial 11 with value: 0.3431260585784912.
[I 2023-06-27 08:09:00,752] Trial 21 finished with value: 0.343708872795105 and parameters: {'dim': 300, 'lam': 1.0030575553652477e-07, 'clip': 0.4971559740886576}. Best is trial 11 with value: 0.3431260585784912.
[I 2023-06-27 08:09:34,517] Trial 22 finished with value: 0.3722728490829468 and parameters: {'dim': 300, 'lam': 1.2261304388780846e-07, 'clip': 0.44179891366029134}. Best is trial 11 with value: 0.3431260585784912.
[I 2023-06-27 08:10:08,567] Trial 23 finished with value: 0.3473201394081116 and parameters: {'dim': 280, 'lam': 2.360463430518386e-07, 'clip': 0.49613274714424327}. Best is trial 11 with value: 0.3431260585784912.
[I 2023-06-27 08:10:41,208] Trial 24 finished with value: 0.41983556747436523 and parameters: {'dim': 240, 'lam': 1.0580330202967577e-07, 'clip': 0.37914286078203197}. Best is trial 11 with value: 0.3431260585784912.
[I 2023-06-27 08:11:15,347] Trial 25 finished with value: 0.36311689019203186 and parameters: {'dim': 300, 'lam': 9.128068809307286e-07, 'clip': 0.45592950437493646}. Best is trial 11 with value: 0.3431260585784912.
[I 2023-06-27 08:11:49,122] Trial 26 finished with value: 0.3962461054325104 and parameters: {'dim': 260, 'lam': 2.6335826468394983e-07, 'clip': 0.4025649023085145}. Best is trial 11 with value: 0.3431260585784912.
[I 2023-06-27 08:12:21,691] Trial 27 finished with value: 0.3850996494293213 and parameters: {'dim': 280, 'lam': 7.452696434155564e-07, 'clip': 0.4260323730118047}. Best is trial 11 with value: 0.3431260585784912.
[I 2023-06-27 08:12:55,391] Trial 28 finished with value: 0.35988953709602356 and parameters: {'dim': 300, 'lam': 3.6886924624025667e-07, 'clip': 0.46163097140930415}. Best is trial 11 with value: 0.3431260585784912.
[I 2023-06-27 08:13:28,385] Trial 29 finished with value: 0.4961795210838318 and parameters: {'dim': 220, 'lam': 1.739834599361552e-07, 'clip': 0.30215204252749106}. Best is trial 11 with value: 0.3431260585784912.
[I 2023-06-27 08:14:02,542] Trial 30 finished with value: 0.42340877652168274 and parameters: {'dim': 200, 'lam': 1.664175918782391e-06, 'clip': 0.3823474454908674}. Best is trial 11 with value: 0.3431260585784912.
[I 2023-06-27 08:14:36,570] Trial 31 finished with value: 0.34402644634246826 and parameters: {'dim': 300, 'lam': 1.0324524025628334e-07, 'clip': 0.4964074738740809}. Best is trial 11 with value: 0.3431260585784912.
[I 2023-06-27 08:15:09,596] Trial 32 finished with value: 0.3596363365650177 and parameters: {'dim': 280, 'lam': 1.9624316344550328e-07, 'clip': 0.4714162687672057}. Best is trial 11 with value: 0.3431260585784912.
[I 2023-06-27 08:15:43,228] Trial 33 finished with value: 0.3414139449596405 and parameters: {'dim': 300, 'lam': 4.4396960678894573e-07, 'clip': 0.49901553321923053}. Best is trial 33 with value: 0.3414139449596405.
[I 2023-06-27 08:16:16,997] Trial 34 finished with value: 0.37786200642585754 and parameters: {'dim': 260, 'lam': 4.1121539012229997e-07, 'clip': 0.4301850984617398}. Best is trial 33 with value: 0.3414139449596405.
[I 2023-06-27 08:16:50,383] Trial 35 finished with value: 0.3640419542789459 and parameters: {'dim': 280, 'lam': 1.8293442736139593e-07, 'clip': 0.4631815275228742}. Best is trial 33 with value: 0.3414139449596405.
[I 2023-06-27 08:17:24,237] Trial 36 finished with value: 0.4151683747768402 and parameters: {'dim': 120, 'lam': 7.886327748341883e-07, 'clip': 0.4126118055098116}. Best is trial 33 with value: 0.3414139449596405.
[I 2023-06-27 08:17:57,863] Trial 37 finished with value: 0.3530954420566559 and parameters: {'dim': 300, 'lam': 4.0290721179221794e-07, 'clip': 0.4746566720357308}. Best is trial 33 with value: 0.3414139449596405.
[I 2023-06-27 08:18:30,532] Trial 38 finished with value: 0.3824276030063629 and parameters: {'dim': 240, 'lam': 1.581777893932529e-07, 'clip': 0.4314572587082197}. Best is trial 33 with value: 0.3414139449596405.
[I 2023-06-27 08:19:03,107] Trial 39 finished with value: 0.38136014342308044 and parameters: {'dim': 180, 'lam': 2.1729544086860452e-07, 'clip': 0.4447878079085474}. Best is trial 33 with value: 0.3414139449596405.
[I 2023-06-27 08:19:36,165] Trial 40 finished with value: 0.3495597541332245 and parameters: {'dim': 260, 'lam': 5.220354505513549e-07, 'clip': 0.4820620887879006}. Best is trial 33 with value: 0.3414139449596405.
[I 2023-06-27 08:20:10,071] Trial 41 finished with value: 0.34233295917510986 and parameters: {'dim': 300, 'lam': 1.3495323487680005e-07, 'clip': 0.4994707486382727}. Best is trial 33 with value: 0.3414139449596405.
[I 2023-06-27 08:20:44,814] Trial 42 finished with value: 0.35671737790107727 and parameters: {'dim': 280, 'lam': 1.6005700769289856e-07, 'clip': 0.4774419754963046}. Best is trial 33 with value: 0.3414139449596405.
[I 2023-06-27 08:21:18,624] Trial 43 finished with value: 0.3847096562385559 and parameters: {'dim': 300, 'lam': 2.9521208436248256e-07, 'clip': 0.41962741229636563}. Best is trial 33 with value: 0.3414139449596405.
[I 2023-06-27 08:21:52,905] Trial 44 finished with value: 0.34458044171333313 and parameters: {'dim': 300, 'lam': 1.4879517412957015e-07, 'clip': 0.4943736146763593}. Best is trial 33 with value: 0.3414139449596405.
[I 2023-06-27 08:22:25,409] Trial 45 finished with value: 0.37163740396499634 and parameters: {'dim': 280, 'lam': 2.590894051641928e-07, 'clip': 0.4489321627668387}. Best is trial 33 with value: 0.3414139449596405.
[I 2023-06-27 08:22:58,390] Trial 46 finished with value: 0.3431210517883301 and parameters: {'dim': 300, 'lam': 1.0260129123060094e-07, 'clip': 0.4983813837459229}. Best is trial 33 with value: 0.3414139449596405.
[I 2023-06-27 08:23:30,369] Trial 47 finished with value: 0.3547411561012268 and parameters: {'dim': 260, 'lam': 6.719052566709967e-07, 'clip': 0.4719984077027834}. Best is trial 33 with value: 0.3414139449596405.
[I 2023-06-27 08:24:03,105] Trial 48 finished with value: 0.41722625494003296 and parameters: {'dim': 160, 'lam': 1.1315797677193254e-06, 'clip': 0.399876840286435}. Best is trial 33 with value: 0.3414139449596405.
[I 2023-06-27 08:24:36,131] Trial 49 finished with value: 0.37927544116973877 and parameters: {'dim': 280, 'lam': 1.4859783129181726e-07, 'clip': 0.4367873483510359}. Best is trial 33 with value: 0.3414139449596405.
[I 2023-06-27 08:25:10,375] Trial 50 finished with value: 0.3553910553455353 and parameters: {'dim': 300, 'lam': 3.4144494937642565e-07, 'clip': 0.4703782116644313}. Best is trial 33 with value: 0.3414139449596405.
[I 2023-06-27 08:25:42,926] Trial 51 finished with value: 0.3438059985637665 and parameters: {'dim': 300, 'lam': 1.2239036918604053e-07, 'clip': 0.4964984793931863}. Best is trial 33 with value: 0.3414139449596405.
[I 2023-06-27 08:26:15,680] Trial 52 finished with value: 0.3516513705253601 and parameters: {'dim': 300, 'lam': 1.0066748643299644e-07, 'clip': 0.48054388675268667}. Best is trial 33 with value: 0.3414139449596405.
[I 2023-06-27 08:26:48,909] Trial 53 finished with value: 0.3460945785045624 and parameters: {'dim': 280, 'lam': 2.1293254276218444e-07, 'clip': 0.4989277882489021}. Best is trial 33 with value: 0.3414139449596405.
