[I 2023-06-27 21:21:31,468] Trial 99 finished with value: -0.08749225735664368 and parameters: {'dim': 180, 'lam': 1.4052157288382167e-05, 'weight': 0.4374698324919439}. Best is trial 42 with value: -0.8748250007629395.
[I 2023-06-27 21:21:31,469] A new study created in memory with name: no-name-7b51e236-0a3b-49a7-80e6-ee0f6f3d3b21
[I 2023-06-27 21:21:35,379] Trial 0 finished with value: 0.19445212185382843 and parameters: {'dim': 300, 'lam': 1.1070954884177642e-07, 'clip': 0.3227303646810846}. Best is trial 0 with value: 0.19445212185382843.
[I 2023-06-27 21:21:39,010] Trial 1 finished with value: 0.23773032426834106 and parameters: {'dim': 280, 'lam': 8.96006633979373e-07, 'clip': 0.1592368563403067}. Best is trial 0 with value: 0.19445212185382843.
[I 2023-06-27 21:21:43,020] Trial 2 finished with value: 0.23443305492401123 and parameters: {'dim': 280, 'lam': 1.0904996026489863e-06, 'clip': 0.19311816547105948}. Best is trial 0 with value: 0.19445212185382843.
[I 2023-06-27 21:21:46,886] Trial 3 finished with value: 0.3194050192832947 and parameters: {'dim': 140, 'lam': 3.0228310211229065e-05, 'clip': 0.21612710752141268}. Best is trial 0 with value: 0.19445212185382843.
[I 2023-06-27 21:21:50,948] Trial 4 finished with value: 0.5121018886566162 and parameters: {'dim': 140, 'lam': 0.00025981522528163926, 'clip': 0.3674352785641651}. Best is trial 0 with value: 0.19445212185382843.
[I 2023-06-27 21:21:55,246] Trial 5 finished with value: 0.22414404153823853 and parameters: {'dim': 160, 'lam': 3.0710911108968375e-06, 'clip': 0.43996239410238175}. Best is trial 0 with value: 0.19445212185382843.
[I 2023-06-27 21:21:59,307] Trial 6 finished with value: 0.26683899760246277 and parameters: {'dim': 120, 'lam': 2.207456814416462e-06, 'clip': 0.04146969194979716}. Best is trial 0 with value: 0.19445212185382843.
[I 2023-06-27 21:22:03,355] Trial 7 finished with value: 0.28659290075302124 and parameters: {'dim': 100, 'lam': 5.470401270297664e-06, 'clip': 0.15988246066100592}. Best is trial 0 with value: 0.19445212185382843.
[I 2023-06-27 21:22:07,300] Trial 8 finished with value: 0.29874855279922485 and parameters: {'dim': 240, 'lam': 3.218130178819401e-05, 'clip': 0.01681035385837626}. Best is trial 0 with value: 0.19445212185382843.
[I 2023-06-27 21:22:10,684] Trial 9 finished with value: 0.4836820363998413 and parameters: {'dim': 180, 'lam': 0.0006026668106559388, 'clip': 0.4992456330573215}. Best is trial 0 with value: 0.19445212185382843.
[I 2023-06-27 21:22:14,273] Trial 10 finished with value: 0.22105957567691803 and parameters: {'dim': 220, 'lam': 1.406393204180028e-07, 'clip': 0.325196030799189}. Best is trial 0 with value: 0.19445212185382843.
[I 2023-06-27 21:22:18,119] Trial 11 finished with value: 0.220650777220726 and parameters: {'dim': 220, 'lam': 1.1905720453160487e-07, 'clip': 0.3266858412026495}. Best is trial 0 with value: 0.19445212185382843.
[I 2023-06-27 21:22:22,221] Trial 12 finished with value: 0.2002221792936325 and parameters: {'dim': 300, 'lam': 1.2234431311485748e-07, 'clip': 0.3052315376210952}. Best is trial 0 with value: 0.19445212185382843.
[I 2023-06-27 21:22:26,200] Trial 13 finished with value: 0.21312446892261505 and parameters: {'dim': 300, 'lam': 3.407045839498816e-07, 'clip': 0.2639784070346311}. Best is trial 0 with value: 0.19445212185382843.
[I 2023-06-27 21:22:30,397] Trial 14 finished with value: 0.18926534056663513 and parameters: {'dim': 260, 'lam': 3.8016701483385154e-07, 'clip': 0.39364545209210383}. Best is trial 14 with value: 0.18926534056663513.
[I 2023-06-27 21:22:34,352] Trial 15 finished with value: 0.19057899713516235 and parameters: {'dim': 260, 'lam': 4.0213757800495867e-07, 'clip': 0.38971409950974095}. Best is trial 14 with value: 0.18926534056663513.
[I 2023-06-27 21:22:38,114] Trial 16 finished with value: 0.18811745941638947 and parameters: {'dim': 260, 'lam': 5.607389861629349e-07, 'clip': 0.3988065116735025}. Best is trial 16 with value: 0.18811745941638947.
[I 2023-06-27 21:22:42,055] Trial 17 finished with value: 0.18562529981136322 and parameters: {'dim': 240, 'lam': 5.668050357023297e-07, 'clip': 0.434936568450751}. Best is trial 17 with value: 0.18562529981136322.
[I 2023-06-27 21:22:46,142] Trial 18 finished with value: 0.20394784212112427 and parameters: {'dim': 200, 'lam': 1.3730158627280614e-06, 'clip': 0.4472693836525789}. Best is trial 17 with value: 0.18562529981136322.
[I 2023-06-27 21:22:50,502] Trial 19 finished with value: 0.18522024154663086 and parameters: {'dim': 240, 'lam': 7.252980783413191e-06, 'clip': 0.4928680690225694}. Best is trial 19 with value: 0.18522024154663086.
[I 2023-06-27 21:22:54,459] Trial 20 finished with value: 0.20393627882003784 and parameters: {'dim': 220, 'lam': 1.2205712075314816e-05, 'clip': 0.49722475166052466}. Best is trial 19 with value: 0.18522024154663086.
[I 2023-06-27 21:22:58,503] Trial 21 finished with value: 0.19099390506744385 and parameters: {'dim': 240, 'lam': 3.7638198534690904e-06, 'clip': 0.4454466672803237}. Best is trial 19 with value: 0.18522024154663086.
[I 2023-06-27 21:23:02,346] Trial 22 finished with value: 0.17981712520122528 and parameters: {'dim': 260, 'lam': 6.628735700076784e-07, 'clip': 0.42507205482817734}. Best is trial 22 with value: 0.17981712520122528.
[I 2023-06-27 21:23:06,163] Trial 23 finished with value: 0.17559534311294556 and parameters: {'dim': 240, 'lam': 1.7802229698720697e-06, 'clip': 0.4760014175699034}. Best is trial 23 with value: 0.17559534311294556.
[I 2023-06-27 21:23:09,980] Trial 24 finished with value: 0.1911446750164032 and parameters: {'dim': 200, 'lam': 1.6988762355146414e-06, 'clip': 0.4978916062276255}. Best is trial 23 with value: 0.17559534311294556.
[I 2023-06-27 21:23:14,096] Trial 25 finished with value: 0.1694047600030899 and parameters: {'dim': 280, 'lam': 6.29248325853872e-06, 'clip': 0.4684047685813578}. Best is trial 25 with value: 0.1694047600030899.
[I 2023-06-27 21:23:17,999] Trial 26 finished with value: 0.16251923143863678 and parameters: {'dim': 280, 'lam': 2.4347544093493554e-06, 'clip': 0.45532045690791445}. Best is trial 26 with value: 0.16251923143863678.
[I 2023-06-27 21:23:22,045] Trial 27 finished with value: 0.16231295466423035 and parameters: {'dim': 280, 'lam': 2.986598763967513e-06, 'clip': 0.46060731957771645}. Best is trial 27 with value: 0.16231295466423035.
[I 2023-06-27 21:23:25,640] Trial 28 finished with value: 0.15562276542186737 and parameters: {'dim': 300, 'lam': 3.754591070021426e-06, 'clip': 0.4611770010147211}. Best is trial 28 with value: 0.15562276542186737.
[I 2023-06-27 21:23:29,421] Trial 29 finished with value: 0.21716845035552979 and parameters: {'dim': 300, 'lam': 1.2923207633323295e-05, 'clip': 0.36059188210877924}. Best is trial 28 with value: 0.15562276542186737.
[I 2023-06-27 21:23:33,390] Trial 30 finished with value: 0.1764850616455078 and parameters: {'dim': 280, 'lam': 2.747253087162091e-06, 'clip': 0.418428209568299}. Best is trial 28 with value: 0.15562276542186737.
[I 2023-06-27 21:23:37,322] Trial 31 finished with value: 0.16791988909244537 and parameters: {'dim': 280, 'lam': 3.902466825667511e-06, 'clip': 0.4524461813498389}. Best is trial 28 with value: 0.15562276542186737.
[I 2023-06-27 21:23:41,336] Trial 32 finished with value: 0.15675729513168335 and parameters: {'dim': 300, 'lam': 3.6407071270843038e-06, 'clip': 0.45701401777485184}. Best is trial 28 with value: 0.15562276542186737.
[I 2023-06-27 21:23:45,388] Trial 33 finished with value: 0.14683759212493896 and parameters: {'dim': 300, 'lam': 1.232201238003212e-06, 'clip': 0.463639142766596}. Best is trial 33 with value: 0.14683759212493896.
[I 2023-06-27 21:23:49,459] Trial 34 finished with value: 0.16485454142093658 and parameters: {'dim': 300, 'lam': 1.1435210437729804e-06, 'clip': 0.41349996004868494}. Best is trial 33 with value: 0.14683759212493896.
[I 2023-06-27 21:23:53,269] Trial 35 finished with value: 0.14433753490447998 and parameters: {'dim': 300, 'lam': 9.900236754650489e-07, 'clip': 0.4684712674030768}. Best is trial 35 with value: 0.14433753490447998.
[I 2023-06-27 21:23:57,017] Trial 36 finished with value: 0.1822691112756729 and parameters: {'dim': 300, 'lam': 9.98824479553301e-07, 'clip': 0.36465436836316634}. Best is trial 35 with value: 0.14433753490447998.
[I 2023-06-27 21:24:01,079] Trial 37 finished with value: 0.1433137059211731 and parameters: {'dim': 300, 'lam': 1.0009537808478485e-06, 'clip': 0.4714342045571441}. Best is trial 37 with value: 0.1433137059211731.
[I 2023-06-27 21:24:05,108] Trial 38 finished with value: 0.14173376560211182 and parameters: {'dim': 300, 'lam': 9.291727935115753e-07, 'clip': 0.4752307631191233}. Best is trial 38 with value: 0.14173376560211182.
[I 2023-06-27 21:24:09,136] Trial 39 finished with value: 0.16037526726722717 and parameters: {'dim': 260, 'lam': 2.428450386264437e-07, 'clip': 0.47908457675096267}. Best is trial 38 with value: 0.14173376560211182.
[I 2023-06-27 21:24:13,102] Trial 40 finished with value: 0.17030952870845795 and parameters: {'dim': 280, 'lam': 1.012059817276747e-06, 'clip': 0.42138479287507974}. Best is trial 38 with value: 0.14173376560211182.
[I 2023-06-27 21:24:16,898] Trial 41 finished with value: 0.13965573906898499 and parameters: {'dim': 300, 'lam': 7.46263691998571e-07, 'clip': 0.47945099594984264}. Best is trial 41 with value: 0.13965573906898499.
[I 2023-06-27 21:24:20,882] Trial 42 finished with value: 0.14073264598846436 and parameters: {'dim': 300, 'lam': 7.230703137337077e-07, 'clip': 0.4762002951013721}. Best is trial 41 with value: 0.13965573906898499.
[I 2023-06-27 21:24:24,709] Trial 43 finished with value: 0.14218276739120483 and parameters: {'dim': 280, 'lam': 8.002782637039946e-07, 'clip': 0.49893573846122324}. Best is trial 41 with value: 0.13965573906898499.
[I 2023-06-27 21:24:28,729] Trial 44 finished with value: 0.13998660445213318 and parameters: {'dim': 280, 'lam': 2.0994966424359405e-07, 'clip': 0.49996535023888944}. Best is trial 41 with value: 0.13965573906898499.
[I 2023-06-27 21:24:32,027] Trial 45 finished with value: 0.20387840270996094 and parameters: {'dim': 160, 'lam': 2.242672837468455e-07, 'clip': 0.49984848072970245}. Best is trial 41 with value: 0.13965573906898499.
[I 2023-06-27 21:24:36,007] Trial 46 finished with value: 0.1657189279794693 and parameters: {'dim': 280, 'lam': 1.7881271192610258e-07, 'clip': 0.4272496457067412}. Best is trial 41 with value: 0.13965573906898499.
[I 2023-06-27 21:24:39,995] Trial 47 finished with value: 0.14620091021060944 and parameters: {'dim': 280, 'lam': 1.0621458539406095e-07, 'clip': 0.48130113811491654}. Best is trial 41 with value: 0.13965573906898499.
[I 2023-06-27 21:24:43,652] Trial 48 finished with value: 0.17575585842132568 and parameters: {'dim': 260, 'lam': 6.772523234833989e-07, 'clip': 0.4374273745524802}. Best is trial 41 with value: 0.13965573906898499.
[I 2023-06-27 21:24:47,824] Trial 49 finished with value: 0.25048428773880005 and parameters: {'dim': 100, 'lam': 2.7546587883248684e-07, 'clip': 0.401760698715228}. Best is trial 41 with value: 0.13965573906898499.
[I 2023-06-27 21:24:51,761] Trial 50 finished with value: 0.1927308589220047 and parameters: {'dim': 260, 'lam': 3.074215896969683e-07, 'clip': 0.382055880902692}. Best is trial 41 with value: 0.13965573906898499.
[I 2023-06-27 21:24:55,691] Trial 51 finished with value: 0.1382753700017929 and parameters: {'dim': 300, 'lam': 5.031786859047018e-07, 'clip': 0.4811589991729912}. Best is trial 51 with value: 0.1382753700017929.
[I 2023-06-27 21:24:59,330] Trial 52 finished with value: 0.14473854005336761 and parameters: {'dim': 280, 'lam': 4.6501568903356966e-07, 'clip': 0.4886298229049703}. Best is trial 51 with value: 0.1382753700017929.
[I 2023-06-27 21:25:03,520] Trial 53 finished with value: 0.1522475928068161 and parameters: {'dim': 300, 'lam': 1.6708178685295075e-07, 'clip': 0.4395122450537871}. Best is trial 51 with value: 0.1382753700017929.
[I 2023-06-27 21:25:07,339] Trial 54 finished with value: 0.1476813703775406 and parameters: {'dim': 280, 'lam': 4.4471346799314215e-07, 'clip': 0.4800775730545893}. Best is trial 51 with value: 0.1382753700017929.
[I 2023-06-27 21:25:11,296] Trial 55 finished with value: 0.13253040611743927 and parameters: {'dim': 300, 'lam': 6.903148593768557e-07, 'clip': 0.49937618260074035}. Best is trial 55 with value: 0.13253040611743927.
[I 2023-06-27 21:25:15,294] Trial 56 finished with value: 0.15369057655334473 and parameters: {'dim': 300, 'lam': 5.044351963524015e-07, 'clip': 0.4384658403658893}. Best is trial 55 with value: 0.13253040611743927.
[I 2023-06-27 21:25:19,307] Trial 57 finished with value: 0.16417086124420166 and parameters: {'dim': 300, 'lam': 6.492463389955061e-07, 'clip': 0.4112238323512042}. Best is trial 55 with value: 0.13253040611743927.
[I 2023-06-27 21:25:23,337] Trial 58 finished with value: 0.13730812072753906 and parameters: {'dim': 300, 'lam': 3.428080374304423e-07, 'clip': 0.4824464233348821}. Best is trial 55 with value: 0.13253040611743927.
[I 2023-06-27 21:25:27,384] Trial 59 finished with value: 0.21016398072242737 and parameters: {'dim': 180, 'lam': 1.987424341481534e-07, 'clip': 0.4487294191487726}. Best is trial 55 with value: 0.13253040611743927.
[I 2023-06-27 21:25:31,540] Trial 60 finished with value: 0.1604803502559662 and parameters: {'dim': 260, 'lam': 3.207392379044553e-07, 'clip': 0.4794537748854914}. Best is trial 55 with value: 0.13253040611743927.
[I 2023-06-27 21:25:35,687] Trial 61 finished with value: 0.13817444443702698 and parameters: {'dim': 300, 'lam': 3.6349728942941696e-07, 'clip': 0.4801818710451198}. Best is trial 55 with value: 0.13253040611743927.
[I 2023-06-27 21:25:39,693] Trial 62 finished with value: 0.1352575570344925 and parameters: {'dim': 300, 'lam': 1.4260187907374283e-07, 'clip': 0.4864548897716551}. Best is trial 55 with value: 0.13253040611743927.
[I 2023-06-27 21:25:43,787] Trial 63 finished with value: 0.23200242221355438 and parameters: {'dim': 120, 'lam': 1.0051754984225998e-07, 'clip': 0.49898112663575167}. Best is trial 55 with value: 0.13253040611743927.
[I 2023-06-27 21:25:47,749] Trial 64 finished with value: 0.15722543001174927 and parameters: {'dim': 280, 'lam': 1.3488601189929665e-07, 'clip': 0.4505870092271745}. Best is trial 55 with value: 0.13253040611743927.
[I 2023-06-27 21:25:51,884] Trial 65 finished with value: 0.13533024489879608 and parameters: {'dim': 300, 'lam': 1.5484113088268427e-07, 'clip': 0.4863594173603355}. Best is trial 55 with value: 0.13253040611743927.
[I 2023-06-27 21:25:55,961] Trial 66 finished with value: 0.15319080650806427 and parameters: {'dim': 300, 'lam': 3.404023661606673e-07, 'clip': 0.43842498900726223}. Best is trial 55 with value: 0.13253040611743927.
[I 2023-06-27 21:25:59,689] Trial 67 finished with value: 0.13665299117565155 and parameters: {'dim': 300, 'lam': 1.4406572846216387e-07, 'clip': 0.48250112575386495}. Best is trial 55 with value: 0.13253040611743927.
[I 2023-06-27 21:26:03,543] Trial 68 finished with value: 0.14383786916732788 and parameters: {'dim': 300, 'lam': 1.4863617386639459e-07, 'clip': 0.4624274766359708}. Best is trial 55 with value: 0.13253040611743927.
[I 2023-06-27 21:26:07,670] Trial 69 finished with value: 0.16602115333080292 and parameters: {'dim': 280, 'lam': 1.4633508779228001e-07, 'clip': 0.4261313100262119}. Best is trial 55 with value: 0.13253040611743927.
[I 2023-06-27 21:26:11,737] Trial 70 finished with value: 0.14475679397583008 and parameters: {'dim': 300, 'lam': 2.58546062830435e-07, 'clip': 0.4608522172689167}. Best is trial 55 with value: 0.13253040611743927.
[I 2023-06-27 21:26:15,530] Trial 71 finished with value: 0.1351141631603241 and parameters: {'dim': 300, 'lam': 4.285719960665662e-07, 'clip': 0.489484339112705}. Best is trial 55 with value: 0.13253040611743927.
[I 2023-06-27 21:26:19,544] Trial 72 finished with value: 0.13692711293697357 and parameters: {'dim': 300, 'lam': 4.165436342472337e-07, 'clip': 0.4841962684698339}. Best is trial 55 with value: 0.13253040611743927.
[I 2023-06-27 21:26:23,474] Trial 73 finished with value: 0.13662545382976532 and parameters: {'dim': 300, 'lam': 3.7855849981585634e-07, 'clip': 0.4847085927756863}. Best is trial 55 with value: 0.13253040611743927.
[I 2023-06-27 21:26:27,161] Trial 74 finished with value: 0.14850082993507385 and parameters: {'dim': 300, 'lam': 2.0826309543261553e-07, 'clip': 0.45011094136696633}. Best is trial 55 with value: 0.13253040611743927.
[I 2023-06-27 21:26:30,964] Trial 75 finished with value: 0.14339815080165863 and parameters: {'dim': 280, 'lam': 1.237844066204804e-07, 'clip': 0.48942762895728625}. Best is trial 55 with value: 0.13253040611743927.
[I 2023-06-27 21:26:35,125] Trial 76 finished with value: 0.15433207154273987 and parameters: {'dim': 280, 'lam': 4.0110515921688664e-07, 'clip': 0.4609684231907171}. Best is trial 55 with value: 0.13253040611743927.
[I 2023-06-27 21:26:39,110] Trial 77 finished with value: 0.15420185029506683 and parameters: {'dim': 300, 'lam': 2.429205368785854e-07, 'clip': 0.43483639327975754}. Best is trial 55 with value: 0.13253040611743927.
[I 2023-06-27 21:26:43,087] Trial 78 finished with value: 0.1439467966556549 and parameters: {'dim': 280, 'lam': 1.7039267927314047e-07, 'clip': 0.48827755381767496}. Best is trial 55 with value: 0.13253040611743927.
[I 2023-06-27 21:26:47,047] Trial 79 finished with value: 0.14316147565841675 and parameters: {'dim': 300, 'lam': 3.066669439940955e-07, 'clip': 0.46569698002865784}. Best is trial 55 with value: 0.13253040611743927.
[I 2023-06-27 21:26:51,048] Trial 80 finished with value: 0.16364353895187378 and parameters: {'dim': 300, 'lam': 1.0008688323548376e-07, 'clip': 0.40806725696173357}. Best is trial 55 with value: 0.13253040611743927.
[I 2023-06-27 21:26:54,557] Trial 81 finished with value: 0.1358090490102768 and parameters: {'dim': 300, 'lam': 3.961585947579061e-07, 'clip': 0.4871991863267326}. Best is trial 55 with value: 0.13253040611743927.
[I 2023-06-27 21:26:58,439] Trial 82 finished with value: 0.1358068436384201 and parameters: {'dim': 300, 'lam': 5.562562407053578e-07, 'clip': 0.4886722360458682}. Best is trial 55 with value: 0.13253040611743927.
[I 2023-06-27 21:27:02,148] Trial 83 finished with value: 0.14330001175403595 and parameters: {'dim': 300, 'lam': 6.123400746161962e-07, 'clip': 0.4680176541892698}. Best is trial 55 with value: 0.13253040611743927.
[I 2023-06-27 21:27:06,270] Trial 84 finished with value: 0.14406530559062958 and parameters: {'dim': 280, 'lam': 4.1565959779484293e-07, 'clip': 0.4901124638094782}. Best is trial 55 with value: 0.13253040611743927.
[I 2023-06-27 21:27:10,222] Trial 85 finished with value: 0.1484173983335495 and parameters: {'dim': 300, 'lam': 2.645499465768991e-07, 'clip': 0.4508277874248284}. Best is trial 55 with value: 0.13253040611743927.
[I 2023-06-27 21:27:14,351] Trial 86 finished with value: 0.142807275056839 and parameters: {'dim': 300, 'lam': 5.549007860115908e-07, 'clip': 0.4688828415435903}. Best is trial 55 with value: 0.13253040611743927.
[I 2023-06-27 21:27:18,332] Trial 87 finished with value: 0.1433003842830658 and parameters: {'dim': 280, 'lam': 1.8143455433546762e-07, 'clip': 0.4902173185708071}. Best is trial 55 with value: 0.13253040611743927.
[I 2023-06-27 21:27:22,328] Trial 88 finished with value: 0.1455274075269699 and parameters: {'dim': 300, 'lam': 1.6172934839782345e-06, 'clip': 0.4707084633724863}. Best is trial 55 with value: 0.13253040611743927.
[I 2023-06-27 21:27:26,170] Trial 89 finished with value: 0.15543608367443085 and parameters: {'dim': 260, 'lam': 8.119451415058406e-07, 'clip': 0.49852205992415344}. Best is trial 55 with value: 0.13253040611743927.
[I 2023-06-27 21:27:30,123] Trial 90 finished with value: 0.1557411104440689 and parameters: {'dim': 280, 'lam': 1.3802178443070887e-07, 'clip': 0.45476290327523816}. Best is trial 55 with value: 0.13253040611743927.
[I 2023-06-27 21:27:34,029] Trial 91 finished with value: 0.13625042140483856 and parameters: {'dim': 300, 'lam': 4.1259944254027416e-07, 'clip': 0.4860897995461362}. Best is trial 55 with value: 0.13253040611743927.
[I 2023-06-27 21:27:38,079] Trial 92 finished with value: 0.13593751192092896 and parameters: {'dim': 300, 'lam': 4.389770698513428e-07, 'clip': 0.4872240769998557}. Best is trial 55 with value: 0.13253040611743927.
[I 2023-06-27 21:27:42,216] Trial 93 finished with value: 0.14181627333164215 and parameters: {'dim': 300, 'lam': 2.155169800533452e-07, 'clip': 0.4686340244781368}. Best is trial 55 with value: 0.13253040611743927.
[I 2023-06-27 21:27:46,243] Trial 94 finished with value: 0.1347438544034958 and parameters: {'dim': 300, 'lam': 2.922449723626198e-07, 'clip': 0.48929318796452587}. Best is trial 55 with value: 0.13253040611743927.
[I 2023-06-27 21:27:50,232] Trial 95 finished with value: 0.16006627678871155 and parameters: {'dim': 280, 'lam': 5.199879820184991e-07, 'clip': 0.44592964773689037}. Best is trial 55 with value: 0.13253040611743927.
[I 2023-06-27 21:27:53,942] Trial 96 finished with value: 0.18786364793777466 and parameters: {'dim': 200, 'lam': 6.267658804018761e-07, 'clip': 0.49995274103928866}. Best is trial 55 with value: 0.13253040611743927.
[I 2023-06-27 21:27:58,028] Trial 97 finished with value: 0.15701636672019958 and parameters: {'dim': 300, 'lam': 2.7215122361813283e-07, 'clip': 0.4274387603658084}. Best is trial 55 with value: 0.13253040611743927.
[I 2023-06-27 21:28:01,944] Trial 98 finished with value: 0.14435702562332153 and parameters: {'dim': 280, 'lam': 3.741844795994398e-07, 'clip': 0.48891347739766017}. Best is trial 55 with value: 0.13253040611743927.
