[I 2023-06-27 23:52:16,050] Trial 62 finished with value: 0.06192246079444885 and parameters: {'dim': 280, 'lam': 1.0588974885699934e-07, 'clip': 0.485767201904976}. Best is trial 3 with value: 0.05970492586493492.
[I 2023-06-27 23:52:19,924] Trial 63 finished with value: 0.06082083657383919 and parameters: {'dim': 280, 'lam': 1.0032513876356479e-07, 'clip': 0.49828503175464484}. Best is trial 3 with value: 0.05970492586493492.
[I 2023-06-27 23:52:23,735] Trial 64 finished with value: 0.07103163003921509 and parameters: {'dim': 240, 'lam': 2.229940930845338e-07, 'clip': 0.49923859494497935}. Best is trial 3 with value: 0.05970492586493492.
[I 2023-06-27 23:52:27,385] Trial 65 finished with value: 0.06269390136003494 and parameters: {'dim': 280, 'lam': 1.0376825429313117e-07, 'clip': 0.47720046669271804}. Best is trial 3 with value: 0.05970492586493492.
[I 2023-06-27 23:52:31,294] Trial 66 finished with value: 0.0658428892493248 and parameters: {'dim': 260, 'lam': 1.3651313468426377e-07, 'clip': 0.4994552324477595}. Best is trial 3 with value: 0.05970492586493492.
[I 2023-06-27 23:52:35,312] Trial 67 finished with value: 0.0693868026137352 and parameters: {'dim': 260, 'lam': 1.5998651580494375e-07, 'clip': 0.4633743213306476}. Best is trial 3 with value: 0.05970492586493492.
[I 2023-06-27 23:52:39,337] Trial 68 finished with value: 0.06831685453653336 and parameters: {'dim': 280, 'lam': 1.0102099582867885e-07, 'clip': 0.42313117670206324}. Best is trial 3 with value: 0.05970492586493492.
[I 2023-06-27 23:52:43,343] Trial 69 finished with value: 0.06596332788467407 and parameters: {'dim': 280, 'lam': 2.2463981822763593e-07, 'clip': 0.4471718218633101}. Best is trial 3 with value: 0.05970492586493492.
[I 2023-06-27 23:52:47,331] Trial 70 finished with value: 0.058667656034231186 and parameters: {'dim': 300, 'lam': 1.639291570500229e-07, 'clip': 0.48173916920579407}. Best is trial 70 with value: 0.058667656034231186.
[I 2023-06-27 23:52:51,289] Trial 71 finished with value: 0.058322079479694366 and parameters: {'dim': 300, 'lam': 1.5088525841595731e-07, 'clip': 0.4854297943268466}. Best is trial 71 with value: 0.058322079479694366.
[I 2023-06-27 23:52:55,165] Trial 72 finished with value: 0.05910827964544296 and parameters: {'dim': 300, 'lam': 3.0842743635943243e-07, 'clip': 0.48107267366210754}. Best is trial 71 with value: 0.058322079479694366.
[I 2023-06-27 23:52:59,057] Trial 73 finished with value: 0.06257481127977371 and parameters: {'dim': 280, 'lam': 2.8141314836164396e-07, 'clip': 0.4835589783503346}. Best is trial 71 with value: 0.058322079479694366.
[I 2023-06-27 23:53:02,942] Trial 74 finished with value: 0.0591442734003067 and parameters: {'dim': 300, 'lam': 1.7778032863505233e-07, 'clip': 0.4766128985264927}. Best is trial 71 with value: 0.058322079479694366.
[I 2023-06-27 23:53:06,972] Trial 75 finished with value: 0.059604234993457794 and parameters: {'dim': 300, 'lam': 1.6110371197074046e-07, 'clip': 0.47086956540562935}. Best is trial 71 with value: 0.058322079479694366.
[I 2023-06-27 23:53:10,667] Trial 76 finished with value: 0.05987825617194176 and parameters: {'dim': 300, 'lam': 2.964027794449908e-07, 'clip': 0.4718267279091676}. Best is trial 71 with value: 0.058322079479694366.
[I 2023-06-27 23:53:14,457] Trial 77 finished with value: 0.06324411183595657 and parameters: {'dim': 300, 'lam': 3.041219440527716e-07, 'clip': 0.4368091159136152}. Best is trial 71 with value: 0.058322079479694366.
[I 2023-06-27 23:53:18,599] Trial 78 finished with value: 0.12407180666923523 and parameters: {'dim': 140, 'lam': 2.1698321736589743e-07, 'clip': 0.47241901848289786}. Best is trial 71 with value: 0.058322079479694366.
[I 2023-06-27 23:53:22,550] Trial 79 finished with value: 0.06521173566579819 and parameters: {'dim': 300, 'lam': 1.5590765494993926e-07, 'clip': 0.4151092288861506}. Best is trial 71 with value: 0.058322079479694366.
[I 2023-06-27 23:53:26,280] Trial 80 finished with value: 0.059697505086660385 and parameters: {'dim': 300, 'lam': 2.7402984716733845e-07, 'clip': 0.4732029862809332}. Best is trial 71 with value: 0.058322079479694366.
[I 2023-06-27 23:53:30,226] Trial 81 finished with value: 0.06034587323665619 and parameters: {'dim': 300, 'lam': 3.0926477146496693e-07, 'clip': 0.4669754006962689}. Best is trial 71 with value: 0.058322079479694366.
[I 2023-06-27 23:53:34,034] Trial 82 finished with value: 0.059226613491773605 and parameters: {'dim': 300, 'lam': 2.4720747833964773e-07, 'clip': 0.47779201974941565}. Best is trial 71 with value: 0.058322079479694366.
[I 2023-06-27 23:53:37,916] Trial 83 finished with value: 0.061220210045576096 and parameters: {'dim': 300, 'lam': 2.389448000537545e-07, 'clip': 0.45551838301803615}. Best is trial 71 with value: 0.058322079479694366.
[I 2023-06-27 23:53:42,170] Trial 84 finished with value: 0.05866985768079758 and parameters: {'dim': 300, 'lam': 1.831220329481768e-07, 'clip': 0.4823145183489287}. Best is trial 71 with value: 0.058322079479694366.
[I 2023-06-27 23:53:46,150] Trial 85 finished with value: 0.058543916791677475 and parameters: {'dim': 300, 'lam': 1.8867396543991018e-07, 'clip': 0.4839816846934394}. Best is trial 71 with value: 0.058322079479694366.
[I 2023-06-27 23:53:50,036] Trial 86 finished with value: 0.05852774903178215 and parameters: {'dim': 300, 'lam': 1.9203121924852847e-07, 'clip': 0.4842802753141717}. Best is trial 71 with value: 0.058322079479694366.
[I 2023-06-27 23:53:53,879] Trial 87 finished with value: 0.07740281522274017 and parameters: {'dim': 220, 'lam': 1.8856178819901438e-07, 'clip': 0.4860278213833278}. Best is trial 71 with value: 0.058322079479694366.
[I 2023-06-27 23:53:57,951] Trial 88 finished with value: 0.06260755658149719 and parameters: {'dim': 300, 'lam': 1.441719888880832e-07, 'clip': 0.43890050567684263}. Best is trial 71 with value: 0.058322079479694366.
[I 2023-06-27 23:54:02,013] Trial 89 finished with value: 0.058310844004154205 and parameters: {'dim': 300, 'lam': 1.8616645151388371e-07, 'clip': 0.4866890071201754}. Best is trial 89 with value: 0.058310844004154205.
[I 2023-06-27 23:54:05,816] Trial 90 finished with value: 0.0582972876727581 and parameters: {'dim': 300, 'lam': 1.9508596621277723e-07, 'clip': 0.4871376517629881}. Best is trial 90 with value: 0.0582972876727581.
[I 2023-06-27 23:54:09,847] Trial 91 finished with value: 0.058489326387643814 and parameters: {'dim': 300, 'lam': 2.3773705486919413e-07, 'clip': 0.4861922699894824}. Best is trial 90 with value: 0.0582972876727581.
[I 2023-06-27 23:54:13,897] Trial 92 finished with value: 0.060901373624801636 and parameters: {'dim': 300, 'lam': 1.9812376092868704e-07, 'clip': 0.45775037236732496}. Best is trial 90 with value: 0.0582972876727581.
[I 2023-06-27 23:54:17,715] Trial 93 finished with value: 0.058136772364377975 and parameters: {'dim': 300, 'lam': 1.403766873175299e-07, 'clip': 0.4873192607275981}. Best is trial 93 with value: 0.058136772364377975.
[I 2023-06-27 23:54:21,405] Trial 94 finished with value: 0.05824517086148262 and parameters: {'dim': 300, 'lam': 1.4030265993167382e-07, 'clip': 0.4860139055612305}. Best is trial 93 with value: 0.058136772364377975.
[I 2023-06-27 23:54:40,050] Trial 95 finished with value: 0.06210833787918091 and parameters: {'dim': 280, 'lam': 1.4631426512838463e-07, 'clip': 0.48485748382879873}. Best is trial 93 with value: 0.058136772364377975.
[I 2023-06-27 23:54:45,305] Trial 96 finished with value: 0.06451208144426346 and parameters: {'dim': 280, 'lam': 1.2887991969888866e-07, 'clip': 0.4589344393037057}. Best is trial 93 with value: 0.058136772364377975.
[I 2023-06-27 23:54:49,160] Trial 97 finished with value: 0.05818067118525505 and parameters: {'dim': 300, 'lam': 2.0774866074705246e-07, 'clip': 0.4889551875447564}. Best is trial 93 with value: 0.058136772364377975.
[I 2023-06-27 23:54:53,178] Trial 98 finished with value: 0.10369932651519775 and parameters: {'dim': 180, 'lam': 2.1815445695607973e-07, 'clip': 0.44464302712928694}. Best is trial 93 with value: 0.058136772364377975.
[I 2023-06-27 23:54:57,184] Trial 99 finished with value: 0.058514636009931564 and parameters: {'dim': 300, 'lam': 3.7261549837734565e-07, 'clip': 0.4902330827562991}. Best is trial 93 with value: 0.058136772364377975.
[I 2023-06-27 23:54:57,184] A new study created in memory with name: no-name-6715897f-b755-4e86-a684-6d785430f621
[I 2023-06-27 23:55:05,135] Trial 0 finished with value: 90812.484375 and parameters: {'dim': 280, 'lam': 3.7519911434846235e-07, 'beta': 5.70960199741971}. Best is trial 0 with value: 90812.484375.
[I 2023-06-27 23:55:12,787] Trial 1 finished with value: 91284.1640625 and parameters: {'dim': 220, 'lam': 0.0008367707756163578, 'beta': 3.0664946192144074}. Best is trial 0 with value: 90812.484375.
[I 2023-06-27 23:55:20,828] Trial 2 finished with value: 90803.171875 and parameters: {'dim': 280, 'lam': 2.516027060356747e-06, 'beta': 4.601143046284796}. Best is trial 2 with value: 90803.171875.
[I 2023-06-27 23:55:28,558] Trial 3 finished with value: 91842.953125 and parameters: {'dim': 240, 'lam': 1.318774737972221e-06, 'beta': 4.719849171956551}. Best is trial 2 with value: 90803.171875.
[I 2023-06-27 23:55:36,521] Trial 4 finished with value: 91160.6484375 and parameters: {'dim': 260, 'lam': 8.626441496962672e-07, 'beta': 8.833267921331457}. Best is trial 2 with value: 90803.171875.
[I 2023-06-27 23:55:44,563] Trial 5 finished with value: 88189.8359375 and parameters: {'dim': 300, 'lam': 5.1374562271804874e-05, 'beta': 3.996337370890338}. Best is trial 5 with value: 88189.8359375.
[I 2023-06-27 23:55:52,528] Trial 6 finished with value: 88196.125 and parameters: {'dim': 300, 'lam': 1.6932672709995225e-05, 'beta': 5.7981447160555035}. Best is trial 5 with value: 88189.8359375.
[I 2023-06-27 23:56:00,449] Trial 7 finished with value: 88189.0 and parameters: {'dim': 300, 'lam': 0.0009649827804163628, 'beta': 6.189173376479192}. Best is trial 7 with value: 88189.0.
[I 2023-06-27 23:56:07,699] Trial 8 finished with value: 90653.34375 and parameters: {'dim': 120, 'lam': 1.0179382852687352e-05, 'beta': 7.56969374182133}. Best is trial 7 with value: 88189.0.
[I 2023-06-27 23:56:15,265] Trial 9 finished with value: 89361.90625 and parameters: {'dim': 200, 'lam': 4.659974122321073e-05, 'beta': 1.8643516665985052}. Best is trial 7 with value: 88189.0.
[I 2023-06-27 23:56:22,743] Trial 10 finished with value: 92055.734375 and parameters: {'dim': 160, 'lam': 0.0006906682501900687, 'beta': 0.24164381465544693}. Best is trial 7 with value: 88189.0.
[I 2023-06-27 23:56:30,644] Trial 11 finished with value: 88187.1171875 and parameters: {'dim': 300, 'lam': 0.0001212376790617033, 'beta': 7.083789977812611}. Best is trial 11 with value: 88187.1171875.
[I 2023-06-27 23:56:38,175] Trial 12 finished with value: 91417.6640625 and parameters: {'dim': 180, 'lam': 0.0002327174698735, 'beta': 7.233155843406579}. Best is trial 11 with value: 88187.1171875.
[I 2023-06-27 23:56:45,896] Trial 13 finished with value: 91833.9453125 and parameters: {'dim': 240, 'lam': 0.00017952624692981555, 'beta': 9.991295701729815}. Best is trial 11 with value: 88187.1171875.
[I 2023-06-27 23:56:53,105] Trial 14 finished with value: 94371.6796875 and parameters: {'dim': 100, 'lam': 1.1458099776214951e-07, 'beta': 6.795771159082181}. Best is trial 11 with value: 88187.1171875.
[I 2023-06-27 23:57:00,988] Trial 15 finished with value: 88187.0078125 and parameters: {'dim': 300, 'lam': 0.00020013360477747722, 'beta': 6.260198928442271}. Best is trial 15 with value: 88187.0078125.
[I 2023-06-27 23:57:09,090] Trial 16 finished with value: 91156.046875 and parameters: {'dim': 260, 'lam': 0.0001304167168766983, 'beta': 7.867564184559545}. Best is trial 15 with value: 88187.0078125.
[I 2023-06-27 23:57:16,493] Trial 17 finished with value: 92064.5078125 and parameters: {'dim': 160, 'lam': 3.190669919440516e-05, 'beta': 6.182587546936394}. Best is trial 15 with value: 88187.0078125.
[I 2023-06-27 23:57:24,415] Trial 18 finished with value: 91166.7421875 and parameters: {'dim': 260, 'lam': 7.148992799509592e-06, 'beta': 8.517352803036966}. Best is trial 15 with value: 88187.0078125.
[I 2023-06-27 23:57:32,160] Trial 19 finished with value: 91298.109375 and parameters: {'dim': 220, 'lam': 0.00012494052076375233, 'beta': 6.814253468672458}. Best is trial 15 with value: 88187.0078125.
[I 2023-06-27 23:57:40,263] Trial 20 finished with value: 90771.0234375 and parameters: {'dim': 280, 'lam': 0.00027872762073658956, 'beta': 5.172050040061006}. Best is trial 15 with value: 88187.0078125.
[I 2023-06-27 23:57:48,318] Trial 21 finished with value: 88188.9453125 and parameters: {'dim': 300, 'lam': 0.0009811554802972786, 'beta': 6.342696112512984}. Best is trial 15 with value: 88187.0078125.
[I 2023-06-27 23:57:56,275] Trial 22 finished with value: 88187.7578125 and parameters: {'dim': 300, 'lam': 0.0004461480108865083, 'beta': 6.542988460758686}. Best is trial 15 with value: 88187.0078125.
[I 2023-06-27 23:58:04,149] Trial 23 finished with value: 90769.9921875 and parameters: {'dim': 280, 'lam': 0.0004317544836423978, 'beta': 7.499153605958721}. Best is trial 15 with value: 88187.0078125.
[I 2023-06-27 23:58:12,384] Trial 24 finished with value: 88187.6796875 and parameters: {'dim': 300, 'lam': 9.465559697430545e-05, 'beta': 5.403461401734511}. Best is trial 15 with value: 88187.0078125.
[I 2023-06-27 23:58:20,183] Trial 25 finished with value: 91835.6953125 and parameters: {'dim': 240, 'lam': 9.303057723579845e-05, 'beta': 5.523148556883225}. Best is trial 15 with value: 88187.0078125.
[I 2023-06-27 23:58:28,141] Trial 26 finished with value: 90773.1875 and parameters: {'dim': 280, 'lam': 8.44165524883035e-05, 'beta': 4.1756541470782755}. Best is trial 15 with value: 88187.0078125.
[I 2023-06-27 23:58:36,104] Trial 27 finished with value: 91155.0234375 and parameters: {'dim': 260, 'lam': 0.00021206893353094346, 'beta': 5.188043164075206}. Best is trial 15 with value: 88187.0078125.
[I 2023-06-27 23:58:44,020] Trial 28 finished with value: 88191.7421875 and parameters: {'dim': 300, 'lam': 2.9905339302883522e-05, 'beta': 7.014422849254043}. Best is trial 15 with value: 88187.0078125.
[I 2023-06-27 23:58:51,966] Trial 29 finished with value: 90773.859375 and parameters: {'dim': 280, 'lam': 6.672509759957197e-05, 'beta': 5.762139876767957}. Best is trial 15 with value: 88187.0078125.
[I 2023-06-27 23:58:59,616] Trial 30 finished with value: 91290.296875 and parameters: {'dim': 220, 'lam': 0.0003403911872575871, 'beta': 5.58452700786979}. Best is trial 15 with value: 88187.0078125.
[I 2023-06-27 23:59:07,550] Trial 31 finished with value: 88187.7421875 and parameters: {'dim': 300, 'lam': 0.0004307665333702273, 'beta': 6.331190722291393}. Best is trial 15 with value: 88187.0078125.
[I 2023-06-27 23:59:15,443] Trial 32 finished with value: 88187.234375 and parameters: {'dim': 300, 'lam': 0.00016179090880748132, 'beta': 6.193659700836046}. Best is trial 15 with value: 88187.0078125.
[I 2023-06-27 23:59:23,354] Trial 33 finished with value: 90771.8125 and parameters: {'dim': 280, 'lam': 0.00015063879667340634, 'beta': 5.003040304123996}. Best is trial 15 with value: 88187.0078125.
[I 2023-06-27 23:59:31,262] Trial 34 finished with value: 91156.0625 and parameters: {'dim': 260, 'lam': 9.011854445487326e-05, 'beta': 4.359860814559026}. Best is trial 15 with value: 88187.0078125.
[I 2023-06-27 23:59:39,218] Trial 35 finished with value: 90771.3125 and parameters: {'dim': 280, 'lam': 0.0001812026875854529, 'beta': 3.634154523758322}. Best is trial 15 with value: 88187.0078125.
[I 2023-06-27 23:59:47,127] Trial 36 finished with value: 90774.515625 and parameters: {'dim': 280, 'lam': 5.0509876194768616e-05, 'beta': 4.821808399048896}. Best is trial 15 with value: 88187.0078125.
[I 2023-06-27 23:59:55,219] Trial 37 finished with value: 88187.1328125 and parameters: {'dim': 300, 'lam': 0.00010886318206808292, 'beta': 5.9208869969337465}. Best is trial 15 with value: 88187.0078125.
[I 2023-06-28 00:00:02,937] Trial 38 finished with value: 91831.0078125 and parameters: {'dim': 240, 'lam': 0.0005967860341156727, 'beta': 7.951570837381761}. Best is trial 15 with value: 88187.0078125.
[I 2023-06-28 00:00:10,732] Trial 39 finished with value: 91154.9609375 and parameters: {'dim': 260, 'lam': 0.00030893886094420414, 'beta': 6.044276721125773}. Best is trial 15 with value: 88187.0078125.
[I 2023-06-28 00:00:18,711] Trial 40 finished with value: 88191.53125 and parameters: {'dim': 300, 'lam': 3.118843426803562e-05, 'beta': 6.7578406138319655}. Best is trial 15 with value: 88187.0078125.
[I 2023-06-28 00:00:26,749] Trial 41 finished with value: 88187.109375 and parameters: {'dim': 300, 'lam': 0.00012060043719903096, 'beta': 5.513621586811058}. Best is trial 15 with value: 88187.0078125.
[I 2023-06-28 00:00:34,907] Trial 42 finished with value: 88187.1796875 and parameters: {'dim': 300, 'lam': 0.0001489664679032497, 'beta': 6.011077009396406}. Best is trial 15 with value: 88187.0078125.
[I 2023-06-28 00:00:42,973] Trial 43 finished with value: 90771.234375 and parameters: {'dim': 280, 'lam': 0.00025706091630304904, 'beta': 5.720418299733875}. Best is trial 15 with value: 88187.0078125.
[I 2023-06-28 00:00:50,944] Trial 44 finished with value: 88189.4375 and parameters: {'dim': 300, 'lam': 6.059519470835667e-05, 'beta': 4.6704989295637}. Best is trial 15 with value: 88187.0078125.
[I 2023-06-28 00:00:58,869] Trial 45 finished with value: 90772.2890625 and parameters: {'dim': 280, 'lam': 0.00011522341374473184, 'beta': 7.111433074032679}. Best is trial 15 with value: 88187.0078125.
[I 2023-06-28 00:01:06,950] Trial 46 finished with value: 88188.4453125 and parameters: {'dim': 300, 'lam': 0.0006192652539870867, 'beta': 5.928641338428162}. Best is trial 15 with value: 88187.0078125.
[I 2023-06-28 00:01:14,951] Trial 47 finished with value: 91154.9765625 and parameters: {'dim': 260, 'lam': 0.00019228401623136893, 'beta': 6.5646405182341505}. Best is trial 15 with value: 88187.0078125.
[I 2023-06-28 00:01:22,503] Trial 48 finished with value: 89377.3046875 and parameters: {'dim': 200, 'lam': 1.8650312671728267e-05, 'beta': 4.969535782077055}. Best is trial 15 with value: 88187.0078125.
[I 2023-06-28 00:01:29,655] Trial 49 finished with value: 90638.96875 and parameters: {'dim': 120, 'lam': 0.00011807771032573881, 'beta': 7.298705815290248}. Best is trial 15 with value: 88187.0078125.
[I 2023-06-28 00:01:37,665] Trial 50 finished with value: 88189.5390625 and parameters: {'dim': 300, 'lam': 5.7459712669452e-05, 'beta': 5.901047143532605}. Best is trial 15 with value: 88187.0078125.
[I 2023-06-28 00:01:45,737] Trial 51 finished with value: 88187.2109375 and parameters: {'dim': 300, 'lam': 0.00016080017403612794, 'beta': 6.303451965617851}. Best is trial 15 with value: 88187.0078125.
[I 2023-06-28 00:01:53,541] Trial 52 finished with value: 88187.1875 and parameters: {'dim': 300, 'lam': 0.00024368234123667485, 'beta': 6.485757491187442}. Best is trial 15 with value: 88187.0078125.
[I 2023-06-28 00:02:00,584] Trial 53 finished with value: 91416.25 and parameters: {'dim': 180, 'lam': 0.0002937655809394249, 'beta': 7.071733124694889}. Best is trial 15 with value: 88187.0078125.
[I 2023-06-28 00:02:08,159] Trial 54 finished with value: 90771.1171875 and parameters: {'dim': 280, 'lam': 0.00024294477047595055, 'beta': 5.402532727792192}. Best is trial 15 with value: 88187.0078125.
[I 2023-06-28 00:02:15,845] Trial 55 finished with value: 88188.453125 and parameters: {'dim': 300, 'lam': 7.91158484028219e-05, 'beta': 7.816183625002463}. Best is trial 15 with value: 88187.0078125.
[I 2023-06-28 00:02:23,866] Trial 56 finished with value: 90769.3828125 and parameters: {'dim': 280, 'lam': 0.0007083630312297483, 'beta': 6.674256307994668}. Best is trial 15 with value: 88187.0078125.
[I 2023-06-28 00:02:31,862] Trial 57 finished with value: 88187.1171875 and parameters: {'dim': 300, 'lam': 0.0001212352411787427, 'beta': 6.47707178715779}. Best is trial 15 with value: 88187.0078125.
[I 2023-06-28 00:02:39,533] Trial 58 finished with value: 91836.625 and parameters: {'dim': 240, 'lam': 6.910819403246599e-05, 'beta': 5.486349688133805}. Best is trial 15 with value: 88187.0078125.
[I 2023-06-28 00:02:47,523] Trial 59 finished with value: 90772.21875 and parameters: {'dim': 280, 'lam': 0.0001193248106290133, 'beta': 6.044093396844472}. Best is trial 15 with value: 88187.0078125.
[I 2023-06-28 00:02:55,602] Trial 60 finished with value: 88190.4296875 and parameters: {'dim': 300, 'lam': 4.0109061691643966e-05, 'beta': 7.440728136181219}. Best is trial 15 with value: 88187.0078125.
[I 2023-06-28 00:03:03,763] Trial 61 finished with value: 88187.0390625 and parameters: {'dim': 300, 'lam': 0.00020913811367444344, 'beta': 6.683889265973315}. Best is trial 15 with value: 88187.0078125.
[I 2023-06-28 00:03:11,733] Trial 62 finished with value: 90772.0078125 and parameters: {'dim': 280, 'lam': 0.00013556408042517766, 'beta': 6.849436386898535}. Best is trial 15 with value: 88187.0078125.
[I 2023-06-28 00:03:19,862] Trial 63 finished with value: 88187.328125 and parameters: {'dim': 300, 'lam': 0.00037253026737530797, 'beta': 5.26508299830399}. Best is trial 15 with value: 88187.0078125.
[I 2023-06-28 00:03:27,934] Trial 64 finished with value: 88186.984375 and parameters: {'dim': 300, 'lam': 0.00017839843216674195, 'beta': 5.824328982928383}. Best is trial 64 with value: 88186.984375.
[I 2023-06-28 00:03:35,921] Trial 65 finished with value: 91155.4296875 and parameters: {'dim': 260, 'lam': 0.000513422662931367, 'beta': 5.768662435956345}. Best is trial 64 with value: 88186.984375.
[I 2023-06-28 00:03:43,897] Trial 66 finished with value: 88187.03125 and parameters: {'dim': 300, 'lam': 0.00020793981976019462, 'beta': 6.424735093059721}. Best is trial 64 with value: 88186.984375.
