[I 2023-06-27 01:10:11,245] Trial 12 finished with value: 0.35119402408599854 and parameters: {'dim': 300, 'lam': 1.9070611892936888e-06}. Best is trial 12 with value: 0.35119402408599854.
[I 2023-06-27 01:10:43,199] Trial 13 finished with value: 0.3510344326496124 and parameters: {'dim': 300, 'lam': 2.7528800434631712e-06}. Best is trial 13 with value: 0.3510344326496124.
[I 2023-06-27 01:11:05,340] Trial 14 finished with value: 0.6931472420692444 and parameters: {'dim': 100, 'lam': 0.0005760341797209247}. Best is trial 13 with value: 0.3510344326496124.
[I 2023-06-27 01:11:37,650] Trial 15 finished with value: 0.35215815901756287 and parameters: {'dim': 300, 'lam': 5.629293399230037e-06}. Best is trial 13 with value: 0.3510344326496124.
[I 2023-06-27 01:12:13,757] Trial 16 finished with value: 0.35825055837631226 and parameters: {'dim': 260, 'lam': 3.5882654855779514e-06}. Best is trial 13 with value: 0.3510344326496124.
[I 2023-06-27 01:12:51,143] Trial 17 finished with value: 0.3566252589225769 and parameters: {'dim': 280, 'lam': 3.998140137341526e-07}. Best is trial 13 with value: 0.3510344326496124.
[I 2023-06-27 01:13:22,388] Trial 18 finished with value: 0.3855684995651245 and parameters: {'dim': 140, 'lam': 5.36973776354679e-07}. Best is trial 13 with value: 0.3510344326496124.
[I 2023-06-27 01:13:50,225] Trial 19 finished with value: 0.3650115728378296 and parameters: {'dim': 220, 'lam': 5.823537519392395e-06}. Best is trial 13 with value: 0.3510344326496124.
[I 2023-06-27 01:14:21,853] Trial 20 finished with value: 0.3533605933189392 and parameters: {'dim': 280, 'lam': 2.9580974638721084e-06}. Best is trial 13 with value: 0.3510344326496124.
[I 2023-06-27 01:14:53,539] Trial 21 finished with value: 0.3512237071990967 and parameters: {'dim': 300, 'lam': 1.8427597688532639e-06}. Best is trial 13 with value: 0.3510344326496124.
[I 2023-06-27 01:15:29,661] Trial 22 finished with value: 0.3556857705116272 and parameters: {'dim': 280, 'lam': 6.270336028182572e-07}. Best is trial 13 with value: 0.3510344326496124.
[I 2023-06-27 01:16:01,799] Trial 23 finished with value: 0.35397884249687195 and parameters: {'dim': 300, 'lam': 8.013736960877127e-06}. Best is trial 13 with value: 0.3510344326496124.
[I 2023-06-27 01:16:31,204] Trial 24 finished with value: 0.3584522604942322 and parameters: {'dim': 240, 'lam': 2.378630699180865e-06}. Best is trial 13 with value: 0.3510344326496124.
[I 2023-06-27 01:17:03,100] Trial 25 finished with value: 0.35109102725982666 and parameters: {'dim': 300, 'lam': 3.263849831281947e-06}. Best is trial 13 with value: 0.3510344326496124.
[I 2023-06-27 01:17:32,151] Trial 26 finished with value: 0.35841992497444153 and parameters: {'dim': 240, 'lam': 3.7640908707888196e-06}. Best is trial 13 with value: 0.3510344326496124.
[I 2023-06-27 01:18:01,436] Trial 27 finished with value: 0.36824721097946167 and parameters: {'dim': 260, 'lam': 1.5770176732935967e-05}. Best is trial 13 with value: 0.3510344326496124.
[I 2023-06-27 01:18:31,456] Trial 28 finished with value: 0.3548342287540436 and parameters: {'dim': 280, 'lam': 9.430287576265702e-07}. Best is trial 13 with value: 0.3510344326496124.
[I 2023-06-27 01:18:59,935] Trial 29 finished with value: 0.367102712392807 and parameters: {'dim': 220, 'lam': 8.982597563215782e-06}. Best is trial 13 with value: 0.3510344326496124.
[I 2023-06-27 01:19:24,576] Trial 30 finished with value: 0.3809809386730194 and parameters: {'dim': 160, 'lam': 1.9020834012308508e-07}. Best is trial 13 with value: 0.3510344326496124.
[I 2023-06-27 01:19:55,628] Trial 31 finished with value: 0.35111117362976074 and parameters: {'dim': 300, 'lam': 2.142856536858931e-06}. Best is trial 13 with value: 0.3510344326496124.
[I 2023-06-27 01:20:27,821] Trial 32 finished with value: 0.35103917121887207 and parameters: {'dim': 300, 'lam': 2.5613030712442968e-06}. Best is trial 13 with value: 0.3510344326496124.
[I 2023-06-27 01:20:58,669] Trial 33 finished with value: 0.3535216152667999 and parameters: {'dim': 280, 'lam': 3.876409896790269e-06}. Best is trial 13 with value: 0.3510344326496124.
[I 2023-06-27 01:21:30,908] Trial 34 finished with value: 0.35221174359321594 and parameters: {'dim': 300, 'lam': 8.957753645029681e-07}. Best is trial 13 with value: 0.3510344326496124.
[I 2023-06-27 01:22:00,665] Trial 35 finished with value: 0.358236163854599 and parameters: {'dim': 260, 'lam': 2.540385389941466e-06}. Best is trial 13 with value: 0.3510344326496124.
[I 2023-06-27 01:22:28,320] Trial 36 finished with value: 0.3676275908946991 and parameters: {'dim': 200, 'lam': 5.774141447631332e-06}. Best is trial 13 with value: 0.3510344326496124.
[I 2023-06-27 01:22:59,376] Trial 37 finished with value: 0.3594805896282196 and parameters: {'dim': 280, 'lam': 1.1831395343700872e-05}. Best is trial 13 with value: 0.3510344326496124.
[I 2023-06-27 01:23:31,368] Trial 38 finished with value: 0.35401079058647156 and parameters: {'dim': 300, 'lam': 3.183541349195019e-07}. Best is trial 13 with value: 0.3510344326496124.
[I 2023-06-27 01:24:01,110] Trial 39 finished with value: 0.35949233174324036 and parameters: {'dim': 260, 'lam': 9.651434260106693e-07}. Best is trial 13 with value: 0.3510344326496124.
[I 2023-06-27 01:24:30,287] Trial 40 finished with value: 0.3812429904937744 and parameters: {'dim': 240, 'lam': 2.6019677443172308e-05}. Best is trial 13 with value: 0.3510344326496124.
[I 2023-06-27 01:25:01,788] Trial 41 finished with value: 0.3512982726097107 and parameters: {'dim': 300, 'lam': 1.7040430859639004e-06}. Best is trial 13 with value: 0.3510344326496124.
[I 2023-06-27 01:25:31,965] Trial 42 finished with value: 0.35353973507881165 and parameters: {'dim': 280, 'lam': 2.0916889497372493e-06}. Best is trial 13 with value: 0.3510344326496124.
[I 2023-06-27 01:26:02,992] Trial 43 finished with value: 0.3517013490200043 and parameters: {'dim': 300, 'lam': 1.246564428198006e-06}. Best is trial 13 with value: 0.3510344326496124.
[I 2023-06-27 01:26:33,224] Trial 44 finished with value: 0.3533601760864258 and parameters: {'dim': 280, 'lam': 2.907993919035194e-06}. Best is trial 13 with value: 0.3510344326496124.
[I 2023-06-27 01:27:06,048] Trial 45 finished with value: 0.3517260253429413 and parameters: {'dim': 300, 'lam': 4.91249591972042e-06}. Best is trial 13 with value: 0.3510344326496124.
[I 2023-06-27 01:27:37,452] Trial 46 finished with value: 0.353622168302536 and parameters: {'dim': 300, 'lam': 7.588508496917022e-06}. Best is trial 13 with value: 0.3510344326496124.
[I 2023-06-27 01:28:03,235] Trial 47 finished with value: 0.3737505376338959 and parameters: {'dim': 180, 'lam': 2.0982775761715613e-06}. Best is trial 13 with value: 0.3510344326496124.
[I 2023-06-27 01:28:33,903] Trial 48 finished with value: 0.35874441266059875 and parameters: {'dim': 260, 'lam': 1.5088298704417548e-06}. Best is trial 13 with value: 0.3510344326496124.
[I 2023-06-27 01:29:05,143] Trial 49 finished with value: 0.35342732071876526 and parameters: {'dim': 280, 'lam': 3.5042261655340354e-06}. Best is trial 13 with value: 0.3510344326496124.
[I 2023-06-27 01:29:38,033] Trial 50 finished with value: 0.35175326466560364 and parameters: {'dim': 300, 'lam': 4.9611589042987655e-06}. Best is trial 13 with value: 0.3510344326496124.
[I 2023-06-27 01:30:10,232] Trial 51 finished with value: 0.35110580921173096 and parameters: {'dim': 300, 'lam': 2.161573692357872e-06}. Best is trial 13 with value: 0.3510344326496124.
[I 2023-06-27 01:30:41,346] Trial 52 finished with value: 0.35441625118255615 and parameters: {'dim': 280, 'lam': 1.1708878438386636e-06}. Best is trial 13 with value: 0.3510344326496124.
[I 2023-06-27 01:31:14,116] Trial 53 finished with value: 0.3511470556259155 and parameters: {'dim': 300, 'lam': 2.0284869235624102e-06}. Best is trial 13 with value: 0.3510344326496124.
[I 2023-06-27 01:31:45,376] Trial 54 finished with value: 0.3526027500629425 and parameters: {'dim': 300, 'lam': 7.146400130964604e-07}. Best is trial 13 with value: 0.3510344326496124.
[I 2023-06-27 01:32:17,149] Trial 55 finished with value: 0.35336869955062866 and parameters: {'dim': 280, 'lam': 2.725640477255967e-06}. Best is trial 13 with value: 0.3510344326496124.
[I 2023-06-27 01:32:48,614] Trial 56 finished with value: 0.3515046536922455 and parameters: {'dim': 300, 'lam': 1.4345330182914106e-06}. Best is trial 13 with value: 0.3510344326496124.
[I 2023-06-27 01:33:09,816] Trial 57 finished with value: 0.40058988332748413 and parameters: {'dim': 100, 'lam': 2.253951591751351e-06}. Best is trial 13 with value: 0.3510344326496124.
[I 2023-06-27 01:33:39,174] Trial 58 finished with value: 0.35827699303627014 and parameters: {'dim': 260, 'lam': 3.725458872608284e-06}. Best is trial 13 with value: 0.3510344326496124.
[I 2023-06-27 01:34:09,716] Trial 59 finished with value: 0.35503169894218445 and parameters: {'dim': 280, 'lam': 6.7825180407858535e-06}. Best is trial 13 with value: 0.3510344326496124.
[I 2023-06-27 01:34:32,277] Trial 60 finished with value: 0.39342015981674194 and parameters: {'dim': 120, 'lam': 4.270807840713153e-06}. Best is trial 13 with value: 0.3510344326496124.
[I 2023-06-27 01:35:03,157] Trial 61 finished with value: 0.35121050477027893 and parameters: {'dim': 300, 'lam': 1.8705832508474587e-06}. Best is trial 13 with value: 0.3510344326496124.
[I 2023-06-27 01:35:34,114] Trial 62 finished with value: 0.3510717451572418 and parameters: {'dim': 300, 'lam': 3.1507302755883508e-06}. Best is trial 13 with value: 0.3510344326496124.
[I 2023-06-27 01:36:05,791] Trial 63 finished with value: 0.3510487377643585 and parameters: {'dim': 300, 'lam': 2.9724526598872626e-06}. Best is trial 13 with value: 0.3510344326496124.
[I 2023-06-27 01:36:37,617] Trial 64 finished with value: 0.35104331374168396 and parameters: {'dim': 300, 'lam': 2.915432493442708e-06}. Best is trial 13 with value: 0.3510344326496124.
[I 2023-06-27 01:37:08,565] Trial 65 finished with value: 0.3577263355255127 and parameters: {'dim': 280, 'lam': 1.00308898486963e-05}. Best is trial 13 with value: 0.3510344326496124.
[I 2023-06-27 01:37:38,739] Trial 66 finished with value: 0.3510715663433075 and parameters: {'dim': 300, 'lam': 3.149529783816008e-06}. Best is trial 13 with value: 0.3510344326496124.
[I 2023-06-27 01:38:08,473] Trial 67 finished with value: 0.3543001711368561 and parameters: {'dim': 280, 'lam': 5.632436292785688e-06}. Best is trial 13 with value: 0.3510344326496124.
[I 2023-06-27 01:38:39,017] Trial 68 finished with value: 0.3510589301586151 and parameters: {'dim': 300, 'lam': 3.055398811880431e-06}. Best is trial 13 with value: 0.3510344326496124.
[I 2023-06-27 01:39:08,664] Trial 69 finished with value: 0.35378313064575195 and parameters: {'dim': 280, 'lam': 4.6127995497816395e-06}. Best is trial 13 with value: 0.3510344326496124.
[I 2023-06-27 01:39:38,900] Trial 70 finished with value: 0.35107511281967163 and parameters: {'dim': 300, 'lam': 3.1732842039057914e-06}. Best is trial 13 with value: 0.3510344326496124.
[I 2023-06-27 01:40:09,802] Trial 71 finished with value: 0.3510971963405609 and parameters: {'dim': 300, 'lam': 3.2943628691445047e-06}. Best is trial 13 with value: 0.3510344326496124.
[I 2023-06-27 01:40:40,827] Trial 72 finished with value: 0.35105374455451965 and parameters: {'dim': 300, 'lam': 3.0153308785902525e-06}. Best is trial 13 with value: 0.3510344326496124.
[I 2023-06-27 01:41:11,389] Trial 73 finished with value: 0.352772980928421 and parameters: {'dim': 300, 'lam': 6.511326198971443e-06}. Best is trial 13 with value: 0.3510344326496124.
[I 2023-06-27 01:41:41,301] Trial 74 finished with value: 0.3533862233161926 and parameters: {'dim': 280, 'lam': 2.592477075271167e-06}. Best is trial 13 with value: 0.3510344326496124.
[I 2023-06-27 01:42:11,467] Trial 75 finished with value: 0.3587090075016022 and parameters: {'dim': 260, 'lam': 1.5469822320337785e-06}. Best is trial 13 with value: 0.3510344326496124.
[I 2023-06-27 01:42:43,137] Trial 76 finished with value: 0.35159119963645935 and parameters: {'dim': 300, 'lam': 4.654777920547241e-06}. Best is trial 13 with value: 0.3510344326496124.
[I 2023-06-27 01:43:10,886] Trial 77 finished with value: 0.3641859292984009 and parameters: {'dim': 220, 'lam': 2.78760308179997e-06}. Best is trial 13 with value: 0.3510344326496124.
[I 2023-06-27 01:43:42,537] Trial 78 finished with value: 0.35392868518829346 and parameters: {'dim': 300, 'lam': 7.954796761216934e-06}. Best is trial 13 with value: 0.3510344326496124.
[I 2023-06-27 01:44:12,984] Trial 79 finished with value: 0.3544517457485199 and parameters: {'dim': 280, 'lam': 1.148588959754676e-06}. Best is trial 13 with value: 0.3510344326496124.
[I 2023-06-27 01:44:44,069] Trial 80 finished with value: 0.35132262110710144 and parameters: {'dim': 300, 'lam': 4.041066960493419e-06}. Best is trial 13 with value: 0.3510344326496124.
[I 2023-06-27 01:45:15,637] Trial 81 finished with value: 0.3510644733905792 and parameters: {'dim': 300, 'lam': 3.097939189145369e-06}. Best is trial 13 with value: 0.3510344326496124.
[I 2023-06-27 01:45:47,119] Trial 82 finished with value: 0.35131651163101196 and parameters: {'dim': 300, 'lam': 1.6745848131400051e-06}. Best is trial 13 with value: 0.3510344326496124.
[I 2023-06-27 01:46:18,548] Trial 83 finished with value: 0.3528587818145752 and parameters: {'dim': 300, 'lam': 6.6250118767198615e-06}. Best is trial 13 with value: 0.3510344326496124.
[I 2023-06-27 01:46:49,119] Trial 84 finished with value: 0.3533661663532257 and parameters: {'dim': 280, 'lam': 2.754389864957073e-06}. Best is trial 13 with value: 0.3510344326496124.
[I 2023-06-27 01:47:20,313] Trial 85 finished with value: 0.35183796286582947 and parameters: {'dim': 300, 'lam': 5.109098958913263e-06}. Best is trial 13 with value: 0.3510344326496124.
[I 2023-06-27 01:47:45,532] Trial 86 finished with value: 0.3768273591995239 and parameters: {'dim': 160, 'lam': 3.611950843370461e-06}. Best is trial 13 with value: 0.3510344326496124.
[I 2023-06-27 01:48:15,430] Trial 87 finished with value: 0.35340678691864014 and parameters: {'dim': 280, 'lam': 2.489958663179868e-06}. Best is trial 13 with value: 0.3510344326496124.
[I 2023-06-27 01:48:46,637] Trial 88 finished with value: 0.35567954182624817 and parameters: {'dim': 300, 'lam': 9.87931308036094e-06}. Best is trial 13 with value: 0.3510344326496124.
[I 2023-06-27 01:49:17,246] Trial 89 finished with value: 0.35367411375045776 and parameters: {'dim': 280, 'lam': 1.8520182324228415e-06}. Best is trial 13 with value: 0.3510344326496124.
[I 2023-06-27 01:49:48,366] Trial 90 finished with value: 0.3516237735748291 and parameters: {'dim': 300, 'lam': 1.3158296198511082e-06}. Best is trial 13 with value: 0.3510344326496124.
[I 2023-06-27 01:50:19,665] Trial 91 finished with value: 0.35111895203590393 and parameters: {'dim': 300, 'lam': 3.3920219716116464e-06}. Best is trial 13 with value: 0.3510344326496124.
[I 2023-06-27 01:50:50,867] Trial 92 finished with value: 0.35106855630874634 and parameters: {'dim': 300, 'lam': 3.128484314021954e-06}. Best is trial 13 with value: 0.3510344326496124.
[I 2023-06-27 01:51:22,313] Trial 93 finished with value: 0.35139667987823486 and parameters: {'dim': 300, 'lam': 4.2288589381857935e-06}. Best is trial 13 with value: 0.3510344326496124.
[I 2023-06-27 01:51:53,563] Trial 94 finished with value: 0.35105034708976746 and parameters: {'dim': 300, 'lam': 2.4439382957747803e-06}. Best is trial 13 with value: 0.3510344326496124.
[I 2023-06-27 01:52:24,974] Trial 95 finished with value: 0.35108718276023865 and parameters: {'dim': 300, 'lam': 2.234153396967485e-06}. Best is trial 13 with value: 0.3510344326496124.
[I 2023-06-27 01:52:55,672] Trial 96 finished with value: 0.353765606880188 and parameters: {'dim': 280, 'lam': 1.730644385491447e-06}. Best is trial 13 with value: 0.3510344326496124.
[I 2023-06-27 01:53:25,476] Trial 97 finished with value: 0.3544132709503174 and parameters: {'dim': 280, 'lam': 5.826168915441521e-06}. Best is trial 13 with value: 0.3510344326496124.
[I 2023-06-27 01:53:57,159] Trial 98 finished with value: 0.35105040669441223 and parameters: {'dim': 300, 'lam': 2.4433991923586763e-06}. Best is trial 13 with value: 0.3510344326496124.
[I 2023-06-27 01:54:28,237] Trial 99 finished with value: 0.35104718804359436 and parameters: {'dim': 300, 'lam': 2.4714667324478365e-06}. Best is trial 13 with value: 0.3510344326496124.
[I 2023-06-27 01:54:28,238] A new study created in memory with name: no-name-14331dff-1947-43c2-bbd2-330093dbef1f
[I 2023-06-27 01:54:50,424] Trial 0 finished with value: 2.02298641204834 and parameters: {'dim': 100, 'lam': 1.4744974112857545e-06, 'beta': 4.923415068115988}. Best is trial 0 with value: 2.02298641204834.
[I 2023-06-27 01:55:18,869] Trial 1 finished with value: 1.8306536674499512 and parameters: {'dim': 240, 'lam': 1.401511609675666e-06, 'beta': 3.5594512672906378}. Best is trial 1 with value: 1.8306536674499512.
[I 2023-06-27 01:55:45,378] Trial 2 finished with value: 1.8713756799697876 and parameters: {'dim': 200, 'lam': 1.1767058540671299e-07, 'beta': 8.111119050849187}. Best is trial 1 with value: 1.8306536674499512.
[I 2023-06-27 01:56:12,070] Trial 3 finished with value: 1.8343812227249146 and parameters: {'dim': 200, 'lam': 6.729022037468478e-06, 'beta': 5.90835200209389}. Best is trial 1 with value: 1.8306536674499512.
[I 2023-06-27 01:56:34,680] Trial 4 finished with value: 2.083491325378418 and parameters: {'dim': 120, 'lam': 3.796999085701715e-07, 'beta': 0.6340999229179667}. Best is trial 1 with value: 1.8306536674499512.
[I 2023-06-27 01:56:58,869] Trial 5 finished with value: 1.9075008630752563 and parameters: {'dim': 140, 'lam': 4.343956923521111e-06, 'beta': 6.543917607844969}. Best is trial 1 with value: 1.8306536674499512.
[I 2023-06-27 01:57:20,146] Trial 6 finished with value: 2.053243398666382 and parameters: {'dim': 100, 'lam': 1.813702204307719e-07, 'beta': 4.527742892918587}. Best is trial 1 with value: 1.8306536674499512.
[I 2023-06-27 01:57:42,846] Trial 7 finished with value: 2.016122341156006 and parameters: {'dim': 120, 'lam': 2.135137725662276e-06, 'beta': 2.956164102234722}. Best is trial 1 with value: 1.8306536674499512.
[I 2023-06-27 01:58:06,970] Trial 8 finished with value: 1.9552586078643799 and parameters: {'dim': 140, 'lam': 3.9428364035524614e-05, 'beta': 2.0258221021932212}. Best is trial 1 with value: 1.8306536674499512.
[I 2023-06-27 01:58:36,157] Trial 9 finished with value: 1.7810239791870117 and parameters: {'dim': 260, 'lam': 3.962644661040974e-05, 'beta': 5.907023624323577}. Best is trial 9 with value: 1.7810239791870117.
[I 2023-06-27 01:59:07,039] Trial 10 finished with value: 2.341151237487793 and parameters: {'dim': 300, 'lam': 0.0006462241759665816, 'beta': 9.904828713780677}. Best is trial 9 with value: 1.7810239791870117.
[I 2023-06-27 01:59:37,053] Trial 11 finished with value: 1.7829433679580688 and parameters: {'dim': 280, 'lam': 3.6354585790241026e-05, 'beta': 3.3879203873563304}. Best is trial 9 with value: 1.7810239791870117.
[I 2023-06-27 02:00:06,800] Trial 12 finished with value: 1.7494419813156128 and parameters: {'dim': 280, 'lam': 3.56818102083617e-05, 'beta': 6.619853610189273}. Best is trial 12 with value: 1.7494419813156128.
[I 2023-06-27 02:00:35,951] Trial 13 finished with value: 1.7711111307144165 and parameters: {'dim': 260, 'lam': 3.3768961963182674e-05, 'beta': 6.70412681489028}. Best is trial 12 with value: 1.7494419813156128.
[I 2023-06-27 02:01:04,186] Trial 14 finished with value: 1.8569941520690918 and parameters: {'dim': 240, 'lam': 0.0001244455849251144, 'beta': 7.330506708389013}. Best is trial 12 with value: 1.7494419813156128.
[I 2023-06-27 02:01:35,392] Trial 15 finished with value: 1.7242439985275269 and parameters: {'dim': 300, 'lam': 1.4203656230418897e-05, 'beta': 8.405622815671661}. Best is trial 15 with value: 1.7242439985275269.
[I 2023-06-27 02:02:06,454] Trial 16 finished with value: 1.7236969470977783 and parameters: {'dim': 300, 'lam': 1.339041771973927e-05, 'beta': 8.633233476563944}. Best is trial 16 with value: 1.7236969470977783.
[I 2023-06-27 02:02:37,493] Trial 17 finished with value: 1.722068428993225 and parameters: {'dim': 300, 'lam': 1.1132823136424193e-05, 'beta': 8.89655660974673}. Best is trial 17 with value: 1.722068428993225.
[I 2023-06-27 02:03:04,976] Trial 18 finished with value: 1.78551185131073 and parameters: {'dim': 220, 'lam': 1.0060160735220956e-05, 'beta': 9.917686936230409}. Best is trial 17 with value: 1.722068428993225.
[I 2023-06-27 02:03:29,416] Trial 19 finished with value: 1.8606384992599487 and parameters: {'dim': 180, 'lam': 3.3403301383269868e-06, 'beta': 8.838018088672323}. Best is trial 17 with value: 1.722068428993225.
[I 2023-06-27 02:04:00,770] Trial 20 finished with value: 1.7562748193740845 and parameters: {'dim': 300, 'lam': 7.133794447277398e-07, 'beta': 9.119632004114477}. Best is trial 17 with value: 1.722068428993225.
[I 2023-06-27 02:04:31,810] Trial 21 finished with value: 1.7256603240966797 and parameters: {'dim': 300, 'lam': 1.189986603702291e-05, 'beta': 8.276774639373237}. Best is trial 17 with value: 1.722068428993225.
[I 2023-06-27 02:05:02,363] Trial 22 finished with value: 1.7340333461761475 and parameters: {'dim': 280, 'lam': 1.4254278034855079e-05, 'beta': 7.879165756250439}. Best is trial 17 with value: 1.722068428993225.
[I 2023-06-27 02:05:31,988] Trial 23 finished with value: 1.758130431175232 and parameters: {'dim': 260, 'lam': 6.019547751357099e-06, 'beta': 8.872815724642448}. Best is trial 17 with value: 1.722068428993225.
[I 2023-06-27 02:06:03,446] Trial 24 finished with value: 1.7288591861724854 and parameters: {'dim': 300, 'lam': 1.5317764578609757e-05, 'beta': 7.639816741218072}. Best is trial 17 with value: 1.722068428993225.
