[I 2023-06-27 22:52:55,772] Trial 35 finished with value: 0.0653902143239975 and parameters: {'dim': 300, 'lam': 4.801319915162971e-07, 'clip': 0.42159311844599956}. Best is trial 17 with value: 0.05750444158911705.
[I 2023-06-27 22:52:59,486] Trial 36 finished with value: 0.07332702726125717 and parameters: {'dim': 280, 'lam': 1.7190322165730403e-07, 'clip': 0.3860636261093536}. Best is trial 17 with value: 0.05750444158911705.
[I 2023-06-27 22:53:03,396] Trial 37 finished with value: 0.06124482676386833 and parameters: {'dim': 300, 'lam': 5.267682752071025e-07, 'clip': 0.46404479996561454}. Best is trial 17 with value: 0.05750444158911705.
[I 2023-06-27 22:53:07,302] Trial 38 finished with value: 0.07047459483146667 and parameters: {'dim': 280, 'lam': 1.345477708057677e-06, 'clip': 0.43276952740564956}. Best is trial 17 with value: 0.05750444158911705.
[I 2023-06-27 22:53:11,279] Trial 39 finished with value: 0.06735078245401382 and parameters: {'dim': 280, 'lam': 2.331675791122364e-07, 'clip': 0.43507415608532757}. Best is trial 17 with value: 0.05750444158911705.
[I 2023-06-27 22:53:15,043] Trial 40 finished with value: 0.07979079335927963 and parameters: {'dim': 220, 'lam': 3.8882979389143035e-07, 'clip': 0.46963458113750306}. Best is trial 17 with value: 0.05750444158911705.
[I 2023-06-27 22:53:18,849] Trial 41 finished with value: 0.06048768758773804 and parameters: {'dim': 300, 'lam': 1.749571480647709e-07, 'clip': 0.46213084562967555}. Best is trial 17 with value: 0.05750444158911705.
[I 2023-06-27 22:53:22,613] Trial 42 finished with value: 0.05984508618712425 and parameters: {'dim': 300, 'lam': 1.62496807327126e-07, 'clip': 0.4688346129567721}. Best is trial 17 with value: 0.05750444158911705.
[I 2023-06-27 22:53:26,581] Trial 43 finished with value: 0.06462759524583817 and parameters: {'dim': 300, 'lam': 1.2768892304115477e-07, 'clip': 0.4201145296189517}. Best is trial 17 with value: 0.05750444158911705.
[I 2023-06-27 22:53:30,521] Trial 44 finished with value: 0.06337061524391174 and parameters: {'dim': 280, 'lam': 1.855253442097116e-07, 'clip': 0.4728370639631669}. Best is trial 17 with value: 0.05750444158911705.
[I 2023-06-27 22:53:34,371] Trial 45 finished with value: 0.057612400501966476 and parameters: {'dim': 300, 'lam': 2.6174393238406685e-07, 'clip': 0.4984563367486649}. Best is trial 17 with value: 0.05750444158911705.
[I 2023-06-27 22:53:37,994] Trial 46 finished with value: 0.16993513703346252 and parameters: {'dim': 100, 'lam': 1.0735614304393346e-07, 'clip': 0.49791399281618626}. Best is trial 17 with value: 0.05750444158911705.
[I 2023-06-27 22:53:41,804] Trial 47 finished with value: 0.06814004480838776 and parameters: {'dim': 280, 'lam': 7.26592978532796e-07, 'clip': 0.4394608700739555}. Best is trial 17 with value: 0.05750444158911705.
[I 2023-06-27 22:53:45,828] Trial 48 finished with value: 0.11142263561487198 and parameters: {'dim': 160, 'lam': 2.8606430932746174e-07, 'clip': 0.47801133813765695}. Best is trial 17 with value: 0.05750444158911705.
[I 2023-06-27 22:53:49,876] Trial 49 finished with value: 0.07017039507627487 and parameters: {'dim': 300, 'lam': 1.0580697741924315e-07, 'clip': 0.3753177329339529}. Best is trial 17 with value: 0.05750444158911705.
[I 2023-06-27 22:53:53,832] Trial 50 finished with value: 0.07411380112171173 and parameters: {'dim': 260, 'lam': 2.5164301966550827e-07, 'clip': 0.42438376312359727}. Best is trial 17 with value: 0.05750444158911705.
[I 2023-06-27 22:53:57,886] Trial 51 finished with value: 0.0619753822684288 and parameters: {'dim': 300, 'lam': 1.6003096662782476e-07, 'clip': 0.44614997771081333}. Best is trial 17 with value: 0.05750444158911705.
[I 2023-06-27 22:54:01,797] Trial 52 finished with value: 0.06042776629328728 and parameters: {'dim': 300, 'lam': 6.151257596320561e-07, 'clip': 0.475859551027856}. Best is trial 17 with value: 0.05750444158911705.
[I 2023-06-27 22:54:05,819] Trial 53 finished with value: 0.06677515804767609 and parameters: {'dim': 300, 'lam': 6.160631444089271e-07, 'clip': 0.4125150108850783}. Best is trial 17 with value: 0.05750444158911705.
[I 2023-06-27 22:54:09,610] Trial 54 finished with value: 0.0631905123591423 and parameters: {'dim': 280, 'lam': 3.727160348949225e-07, 'clip': 0.4800223793759078}. Best is trial 17 with value: 0.05750444158911705.
[I 2023-06-27 22:54:13,530] Trial 55 finished with value: 0.06308169662952423 and parameters: {'dim': 300, 'lam': 1.7821697153721365e-06, 'clip': 0.4811498475186817}. Best is trial 17 with value: 0.05750444158911705.
[I 2023-06-27 22:54:17,445] Trial 56 finished with value: 0.15546011924743652 and parameters: {'dim': 120, 'lam': 2.6210817242029007e-07, 'clip': 0.4462494232445683}. Best is trial 17 with value: 0.05750444158911705.
[I 2023-06-27 22:54:21,370] Trial 57 finished with value: 0.06451334804296494 and parameters: {'dim': 280, 'lam': 9.804115498315336e-07, 'clip': 0.482855394209959}. Best is trial 17 with value: 0.05750444158911705.
[I 2023-06-27 22:54:25,485] Trial 58 finished with value: 0.07027266919612885 and parameters: {'dim': 280, 'lam': 1.378460597861537e-07, 'clip': 0.40831595989949304}. Best is trial 17 with value: 0.05750444158911705.
[I 2023-06-27 22:54:29,359] Trial 59 finished with value: 0.06708123534917831 and parameters: {'dim': 260, 'lam': 3.452057667414473e-07, 'clip': 0.49236239945128374}. Best is trial 17 with value: 0.05750444158911705.
[I 2023-06-27 22:54:33,340] Trial 60 finished with value: 0.0627710297703743 and parameters: {'dim': 300, 'lam': 5.750459196664666e-07, 'clip': 0.4492236850255097}. Best is trial 17 with value: 0.05750444158911705.
[I 2023-06-27 22:54:37,229] Trial 61 finished with value: 0.05991591140627861 and parameters: {'dim': 300, 'lam': 2.2109354054196922e-07, 'clip': 0.46977961033492255}. Best is trial 17 with value: 0.05750444158911705.
[I 2023-06-27 22:54:41,294] Trial 62 finished with value: 0.05764570087194443 and parameters: {'dim': 300, 'lam': 2.336401444143659e-07, 'clip': 0.4970944965497082}. Best is trial 17 with value: 0.05750444158911705.
[I 2023-06-27 22:54:45,266] Trial 63 finished with value: 0.06127613037824631 and parameters: {'dim': 280, 'lam': 2.2470754823787404e-07, 'clip': 0.4974195115836289}. Best is trial 17 with value: 0.05750444158911705.
[I 2023-06-27 22:54:49,165] Trial 64 finished with value: 0.06079213693737984 and parameters: {'dim': 300, 'lam': 1.4260487432940184e-07, 'clip': 0.45794137104551486}. Best is trial 17 with value: 0.05750444158911705.
[I 2023-06-27 22:54:52,977] Trial 65 finished with value: 0.05928860232234001 and parameters: {'dim': 300, 'lam': 2.99104411894643e-07, 'clip': 0.4793215907270233}. Best is trial 17 with value: 0.05750444158911705.
[I 2023-06-27 22:54:57,048] Trial 66 finished with value: 0.06093258410692215 and parameters: {'dim': 280, 'lam': 1.0076680291129803e-07, 'clip': 0.4976745461712155}. Best is trial 17 with value: 0.05750444158911705.
[I 2023-06-27 22:55:01,092] Trial 67 finished with value: 0.06795446574687958 and parameters: {'dim': 280, 'lam': 3.141771122279765e-07, 'clip': 0.43153906459465935}. Best is trial 17 with value: 0.05750444158911705.
[I 2023-06-27 22:55:05,089] Trial 68 finished with value: 0.06931120157241821 and parameters: {'dim': 260, 'lam': 8.118082536712309e-07, 'clip': 0.4812226788926527}. Best is trial 17 with value: 0.05750444158911705.
[I 2023-06-27 22:55:09,260] Trial 69 finished with value: 0.062308408319950104 and parameters: {'dim': 300, 'lam': 4.0853149580037153e-07, 'clip': 0.4494467514317025}. Best is trial 17 with value: 0.05750444158911705.
[I 2023-06-27 22:55:13,202] Trial 70 finished with value: 0.09571068733930588 and parameters: {'dim': 180, 'lam': 1.396001544168533e-07, 'clip': 0.499796146542901}. Best is trial 17 with value: 0.05750444158911705.
[I 2023-06-27 22:55:16,881] Trial 71 finished with value: 0.059901170432567596 and parameters: {'dim': 300, 'lam': 1.9786523349741174e-07, 'clip': 0.4692552304609069}. Best is trial 17 with value: 0.05750444158911705.
[I 2023-06-27 22:55:20,714] Trial 72 finished with value: 0.059475935995578766 and parameters: {'dim': 300, 'lam': 2.600699017750614e-07, 'clip': 0.47594923219207214}. Best is trial 17 with value: 0.05750444158911705.
[I 2023-06-27 22:55:24,732] Trial 73 finished with value: 0.05881883203983307 and parameters: {'dim': 300, 'lam': 2.8528753299092625e-07, 'clip': 0.48442896775040944}. Best is trial 17 with value: 0.05750444158911705.
[I 2023-06-27 22:55:28,775] Trial 74 finished with value: 0.06587772816419601 and parameters: {'dim': 280, 'lam': 4.635871064128668e-07, 'clip': 0.4545355068836502}. Best is trial 17 with value: 0.05750444158911705.
[I 2023-06-27 22:55:32,750] Trial 75 finished with value: 0.05873717740178108 and parameters: {'dim': 300, 'lam': 2.6944859719552407e-07, 'clip': 0.48490036344162063}. Best is trial 17 with value: 0.05750444158911705.
[I 2023-06-27 22:55:36,759] Trial 76 finished with value: 0.05907309800386429 and parameters: {'dim': 300, 'lam': 2.875669943013377e-07, 'clip': 0.4814883377953085}. Best is trial 17 with value: 0.05750444158911705.
[I 2023-06-27 22:55:40,695] Trial 77 finished with value: 0.06256687641143799 and parameters: {'dim': 280, 'lam': 3.024519072749465e-07, 'clip': 0.48491513483616716}. Best is trial 17 with value: 0.05750444158911705.
[I 2023-06-27 22:55:44,245] Trial 78 finished with value: 0.05864976346492767 and parameters: {'dim': 300, 'lam': 2.680356247686629e-07, 'clip': 0.48590147059424343}. Best is trial 17 with value: 0.05750444158911705.
[I 2023-06-27 22:55:48,130] Trial 79 finished with value: 0.06343249976634979 and parameters: {'dim': 300, 'lam': 5.37524686219246e-07, 'clip': 0.44155074259828325}. Best is trial 17 with value: 0.05750444158911705.
[I 2023-06-27 22:55:52,121] Trial 80 finished with value: 0.062332164496183395 and parameters: {'dim': 280, 'lam': 3.190891431691791e-07, 'clip': 0.48804699177215394}. Best is trial 17 with value: 0.05750444158911705.
[I 2023-06-27 22:55:56,110] Trial 81 finished with value: 0.0574963241815567 and parameters: {'dim': 300, 'lam': 2.1611606437916077e-07, 'clip': 0.49838605593511076}. Best is trial 81 with value: 0.0574963241815567.
[I 2023-06-27 22:55:59,918] Trial 82 finished with value: 0.05793476104736328 and parameters: {'dim': 300, 'lam': 3.9070035501761054e-07, 'clip': 0.4987295947981444}. Best is trial 81 with value: 0.0574963241815567.
[I 2023-06-27 22:56:03,591] Trial 83 finished with value: 0.0580996535718441 and parameters: {'dim': 300, 'lam': 4.278740975008195e-07, 'clip': 0.4979004756887395}. Best is trial 81 with value: 0.0574963241815567.
[I 2023-06-27 22:56:07,415] Trial 84 finished with value: 0.05834585800766945 and parameters: {'dim': 300, 'lam': 4.1925522885548524e-07, 'clip': 0.49453077828123493}. Best is trial 81 with value: 0.0574963241815567.
[I 2023-06-27 22:56:11,442] Trial 85 finished with value: 0.058110643178224564 and parameters: {'dim': 300, 'lam': 4.491976313013686e-07, 'clip': 0.49848003218428383}. Best is trial 81 with value: 0.0574963241815567.
[I 2023-06-27 22:56:15,036] Trial 86 finished with value: 0.06238679215312004 and parameters: {'dim': 280, 'lam': 7.295028963059741e-07, 'clip': 0.499833625002583}. Best is trial 81 with value: 0.0574963241815567.
[I 2023-06-27 22:56:19,057] Trial 87 finished with value: 0.061370957642793655 and parameters: {'dim': 300, 'lam': 4.104469490112278e-07, 'clip': 0.45933440217413285}. Best is trial 81 with value: 0.0574963241815567.
[I 2023-06-27 22:56:23,075] Trial 88 finished with value: 0.06190396845340729 and parameters: {'dim': 280, 'lam': 4.958483730600719e-07, 'clip': 0.49833592328019893}. Best is trial 81 with value: 0.0574963241815567.
[I 2023-06-27 22:56:27,096] Trial 89 finished with value: 0.07101579755544662 and parameters: {'dim': 260, 'lam': 8.71659530015516e-07, 'clip': 0.46560328259443806}. Best is trial 81 with value: 0.0574963241815567.
[I 2023-06-27 22:56:31,269] Trial 90 finished with value: 0.061431847512722015 and parameters: {'dim': 300, 'lam': 2.0334504764148903e-07, 'clip': 0.45289772056892197}. Best is trial 81 with value: 0.0574963241815567.
[I 2023-06-27 22:56:35,361] Trial 91 finished with value: 0.0588650107383728 and parameters: {'dim': 300, 'lam': 3.993437976445344e-07, 'clip': 0.48751820539326274}. Best is trial 81 with value: 0.0574963241815567.
[I 2023-06-27 22:56:39,306] Trial 92 finished with value: 0.05824896693229675 and parameters: {'dim': 300, 'lam': 1.7291796121144103e-07, 'clip': 0.48767953474721504}. Best is trial 81 with value: 0.0574963241815567.
[I 2023-06-27 22:56:43,061] Trial 93 finished with value: 0.057185761630535126 and parameters: {'dim': 300, 'lam': 1.28558856732115e-07, 'clip': 0.4993622724625217}. Best is trial 93 with value: 0.057185761630535126.
[I 2023-06-27 22:56:46,978] Trial 94 finished with value: 0.06398538500070572 and parameters: {'dim': 280, 'lam': 1.1879959147831186e-07, 'clip': 0.4646102977770505}. Best is trial 93 with value: 0.057185761630535126.
[I 2023-06-27 22:56:50,967] Trial 95 finished with value: 0.05733635276556015 and parameters: {'dim': 300, 'lam': 1.529785817291105e-07, 'clip': 0.49828194626269223}. Best is trial 93 with value: 0.057185761630535126.
[I 2023-06-27 22:56:54,974] Trial 96 finished with value: 0.059540946036577225 and parameters: {'dim': 300, 'lam': 1.63666486549061e-07, 'clip': 0.47228762048295186}. Best is trial 93 with value: 0.057185761630535126.
[I 2023-06-27 22:56:58,873] Trial 97 finished with value: 0.06688793003559113 and parameters: {'dim': 280, 'lam': 1.8148674190009954e-07, 'clip': 0.43806792933386135}. Best is trial 93 with value: 0.057185761630535126.
[I 2023-06-27 22:57:02,680] Trial 98 finished with value: 0.09215652942657471 and parameters: {'dim': 200, 'lam': 1.231601377315605e-07, 'clip': 0.45861966272022686}. Best is trial 93 with value: 0.057185761630535126.
[I 2023-06-27 22:57:06,535] Trial 99 finished with value: 0.057867757976055145 and parameters: {'dim': 300, 'lam': 1.551007934575782e-07, 'clip': 0.4917430284431275}. Best is trial 93 with value: 0.057185761630535126.
[I 2023-06-27 22:57:06,536] A new study created in memory with name: no-name-f1035bb6-d70f-4666-92cf-a7c9e6f1ae96
[I 2023-06-27 22:57:13,932] Trial 0 finished with value: 157.3568115234375 and parameters: {'dim': 180, 'lam': 1.3208999965471557e-06, 'beta': 2.39181312407843}. Best is trial 0 with value: 157.3568115234375.
[I 2023-06-27 22:57:20,979] Trial 1 finished with value: 167.63815307617188 and parameters: {'dim': 100, 'lam': 1.197226944635528e-05, 'beta': 6.302297781719748}. Best is trial 0 with value: 157.3568115234375.
[I 2023-06-27 22:57:28,738] Trial 2 finished with value: 162.01455688476562 and parameters: {'dim': 240, 'lam': 4.334182751339194e-06, 'beta': 7.781753458278672}. Best is trial 0 with value: 157.3568115234375.
[I 2023-06-27 22:57:36,787] Trial 3 finished with value: 157.845947265625 and parameters: {'dim': 300, 'lam': 2.8668280037165027e-05, 'beta': 2.978870862424473}. Best is trial 0 with value: 157.3568115234375.
[I 2023-06-27 22:57:44,537] Trial 4 finished with value: 158.5709686279297 and parameters: {'dim': 220, 'lam': 1.3231995494094774e-06, 'beta': 6.783694464179799}. Best is trial 0 with value: 157.3568115234375.
[I 2023-06-27 22:57:52,035] Trial 5 finished with value: 172.8233642578125 and parameters: {'dim': 160, 'lam': 5.346734362491048e-05, 'beta': 1.6110284190107613}. Best is trial 0 with value: 157.3568115234375.
[I 2023-06-27 22:57:59,948] Trial 6 finished with value: 161.165283203125 and parameters: {'dim': 280, 'lam': 2.8251033951386405e-05, 'beta': 8.356728432312531}. Best is trial 0 with value: 157.3568115234375.
[I 2023-06-27 22:58:07,369] Trial 7 finished with value: 172.9807891845703 and parameters: {'dim': 160, 'lam': 1.349343381809227e-06, 'beta': 1.84979759372745}. Best is trial 0 with value: 157.3568115234375.
[I 2023-06-27 22:58:15,271] Trial 8 finished with value: 166.17803955078125 and parameters: {'dim': 260, 'lam': 2.5308563303164448e-05, 'beta': 5.27596479279649}. Best is trial 0 with value: 157.3568115234375.
[I 2023-06-27 22:58:23,310] Trial 9 finished with value: 161.04347229003906 and parameters: {'dim': 280, 'lam': 0.00021746193141674515, 'beta': 4.971433529300598}. Best is trial 0 with value: 157.3568115234375.
[I 2023-06-27 22:58:30,837] Trial 10 finished with value: 157.40919494628906 and parameters: {'dim': 180, 'lam': 1.690803640923598e-07, 'beta': 0.15750206720266746}. Best is trial 0 with value: 157.3568115234375.
[I 2023-06-27 22:58:38,446] Trial 11 finished with value: 157.41140747070312 and parameters: {'dim': 180, 'lam': 1.2017728377709137e-07, 'beta': 0.06263414276942725}. Best is trial 0 with value: 157.3568115234375.
[I 2023-06-27 22:58:45,684] Trial 12 finished with value: 170.5916290283203 and parameters: {'dim': 120, 'lam': 2.0178588204178096e-07, 'beta': 0.3163100507318104}. Best is trial 0 with value: 157.3568115234375.
[I 2023-06-27 22:58:53,257] Trial 13 finished with value: 167.72344970703125 and parameters: {'dim': 200, 'lam': 4.1904434675709643e-07, 'beta': 3.543180512738175}. Best is trial 0 with value: 157.3568115234375.
[I 2023-06-27 22:59:00,614] Trial 14 finished with value: 158.9580078125 and parameters: {'dim': 140, 'lam': 6.621721375571398e-07, 'beta': 1.6127145199436312}. Best is trial 0 with value: 157.3568115234375.
[I 2023-06-27 22:59:08,366] Trial 15 finished with value: 167.71144104003906 and parameters: {'dim': 200, 'lam': 3.00099062595272e-06, 'beta': 0.06743209814545527}. Best is trial 0 with value: 157.3568115234375.
[I 2023-06-27 22:59:15,982] Trial 16 finished with value: 157.40374755859375 and parameters: {'dim': 180, 'lam': 2.691475678604314e-07, 'beta': 9.330330121076123}. Best is trial 0 with value: 157.3568115234375.
[I 2023-06-27 22:59:23,588] Trial 17 finished with value: 158.60272216796875 and parameters: {'dim': 220, 'lam': 4.669983694582912e-07, 'beta': 9.203961796387363}. Best is trial 0 with value: 157.3568115234375.
[I 2023-06-27 22:59:30,908] Trial 18 finished with value: 158.9833221435547 and parameters: {'dim': 140, 'lam': 1.0744870138369864e-07, 'beta': 9.505886840248909}. Best is trial 0 with value: 157.3568115234375.
[I 2023-06-27 22:59:38,398] Trial 19 finished with value: 157.318359375 and parameters: {'dim': 180, 'lam': 2.8298560664431794e-06, 'beta': 4.478122605760503}. Best is trial 19 with value: 157.318359375.
[I 2023-06-27 22:59:46,164] Trial 20 finished with value: 158.50474548339844 and parameters: {'dim': 220, 'lam': 4.452802769760942e-06, 'beta': 3.966260522829586}. Best is trial 19 with value: 157.318359375.
[I 2023-06-27 22:59:53,767] Trial 21 finished with value: 157.3528594970703 and parameters: {'dim': 180, 'lam': 1.4474555667920091e-06, 'beta': 5.483635655500473}. Best is trial 19 with value: 157.318359375.
[I 2023-06-27 23:00:01,165] Trial 22 finished with value: 172.9804229736328 and parameters: {'dim': 160, 'lam': 1.3708917194150294e-06, 'beta': 4.907036498925369}. Best is trial 19 with value: 157.318359375.
[I 2023-06-27 23:00:08,404] Trial 23 finished with value: 158.91587829589844 and parameters: {'dim': 140, 'lam': 2.4398131024281025e-06, 'beta': 4.295548303167108}. Best is trial 19 with value: 157.318359375.
[I 2023-06-27 23:00:15,860] Trial 24 finished with value: 157.27891540527344 and parameters: {'dim': 180, 'lam': 6.017342924384163e-06, 'beta': 5.839400871161603}. Best is trial 24 with value: 157.27891540527344.
[I 2023-06-27 23:00:23,447] Trial 25 finished with value: 167.70333862304688 and parameters: {'dim': 200, 'lam': 7.435466194025539e-06, 'beta': 6.149357806000889}. Best is trial 24 with value: 157.27891540527344.
[I 2023-06-27 23:00:31,267] Trial 26 finished with value: 161.9993133544922 and parameters: {'dim': 240, 'lam': 6.7994971055810916e-06, 'beta': 5.93106662085911}. Best is trial 24 with value: 157.27891540527344.
[I 2023-06-27 23:00:38,551] Trial 27 finished with value: 170.53005981445312 and parameters: {'dim': 120, 'lam': 1.0044631471122316e-05, 'beta': 7.114704320371072}. Best is trial 24 with value: 157.27891540527344.
[I 2023-06-27 23:00:45,961] Trial 28 finished with value: 172.99008178710938 and parameters: {'dim': 160, 'lam': 7.898732644582811e-07, 'beta': 5.393457476793191}. Best is trial 24 with value: 157.27891540527344.
[I 2023-06-27 23:00:53,523] Trial 29 finished with value: 157.32373046875 and parameters: {'dim': 180, 'lam': 2.5791126706120304e-06, 'beta': 4.258985096811167}. Best is trial 24 with value: 157.27891540527344.
[I 2023-06-27 23:01:01,302] Trial 30 finished with value: 167.7113800048828 and parameters: {'dim': 200, 'lam': 2.925228544622225e-06, 'beta': 4.3438934715327004}. Best is trial 24 with value: 157.27891540527344.
[I 2023-06-27 23:01:08,995] Trial 31 finished with value: 157.3329620361328 and parameters: {'dim': 180, 'lam': 2.1585006382954275e-06, 'beta': 4.726241410296806}. Best is trial 24 with value: 157.27891540527344.
[I 2023-06-27 23:01:16,480] Trial 32 finished with value: 157.29554748535156 and parameters: {'dim': 180, 'lam': 4.359650047301787e-06, 'beta': 3.407621934573441}. Best is trial 24 with value: 157.27891540527344.
[I 2023-06-27 23:01:24,055] Trial 33 finished with value: 172.9425048828125 and parameters: {'dim': 160, 'lam': 4.312512923841715e-06, 'beta': 3.4742943873958767}. Best is trial 24 with value: 157.27891540527344.
[I 2023-06-27 23:01:31,718] Trial 34 finished with value: 158.43722534179688 and parameters: {'dim': 220, 'lam': 1.4137738198406164e-05, 'beta': 2.83534940172155}. Best is trial 24 with value: 157.27891540527344.
[I 2023-06-27 23:01:39,325] Trial 35 finished with value: 157.28700256347656 and parameters: {'dim': 180, 'lam': 5.161241276941953e-06, 'beta': 3.942829349073805}. Best is trial 24 with value: 157.27891540527344.
