[I 2023-06-27 04:42:22,589] Trial 32 finished with value: -4.719383716583252 and parameters: {'dim': 280, 'lam': 6.127306632330378e-06, 'weight': 0.35913360482574874}. Best is trial 32 with value: -4.719383716583252.
[I 2023-06-27 04:42:55,144] Trial 33 finished with value: -4.91438102722168 and parameters: {'dim': 300, 'lam': 1.2829205656662642e-05, 'weight': 0.37909542372858823}. Best is trial 33 with value: -4.91438102722168.
[I 2023-06-27 04:43:28,128] Trial 34 finished with value: -4.567128658294678 and parameters: {'dim': 260, 'lam': 8.123140282565193e-06, 'weight': 0.2715564482663698}. Best is trial 33 with value: -4.91438102722168.
[I 2023-06-27 04:44:00,682] Trial 35 finished with value: -4.804419040679932 and parameters: {'dim': 260, 'lam': 1.327924123541485e-05, 'weight': 0.26746421193203884}. Best is trial 33 with value: -4.91438102722168.
[I 2023-06-27 04:44:32,743] Trial 36 finished with value: -5.218626976013184 and parameters: {'dim': 300, 'lam': 1.6824565989242548e-05, 'weight': 0.3032491175681103}. Best is trial 36 with value: -5.218626976013184.
[I 2023-06-27 04:45:06,240] Trial 37 finished with value: -4.9336652755737305 and parameters: {'dim': 260, 'lam': 1.6866505581896035e-05, 'weight': 0.2806664548628724}. Best is trial 36 with value: -5.218626976013184.
[I 2023-06-27 04:45:40,062] Trial 38 finished with value: -0.6852366924285889 and parameters: {'dim': 100, 'lam': 1.6056744029732983e-05, 'weight': 0.20814182404376888}. Best is trial 36 with value: -5.218626976013184.
[I 2023-06-27 04:46:11,967] Trial 39 finished with value: -4.323835372924805 and parameters: {'dim': 220, 'lam': 1.8272589339701637e-05, 'weight': 0.284647685643}. Best is trial 36 with value: -5.218626976013184.
[I 2023-06-27 04:46:43,909] Trial 40 finished with value: -4.173725128173828 and parameters: {'dim': 260, 'lam': 1.403059903582068e-05, 'weight': 0.1780293173561846}. Best is trial 36 with value: -5.218626976013184.
[I 2023-06-27 04:47:15,576] Trial 41 finished with value: -5.294682025909424 and parameters: {'dim': 280, 'lam': 2.355882122864685e-05, 'weight': 0.29879595631791084}. Best is trial 41 with value: -5.294682025909424.
[I 2023-06-27 04:47:50,292] Trial 42 finished with value: -5.418798446655273 and parameters: {'dim': 300, 'lam': 3.3604028298577734e-05, 'weight': 0.2898557429138827}. Best is trial 42 with value: -5.418798446655273.
[I 2023-06-27 04:48:22,686] Trial 43 finished with value: -5.305874824523926 and parameters: {'dim': 300, 'lam': 2.481554388200093e-05, 'weight': 0.30941078428212915}. Best is trial 42 with value: -5.418798446655273.
[I 2023-06-27 04:48:57,152] Trial 44 finished with value: -5.312722206115723 and parameters: {'dim': 280, 'lam': 2.5879597096104145e-05, 'weight': 0.3007745377761321}. Best is trial 42 with value: -5.418798446655273.
[I 2023-06-27 04:49:31,091] Trial 45 finished with value: -5.305200099945068 and parameters: {'dim': 300, 'lam': 2.6543430345673054e-05, 'weight': 0.22009758754370054}. Best is trial 42 with value: -5.418798446655273.
[I 2023-06-27 04:50:04,520] Trial 46 finished with value: -4.923001766204834 and parameters: {'dim': 280, 'lam': 3.0760244066568486e-05, 'weight': 0.16512735712562202}. Best is trial 42 with value: -5.418798446655273.
[I 2023-06-27 04:50:37,840] Trial 47 finished with value: -3.8645598888397217 and parameters: {'dim': 180, 'lam': 5.563019267127353e-05, 'weight': 0.21700949172993347}. Best is trial 42 with value: -5.418798446655273.
[I 2023-06-27 04:51:09,358] Trial 48 finished with value: 1.923837661743164 and parameters: {'dim': 120, 'lam': 2.7717427575270182e-05, 'weight': 0.10751080255755216}. Best is trial 42 with value: -5.418798446655273.
[I 2023-06-27 04:51:41,562] Trial 49 finished with value: -5.445908069610596 and parameters: {'dim': 280, 'lam': 4.864900103267119e-05, 'weight': 0.24531231268758352}. Best is trial 49 with value: -5.445908069610596.
[I 2023-06-27 04:52:14,428] Trial 50 finished with value: -5.476778984069824 and parameters: {'dim': 300, 'lam': 5.083157783161044e-05, 'weight': 0.23073078843383293}. Best is trial 50 with value: -5.476778984069824.
[I 2023-06-27 04:52:48,596] Trial 51 finished with value: -5.347126483917236 and parameters: {'dim': 300, 'lam': 4.6530427357824737e-05, 'weight': 0.19667309466611516}. Best is trial 50 with value: -5.476778984069824.
[I 2023-06-27 04:53:21,796] Trial 52 finished with value: -4.821743488311768 and parameters: {'dim': 300, 'lam': 5.4082037478250946e-05, 'weight': 0.14626390000584424}. Best is trial 50 with value: -5.476778984069824.
[I 2023-06-27 04:53:55,696] Trial 53 finished with value: -5.42947244644165 and parameters: {'dim': 280, 'lam': 4.339983881098748e-05, 'weight': 0.23616193694715934}. Best is trial 50 with value: -5.476778984069824.
[I 2023-06-27 04:54:29,396] Trial 54 finished with value: -4.000734329223633 and parameters: {'dim': 280, 'lam': 6.330091844925637e-05, 'weight': 0.11534673893845138}. Best is trial 50 with value: -5.476778984069824.
[I 2023-06-27 04:55:03,816] Trial 55 finished with value: -5.425936222076416 and parameters: {'dim': 280, 'lam': 3.8188747488563486e-05, 'weight': 0.24469066053619815}. Best is trial 50 with value: -5.476778984069824.
[I 2023-06-27 04:55:37,183] Trial 56 finished with value: -5.006858825683594 and parameters: {'dim': 280, 'lam': 3.537579526676718e-05, 'weight': 0.1687601793749888}. Best is trial 50 with value: -5.476778984069824.
[I 2023-06-27 04:56:10,933] Trial 57 finished with value: -5.4711713790893555 and parameters: {'dim': 300, 'lam': 4.25962218211999e-05, 'weight': 0.24522188554804764}. Best is trial 50 with value: -5.476778984069824.
[I 2023-06-27 04:56:43,632] Trial 58 finished with value: -5.382038593292236 and parameters: {'dim': 280, 'lam': 8.13479892178944e-05, 'weight': 0.2483600261127722}. Best is trial 50 with value: -5.476778984069824.
[I 2023-06-27 04:57:17,431] Trial 59 finished with value: -5.18574857711792 and parameters: {'dim': 260, 'lam': 3.95262455967113e-05, 'weight': 0.2400966627248937}. Best is trial 50 with value: -5.476778984069824.
[I 2023-06-27 04:57:50,040] Trial 60 finished with value: 0.3087652921676636 and parameters: {'dim': 260, 'lam': 0.00017603946214983995, 'weight': 0.06705859104026946}. Best is trial 50 with value: -5.476778984069824.
[I 2023-06-27 04:58:23,877] Trial 61 finished with value: -5.415524959564209 and parameters: {'dim': 280, 'lam': 7.205507357710676e-05, 'weight': 0.24454718150045437}. Best is trial 50 with value: -5.476778984069824.
[I 2023-06-27 04:58:57,838] Trial 62 finished with value: -5.466310977935791 and parameters: {'dim': 300, 'lam': 6.50074516758757e-05, 'weight': 0.24585109640288869}. Best is trial 50 with value: -5.476778984069824.
[I 2023-06-27 04:59:30,944] Trial 63 finished with value: -5.093629360198975 and parameters: {'dim': 300, 'lam': 0.00011479995509412545, 'weight': 0.1861835877960058}. Best is trial 50 with value: -5.476778984069824.
[I 2023-06-27 05:00:03,906] Trial 64 finished with value: -5.258070468902588 and parameters: {'dim': 300, 'lam': 4.5451711201970894e-05, 'weight': 0.33726856810882855}. Best is trial 50 with value: -5.476778984069824.
[I 2023-06-27 05:00:38,344] Trial 65 finished with value: -5.284668922424316 and parameters: {'dim': 300, 'lam': 9.748656442406317e-05, 'weight': 0.20214188841447409}. Best is trial 50 with value: -5.476778984069824.
[I 2023-06-27 05:01:10,693] Trial 66 finished with value: -4.685927391052246 and parameters: {'dim': 300, 'lam': 6.280808124178371e-05, 'weight': 0.13876270720618078}. Best is trial 50 with value: -5.476778984069824.
[I 2023-06-27 05:01:43,525] Trial 67 finished with value: -5.404435157775879 and parameters: {'dim': 280, 'lam': 3.6118849211762e-05, 'weight': 0.2360607274545113}. Best is trial 50 with value: -5.476778984069824.
[I 2023-06-27 05:02:16,129] Trial 68 finished with value: -4.670576572418213 and parameters: {'dim': 280, 'lam': 0.00015549266426353626, 'weight': 0.3360308602268195}. Best is trial 50 with value: -5.476778984069824.
[I 2023-06-27 05:02:49,826] Trial 69 finished with value: -4.210812091827393 and parameters: {'dim': 180, 'lam': 8.528708322722066e-05, 'weight': 0.2631982215014672}. Best is trial 50 with value: -5.476778984069824.
[I 2023-06-27 05:03:23,208] Trial 70 finished with value: -5.323378086090088 and parameters: {'dim': 300, 'lam': 4.933546145235373e-05, 'weight': 0.19330445576284344}. Best is trial 50 with value: -5.476778984069824.
[I 2023-06-27 05:03:57,588] Trial 71 finished with value: -5.4260969161987305 and parameters: {'dim': 280, 'lam': 6.552122406218704e-05, 'weight': 0.23535595943352153}. Best is trial 50 with value: -5.476778984069824.
[I 2023-06-27 05:04:30,886] Trial 72 finished with value: -5.387506484985352 and parameters: {'dim': 280, 'lam': 6.926632732902979e-05, 'weight': 0.27753695604187567}. Best is trial 50 with value: -5.476778984069824.
[I 2023-06-27 05:05:03,947] Trial 73 finished with value: -5.156942367553711 and parameters: {'dim': 260, 'lam': 4.081229958003141e-05, 'weight': 0.22897219620213002}. Best is trial 50 with value: -5.476778984069824.
[I 2023-06-27 05:05:36,084] Trial 74 finished with value: -4.8046674728393555 and parameters: {'dim': 300, 'lam': 6.069299702106119e-05, 'weight': 0.41252896999782734}. Best is trial 50 with value: -5.476778984069824.
[I 2023-06-27 05:06:09,819] Trial 75 finished with value: -5.242630958557129 and parameters: {'dim': 280, 'lam': 0.00010913588823987704, 'weight': 0.25042378866028064}. Best is trial 50 with value: -5.476778984069824.
[I 2023-06-27 05:06:42,826] Trial 76 finished with value: -3.7659788131713867 and parameters: {'dim': 160, 'lam': 3.4156090518122934e-05, 'weight': 0.33428062469086856}. Best is trial 50 with value: -5.476778984069824.
[I 2023-06-27 05:07:15,509] Trial 77 finished with value: -5.330543518066406 and parameters: {'dim': 300, 'lam': 2.231537764656924e-05, 'weight': 0.292866207514308}. Best is trial 50 with value: -5.476778984069824.
[I 2023-06-27 05:07:49,335] Trial 78 finished with value: -4.044829845428467 and parameters: {'dim': 240, 'lam': 8.86980040142105e-05, 'weight': 0.15328158862093275}. Best is trial 50 with value: -5.476778984069824.
[I 2023-06-27 05:08:22,651] Trial 79 finished with value: -5.417958736419678 and parameters: {'dim': 300, 'lam': 5.1346897824172897e-05, 'weight': 0.2113614389399867}. Best is trial 50 with value: -5.476778984069824.
[I 2023-06-27 05:08:56,128] Trial 80 finished with value: -4.875766754150391 and parameters: {'dim': 280, 'lam': 0.0001382468272671353, 'weight': 0.31829198001983766}. Best is trial 50 with value: -5.476778984069824.
[I 2023-06-27 05:09:29,135] Trial 81 finished with value: -5.40306282043457 and parameters: {'dim': 300, 'lam': 5.178209526404006e-05, 'weight': 0.2073069503823601}. Best is trial 50 with value: -5.476778984069824.
[I 2023-06-27 05:10:02,741] Trial 82 finished with value: -5.429845333099365 and parameters: {'dim': 300, 'lam': 3.219144957404988e-05, 'weight': 0.2682356816452258}. Best is trial 50 with value: -5.476778984069824.
[I 2023-06-27 05:10:36,549] Trial 83 finished with value: -5.423470973968506 and parameters: {'dim': 300, 'lam': 3.182761975112266e-05, 'weight': 0.2753185661924507}. Best is trial 50 with value: -5.476778984069824.
[I 2023-06-27 05:11:08,913] Trial 84 finished with value: -5.263199806213379 and parameters: {'dim': 280, 'lam': 1.988914837772069e-05, 'weight': 0.2691524908878466}. Best is trial 50 with value: -5.476778984069824.
[I 2023-06-27 05:11:42,487] Trial 85 finished with value: -4.6722331047058105 and parameters: {'dim': 260, 'lam': 2.9081563323353406e-05, 'weight': 0.17789361363023087}. Best is trial 50 with value: -5.476778984069824.
[I 2023-06-27 05:12:16,055] Trial 86 finished with value: -5.453418254852295 and parameters: {'dim': 300, 'lam': 4.1398543153390265e-05, 'weight': 0.23274341287782999}. Best is trial 50 with value: -5.476778984069824.
[I 2023-06-27 05:12:48,008] Trial 87 finished with value: -5.416724681854248 and parameters: {'dim': 280, 'lam': 4.181055897633011e-05, 'weight': 0.22872310978891242}. Best is trial 50 with value: -5.476778984069824.
[I 2023-06-27 05:13:20,682] Trial 88 finished with value: -5.467617988586426 and parameters: {'dim': 300, 'lam': 6.543497902249346e-05, 'weight': 0.25161473015583535}. Best is trial 50 with value: -5.476778984069824.
[I 2023-06-27 05:13:53,763] Trial 89 finished with value: -5.299269199371338 and parameters: {'dim': 300, 'lam': 7.216787739524995e-05, 'weight': 0.30926073740464033}. Best is trial 50 with value: -5.476778984069824.
[I 2023-06-27 05:14:26,881] Trial 90 finished with value: -5.165606498718262 and parameters: {'dim': 300, 'lam': 2.0915717079116415e-05, 'weight': 0.34338753823179546}. Best is trial 50 with value: -5.476778984069824.
[I 2023-06-27 05:15:00,299] Trial 91 finished with value: -5.471035957336426 and parameters: {'dim': 300, 'lam': 6.339487209823074e-05, 'weight': 0.24787197002611397}. Best is trial 50 with value: -5.476778984069824.
[I 2023-06-27 05:15:33,702] Trial 92 finished with value: -5.153694152832031 and parameters: {'dim': 300, 'lam': 9.97082123033482e-05, 'weight': 0.1847510599239211}. Best is trial 50 with value: -5.476778984069824.
[I 2023-06-27 05:16:06,694] Trial 93 finished with value: -5.478046417236328 and parameters: {'dim': 300, 'lam': 5.793342740872975e-05, 'weight': 0.25897448100323384}. Best is trial 93 with value: -5.478046417236328.
[I 2023-06-27 05:16:38,964] Trial 94 finished with value: -5.408493518829346 and parameters: {'dim': 300, 'lam': 7.936534724086242e-05, 'weight': 0.26067793414950796}. Best is trial 93 with value: -5.478046417236328.
[I 2023-06-27 05:17:11,848] Trial 95 finished with value: -5.4249267578125 and parameters: {'dim': 300, 'lam': 5.888407947926072e-05, 'weight': 0.2898131998246779}. Best is trial 93 with value: -5.478046417236328.
[I 2023-06-27 05:17:45,468] Trial 96 finished with value: -5.40490198135376 and parameters: {'dim': 300, 'lam': 4.3850114198764176e-05, 'weight': 0.21353570326622634}. Best is trial 93 with value: -5.478046417236328.
[I 2023-06-27 05:18:19,497] Trial 97 finished with value: -5.190707206726074 and parameters: {'dim': 300, 'lam': 0.000121738937735301, 'weight': 0.26315281039117944}. Best is trial 93 with value: -5.478046417236328.
[I 2023-06-27 05:18:53,466] Trial 98 finished with value: -5.329049587249756 and parameters: {'dim': 300, 'lam': 2.9881879576655204e-05, 'weight': 0.3126671943766296}. Best is trial 93 with value: -5.478046417236328.
[I 2023-06-27 05:19:27,808] Trial 99 finished with value: -5.1424384117126465 and parameters: {'dim': 300, 'lam': 5.4790929611512004e-05, 'weight': 0.16868790059055921}. Best is trial 93 with value: -5.478046417236328.
[I 2023-06-27 05:19:27,808] A new study created in memory with name: no-name-f9a4edd5-bf95-4ab4-a0b9-094619916b26
[I 2023-06-27 05:20:01,877] Trial 0 finished with value: 0.37465208768844604 and parameters: {'dim': 100, 'lam': 2.2243375319979187e-05, 'clip': 0.4410829643634631}. Best is trial 0 with value: 0.37465208768844604.
[I 2023-06-27 05:20:34,887] Trial 1 finished with value: 0.3785620629787445 and parameters: {'dim': 180, 'lam': 5.165708874705126e-07, 'clip': 0.09131537589652194}. Best is trial 0 with value: 0.37465208768844604.
[I 2023-06-27 05:21:07,962] Trial 2 finished with value: 0.41374021768569946 and parameters: {'dim': 260, 'lam': 4.079649262085529e-06, 'clip': 0.23985287746762285}. Best is trial 0 with value: 0.37465208768844604.
[I 2023-06-27 05:21:40,280] Trial 3 finished with value: 0.6516523957252502 and parameters: {'dim': 240, 'lam': 0.00010605861607444749, 'clip': 0.28914628446439183}. Best is trial 0 with value: 0.37465208768844604.
[I 2023-06-27 05:22:13,252] Trial 4 finished with value: 0.39399075508117676 and parameters: {'dim': 240, 'lam': 0.0002997612447892583, 'clip': 0.3610135063451655}. Best is trial 0 with value: 0.37465208768844604.
[I 2023-06-27 05:22:47,314] Trial 5 finished with value: 0.4020351767539978 and parameters: {'dim': 240, 'lam': 1.4701348129064254e-06, 'clip': 0.15141617525620804}. Best is trial 0 with value: 0.37465208768844604.
[I 2023-06-27 05:23:20,988] Trial 6 finished with value: 0.4233551025390625 and parameters: {'dim': 220, 'lam': 5.460206638922178e-06, 'clip': 0.20546735937270755}. Best is trial 0 with value: 0.37465208768844604.
[I 2023-06-27 05:23:54,959] Trial 7 finished with value: 0.4043225646018982 and parameters: {'dim': 180, 'lam': 0.0002282228450831404, 'clip': 0.3946270001981246}. Best is trial 0 with value: 0.37465208768844604.
[I 2023-06-27 05:24:27,475] Trial 8 finished with value: 0.25 and parameters: {'dim': 280, 'lam': 0.0007622130448901768, 'clip': 0.3877065753816687}. Best is trial 8 with value: 0.25.
[I 2023-06-27 05:25:00,366] Trial 9 finished with value: 0.4393616318702698 and parameters: {'dim': 240, 'lam': 4.28502366824283e-06, 'clip': 0.12365959569202195}. Best is trial 8 with value: 0.25.
[I 2023-06-27 05:25:32,605] Trial 10 finished with value: 0.25 and parameters: {'dim': 300, 'lam': 0.0006674992930135146, 'clip': 0.4692215923585237}. Best is trial 8 with value: 0.25.
[I 2023-06-27 05:26:06,060] Trial 11 finished with value: 0.25 and parameters: {'dim': 280, 'lam': 0.0007611487696210891, 'clip': 0.4943850650470263}. Best is trial 8 with value: 0.25.
[I 2023-06-27 05:26:39,220] Trial 12 finished with value: 0.25 and parameters: {'dim': 300, 'lam': 0.0008743027171144305, 'clip': 0.48962909009468897}. Best is trial 8 with value: 0.25.
[I 2023-06-27 05:27:13,573] Trial 13 finished with value: 0.5738846659660339 and parameters: {'dim': 300, 'lam': 5.671535415186812e-05, 'clip': 0.34162298100657934}. Best is trial 8 with value: 0.25.
[I 2023-06-27 05:27:47,117] Trial 14 finished with value: -0.07444408535957336 and parameters: {'dim': 140, 'lam': 3.570899050895954e-05, 'clip': 0.0037216394902719885}. Best is trial 14 with value: -0.07444408535957336.
[I 2023-06-27 05:28:19,276] Trial 15 finished with value: 0.5272550582885742 and parameters: {'dim': 120, 'lam': 3.151671686258107e-05, 'clip': 0.03637120776234446}. Best is trial 14 with value: -0.07444408535957336.
[I 2023-06-27 05:28:51,004] Trial 16 finished with value: 0.9588539600372314 and parameters: {'dim': 120, 'lam': 0.00011586746825831875, 'clip': 0.05164191461251752}. Best is trial 14 with value: -0.07444408535957336.
[I 2023-06-27 05:29:24,180] Trial 17 finished with value: 0.25451093912124634 and parameters: {'dim': 160, 'lam': 1.0133974827874247e-07, 'clip': 0.016854145914319173}. Best is trial 14 with value: -0.07444408535957336.
[I 2023-06-27 05:29:57,623] Trial 18 finished with value: 0.4097210764884949 and parameters: {'dim': 140, 'lam': 1.5143380156466259e-05, 'clip': 0.28929194295387234}. Best is trial 14 with value: -0.07444408535957336.
[I 2023-06-27 05:30:30,972] Trial 19 finished with value: 0.26659122109413147 and parameters: {'dim': 200, 'lam': 4.1346088932473514e-05, 'clip': 0.005549565996404324}. Best is trial 14 with value: -0.07444408535957336.
[I 2023-06-27 05:31:04,007] Trial 20 finished with value: 0.7837965488433838 and parameters: {'dim': 160, 'lam': 0.0002980364184584065, 'clip': 0.20265832993856295}. Best is trial 14 with value: -0.07444408535957336.
[I 2023-06-27 05:31:36,448] Trial 21 finished with value: 0.25 and parameters: {'dim': 280, 'lam': 0.000895056048124868, 'clip': 0.4329897826037698}. Best is trial 14 with value: -0.07444408535957336.
[I 2023-06-27 05:32:08,741] Trial 22 finished with value: 0.6122614741325378 and parameters: {'dim': 280, 'lam': 9.785129843945558e-05, 'clip': 0.3243280188986811}. Best is trial 14 with value: -0.07444408535957336.
[I 2023-06-27 05:32:41,604] Trial 23 finished with value: 0.25058451294898987 and parameters: {'dim': 300, 'lam': 0.0003979159095021965, 'clip': 0.3950432275193943}. Best is trial 14 with value: -0.07444408535957336.
[I 2023-06-27 05:33:14,422] Trial 24 finished with value: 0.40138837695121765 and parameters: {'dim': 200, 'lam': 0.00016654302362433313, 'clip': 0.4509665280994762}. Best is trial 14 with value: -0.07444408535957336.
[I 2023-06-27 05:33:47,142] Trial 25 finished with value: 2.228180408477783 and parameters: {'dim': 260, 'lam': 0.0005778093491835584, 'clip': 0.07008459133894909}. Best is trial 14 with value: -0.07444408535957336.
[I 2023-06-27 05:34:20,597] Trial 26 finished with value: 0.25761815905570984 and parameters: {'dim': 260, 'lam': 0.0003875125921297795, 'clip': 0.3857288853985972}. Best is trial 14 with value: -0.07444408535957336.
[I 2023-06-27 05:34:53,121] Trial 27 finished with value: 0.49351927638053894 and parameters: {'dim': 100, 'lam': 5.927559401769702e-05, 'clip': 0.31234041360788845}. Best is trial 14 with value: -0.07444408535957336.
[I 2023-06-27 05:35:25,830] Trial 28 finished with value: 1.0609054565429688 and parameters: {'dim': 220, 'lam': 0.00021731687127574337, 'clip': 0.15485557783653722}. Best is trial 14 with value: -0.07444408535957336.
[I 2023-06-27 05:35:57,978] Trial 29 finished with value: 0.3656177520751953 and parameters: {'dim': 100, 'lam': 1.8200851148800903e-05, 'clip': 0.4367896955708475}. Best is trial 14 with value: -0.07444408535957336.
[I 2023-06-27 05:36:31,743] Trial 30 finished with value: 1.5887372493743896 and parameters: {'dim': 280, 'lam': 0.00043543657822903614, 'clip': 0.0010521392424669984}. Best is trial 14 with value: -0.07444408535957336.
[I 2023-06-27 05:37:05,217] Trial 31 finished with value: 0.25 and parameters: {'dim': 300, 'lam': 0.0009445936984335594, 'clip': 0.45266537877873547}. Best is trial 14 with value: -0.07444408535957336.
[I 2023-06-27 05:37:39,017] Trial 32 finished with value: 0.25 and parameters: {'dim': 280, 'lam': 0.0005833343725734693, 'clip': 0.48290535666881523}. Best is trial 14 with value: -0.07444408535957336.
