WARNING:tensorflow:From /home/lcur2421/recsys/src/trainer.py:97: The name tf.Session is deprecated. Please use tf.compat.v1.Session instead.

[I 2023-06-27 21:14:53,886] A new study created in memory with name: no-name-bee3da7a-7e85-481f-b6c0-add9a97ff38d
[I 2023-06-27 21:15:01,389] Trial 0 finished with value: -0.0919455885887146 and parameters: {'dim': 160, 'lam': 0.000414032396594992, 'weight': 0.6146152556241256}. Best is trial 0 with value: -0.0919455885887146.
[I 2023-06-27 21:15:05,109] Trial 1 finished with value: -0.4105496108531952 and parameters: {'dim': 220, 'lam': 0.00030902685248422026, 'weight': 0.1568193557387578}. Best is trial 1 with value: -0.4105496108531952.
[I 2023-06-27 21:15:09,203] Trial 2 finished with value: -0.3190675973892212 and parameters: {'dim': 280, 'lam': 5.531014174597492e-06, 'weight': 0.9036773683755555}. Best is trial 1 with value: -0.4105496108531952.
[I 2023-06-27 21:15:13,180] Trial 3 finished with value: 2.733902931213379 and parameters: {'dim': 180, 'lam': 0.0002042071713432375, 'weight': 0.12183060987690794}. Best is trial 1 with value: -0.4105496108531952.
[I 2023-06-27 21:15:17,159] Trial 4 finished with value: -0.1673281192779541 and parameters: {'dim': 240, 'lam': 1.6390235802558093e-07, 'weight': 0.9751683975961604}. Best is trial 1 with value: -0.4105496108531952.
[I 2023-06-27 21:15:20,734] Trial 5 finished with value: -0.2214716076850891 and parameters: {'dim': 300, 'lam': 2.264543281640862e-05, 'weight': 0.31023659087363087}. Best is trial 1 with value: -0.4105496108531952.
[I 2023-06-27 21:15:24,384] Trial 6 finished with value: -0.5953079462051392 and parameters: {'dim': 160, 'lam': 4.133641411810436e-06, 'weight': 0.3133374382090748}. Best is trial 6 with value: -0.5953079462051392.
[I 2023-06-27 21:15:27,776] Trial 7 finished with value: 4.885049819946289 and parameters: {'dim': 100, 'lam': 0.0007845245354405781, 'weight': 0.08883784839296707}. Best is trial 6 with value: -0.5953079462051392.
[I 2023-06-27 21:15:31,685] Trial 8 finished with value: -0.0810151919722557 and parameters: {'dim': 300, 'lam': 4.566932143526094e-06, 'weight': 0.8724608187095244}. Best is trial 6 with value: -0.5953079462051392.
[I 2023-06-27 21:15:35,394] Trial 9 finished with value: 0.0037494003772735596 and parameters: {'dim': 180, 'lam': 0.00030270094476432974, 'weight': 0.44246350890354225}. Best is trial 6 with value: -0.5953079462051392.
[I 2023-06-27 21:15:39,590] Trial 10 finished with value: -0.0037094317376613617 and parameters: {'dim': 120, 'lam': 6.589253102462646e-07, 'weight': 0.603732406923445}. Best is trial 6 with value: -0.5953079462051392.
[I 2023-06-27 21:15:43,493] Trial 11 finished with value: -0.4049447774887085 and parameters: {'dim': 220, 'lam': 4.402531128059258e-05, 'weight': 0.212929632175913}. Best is trial 6 with value: -0.5953079462051392.
[I 2023-06-27 21:15:47,399] Trial 12 finished with value: 35.70526885986328 and parameters: {'dim': 140, 'lam': 3.0069540848327813e-05, 'weight': 0.006557049815032051}. Best is trial 6 with value: -0.5953079462051392.
[I 2023-06-27 21:15:51,393] Trial 13 finished with value: -0.47853314876556396 and parameters: {'dim': 240, 'lam': 9.155576286493608e-05, 'weight': 0.3082374172817961}. Best is trial 6 with value: -0.5953079462051392.
[I 2023-06-27 21:15:55,209] Trial 14 finished with value: 0.11018230020999908 and parameters: {'dim': 260, 'lam': 2.8493801108831587e-06, 'weight': 0.34272318661853357}. Best is trial 6 with value: -0.5953079462051392.
[I 2023-06-27 21:15:59,074] Trial 15 finished with value: -0.7740443348884583 and parameters: {'dim': 200, 'lam': 8.061382039049277e-05, 'weight': 0.3315233386976104}. Best is trial 15 with value: -0.7740443348884583.
[I 2023-06-27 21:16:03,044] Trial 16 finished with value: -0.07301829010248184 and parameters: {'dim': 180, 'lam': 1.2807571674326573e-05, 'weight': 0.45975917040620634}. Best is trial 15 with value: -0.7740443348884583.
[I 2023-06-27 21:16:06,994] Trial 17 finished with value: -0.3119431138038635 and parameters: {'dim': 140, 'lam': 7.262169988381831e-05, 'weight': 0.22599469401012945}. Best is trial 15 with value: -0.7740443348884583.
[I 2023-06-27 21:16:11,083] Trial 18 finished with value: -0.7766003012657166 and parameters: {'dim': 200, 'lam': 1.1196841605314018e-05, 'weight': 0.3667231509594863}. Best is trial 18 with value: -0.7766003012657166.
[I 2023-06-27 21:16:15,053] Trial 19 finished with value: -0.6419941782951355 and parameters: {'dim': 200, 'lam': 1.4815716110856211e-05, 'weight': 0.5479941907005826}. Best is trial 18 with value: -0.7766003012657166.
[I 2023-06-27 21:16:19,023] Trial 20 finished with value: -0.46621018648147583 and parameters: {'dim': 220, 'lam': 0.00011666389286279754, 'weight': 0.4304217839763323}. Best is trial 18 with value: -0.7766003012657166.
[I 2023-06-27 21:16:23,049] Trial 21 finished with value: -0.5841869115829468 and parameters: {'dim': 200, 'lam': 2.3209842585940324e-05, 'weight': 0.575078871857245}. Best is trial 18 with value: -0.7766003012657166.
[I 2023-06-27 21:16:27,088] Trial 22 finished with value: -0.6476630568504333 and parameters: {'dim': 200, 'lam': 1.2110744996112389e-05, 'weight': 0.5477398059706596}. Best is trial 18 with value: -0.7766003012657166.
[I 2023-06-27 21:16:30,982] Trial 23 finished with value: -0.20114551484584808 and parameters: {'dim': 240, 'lam': 4.9637175304170485e-05, 'weight': 0.7254202896745865}. Best is trial 18 with value: -0.7766003012657166.
[I 2023-06-27 21:16:35,068] Trial 24 finished with value: -0.7669559717178345 and parameters: {'dim': 200, 'lam': 9.329461669761312e-06, 'weight': 0.48530717114103017}. Best is trial 18 with value: -0.7766003012657166.
[I 2023-06-27 21:16:39,009] Trial 25 finished with value: -0.50053471326828 and parameters: {'dim': 160, 'lam': 1.6594726774304779e-06, 'weight': 0.35614890504926944}. Best is trial 18 with value: -0.7766003012657166.
[I 2023-06-27 21:16:42,928] Trial 26 finished with value: -0.6491120457649231 and parameters: {'dim': 220, 'lam': 1.0016211489396698e-05, 'weight': 0.4221053775391191}. Best is trial 18 with value: -0.7766003012657166.
[I 2023-06-27 21:16:46,805] Trial 27 finished with value: 0.003688700497150421 and parameters: {'dim': 260, 'lam': 4.1070941133670065e-05, 'weight': 0.5158454130367995}. Best is trial 18 with value: -0.7766003012657166.
[I 2023-06-27 21:16:50,640] Trial 28 finished with value: -0.1459101438522339 and parameters: {'dim': 180, 'lam': 8.097628075100923e-06, 'weight': 0.38452016020315355}. Best is trial 18 with value: -0.7766003012657166.
[I 2023-06-27 21:16:54,538] Trial 29 finished with value: 0.12430116534233093 and parameters: {'dim': 140, 'lam': 0.00018338830454098568, 'weight': 0.6803406523122474}. Best is trial 18 with value: -0.7766003012657166.
[I 2023-06-27 21:16:58,355] Trial 30 finished with value: -0.7207151651382446 and parameters: {'dim': 200, 'lam': 1.9975022524861778e-05, 'weight': 0.498265521848969}. Best is trial 18 with value: -0.7766003012657166.
[I 2023-06-27 21:17:02,169] Trial 31 finished with value: -0.7362794280052185 and parameters: {'dim': 200, 'lam': 2.090490999896116e-05, 'weight': 0.489576199262858}. Best is trial 18 with value: -0.7766003012657166.
[I 2023-06-27 21:17:06,139] Trial 32 finished with value: -0.6863080263137817 and parameters: {'dim': 200, 'lam': 2.9790191786199075e-05, 'weight': 0.38869074371110957}. Best is trial 18 with value: -0.7766003012657166.
[I 2023-06-27 21:17:10,582] Trial 33 finished with value: -0.06882812827825546 and parameters: {'dim': 180, 'lam': 8.14077931545832e-06, 'weight': 0.4786280308648688}. Best is trial 18 with value: -0.7766003012657166.
[I 2023-06-27 21:17:14,493] Trial 34 finished with value: -0.6485264897346497 and parameters: {'dim': 220, 'lam': 6.345015737483755e-05, 'weight': 0.2677693369014169}. Best is trial 18 with value: -0.7766003012657166.
[I 2023-06-27 21:17:18,081] Trial 35 finished with value: -0.553484320640564 and parameters: {'dim': 160, 'lam': 0.00011760935803955664, 'weight': 0.39058391158048233}. Best is trial 18 with value: -0.7766003012657166.
[I 2023-06-27 21:17:22,044] Trial 36 finished with value: -0.5379576683044434 and parameters: {'dim': 220, 'lam': 1.6486121998300094e-05, 'weight': 0.4753242266768557}. Best is trial 18 with value: -0.7766003012657166.
[I 2023-06-27 21:17:25,995] Trial 37 finished with value: 0.9234748482704163 and parameters: {'dim': 260, 'lam': 6.7100759574925465e-06, 'weight': 0.26494587516353335}. Best is trial 18 with value: -0.7766003012657166.
[I 2023-06-27 21:17:30,048] Trial 38 finished with value: -0.31318199634552 and parameters: {'dim': 240, 'lam': 3.294468790837972e-05, 'weight': 0.6274615436802734}. Best is trial 18 with value: -0.7766003012657166.
[I 2023-06-27 21:17:33,874] Trial 39 finished with value: -0.16058143973350525 and parameters: {'dim': 180, 'lam': 1.9015996560540917e-05, 'weight': 0.35365004920888643}. Best is trial 18 with value: -0.7766003012657166.
[I 2023-06-27 21:17:37,941] Trial 40 finished with value: 0.10442845523357391 and parameters: {'dim': 200, 'lam': 6.540021193101533e-05, 'weight': 0.17964418281041095}. Best is trial 18 with value: -0.7766003012657166.
[I 2023-06-27 21:17:41,889] Trial 41 finished with value: -0.7127202749252319 and parameters: {'dim': 200, 'lam': 2.0832400448145614e-05, 'weight': 0.5015604973664928}. Best is trial 18 with value: -0.7766003012657166.
[I 2023-06-27 21:17:45,764] Trial 42 finished with value: -0.8748250007629395 and parameters: {'dim': 200, 'lam': 1.2739740137905204e-05, 'weight': 0.43525959130057196}. Best is trial 42 with value: -0.8748250007629395.
[I 2023-06-27 21:17:49,687] Trial 43 finished with value: -0.1024976596236229 and parameters: {'dim': 180, 'lam': 5.0953846486010755e-06, 'weight': 0.43968481619236055}. Best is trial 42 with value: -0.8748250007629395.
[I 2023-06-27 21:17:54,077] Trial 44 finished with value: -0.6864504218101501 and parameters: {'dim': 240, 'lam': 9.204898377557408e-06, 'weight': 0.4044921574035409}. Best is trial 42 with value: -0.8748250007629395.
[I 2023-06-27 21:17:57,964] Trial 45 finished with value: -0.6308387517929077 and parameters: {'dim': 220, 'lam': 1.2789206354378154e-05, 'weight': 0.29816720416020337}. Best is trial 42 with value: -0.8748250007629395.
[I 2023-06-27 21:18:01,883] Trial 46 finished with value: -0.4519939422607422 and parameters: {'dim': 160, 'lam': 3.2227463546858845e-05, 'weight': 0.354461746949255}. Best is trial 42 with value: -0.8748250007629395.
[I 2023-06-27 21:18:05,803] Trial 47 finished with value: -0.5965213179588318 and parameters: {'dim': 160, 'lam': 3.0533062259027216e-06, 'weight': 0.45044068037621143}. Best is trial 42 with value: -0.8748250007629395.
[I 2023-06-27 21:18:09,395] Trial 48 finished with value: -0.22751986980438232 and parameters: {'dim': 180, 'lam': 6.868718030432067e-06, 'weight': 0.3194691144911962}. Best is trial 42 with value: -0.8748250007629395.
[I 2023-06-27 21:18:13,263] Trial 49 finished with value: -0.19330665469169617 and parameters: {'dim': 200, 'lam': 0.0004900932864952925, 'weight': 0.4104362924767372}. Best is trial 42 with value: -0.8748250007629395.
[I 2023-06-27 21:18:16,971] Trial 50 finished with value: -0.40869927406311035 and parameters: {'dim': 220, 'lam': 4.7484746801212485e-05, 'weight': 0.5241969781575161}. Best is trial 42 with value: -0.8748250007629395.
[I 2023-06-27 21:18:20,934] Trial 51 finished with value: -0.7308412790298462 and parameters: {'dim': 200, 'lam': 2.1928815235011775e-05, 'weight': 0.4913355050511058}. Best is trial 42 with value: -0.8748250007629395.
[I 2023-06-27 21:18:24,808] Trial 52 finished with value: -0.07007167488336563 and parameters: {'dim': 180, 'lam': 1.2404537922941528e-05, 'weight': 0.4649798201189082}. Best is trial 42 with value: -0.8748250007629395.
[I 2023-06-27 21:18:28,945] Trial 53 finished with value: -0.6017639636993408 and parameters: {'dim': 200, 'lam': 2.41932693885824e-05, 'weight': 0.5622224883097005}. Best is trial 42 with value: -0.8748250007629395.
[I 2023-06-27 21:18:33,057] Trial 54 finished with value: -0.712880551815033 and parameters: {'dim': 200, 'lam': 5.598300668815138e-06, 'weight': 0.5171849700904723}. Best is trial 42 with value: -0.8748250007629395.
[I 2023-06-27 21:18:37,046] Trial 55 finished with value: -0.5997909903526306 and parameters: {'dim': 220, 'lam': 1.7930538990476304e-05, 'weight': 0.4391725830510814}. Best is trial 42 with value: -0.8748250007629395.
[I 2023-06-27 21:18:41,029] Trial 56 finished with value: -0.7332520484924316 and parameters: {'dim': 220, 'lam': 1.097533776317163e-05, 'weight': 0.3844079503276636}. Best is trial 42 with value: -0.8748250007629395.
[I 2023-06-27 21:18:45,183] Trial 57 finished with value: -0.5020150542259216 and parameters: {'dim': 240, 'lam': 9.79325999173256e-06, 'weight': 0.35164791684195346}. Best is trial 42 with value: -0.8748250007629395.
[I 2023-06-27 21:18:49,396] Trial 58 finished with value: -0.6291919350624084 and parameters: {'dim': 220, 'lam': 3.2405535203980363e-06, 'weight': 0.38164989219312195}. Best is trial 42 with value: -0.8748250007629395.
[I 2023-06-27 21:18:53,441] Trial 59 finished with value: 0.13848553597927094 and parameters: {'dim': 100, 'lam': 1.3678186474097035e-05, 'weight': 0.28873746416122137}. Best is trial 42 with value: -0.8748250007629395.
[I 2023-06-27 21:18:57,327] Trial 60 finished with value: -0.22736887633800507 and parameters: {'dim': 180, 'lam': 4.2770976403271606e-06, 'weight': 0.3228430642856584}. Best is trial 42 with value: -0.8748250007629395.
[I 2023-06-27 21:19:01,258] Trial 61 finished with value: -0.7480113506317139 and parameters: {'dim': 200, 'lam': 2.5044405263359393e-05, 'weight': 0.4802298512157543}. Best is trial 42 with value: -0.8748250007629395.
[I 2023-06-27 21:19:05,135] Trial 62 finished with value: -0.6002376079559326 and parameters: {'dim': 220, 'lam': 3.4006304862647706e-05, 'weight': 0.4244757973926514}. Best is trial 42 with value: -0.8748250007629395.
[I 2023-06-27 21:19:09,050] Trial 63 finished with value: -0.5496639609336853 and parameters: {'dim': 240, 'lam': 1.0748448659449353e-05, 'weight': 0.4736840486552709}. Best is trial 42 with value: -0.8748250007629395.
[I 2023-06-27 21:19:12,849] Trial 64 finished with value: -0.8739465475082397 and parameters: {'dim': 200, 'lam': 1.484067306436552e-05, 'weight': 0.4074331938511095}. Best is trial 42 with value: -0.8748250007629395.
[I 2023-06-27 21:19:16,564] Trial 65 finished with value: -0.6557897925376892 and parameters: {'dim': 200, 'lam': 1.570637742507288e-05, 'weight': 0.5385808762791862}. Best is trial 42 with value: -0.8748250007629395.
[I 2023-06-27 21:19:20,540] Trial 66 finished with value: -0.07685340195894241 and parameters: {'dim': 180, 'lam': 2.585354198122595e-05, 'weight': 0.4248233335417693}. Best is trial 42 with value: -0.8748250007629395.
[I 2023-06-27 21:19:24,531] Trial 67 finished with value: -0.6208393573760986 and parameters: {'dim': 200, 'lam': 6.581838535115053e-06, 'weight': 0.5721197275211317}. Best is trial 42 with value: -0.8748250007629395.
[I 2023-06-27 21:19:28,571] Trial 68 finished with value: -0.7889899015426636 and parameters: {'dim': 200, 'lam': 3.914520701665709e-05, 'weight': 0.45097782521094665}. Best is trial 42 with value: -0.8748250007629395.
[I 2023-06-27 21:19:32,413] Trial 69 finished with value: -0.005124099552631378 and parameters: {'dim': 180, 'lam': 5.492672240702387e-05, 'weight': 0.45497562572881634}. Best is trial 42 with value: -0.8748250007629395.
[I 2023-06-27 21:19:36,382] Trial 70 finished with value: -0.1412782073020935 and parameters: {'dim': 180, 'lam': 4.364297990502012e-05, 'weight': 0.3371986412778884}. Best is trial 42 with value: -0.8748250007629395.
[I 2023-06-27 21:19:40,242] Trial 71 finished with value: -0.6053406000137329 and parameters: {'dim': 200, 'lam': 8.01890700532555e-05, 'weight': 0.5065600653794313}. Best is trial 42 with value: -0.8748250007629395.
[I 2023-06-27 21:19:44,245] Trial 72 finished with value: -0.8587990403175354 and parameters: {'dim': 200, 'lam': 3.642504822217995e-05, 'weight': 0.41658906242917876}. Best is trial 42 with value: -0.8748250007629395.
[I 2023-06-27 21:19:48,149] Trial 73 finished with value: -0.6993129849433899 and parameters: {'dim': 200, 'lam': 3.8883291885412826e-05, 'weight': 0.3775452833449426}. Best is trial 42 with value: -0.8748250007629395.
[I 2023-06-27 21:19:52,526] Trial 74 finished with value: -0.6508463025093079 and parameters: {'dim': 220, 'lam': 2.842496690864783e-05, 'weight': 0.4056111646125543}. Best is trial 42 with value: -0.8748250007629395.
[I 2023-06-27 21:19:56,607] Trial 75 finished with value: -0.601691484451294 and parameters: {'dim': 200, 'lam': 0.00010320701905888112, 'weight': 0.44447068279777396}. Best is trial 42 with value: -0.8748250007629395.
[I 2023-06-27 21:20:00,700] Trial 76 finished with value: -0.08872224390506744 and parameters: {'dim': 180, 'lam': 5.550190625695877e-05, 'weight': 0.3647887584674427}. Best is trial 42 with value: -0.8748250007629395.
[I 2023-06-27 21:20:04,267] Trial 77 finished with value: -0.6611189842224121 and parameters: {'dim': 220, 'lam': 1.6688792079877067e-05, 'weight': 0.4105473047533974}. Best is trial 42 with value: -0.8748250007629395.
[I 2023-06-27 21:20:08,013] Trial 78 finished with value: -0.775773286819458 and parameters: {'dim': 200, 'lam': 2.577700499937386e-05, 'weight': 0.46678960611578946}. Best is trial 42 with value: -0.8748250007629395.
[I 2023-06-27 21:20:12,105] Trial 79 finished with value: -0.1591910719871521 and parameters: {'dim': 180, 'lam': 3.5439731377918444e-05, 'weight': 0.3334949487397183}. Best is trial 42 with value: -0.8748250007629395.
[I 2023-06-27 21:20:16,210] Trial 80 finished with value: -0.7074874639511108 and parameters: {'dim': 200, 'lam': 8.492115746322027e-05, 'weight': 0.45548482875705476}. Best is trial 42 with value: -0.8748250007629395.
[I 2023-06-27 21:20:20,419] Trial 81 finished with value: -0.7472091913223267 and parameters: {'dim': 200, 'lam': 2.3450230830924684e-05, 'weight': 0.4819891409877271}. Best is trial 42 with value: -0.8748250007629395.
[I 2023-06-27 21:20:24,396] Trial 82 finished with value: -0.6771028637886047 and parameters: {'dim': 220, 'lam': 1.5774658892257024e-05, 'weight': 0.40416089232690805}. Best is trial 42 with value: -0.8748250007629395.
[I 2023-06-27 21:20:28,349] Trial 83 finished with value: -0.6175863742828369 and parameters: {'dim': 200, 'lam': 4.503362204410919e-05, 'weight': 0.5301154737685116}. Best is trial 42 with value: -0.8748250007629395.
[I 2023-06-27 21:20:32,261] Trial 84 finished with value: -0.3104439377784729 and parameters: {'dim': 300, 'lam': 2.7197895673759424e-05, 'weight': 0.3671097257642568}. Best is trial 42 with value: -0.8748250007629395.
[I 2023-06-27 21:20:35,882] Trial 85 finished with value: -0.6340349912643433 and parameters: {'dim': 160, 'lam': 8.707109643404714e-06, 'weight': 0.4257186470045844}. Best is trial 42 with value: -0.8748250007629395.
[I 2023-06-27 21:20:39,891] Trial 86 finished with value: -0.715682327747345 and parameters: {'dim': 200, 'lam': 6.44756351115804e-05, 'weight': 0.46499195625580353}. Best is trial 42 with value: -0.8748250007629395.
[I 2023-06-27 21:20:43,883] Trial 87 finished with value: -0.4935189187526703 and parameters: {'dim': 220, 'lam': 1.3909146112085586e-05, 'weight': 0.5072417445364971}. Best is trial 42 with value: -0.8748250007629395.
[I 2023-06-27 21:20:47,824] Trial 88 finished with value: -0.7392735481262207 and parameters: {'dim': 200, 'lam': 2.1570865195975802e-05, 'weight': 0.4874992638289227}. Best is trial 42 with value: -0.8748250007629395.
[I 2023-06-27 21:20:51,676] Trial 89 finished with value: -0.04936462640762329 and parameters: {'dim': 120, 'lam': 3.570266360719487e-05, 'weight': 0.42905549260655035}. Best is trial 42 with value: -0.8748250007629395.
[I 2023-06-27 21:20:55,863] Trial 90 finished with value: -0.6885383129119873 and parameters: {'dim': 200, 'lam': 1.8405446701346083e-05, 'weight': 0.39608987402390966}. Best is trial 42 with value: -0.8748250007629395.
[I 2023-06-27 21:20:59,756] Trial 91 finished with value: -0.7500752210617065 and parameters: {'dim': 200, 'lam': 2.4517160450906514e-05, 'weight': 0.4796997334146406}. Best is trial 42 with value: -0.8748250007629395.
[I 2023-06-27 21:21:03,857] Trial 92 finished with value: -0.07878795266151428 and parameters: {'dim': 180, 'lam': 1.2128348364694721e-05, 'weight': 0.453539307730888}. Best is trial 42 with value: -0.8748250007629395.
[I 2023-06-27 21:21:07,224] Trial 93 finished with value: -0.6403099298477173 and parameters: {'dim': 200, 'lam': 2.6912267269059775e-05, 'weight': 0.5353542701269038}. Best is trial 42 with value: -0.8748250007629395.
[I 2023-06-27 21:21:11,342] Trial 94 finished with value: -0.10444311797618866 and parameters: {'dim': 180, 'lam': 3.939070206942482e-05, 'weight': 0.3729303402888234}. Best is trial 42 with value: -0.8748250007629395.
[I 2023-06-27 21:21:15,348] Trial 95 finished with value: -0.5271870493888855 and parameters: {'dim': 220, 'lam': 1.8919599520661173e-05, 'weight': 0.47908217167649286}. Best is trial 42 with value: -0.8748250007629395.
[I 2023-06-27 21:21:19,340] Trial 96 finished with value: -0.6034865379333496 and parameters: {'dim': 200, 'lam': 3.0022160338895222e-05, 'weight': 0.5543153092921099}. Best is trial 42 with value: -0.8748250007629395.
[I 2023-06-27 21:21:23,371] Trial 97 finished with value: -0.6524446606636047 and parameters: {'dim': 200, 'lam': 5.2046171663396676e-05, 'weight': 0.5047226461742382}. Best is trial 42 with value: -0.8748250007629395.
[I 2023-06-27 21:21:27,484] Trial 98 finished with value: -0.5156371593475342 and parameters: {'dim': 220, 'lam': 9.396270000779089e-06, 'weight': 0.3468933627955896}. Best is trial 42 with value: -0.8748250007629395.
