[I 2023-06-27 22:20:08,455] Trial 18 finished with value: 0.24994365870952606 and parameters: {'dim': 260, 'lam': 4.98670514059885e-07, 'clip': 0.14234088455530175}. Best is trial 17 with value: -1.386396050453186.
[I 2023-06-27 22:20:12,350] Trial 19 finished with value: 0.2540956139564514 and parameters: {'dim': 280, 'lam': 2.262720556636072e-07, 'clip': 0.06624020086852486}. Best is trial 17 with value: -1.386396050453186.
[I 2023-06-27 22:20:16,441] Trial 20 finished with value: 0.25902000069618225 and parameters: {'dim': 220, 'lam': 6.854488479638336e-07, 'clip': 0.14091603770795955}. Best is trial 17 with value: -1.386396050453186.
[I 2023-06-27 22:20:20,002] Trial 21 finished with value: -2.673754930496216 and parameters: {'dim': 300, 'lam': 1.0586740832541337e-07, 'clip': 0.000923957526286729}. Best is trial 21 with value: -2.673754930496216.
[I 2023-06-27 22:20:24,006] Trial 22 finished with value: 0.2450943887233734 and parameters: {'dim': 280, 'lam': 1.856174147090169e-07, 'clip': 0.053100215480718554}. Best is trial 21 with value: -2.673754930496216.
[I 2023-06-27 22:20:28,043] Trial 23 finished with value: -0.9997051358222961 and parameters: {'dim': 300, 'lam': 2.1202358910251006e-07, 'clip': 0.0044600020611896725}. Best is trial 21 with value: -2.673754930496216.
[I 2023-06-27 22:20:32,009] Trial 24 finished with value: 0.2436455637216568 and parameters: {'dim': 280, 'lam': 1.1760070182203176e-07, 'clip': 0.051942960208499575}. Best is trial 21 with value: -2.673754930496216.
[I 2023-06-27 22:20:35,496] Trial 25 finished with value: 0.2652825713157654 and parameters: {'dim': 240, 'lam': 4.522668193246269e-07, 'clip': 0.09308641456576114}. Best is trial 21 with value: -2.673754930496216.
[I 2023-06-27 22:20:38,834] Trial 26 finished with value: 0.22020398080348969 and parameters: {'dim': 260, 'lam': 1.9580873383849016e-07, 'clip': 0.04232141826931257}. Best is trial 21 with value: -2.673754930496216.
[I 2023-06-27 22:20:42,807] Trial 27 finished with value: -1.6214783191680908 and parameters: {'dim': 300, 'lam': 4.779820282323116e-07, 'clip': 0.0026193986385574857}. Best is trial 21 with value: -2.673754930496216.
[I 2023-06-27 22:20:46,395] Trial 28 finished with value: 0.2640880048274994 and parameters: {'dim': 240, 'lam': 4.2766101446494515e-07, 'clip': 0.1069891536368545}. Best is trial 21 with value: -2.673754930496216.
[I 2023-06-27 22:20:50,176] Trial 29 finished with value: 0.2650035321712494 and parameters: {'dim': 140, 'lam': 7.307548754065651e-07, 'clip': 0.043127867645536895}. Best is trial 21 with value: -2.673754930496216.
[I 2023-06-27 22:20:54,090] Trial 30 finished with value: 0.2006237953901291 and parameters: {'dim': 280, 'lam': 9.604171130334068e-07, 'clip': 0.033514007639920934}. Best is trial 21 with value: -2.673754930496216.
[I 2023-06-27 22:20:57,959] Trial 31 finished with value: -0.9552346467971802 and parameters: {'dim': 300, 'lam': 1.0517591183252814e-07, 'clip': 0.004640878388145309}. Best is trial 21 with value: -2.673754930496216.
[I 2023-06-27 22:21:01,966] Trial 32 finished with value: 0.1842370480298996 and parameters: {'dim': 300, 'lam': 2.0125076769060352e-07, 'clip': 0.031898039700036095}. Best is trial 21 with value: -2.673754930496216.
[I 2023-06-27 22:21:05,752] Trial 33 finished with value: -0.7276814579963684 and parameters: {'dim': 280, 'lam': 3.67049389278453e-07, 'clip': 0.005896027652067763}. Best is trial 21 with value: -2.673754930496216.
[I 2023-06-27 22:21:09,564] Trial 34 finished with value: 0.24951379001140594 and parameters: {'dim': 300, 'lam': 1.7266297594260707e-07, 'clip': 0.0745628307271082}. Best is trial 21 with value: -2.673754930496216.
[I 2023-06-27 22:21:13,575] Trial 35 finished with value: 0.19251003861427307 and parameters: {'dim': 200, 'lam': 4.96605014022824e-07, 'clip': 0.031510054040806465}. Best is trial 21 with value: -2.673754930496216.
[I 2023-06-27 22:21:17,569] Trial 36 finished with value: 0.18644002079963684 and parameters: {'dim': 260, 'lam': 1.0017940441012067e-07, 'clip': 0.032843004382215574}. Best is trial 21 with value: -2.673754930496216.
[I 2023-06-27 22:21:21,396] Trial 37 finished with value: -2.4513022899627686 and parameters: {'dim': 240, 'lam': 1.5134920851141402e-06, 'clip': 0.0012532302912648028}. Best is trial 21 with value: -2.673754930496216.
[I 2023-06-27 22:21:25,257] Trial 38 finished with value: 0.26795533299446106 and parameters: {'dim': 220, 'lam': 3.137015762853907e-06, 'clip': 0.11676194990301078}. Best is trial 21 with value: -2.673754930496216.
[I 2023-06-27 22:21:28,852] Trial 39 finished with value: 0.26370328664779663 and parameters: {'dim': 240, 'lam': 1.2373898723554007e-06, 'clip': 0.06806456345834988}. Best is trial 21 with value: -2.673754930496216.
[I 2023-06-27 22:21:32,711] Trial 40 finished with value: 0.23880624771118164 and parameters: {'dim': 260, 'lam': 7.716495501541594e-07, 'clip': 0.2057586702727035}. Best is trial 21 with value: -2.673754930496216.
[I 2023-06-27 22:21:36,329] Trial 41 finished with value: 0.13207487761974335 and parameters: {'dim': 280, 'lam': 2.932864377283321e-07, 'clip': 0.024018687536161216}. Best is trial 21 with value: -2.673754930496216.
[I 2023-06-27 22:21:40,266] Trial 42 finished with value: -1.6007176637649536 and parameters: {'dim': 200, 'lam': 1.7787927051571387e-06, 'clip': 0.0027493168701114255}. Best is trial 21 with value: -2.673754930496216.
[I 2023-06-27 22:21:44,016] Trial 43 finished with value: -2.923866033554077 and parameters: {'dim': 200, 'lam': 2.055522303012251e-06, 'clip': 0.00040773919409240475}. Best is trial 43 with value: -2.923866033554077.
[I 2023-06-27 22:21:47,720] Trial 44 finished with value: 0.2562738060951233 and parameters: {'dim': 200, 'lam': 1.8909340317121439e-06, 'clip': 0.05261252450835199}. Best is trial 43 with value: -2.923866033554077.
[I 2023-06-27 22:21:51,261] Trial 45 finished with value: 0.14109160006046295 and parameters: {'dim': 160, 'lam': 3.4584850382583257e-06, 'clip': 0.024447604511022417}. Best is trial 43 with value: -2.923866033554077.
[I 2023-06-27 22:21:55,044] Trial 46 finished with value: 0.27560141682624817 and parameters: {'dim': 180, 'lam': 1.6874903829852653e-06, 'clip': 0.08234673924198604}. Best is trial 43 with value: -2.923866033554077.
[I 2023-06-27 22:21:58,880] Trial 47 finished with value: 0.2588355839252472 and parameters: {'dim': 200, 'lam': 1.0868051325982e-06, 'clip': 0.17592068508621764}. Best is trial 43 with value: -2.923866033554077.
[I 2023-06-27 22:22:02,514] Trial 48 finished with value: 0.0866243839263916 and parameters: {'dim': 160, 'lam': 7.89183966658099e-06, 'clip': 0.01989122676812246}. Best is trial 43 with value: -2.923866033554077.
[I 2023-06-27 22:22:06,502] Trial 49 finished with value: -2.740507125854492 and parameters: {'dim': 220, 'lam': 3.3818134063505066e-06, 'clip': 0.00019263831050324353}. Best is trial 43 with value: -2.923866033554077.
[I 2023-06-27 22:22:10,333] Trial 50 finished with value: 0.26653605699539185 and parameters: {'dim': 240, 'lam': 2.7656843582751767e-06, 'clip': 0.06647154730171626}. Best is trial 43 with value: -2.923866033554077.
[I 2023-06-27 22:22:14,186] Trial 51 finished with value: -0.005543624050915241 and parameters: {'dim': 220, 'lam': 4.422748994367563e-06, 'clip': 0.015968737894871635}. Best is trial 43 with value: -2.923866033554077.
[I 2023-06-27 22:22:18,063] Trial 52 finished with value: 0.25207000970840454 and parameters: {'dim': 220, 'lam': 5.815062665449843e-06, 'clip': 0.04897778903843384}. Best is trial 43 with value: -2.923866033554077.
[I 2023-06-27 22:22:22,026] Trial 53 finished with value: -1.5756043195724487 and parameters: {'dim': 200, 'lam': 1.6240710944014974e-06, 'clip': 0.002803066733110402}. Best is trial 43 with value: -2.923866033554077.
[I 2023-06-27 22:22:25,712] Trial 54 finished with value: 0.1555940955877304 and parameters: {'dim': 180, 'lam': 2.4680703892935268e-06, 'clip': 0.025053620726289395}. Best is trial 43 with value: -2.923866033554077.
[I 2023-06-27 22:22:29,700] Trial 55 finished with value: -2.6127188205718994 and parameters: {'dim': 220, 'lam': 2.1065587058927434e-06, 'clip': 0.0009112259760596366}. Best is trial 43 with value: -2.923866033554077.
[I 2023-06-27 22:22:33,495] Trial 56 finished with value: 0.2649073898792267 and parameters: {'dim': 180, 'lam': 4.117576281628706e-06, 'clip': 0.0527031310720745}. Best is trial 43 with value: -2.923866033554077.
[I 2023-06-27 22:22:37,364] Trial 57 finished with value: 0.26442116498947144 and parameters: {'dim': 220, 'lam': 9.357772414758772e-07, 'clip': 0.09212296952234846}. Best is trial 43 with value: -2.923866033554077.
[I 2023-06-27 22:22:41,225] Trial 58 finished with value: 0.10729353874921799 and parameters: {'dim': 220, 'lam': 1.2934705240211385e-05, 'clip': 0.020575136352451995}. Best is trial 43 with value: -2.923866033554077.
[I 2023-06-27 22:22:44,864] Trial 59 finished with value: 0.23217995464801788 and parameters: {'dim': 240, 'lam': 5.618059369874714e-07, 'clip': 0.042197364789927284}. Best is trial 43 with value: -2.923866033554077.
[I 2023-06-27 22:22:48,823] Trial 60 finished with value: 0.3092334568500519 and parameters: {'dim': 100, 'lam': 1.3200562039371809e-06, 'clip': 0.08047755452154931}. Best is trial 43 with value: -2.923866033554077.
[I 2023-06-27 22:22:52,678] Trial 61 finished with value: -1.8088961839675903 and parameters: {'dim': 200, 'lam': 2.321587693334335e-06, 'clip': 0.002292834273006585}. Best is trial 43 with value: -2.923866033554077.
[I 2023-06-27 22:22:56,477] Trial 62 finished with value: -2.923602819442749 and parameters: {'dim': 200, 'lam': 2.380903661008773e-06, 'clip': 0.00017402864954127066}. Best is trial 43 with value: -2.923866033554077.
[I 2023-06-27 22:23:00,424] Trial 63 finished with value: 0.10803847759962082 and parameters: {'dim': 200, 'lam': 2.6006737973844815e-06, 'clip': 0.021609634455237902}. Best is trial 43 with value: -2.923866033554077.
[I 2023-06-27 22:23:04,416] Trial 64 finished with value: 0.2576850652694702 and parameters: {'dim': 220, 'lam': 2.1697266170427566e-06, 'clip': 0.060724326784116975}. Best is trial 43 with value: -2.923866033554077.
[I 2023-06-27 22:23:08,320] Trial 65 finished with value: 0.2426358461380005 and parameters: {'dim': 180, 'lam': 4.677266802482563e-06, 'clip': 0.04047857876187115}. Best is trial 43 with value: -2.923866033554077.
[I 2023-06-27 22:23:12,290] Trial 66 finished with value: -0.11213202029466629 and parameters: {'dim': 180, 'lam': 3.4389032343181044e-06, 'clip': 0.012274554872571349}. Best is trial 43 with value: -2.923866033554077.
[I 2023-06-27 22:23:16,207] Trial 67 finished with value: 0.2269148826599121 and parameters: {'dim': 220, 'lam': 1.471028896579623e-06, 'clip': 0.04164304536779925}. Best is trial 43 with value: -2.923866033554077.
[I 2023-06-27 22:23:20,096] Trial 68 finished with value: -1.8572351932525635 and parameters: {'dim': 200, 'lam': 6.303109771185333e-06, 'clip': 0.0021775930070399665}. Best is trial 43 with value: -2.923866033554077.
[I 2023-06-27 22:23:23,916] Trial 69 finished with value: 0.27700868248939514 and parameters: {'dim': 240, 'lam': 9.0487154200535e-06, 'clip': 0.060176626232593323}. Best is trial 43 with value: -2.923866033554077.
[I 2023-06-27 22:23:27,695] Trial 70 finished with value: 0.04584278166294098 and parameters: {'dim': 200, 'lam': 5.786255829194105e-06, 'clip': 0.01766026960754019}. Best is trial 43 with value: -2.923866033554077.
[I 2023-06-27 22:23:31,471] Trial 71 finished with value: -2.1634814739227295 and parameters: {'dim': 200, 'lam': 2.1776183842041505e-06, 'clip': 0.0016525978578966352}. Best is trial 43 with value: -2.923866033554077.
[I 2023-06-27 22:23:35,327] Trial 72 finished with value: -2.6481528282165527 and parameters: {'dim': 220, 'lam': 6.736608040683762e-06, 'clip': 0.0008065470423348503}. Best is trial 43 with value: -2.923866033554077.
[I 2023-06-27 22:23:38,830] Trial 73 finished with value: 0.20405256748199463 and parameters: {'dim': 220, 'lam': 1.2633127405440384e-05, 'clip': 0.03032781267683303}. Best is trial 43 with value: -2.923866033554077.
[I 2023-06-27 22:23:42,801] Trial 74 finished with value: 0.2204592376947403 and parameters: {'dim': 240, 'lam': 8.235675279514465e-07, 'clip': 0.03795423619151128}. Best is trial 43 with value: -2.923866033554077.
[I 2023-06-27 22:23:46,181] Trial 75 finished with value: -0.012896858155727386 and parameters: {'dim': 180, 'lam': 1.1074655074797297e-06, 'clip': 0.015190217690792669}. Best is trial 43 with value: -2.923866033554077.
[I 2023-06-27 22:23:49,928] Trial 76 finished with value: -0.0024082502350211143 and parameters: {'dim': 220, 'lam': 3.233053660624739e-06, 'clip': 0.01618183243395186}. Best is trial 43 with value: -2.923866033554077.
[I 2023-06-27 22:23:53,758] Trial 77 finished with value: -2.9239001274108887 and parameters: {'dim': 200, 'lam': 2.008072336549885e-06, 'clip': 5.441150338271949e-05}. Best is trial 77 with value: -2.9239001274108887.
[I 2023-06-27 22:23:57,579] Trial 78 finished with value: 0.1982204169034958 and parameters: {'dim': 220, 'lam': 6.334818491214846e-07, 'clip': 0.034088136933062174}. Best is trial 77 with value: -2.9239001274108887.
[I 2023-06-27 22:24:01,481] Trial 79 finished with value: 0.2434183806180954 and parameters: {'dim': 220, 'lam': 1.4736958088546685e-06, 'clip': 0.0495472750739541}. Best is trial 77 with value: -2.9239001274108887.
[I 2023-06-27 22:24:05,382] Trial 80 finished with value: 0.2582886219024658 and parameters: {'dim': 240, 'lam': 1.5009495946139918e-07, 'clip': 0.062365412140599825}. Best is trial 77 with value: -2.9239001274108887.
[I 2023-06-27 22:24:09,368] Trial 81 finished with value: 0.00015738839283585548 and parameters: {'dim': 200, 'lam': 1.9881034819745532e-06, 'clip': 0.01610032714416073}. Best is trial 77 with value: -2.9239001274108887.
[I 2023-06-27 22:24:13,275] Trial 82 finished with value: -1.830568790435791 and parameters: {'dim': 200, 'lam': 3.968671432783424e-06, 'clip': 0.0022410740243209845}. Best is trial 77 with value: -2.9239001274108887.
[I 2023-06-27 22:24:17,168] Trial 83 finished with value: -2.9231090545654297 and parameters: {'dim': 200, 'lam': 2.9000395551609903e-06, 'clip': 0.0001756258678072761}. Best is trial 77 with value: -2.9239001274108887.
[I 2023-06-27 22:24:21,148] Trial 84 finished with value: 0.19110476970672607 and parameters: {'dim': 220, 'lam': 4.895672095280034e-06, 'clip': 0.03094764118345845}. Best is trial 77 with value: -2.9239001274108887.
[I 2023-06-27 22:24:24,998] Trial 85 finished with value: -0.07641953974962234 and parameters: {'dim': 180, 'lam': 2.7590354035233897e-06, 'clip': 0.013181767231230341}. Best is trial 77 with value: -2.9239001274108887.
[I 2023-06-27 22:24:29,010] Trial 86 finished with value: 0.1776672750711441 and parameters: {'dim': 200, 'lam': 1.3769390649824474e-06, 'clip': 0.028848140246541233}. Best is trial 77 with value: -2.9239001274108887.
[I 2023-06-27 22:24:32,889] Trial 87 finished with value: 0.2775298058986664 and parameters: {'dim': 160, 'lam': 9.573129494342983e-07, 'clip': 0.0774636192659834}. Best is trial 77 with value: -2.9239001274108887.
[I 2023-06-27 22:24:36,687] Trial 88 finished with value: 0.22926251590251923 and parameters: {'dim': 240, 'lam': 1.7582219474083396e-06, 'clip': 0.040078867357606386}. Best is trial 77 with value: -2.9239001274108887.
[I 2023-06-27 22:24:40,409] Trial 89 finished with value: -0.06264474242925644 and parameters: {'dim': 120, 'lam': 2.5636865062677536e-07, 'clip': 0.013945279802011667}. Best is trial 77 with value: -2.9239001274108887.
[I 2023-06-27 22:24:43,994] Trial 90 finished with value: 0.26392945647239685 and parameters: {'dim': 180, 'lam': 3.0590834900113813e-06, 'clip': 0.05375348907835342}. Best is trial 77 with value: -2.9239001274108887.
[I 2023-06-27 22:24:48,074] Trial 91 finished with value: -2.2400479316711426 and parameters: {'dim': 200, 'lam': 2.311828980930449e-06, 'clip': 0.0015391095076562607}. Best is trial 77 with value: -2.9239001274108887.
[I 2023-06-27 22:24:52,092] Trial 92 finished with value: -2.9238829612731934 and parameters: {'dim': 200, 'lam': 2.0319576336628775e-06, 'clip': 0.0004001573191245529}. Best is trial 77 with value: -2.9239001274108887.
[I 2023-06-27 22:24:55,866] Trial 93 finished with value: 0.1700560748577118 and parameters: {'dim': 200, 'lam': 3.6579652437161314e-06, 'clip': 0.027185829775057704}. Best is trial 77 with value: -2.9239001274108887.
[I 2023-06-27 22:24:59,535] Trial 94 finished with value: -0.02393900603055954 and parameters: {'dim': 220, 'lam': 2.9798648722615863e-06, 'clip': 0.015419230708479862}. Best is trial 77 with value: -2.9239001274108887.
[I 2023-06-27 22:25:03,468] Trial 95 finished with value: 0.17220725119113922 and parameters: {'dim': 220, 'lam': 1.2145014560068758e-06, 'clip': 0.029237304282368176}. Best is trial 77 with value: -2.9239001274108887.
[I 2023-06-27 22:25:07,268] Trial 96 finished with value: 0.24489571154117584 and parameters: {'dim': 200, 'lam': 1.9000502434481783e-06, 'clip': 0.04561151556050348}. Best is trial 77 with value: -2.9239001274108887.
[I 2023-06-27 22:25:11,018] Trial 97 finished with value: -2.920422077178955 and parameters: {'dim': 200, 'lam': 5.034640517264873e-06, 'clip': 0.00013253754069678407}. Best is trial 77 with value: -2.9239001274108887.
[I 2023-06-27 22:25:14,935] Trial 98 finished with value: -0.14154019951820374 and parameters: {'dim': 200, 'lam': 6.81526266962211e-06, 'clip': 0.011929606375035201}. Best is trial 77 with value: -2.9239001274108887.
[I 2023-06-27 22:25:18,867] Trial 99 finished with value: 0.15740133821964264 and parameters: {'dim': 180, 'lam': 4.681562024477718e-06, 'clip': 0.024761377350975985}. Best is trial 77 with value: -2.9239001274108887.
[I 2023-06-27 22:25:18,868] A new study created in memory with name: no-name-e36c801f-c25b-47f1-9cbe-f3b5929db597
[I 2023-06-27 22:25:25,896] Trial 0 finished with value: 0.5184440612792969 and parameters: {'dim': 120, 'lam': 4.514573251639871e-07}. Best is trial 0 with value: 0.5184440612792969.
[I 2023-06-27 22:25:33,781] Trial 1 finished with value: 0.49404722452163696 and parameters: {'dim': 300, 'lam': 0.00013259888909087974}. Best is trial 1 with value: 0.49404722452163696.
[I 2023-06-27 22:25:40,961] Trial 2 finished with value: 0.5112910270690918 and parameters: {'dim': 140, 'lam': 2.5781321361670472e-06}. Best is trial 1 with value: 0.49404722452163696.
[I 2023-06-27 22:25:48,335] Trial 3 finished with value: 0.5166581273078918 and parameters: {'dim': 200, 'lam': 1.2517677596516188e-05}. Best is trial 1 with value: 0.49404722452163696.
[I 2023-06-27 22:25:55,592] Trial 4 finished with value: 0.5310910940170288 and parameters: {'dim': 180, 'lam': 3.809305989320527e-06}. Best is trial 1 with value: 0.49404722452163696.
[I 2023-06-27 22:26:03,028] Trial 5 finished with value: 0.5128442049026489 and parameters: {'dim': 200, 'lam': 2.637873676304529e-05}. Best is trial 1 with value: 0.49404722452163696.
[I 2023-06-27 22:26:10,505] Trial 6 finished with value: 0.49902844429016113 and parameters: {'dim': 220, 'lam': 5.882944476688611e-06}. Best is trial 1 with value: 0.49404722452163696.
[I 2023-06-27 22:26:18,020] Trial 7 finished with value: 0.500964343547821 and parameters: {'dim': 240, 'lam': 0.0002293843285374644}. Best is trial 1 with value: 0.49404722452163696.
[I 2023-06-27 22:26:25,399] Trial 8 finished with value: 0.5027590394020081 and parameters: {'dim': 180, 'lam': 0.000303400072844372}. Best is trial 1 with value: 0.49404722452163696.
[I 2023-06-27 22:26:33,235] Trial 9 finished with value: 0.5089229345321655 and parameters: {'dim': 300, 'lam': 1.1391143503726873e-06}. Best is trial 1 with value: 0.49404722452163696.
[I 2023-06-27 22:26:41,072] Trial 10 finished with value: 0.5135838389396667 and parameters: {'dim': 300, 'lam': 0.0008053777773638398}. Best is trial 1 with value: 0.49404722452163696.
[I 2023-06-27 22:26:48,738] Trial 11 finished with value: 0.5006293654441833 and parameters: {'dim': 260, 'lam': 3.756182508008055e-05}. Best is trial 1 with value: 0.49404722452163696.
[I 2023-06-27 22:26:56,314] Trial 12 finished with value: 0.5103881359100342 and parameters: {'dim': 260, 'lam': 1.0911633974849113e-07}. Best is trial 1 with value: 0.49404722452163696.
[I 2023-06-27 22:27:03,765] Trial 13 finished with value: 0.5110546946525574 and parameters: {'dim': 240, 'lam': 2.3253368320283333e-05}. Best is trial 1 with value: 0.49404722452163696.
[I 2023-06-27 22:27:11,585] Trial 14 finished with value: 0.48112261295318604 and parameters: {'dim': 280, 'lam': 8.368797270321185e-05}. Best is trial 14 with value: 0.48112261295318604.
[I 2023-06-27 22:27:19,226] Trial 15 finished with value: 0.4797913134098053 and parameters: {'dim': 280, 'lam': 5.759258270256164e-05}. Best is trial 15 with value: 0.4797913134098053.
[I 2023-06-27 22:27:28,540] Trial 16 finished with value: 0.4815996289253235 and parameters: {'dim': 280, 'lam': 9.471498108765299e-05}. Best is trial 15 with value: 0.4797913134098053.
[I 2023-06-27 22:27:36,197] Trial 17 finished with value: 0.4968906044960022 and parameters: {'dim': 260, 'lam': 7.298723881053105e-05}. Best is trial 15 with value: 0.4797913134098053.
[I 2023-06-27 22:27:44,023] Trial 18 finished with value: 0.4793362021446228 and parameters: {'dim': 280, 'lam': 5.012503740692695e-05}. Best is trial 18 with value: 0.4793362021446228.
[I 2023-06-27 22:27:50,933] Trial 19 finished with value: 0.5310220718383789 and parameters: {'dim': 100, 'lam': 1.1607594553347525e-05}. Best is trial 18 with value: 0.4793362021446228.
[I 2023-06-27 22:27:58,142] Trial 20 finished with value: 0.5261592864990234 and parameters: {'dim': 160, 'lam': 3.6463910623119045e-05}. Best is trial 18 with value: 0.4793362021446228.
