[I 2023-06-27 22:28:05,888] Trial 21 finished with value: 0.48006317019462585 and parameters: {'dim': 280, 'lam': 6.237562051853429e-05}. Best is trial 18 with value: 0.4793362021446228.
[I 2023-06-27 22:28:13,679] Trial 22 finished with value: 0.478977233171463 and parameters: {'dim': 280, 'lam': 4.4647275883313794e-05}. Best is trial 22 with value: 0.478977233171463.
[I 2023-06-27 22:28:21,277] Trial 23 finished with value: 0.5120744109153748 and parameters: {'dim': 240, 'lam': 1.656928497596803e-05}. Best is trial 22 with value: 0.478977233171463.
[I 2023-06-27 22:28:29,034] Trial 24 finished with value: 0.4781148433685303 and parameters: {'dim': 280, 'lam': 3.2885943280021754e-05}. Best is trial 24 with value: 0.4781148433685303.
[I 2023-06-27 22:28:36,439] Trial 25 finished with value: 0.4986361265182495 and parameters: {'dim': 220, 'lam': 7.701294748904115e-06}. Best is trial 24 with value: 0.4781148433685303.
[I 2023-06-27 22:28:44,027] Trial 26 finished with value: 0.5024499893188477 and parameters: {'dim': 260, 'lam': 2.6784278153660982e-05}. Best is trial 24 with value: 0.4781148433685303.
[I 2023-06-27 22:28:51,840] Trial 27 finished with value: 0.4934541583061218 and parameters: {'dim': 300, 'lam': 0.00016468722114664787}. Best is trial 24 with value: 0.4781148433685303.
[I 2023-06-27 22:28:59,357] Trial 28 finished with value: 0.5121558308601379 and parameters: {'dim': 240, 'lam': 1.6085325217053394e-05}. Best is trial 24 with value: 0.4781148433685303.
[I 2023-06-27 22:29:06,789] Trial 29 finished with value: 0.4950324594974518 and parameters: {'dim': 220, 'lam': 3.4767854949525415e-05}. Best is trial 24 with value: 0.4781148433685303.
[I 2023-06-27 22:29:14,517] Trial 30 finished with value: 0.48969602584838867 and parameters: {'dim': 280, 'lam': 0.00033198073953025236}. Best is trial 24 with value: 0.4781148433685303.
[I 2023-06-27 22:29:22,232] Trial 31 finished with value: 0.47935038805007935 and parameters: {'dim': 280, 'lam': 5.034936968746973e-05}. Best is trial 24 with value: 0.4781148433685303.
[I 2023-06-27 22:29:29,972] Trial 32 finished with value: 0.4953756630420685 and parameters: {'dim': 300, 'lam': 9.458658085208922e-05}. Best is trial 24 with value: 0.4781148433685303.
[I 2023-06-27 22:29:37,662] Trial 33 finished with value: 0.4838619828224182 and parameters: {'dim': 280, 'lam': 0.00015756968757046233}. Best is trial 24 with value: 0.4781148433685303.
[I 2023-06-27 22:29:45,460] Trial 34 finished with value: 0.5068724155426025 and parameters: {'dim': 260, 'lam': 8.928867985662757e-06}. Best is trial 24 with value: 0.4781148433685303.
[I 2023-06-27 22:29:53,189] Trial 35 finished with value: 0.49852269887924194 and parameters: {'dim': 300, 'lam': 4.987915868238915e-05}. Best is trial 24 with value: 0.4781148433685303.
[I 2023-06-27 22:30:00,252] Trial 36 finished with value: 0.5075311660766602 and parameters: {'dim': 140, 'lam': 1.919363000203055e-05}. Best is trial 24 with value: 0.4781148433685303.
[I 2023-06-27 22:30:07,949] Trial 37 finished with value: 0.49925485253334045 and parameters: {'dim': 260, 'lam': 4.7867027499813544e-05}. Best is trial 24 with value: 0.4781148433685303.
[I 2023-06-27 22:30:15,647] Trial 38 finished with value: 0.47554701566696167 and parameters: {'dim': 280, 'lam': 4.902250127873915e-06}. Best is trial 38 with value: 0.47554701566696167.
[I 2023-06-27 22:30:23,148] Trial 39 finished with value: 0.5144959688186646 and parameters: {'dim': 240, 'lam': 4.759952447903023e-06}. Best is trial 38 with value: 0.47554701566696167.
[I 2023-06-27 22:30:30,597] Trial 40 finished with value: 0.5206053256988525 and parameters: {'dim': 200, 'lam': 1.9689925855423414e-06}. Best is trial 38 with value: 0.47554701566696167.
[I 2023-06-27 22:30:38,314] Trial 41 finished with value: 0.47632673382759094 and parameters: {'dim': 280, 'lam': 1.2633442628655375e-05}. Best is trial 38 with value: 0.47554701566696167.
[I 2023-06-27 22:30:46,051] Trial 42 finished with value: 0.4760969877243042 and parameters: {'dim': 280, 'lam': 1.0338352485697343e-05}. Best is trial 38 with value: 0.47554701566696167.
[I 2023-06-27 22:30:53,858] Trial 43 finished with value: 0.5063658356666565 and parameters: {'dim': 300, 'lam': 7.699264111954751e-06}. Best is trial 38 with value: 0.47554701566696167.
[I 2023-06-27 22:31:01,469] Trial 44 finished with value: 0.5060807466506958 and parameters: {'dim': 260, 'lam': 1.1506733662078785e-05}. Best is trial 38 with value: 0.47554701566696167.
[I 2023-06-27 22:31:09,271] Trial 45 finished with value: 0.5078376531600952 and parameters: {'dim': 300, 'lam': 3.644909630454672e-06}. Best is trial 38 with value: 0.47554701566696167.
[I 2023-06-27 22:31:16,940] Trial 46 finished with value: 0.4762892723083496 and parameters: {'dim': 280, 'lam': 1.225642760639198e-05}. Best is trial 38 with value: 0.47554701566696167.
[I 2023-06-27 22:31:24,477] Trial 47 finished with value: 0.5057684183120728 and parameters: {'dim': 260, 'lam': 1.2588618574367228e-05}. Best is trial 38 with value: 0.47554701566696167.
[I 2023-06-27 22:31:32,092] Trial 48 finished with value: 0.5142722725868225 and parameters: {'dim': 240, 'lam': 5.629915261045605e-06}. Best is trial 38 with value: 0.47554701566696167.
[I 2023-06-27 22:31:39,910] Trial 49 finished with value: 0.508375883102417 and parameters: {'dim': 300, 'lam': 2.3451253203546994e-06}. Best is trial 38 with value: 0.47554701566696167.
[I 2023-06-27 22:31:47,763] Trial 50 finished with value: 0.47757306694984436 and parameters: {'dim': 280, 'lam': 2.6181021549836696e-05}. Best is trial 38 with value: 0.47554701566696167.
[I 2023-06-27 22:31:55,568] Trial 51 finished with value: 0.47731682658195496 and parameters: {'dim': 280, 'lam': 2.321209361423681e-05}. Best is trial 38 with value: 0.47554701566696167.
[I 2023-06-27 22:32:03,220] Trial 52 finished with value: 0.5035921335220337 and parameters: {'dim': 260, 'lam': 2.126180433292102e-05}. Best is trial 38 with value: 0.47554701566696167.
[I 2023-06-27 22:32:10,753] Trial 53 finished with value: 0.47582459449768066 and parameters: {'dim': 280, 'lam': 7.649728363692836e-06}. Best is trial 38 with value: 0.47554701566696167.
[I 2023-06-27 22:32:18,160] Trial 54 finished with value: 0.5069092512130737 and parameters: {'dim': 300, 'lam': 6.117164565239666e-06}. Best is trial 38 with value: 0.47554701566696167.
[I 2023-06-27 22:32:25,514] Trial 55 finished with value: 0.5066232681274414 and parameters: {'dim': 260, 'lam': 9.71543734991591e-06}. Best is trial 38 with value: 0.47554701566696167.
[I 2023-06-27 22:32:33,213] Trial 56 finished with value: 0.4765279293060303 and parameters: {'dim': 280, 'lam': 1.4679851537203446e-05}. Best is trial 38 with value: 0.47554701566696167.
[I 2023-06-27 22:32:41,248] Trial 57 finished with value: 0.5078139305114746 and parameters: {'dim': 300, 'lam': 3.7045452336822236e-06}. Best is trial 38 with value: 0.47554701566696167.
[I 2023-06-27 22:32:49,020] Trial 58 finished with value: 0.4765641391277313 and parameters: {'dim': 280, 'lam': 1.505072697379436e-05}. Best is trial 38 with value: 0.47554701566696167.
[I 2023-06-27 22:32:56,308] Trial 59 finished with value: 0.5292735695838928 and parameters: {'dim': 180, 'lam': 8.02743373874257e-06}. Best is trial 38 with value: 0.47554701566696167.
[I 2023-06-27 22:33:04,076] Trial 60 finished with value: 0.47628119587898254 and parameters: {'dim': 280, 'lam': 1.2175377950705737e-05}. Best is trial 38 with value: 0.47554701566696167.
[I 2023-06-27 22:33:11,836] Trial 61 finished with value: 0.47625216841697693 and parameters: {'dim': 280, 'lam': 1.1884078945551458e-05}. Best is trial 38 with value: 0.47554701566696167.
[I 2023-06-27 22:33:19,526] Trial 62 finished with value: 0.4761422574520111 and parameters: {'dim': 280, 'lam': 1.0788230410402415e-05}. Best is trial 38 with value: 0.47554701566696167.
[I 2023-06-27 22:33:27,131] Trial 63 finished with value: 0.5080177187919617 and parameters: {'dim': 260, 'lam': 5.574780789400336e-06}. Best is trial 38 with value: 0.47554701566696167.
[I 2023-06-27 22:33:34,765] Trial 64 finished with value: 0.5065538883209229 and parameters: {'dim': 260, 'lam': 9.938590399104196e-06}. Best is trial 38 with value: 0.47554701566696167.
[I 2023-06-27 22:33:42,554] Trial 65 finished with value: 0.5036454796791077 and parameters: {'dim': 300, 'lam': 1.7363143594206627e-05}. Best is trial 38 with value: 0.47554701566696167.
[I 2023-06-27 22:33:50,180] Trial 66 finished with value: 0.47574305534362793 and parameters: {'dim': 280, 'lam': 6.84659958962041e-06}. Best is trial 38 with value: 0.47554701566696167.
[I 2023-06-27 22:33:57,906] Trial 67 finished with value: 0.4757477343082428 and parameters: {'dim': 280, 'lam': 6.892538718361046e-06}. Best is trial 38 with value: 0.47554701566696167.
[I 2023-06-27 22:34:04,938] Trial 68 finished with value: 0.5340193510055542 and parameters: {'dim': 100, 'lam': 3.0897176783895473e-06}. Best is trial 38 with value: 0.47554701566696167.
[I 2023-06-27 22:34:12,502] Trial 69 finished with value: 0.5145618915557861 and parameters: {'dim': 240, 'lam': 4.511903455411314e-06}. Best is trial 38 with value: 0.47554701566696167.
[I 2023-06-27 22:34:20,220] Trial 70 finished with value: 0.5065937638282776 and parameters: {'dim': 300, 'lam': 7.023339061523895e-06}. Best is trial 38 with value: 0.47554701566696167.
[I 2023-06-27 22:34:28,027] Trial 71 finished with value: 0.4757006764411926 and parameters: {'dim': 280, 'lam': 6.428935327344548e-06}. Best is trial 38 with value: 0.47554701566696167.
[I 2023-06-27 22:34:35,688] Trial 72 finished with value: 0.4756716191768646 and parameters: {'dim': 280, 'lam': 6.142112020291755e-06}. Best is trial 38 with value: 0.47554701566696167.
[I 2023-06-27 22:34:43,443] Trial 73 finished with value: 0.47573649883270264 and parameters: {'dim': 280, 'lam': 6.781949247367888e-06}. Best is trial 38 with value: 0.47554701566696167.
[I 2023-06-27 22:34:51,061] Trial 74 finished with value: 0.5082271695137024 and parameters: {'dim': 260, 'lam': 5.00668407003298e-06}. Best is trial 38 with value: 0.47554701566696167.
[I 2023-06-27 22:34:59,013] Trial 75 finished with value: 0.5067931413650513 and parameters: {'dim': 300, 'lam': 6.446577068840799e-06}. Best is trial 38 with value: 0.47554701566696167.
[I 2023-06-27 22:35:06,800] Trial 76 finished with value: 0.47548288106918335 and parameters: {'dim': 280, 'lam': 4.257823047692976e-06}. Best is trial 76 with value: 0.47548288106918335.
[I 2023-06-27 22:35:13,941] Trial 77 finished with value: 0.5176404714584351 and parameters: {'dim': 120, 'lam': 2.8174802161696255e-06}. Best is trial 76 with value: 0.47548288106918335.
[I 2023-06-27 22:35:21,690] Trial 78 finished with value: 0.5086162686347961 and parameters: {'dim': 260, 'lam': 3.988593626024711e-06}. Best is trial 76 with value: 0.47548288106918335.
[I 2023-06-27 22:35:28,941] Trial 79 finished with value: 0.537524938583374 and parameters: {'dim': 160, 'lam': 2.0746512091504544e-06}. Best is trial 76 with value: 0.47548288106918335.
[I 2023-06-27 22:35:36,718] Trial 80 finished with value: 0.475234717130661 and parameters: {'dim': 280, 'lam': 1.6648725353223921e-06}. Best is trial 80 with value: 0.475234717130661.
[I 2023-06-27 22:35:44,556] Trial 81 finished with value: 0.47577035427093506 and parameters: {'dim': 280, 'lam': 7.115379768277567e-06}. Best is trial 80 with value: 0.475234717130661.
[I 2023-06-27 22:35:52,308] Trial 82 finished with value: 0.47523409128189087 and parameters: {'dim': 280, 'lam': 1.6574933437029735e-06}. Best is trial 82 with value: 0.47523409128189087.
[I 2023-06-27 22:36:00,227] Trial 83 finished with value: 0.5087583661079407 and parameters: {'dim': 300, 'lam': 1.4881496041976923e-06}. Best is trial 82 with value: 0.47523409128189087.
[I 2023-06-27 22:36:08,000] Trial 84 finished with value: 0.4751686751842499 and parameters: {'dim': 280, 'lam': 9.330175559526579e-07}. Best is trial 84 with value: 0.4751686751842499.
[I 2023-06-27 22:36:15,678] Trial 85 finished with value: 0.5099694728851318 and parameters: {'dim': 260, 'lam': 8.859923573000797e-07}. Best is trial 84 with value: 0.4751686751842499.
[I 2023-06-27 22:36:23,042] Trial 86 finished with value: 0.5200396776199341 and parameters: {'dim': 200, 'lam': 3.255062760109959e-06}. Best is trial 84 with value: 0.4751686751842499.
[I 2023-06-27 22:36:30,881] Trial 87 finished with value: 0.5082735419273376 and parameters: {'dim': 300, 'lam': 2.5840098025404108e-06}. Best is trial 84 with value: 0.4751686751842499.
[I 2023-06-27 22:36:38,563] Trial 88 finished with value: 0.4755071699619293 and parameters: {'dim': 280, 'lam': 4.502643747349101e-06}. Best is trial 84 with value: 0.4751686751842499.
[I 2023-06-27 22:36:46,316] Trial 89 finished with value: 0.47549423575401306 and parameters: {'dim': 280, 'lam': 4.372230078900453e-06}. Best is trial 84 with value: 0.4751686751842499.
[I 2023-06-27 22:36:53,733] Trial 90 finished with value: 0.5145756006240845 and parameters: {'dim': 240, 'lam': 4.4606699175281966e-06}. Best is trial 84 with value: 0.4751686751842499.
[I 2023-06-27 22:37:01,421] Trial 91 finished with value: 0.47523733973503113 and parameters: {'dim': 280, 'lam': 1.6930826155142194e-06}. Best is trial 84 with value: 0.4751686751842499.
[I 2023-06-27 22:37:09,160] Trial 92 finished with value: 0.4752282500267029 and parameters: {'dim': 280, 'lam': 1.5938152567491674e-06}. Best is trial 84 with value: 0.4751686751842499.
[I 2023-06-27 22:37:16,712] Trial 93 finished with value: 0.509626567363739 and parameters: {'dim': 260, 'lam': 1.598920538036976e-06}. Best is trial 84 with value: 0.4751686751842499.
[I 2023-06-27 22:37:24,487] Trial 94 finished with value: 0.47516947984695435 and parameters: {'dim': 280, 'lam': 9.421670247959887e-07}. Best is trial 84 with value: 0.4751686751842499.
[I 2023-06-27 22:37:32,375] Trial 95 finished with value: 0.5090426802635193 and parameters: {'dim': 300, 'lam': 8.933273316982468e-07}. Best is trial 84 with value: 0.4751686751842499.
[I 2023-06-27 22:37:40,115] Trial 96 finished with value: 0.47518599033355713 and parameters: {'dim': 280, 'lam': 1.1268970733034322e-06}. Best is trial 84 with value: 0.4751686751842499.
[I 2023-06-27 22:37:47,943] Trial 97 finished with value: 0.47519129514694214 and parameters: {'dim': 280, 'lam': 1.1863304151922243e-06}. Best is trial 84 with value: 0.4751686751842499.
[I 2023-06-27 22:37:55,722] Trial 98 finished with value: 0.5098840594291687 and parameters: {'dim': 260, 'lam': 1.0585108306695622e-06}. Best is trial 84 with value: 0.4751686751842499.
[I 2023-06-27 22:38:03,633] Trial 99 finished with value: 0.5091623663902283 and parameters: {'dim': 300, 'lam': 6.545692026840649e-07}. Best is trial 84 with value: 0.4751686751842499.
[I 2023-06-27 22:38:03,634] A new study created in memory with name: no-name-e9cf240a-e095-464f-a6fa-d46aeb427b2c
[I 2023-06-27 22:38:11,003] Trial 0 finished with value: 163.0757598876953 and parameters: {'dim': 200, 'lam': 1.1325836984724084e-06, 'beta': 0.41082101502452506}. Best is trial 0 with value: 163.0757598876953.
[I 2023-06-27 22:38:18,877] Trial 1 finished with value: 158.4906768798828 and parameters: {'dim': 260, 'lam': 2.704155094653124e-06, 'beta': 3.7174843836176885}. Best is trial 1 with value: 158.4906768798828.
[I 2023-06-27 22:38:26,629] Trial 2 finished with value: 153.69725036621094 and parameters: {'dim': 300, 'lam': 8.916264996432481e-07, 'beta': 0.3540856557320372}. Best is trial 2 with value: 153.69725036621094.
[I 2023-06-27 22:38:33,558] Trial 3 finished with value: 167.68365478515625 and parameters: {'dim': 100, 'lam': 9.583113660567527e-05, 'beta': 4.461798271041633}. Best is trial 2 with value: 153.69725036621094.
[I 2023-06-27 22:38:40,658] Trial 4 finished with value: 165.4558563232422 and parameters: {'dim': 140, 'lam': 5.43948930957013e-05, 'beta': 4.2232603743028205}. Best is trial 2 with value: 153.69725036621094.
[I 2023-06-27 22:38:48,058] Trial 5 finished with value: 159.58663940429688 and parameters: {'dim': 180, 'lam': 0.00016111075777798994, 'beta': 5.1476359036188715}. Best is trial 2 with value: 153.69725036621094.
[I 2023-06-27 22:38:55,908] Trial 6 finished with value: 153.4338836669922 and parameters: {'dim': 300, 'lam': 4.726304811124692e-05, 'beta': 3.5681553486420334}. Best is trial 6 with value: 153.4338836669922.
[I 2023-06-27 22:39:02,813] Trial 7 finished with value: 167.66807556152344 and parameters: {'dim': 100, 'lam': 1.1434209529889976e-05, 'beta': 6.955302050850251}. Best is trial 6 with value: 153.4338836669922.
[I 2023-06-27 22:39:10,061] Trial 8 finished with value: 168.1621856689453 and parameters: {'dim': 160, 'lam': 0.00016054974349781085, 'beta': 0.398171215834186}. Best is trial 6 with value: 153.4338836669922.
[I 2023-06-27 22:39:17,923] Trial 9 finished with value: 153.31797790527344 and parameters: {'dim': 300, 'lam': 0.00022488919008567193, 'beta': 4.706279977053085}. Best is trial 9 with value: 153.31797790527344.
[I 2023-06-27 22:39:25,383] Trial 10 finished with value: 155.6916961669922 and parameters: {'dim': 240, 'lam': 0.00041229423335638175, 'beta': 9.743531793538768}. Best is trial 9 with value: 153.31797790527344.
[I 2023-06-27 22:39:33,249] Trial 11 finished with value: 153.10667419433594 and parameters: {'dim': 300, 'lam': 0.000979107876009863, 'beta': 2.5569145186476883}. Best is trial 11 with value: 153.10667419433594.
[I 2023-06-27 22:39:40,912] Trial 12 finished with value: 158.01832580566406 and parameters: {'dim': 260, 'lam': 0.0009844403603902286, 'beta': 2.4188987514319176}. Best is trial 11 with value: 153.10667419433594.
[I 2023-06-27 22:39:48,562] Trial 13 finished with value: 155.8362579345703 and parameters: {'dim': 240, 'lam': 0.0008533408249634563, 'beta': 2.4145324928082985}. Best is trial 11 with value: 153.10667419433594.
[I 2023-06-27 22:39:56,386] Trial 14 finished with value: 153.3689727783203 and parameters: {'dim': 300, 'lam': 1.8371136472260058e-05, 'beta': 6.326907381039433}. Best is trial 11 with value: 153.10667419433594.
[I 2023-06-27 22:40:04,046] Trial 15 finished with value: 158.57472229003906 and parameters: {'dim': 260, 'lam': 1.5687881356419472e-07, 'beta': 2.294610505508895}. Best is trial 11 with value: 153.10667419433594.
[I 2023-06-27 22:40:11,953] Trial 16 finished with value: 154.10899353027344 and parameters: {'dim': 280, 'lam': 0.0003625544459029994, 'beta': 5.5573679659758435}. Best is trial 11 with value: 153.10667419433594.
[I 2023-06-27 22:40:19,581] Trial 17 finished with value: 150.3831329345703 and parameters: {'dim': 220, 'lam': 0.00028371408889278903, 'beta': 7.433315734590188}. Best is trial 17 with value: 150.3831329345703.
[I 2023-06-27 22:40:27,174] Trial 18 finished with value: 150.22637939453125 and parameters: {'dim': 220, 'lam': 0.0009693328237661573, 'beta': 7.8985375249509975}. Best is trial 18 with value: 150.22637939453125.
[I 2023-06-27 22:40:34,689] Trial 19 finished with value: 150.4620361328125 and parameters: {'dim': 220, 'lam': 2.8756088205208844e-05, 'beta': 7.961108813250161}. Best is trial 18 with value: 150.22637939453125.
[I 2023-06-27 22:40:42,258] Trial 20 finished with value: 162.64048767089844 and parameters: {'dim': 200, 'lam': 7.83912502016939e-05, 'beta': 8.272126836514618}. Best is trial 18 with value: 150.22637939453125.
[I 2023-06-27 22:40:49,673] Trial 21 finished with value: 150.46714782714844 and parameters: {'dim': 220, 'lam': 3.4143768432132495e-05, 'beta': 7.588894344937895}. Best is trial 18 with value: 150.22637939453125.
[I 2023-06-27 22:40:57,130] Trial 22 finished with value: 150.34518432617188 and parameters: {'dim': 220, 'lam': 0.0002878128517254456, 'beta': 8.552338245422606}. Best is trial 18 with value: 150.22637939453125.
[I 2023-06-27 22:41:04,672] Trial 23 finished with value: 150.31109619140625 and parameters: {'dim': 220, 'lam': 0.0003850152733624545, 'beta': 8.909793773401162}. Best is trial 18 with value: 150.22637939453125.
[I 2023-06-27 22:41:11,862] Trial 24 finished with value: 159.30123901367188 and parameters: {'dim': 180, 'lam': 0.0004983624779416279, 'beta': 9.07788109886857}. Best is trial 18 with value: 150.22637939453125.
[I 2023-06-27 22:41:19,465] Trial 25 finished with value: 155.788330078125 and parameters: {'dim': 240, 'lam': 0.0001256833911722181, 'beta': 8.783821817661698}. Best is trial 18 with value: 150.22637939453125.
[I 2023-06-27 22:41:26,741] Trial 26 finished with value: 159.304931640625 and parameters: {'dim': 180, 'lam': 0.00044229200822352397, 'beta': 9.734999480541912}. Best is trial 18 with value: 150.22637939453125.
[I 2023-06-27 22:41:33,918] Trial 27 finished with value: 165.20407104492188 and parameters: {'dim': 140, 'lam': 0.00020677709081419663, 'beta': 8.546878078371494}. Best is trial 18 with value: 150.22637939453125.
[I 2023-06-27 22:41:41,486] Trial 28 finished with value: 150.380615234375 and parameters: {'dim': 220, 'lam': 8.643286784658718e-05, 'beta': 9.106359666176083}. Best is trial 18 with value: 150.22637939453125.
[I 2023-06-27 22:41:48,936] Trial 29 finished with value: 162.35745239257812 and parameters: {'dim': 200, 'lam': 0.0005802422524048828, 'beta': 7.209187072179404}. Best is trial 18 with value: 150.22637939453125.
[I 2023-06-27 22:41:56,617] Trial 30 finished with value: 155.83248901367188 and parameters: {'dim': 240, 'lam': 0.00027398273508346684, 'beta': 6.432776989932211}. Best is trial 18 with value: 150.22637939453125.
[I 2023-06-27 22:42:04,270] Trial 31 finished with value: 150.37557983398438 and parameters: {'dim': 220, 'lam': 9.444145351256345e-05, 'beta': 9.163482522857239}. Best is trial 18 with value: 150.22637939453125.
[I 2023-06-27 22:42:11,748] Trial 32 finished with value: 150.23361206054688 and parameters: {'dim': 220, 'lam': 0.0005909873067591276, 'beta': 9.942775573635705}. Best is trial 18 with value: 150.22637939453125.
