[I 2023-06-27 23:18:39,665] Trial 39 finished with value: 0.19787898659706116 and parameters: {'dim': 280, 'lam': 2.6481009573209193e-07, 'clip': 0.03327367150793792}. Best is trial 31 with value: -4.366486549377441.
[I 2023-06-27 23:18:43,249] Trial 40 finished with value: 0.2426259070634842 and parameters: {'dim': 300, 'lam': 6.830040881107399e-07, 'clip': 0.15202339212673702}. Best is trial 31 with value: -4.366486549377441.
[I 2023-06-27 23:18:47,204] Trial 41 finished with value: -3.7246086597442627 and parameters: {'dim': 300, 'lam': 1.6372914975333577e-06, 'clip': 0.001782531046949814}. Best is trial 31 with value: -4.366486549377441.
[I 2023-06-27 23:18:51,078] Trial 42 finished with value: 0.25101813673973083 and parameters: {'dim': 300, 'lam': 8.588084712505352e-07, 'clip': 0.07365901774265014}. Best is trial 31 with value: -4.366486549377441.
[I 2023-06-27 23:18:55,134] Trial 43 finished with value: 0.1580357849597931 and parameters: {'dim': 280, 'lam': 3.3627799788066725e-06, 'clip': 0.025976741367780783}. Best is trial 31 with value: -4.366486549377441.
[I 2023-06-27 23:18:58,784] Trial 44 finished with value: -0.017244087532162666 and parameters: {'dim': 300, 'lam': 1.4611430418158336e-06, 'clip': 0.015548434716960984}. Best is trial 31 with value: -4.366486549377441.
[I 2023-06-27 23:19:02,655] Trial 45 finished with value: 0.2473224699497223 and parameters: {'dim': 260, 'lam': 5.720646889515085e-07, 'clip': 0.06099776121791128}. Best is trial 31 with value: -4.366486549377441.
[I 2023-06-27 23:19:06,261] Trial 46 finished with value: -3.844841241836548 and parameters: {'dim': 280, 'lam': 5.485757603573676e-06, 'clip': 0.0008042688320650145}. Best is trial 31 with value: -4.366486549377441.
[I 2023-06-27 23:19:10,173] Trial 47 finished with value: 0.29015013575553894 and parameters: {'dim': 160, 'lam': 5.961937324502606e-06, 'clip': 0.09259715373901745}. Best is trial 31 with value: -4.366486549377441.
[I 2023-06-27 23:19:13,591] Trial 48 finished with value: 0.2519136965274811 and parameters: {'dim': 280, 'lam': 3.827936119316507e-06, 'clip': 0.051516268992556194}. Best is trial 31 with value: -4.366486549377441.
[I 2023-06-27 23:19:17,636] Trial 49 finished with value: 0.1530839204788208 and parameters: {'dim': 240, 'lam': 2.569199265674319e-06, 'clip': 0.025546840748495912}. Best is trial 31 with value: -4.366486549377441.
[I 2023-06-27 23:19:21,527] Trial 50 finished with value: 0.27204421162605286 and parameters: {'dim': 280, 'lam': 6.902483137682116e-06, 'clip': 0.0745414504862153}. Best is trial 31 with value: -4.366486549377441.
[I 2023-06-27 23:19:25,378] Trial 51 finished with value: -6.732902526855469 and parameters: {'dim': 300, 'lam': 4.055789317239251e-06, 'clip': 0.0010431310629979342}. Best is trial 51 with value: -6.732902526855469.
[I 2023-06-27 23:19:29,202] Trial 52 finished with value: 0.13303233683109283 and parameters: {'dim': 300, 'lam': 4.311289322799196e-06, 'clip': 0.02374308585778275}. Best is trial 51 with value: -6.732902526855469.
[I 2023-06-27 23:19:32,366] Trial 53 finished with value: -3.61510968208313 and parameters: {'dim': 300, 'lam': 1.0619971495753512e-05, 'clip': 0.0018253633398739042}. Best is trial 51 with value: -6.732902526855469.
[I 2023-06-27 23:19:36,008] Trial 54 finished with value: 0.2505691349506378 and parameters: {'dim': 280, 'lam': 1.2287104841094252e-05, 'clip': 0.040262196753582925}. Best is trial 51 with value: -6.732902526855469.
[I 2023-06-27 23:19:39,474] Trial 55 finished with value: 0.07702367752790451 and parameters: {'dim': 220, 'lam': 8.669443373388452e-06, 'clip': 0.01929979382048354}. Best is trial 51 with value: -6.732902526855469.
[I 2023-06-27 23:19:43,363] Trial 56 finished with value: 0.7526059150695801 and parameters: {'dim': 300, 'lam': 2.3526710330896765e-05, 'clip': 4.233697871948569e-06}. Best is trial 51 with value: -6.732902526855469.
[I 2023-06-27 23:19:47,225] Trial 57 finished with value: 0.25057148933410645 and parameters: {'dim': 260, 'lam': 5.1337682866809885e-06, 'clip': 0.05307674126485995}. Best is trial 51 with value: -6.732902526855469.
[I 2023-06-27 23:19:51,073] Trial 58 finished with value: 0.24767853319644928 and parameters: {'dim': 300, 'lam': 2.4435169135718872e-06, 'clip': 0.05779065074035173}. Best is trial 51 with value: -6.732902526855469.
[I 2023-06-27 23:19:55,045] Trial 59 finished with value: 0.2475709617137909 and parameters: {'dim': 120, 'lam': 4.063695294819695e-06, 'clip': 0.03913782203425688}. Best is trial 51 with value: -6.732902526855469.
[I 2023-06-27 23:19:58,555] Trial 60 finished with value: -0.0029096752405166626 and parameters: {'dim': 280, 'lam': 6.620369235560282e-06, 'clip': 0.015573383573095605}. Best is trial 51 with value: -6.732902526855469.
[I 2023-06-27 23:20:02,385] Trial 61 finished with value: -3.150196075439453 and parameters: {'dim': 300, 'lam': 1.7666878407753192e-06, 'clip': 0.0007052214100101021}. Best is trial 51 with value: -6.732902526855469.
[I 2023-06-27 23:20:05,979] Trial 62 finished with value: 0.025856556370854378 and parameters: {'dim': 300, 'lam': 2.8418989720830612e-06, 'clip': 0.017130973871834095}. Best is trial 51 with value: -6.732902526855469.
[I 2023-06-27 23:20:09,880] Trial 63 finished with value: -0.28020602464675903 and parameters: {'dim': 300, 'lam': 2.153339855026977e-06, 'clip': 9.247964285599274e-05}. Best is trial 51 with value: -6.732902526855469.
[I 2023-06-27 23:20:13,711] Trial 64 finished with value: 0.21801209449768066 and parameters: {'dim': 280, 'lam': 1.6899020900015438e-06, 'clip': 0.03753674538876483}. Best is trial 51 with value: -6.732902526855469.
[I 2023-06-27 23:20:17,338] Trial 65 finished with value: 0.06413193792104721 and parameters: {'dim': 300, 'lam': 1.0257206536701668e-06, 'clip': 0.019269365085960596}. Best is trial 51 with value: -6.732902526855469.
[I 2023-06-27 23:20:21,210] Trial 66 finished with value: 0.2588990330696106 and parameters: {'dim': 300, 'lam': 3.5823699126918103e-06, 'clip': 0.08408066591586659}. Best is trial 51 with value: -6.732902526855469.
[I 2023-06-27 23:20:25,017] Trial 67 finished with value: 0.25382888317108154 and parameters: {'dim': 280, 'lam': 2.054087129679765e-06, 'clip': 0.05785017378286045}. Best is trial 51 with value: -6.732902526855469.
[I 2023-06-27 23:20:28,988] Trial 68 finished with value: 0.22441720962524414 and parameters: {'dim': 200, 'lam': 1.4897131565434699e-06, 'clip': 0.03823336933775914}. Best is trial 51 with value: -6.732902526855469.
[I 2023-06-27 23:20:32,625] Trial 69 finished with value: -0.10948597639799118 and parameters: {'dim': 300, 'lam': 1.0080832766921794e-05, 'clip': 0.0124323752005078}. Best is trial 51 with value: -6.732902526855469.
[I 2023-06-27 23:20:36,514] Trial 70 finished with value: -2.674578905105591 and parameters: {'dim': 260, 'lam': 1.733208345174295e-05, 'clip': 0.002371521593534204}. Best is trial 51 with value: -6.732902526855469.
[I 2023-06-27 23:20:40,462] Trial 71 finished with value: -0.018795296549797058 and parameters: {'dim': 260, 'lam': 1.814029518608823e-05, 'clip': 0.014565565412211804}. Best is trial 51 with value: -6.732902526855469.
[I 2023-06-27 23:20:44,343] Trial 72 finished with value: -6.129115581512451 and parameters: {'dim': 280, 'lam': 5.261839585373356e-06, 'clip': 0.00115978631958086}. Best is trial 51 with value: -6.732902526855469.
[I 2023-06-27 23:20:48,257] Trial 73 finished with value: 0.19976288080215454 and parameters: {'dim': 280, 'lam': 5.561632037258915e-06, 'clip': 0.031221747497065258}. Best is trial 51 with value: -6.732902526855469.
[I 2023-06-27 23:20:52,189] Trial 74 finished with value: 0.2356223165988922 and parameters: {'dim': 300, 'lam': 3.3844736865954515e-06, 'clip': 0.04595158771389598}. Best is trial 51 with value: -6.732902526855469.
[I 2023-06-27 23:20:55,971] Trial 75 finished with value: -0.45822858810424805 and parameters: {'dim': 280, 'lam': 2.3830595508429898e-06, 'clip': 0.007976915804074261}. Best is trial 51 with value: -6.732902526855469.
[I 2023-06-27 23:20:59,814] Trial 76 finished with value: 0.16457954049110413 and parameters: {'dim': 300, 'lam': 5.105933683762982e-06, 'clip': 0.026976882562513616}. Best is trial 51 with value: -6.732902526855469.
[I 2023-06-27 23:21:03,658] Trial 77 finished with value: 0.25441527366638184 and parameters: {'dim': 280, 'lam': 1.1151221705436347e-06, 'clip': 0.062257819544404555}. Best is trial 51 with value: -6.732902526855469.
[I 2023-06-27 23:21:07,678] Trial 78 finished with value: -1.106941819190979 and parameters: {'dim': 300, 'lam': 2.994086412824263e-06, 'clip': 0.00022726914864815042}. Best is trial 51 with value: -6.732902526855469.
[I 2023-06-27 23:21:11,593] Trial 79 finished with value: 0.1992700695991516 and parameters: {'dim': 180, 'lam': 1.7326311504206826e-06, 'clip': 0.031223230294680014}. Best is trial 51 with value: -6.732902526855469.
[I 2023-06-27 23:21:15,268] Trial 80 finished with value: 0.2775023281574249 and parameters: {'dim': 140, 'lam': 4.492587870600036e-06, 'clip': 0.04530309596365842}. Best is trial 51 with value: -6.732902526855469.
[I 2023-06-27 23:21:19,215] Trial 81 finished with value: -0.2547389566898346 and parameters: {'dim': 280, 'lam': 7.667643420056681e-06, 'clip': 0.010052255894522882}. Best is trial 51 with value: -6.732902526855469.
[I 2023-06-27 23:21:23,142] Trial 82 finished with value: -2.524390935897827 and parameters: {'dim': 260, 'lam': 1.0104015237587703e-05, 'clip': 0.0005008162034480402}. Best is trial 51 with value: -6.732902526855469.
[I 2023-06-27 23:21:26,913] Trial 83 finished with value: -0.05001703277230263 and parameters: {'dim': 300, 'lam': 5.917525481196409e-06, 'clip': 0.014168535903586259}. Best is trial 51 with value: -6.732902526855469.
[I 2023-06-27 23:21:30,835] Trial 84 finished with value: 0.23986993730068207 and parameters: {'dim': 280, 'lam': 2.3285953198040855e-05, 'clip': 0.031245500975016025}. Best is trial 51 with value: -6.732902526855469.
[I 2023-06-27 23:21:34,828] Trial 85 finished with value: 0.23367001116275787 and parameters: {'dim': 300, 'lam': 1.2676648642698494e-06, 'clip': 0.047836588943459254}. Best is trial 51 with value: -6.732902526855469.
[I 2023-06-27 23:21:38,897] Trial 86 finished with value: -0.061220332980155945 and parameters: {'dim': 280, 'lam': 3.5481004348244905e-06, 'clip': 0.01397466204581434}. Best is trial 51 with value: -6.732902526855469.
[I 2023-06-27 23:21:42,945] Trial 87 finished with value: 0.13526682555675507 and parameters: {'dim': 260, 'lam': 2.321804167002863e-06, 'clip': 0.024860770337672273}. Best is trial 51 with value: -6.732902526855469.
[I 2023-06-27 23:21:46,700] Trial 88 finished with value: 0.24935117363929749 and parameters: {'dim': 300, 'lam': 8.840349069195506e-07, 'clip': 0.06766061357484628}. Best is trial 51 with value: -6.732902526855469.
[I 2023-06-27 23:21:50,304] Trial 89 finished with value: -0.4535791277885437 and parameters: {'dim': 300, 'lam': 7.224953261262012e-06, 'clip': 0.007864273769382445}. Best is trial 51 with value: -6.732902526855469.
[I 2023-06-27 23:21:53,953] Trial 90 finished with value: 0.20494896173477173 and parameters: {'dim': 280, 'lam': 4.4511503270582316e-06, 'clip': 0.032713709205192704}. Best is trial 51 with value: -6.732902526855469.
[I 2023-06-27 23:21:57,722] Trial 91 finished with value: -3.7818548679351807 and parameters: {'dim': 240, 'lam': 1.0923532352919232e-05, 'clip': 0.000735039769785565}. Best is trial 51 with value: -6.732902526855469.
[I 2023-06-27 23:22:01,634] Trial 92 finished with value: -3.2823591232299805 and parameters: {'dim': 240, 'lam': 1.1611876276748279e-05, 'clip': 0.0006326427805256527}. Best is trial 51 with value: -6.732902526855469.
[I 2023-06-27 23:22:05,575] Trial 93 finished with value: 0.1207929477095604 and parameters: {'dim': 220, 'lam': 1.026677235577394e-05, 'clip': 0.021890664364106516}. Best is trial 51 with value: -6.732902526855469.
[I 2023-06-27 23:22:09,465] Trial 94 finished with value: 0.2530655860900879 and parameters: {'dim': 300, 'lam': 7.932157136586794e-06, 'clip': 0.05032034066171019}. Best is trial 51 with value: -6.732902526855469.
[I 2023-06-27 23:22:13,691] Trial 95 finished with value: -0.14267076551914215 and parameters: {'dim': 200, 'lam': 1.3356344858472339e-05, 'clip': 0.011699912304994052}. Best is trial 51 with value: -6.732902526855469.
[I 2023-06-27 23:22:17,476] Trial 96 finished with value: 0.11338555812835693 and parameters: {'dim': 240, 'lam': 2.85130311550076e-06, 'clip': 0.021950842343100452}. Best is trial 51 with value: -6.732902526855469.
[I 2023-06-27 23:22:21,383] Trial 97 finished with value: -1.207106113433838 and parameters: {'dim': 240, 'lam': 1.6321975425053703e-06, 'clip': 0.00014755734345095754}. Best is trial 51 with value: -6.732902526855469.
[I 2023-06-27 23:22:25,220] Trial 98 finished with value: 0.22455914318561554 and parameters: {'dim': 300, 'lam': 6.541826783135127e-06, 'clip': 0.03817877425524088}. Best is trial 51 with value: -6.732902526855469.
[I 2023-06-27 23:22:28,677] Trial 99 finished with value: 0.23960986733436584 and parameters: {'dim': 220, 'lam': 4.565485169417233e-06, 'clip': 0.044008062403258164}. Best is trial 51 with value: -6.732902526855469.
[I 2023-06-27 23:22:28,678] A new study created in memory with name: no-name-78f153b5-f2a6-4851-9058-0f2eaea4270c
[I 2023-06-27 23:22:35,861] Trial 0 finished with value: 0.5377450585365295 and parameters: {'dim': 160, 'lam': 1.6446065275957023e-06}. Best is trial 0 with value: 0.5377450585365295.
[I 2023-06-27 23:22:43,262] Trial 1 finished with value: 0.4975960850715637 and parameters: {'dim': 200, 'lam': 0.00039623934509489786}. Best is trial 1 with value: 0.4975960850715637.
[I 2023-06-27 23:22:51,082] Trial 2 finished with value: 0.4955768585205078 and parameters: {'dim': 300, 'lam': 9.0434687584544e-05}. Best is trial 2 with value: 0.4955768585205078.
[I 2023-06-27 23:22:57,804] Trial 3 finished with value: 0.5055786967277527 and parameters: {'dim': 100, 'lam': 0.0001759084877577381}. Best is trial 2 with value: 0.4955768585205078.
[I 2023-06-27 23:23:05,086] Trial 4 finished with value: 0.5214170813560486 and parameters: {'dim': 200, 'lam': 2.8268172016846276e-07}. Best is trial 2 with value: 0.4955768585205078.
[I 2023-06-27 23:23:12,723] Trial 5 finished with value: 0.5093283653259277 and parameters: {'dim': 240, 'lam': 3.7613579709541974e-05}. Best is trial 2 with value: 0.4955768585205078.
[I 2023-06-27 23:23:19,854] Trial 6 finished with value: 0.5316359400749207 and parameters: {'dim': 180, 'lam': 2.6578145738156415e-06}. Best is trial 2 with value: 0.4955768585205078.
[I 2023-06-27 23:23:27,402] Trial 7 finished with value: 0.5159387588500977 and parameters: {'dim': 240, 'lam': 4.0540197671718077e-07}. Best is trial 2 with value: 0.4955768585205078.
[I 2023-06-27 23:23:35,401] Trial 8 finished with value: 0.5014039874076843 and parameters: {'dim': 300, 'lam': 2.841330410049534e-05}. Best is trial 2 with value: 0.4955768585205078.
[I 2023-06-27 23:23:42,322] Trial 9 finished with value: 0.534862756729126 and parameters: {'dim': 100, 'lam': 1.040121605425554e-06}. Best is trial 2 with value: 0.4955768585205078.
[I 2023-06-27 23:23:50,286] Trial 10 finished with value: 0.5003241300582886 and parameters: {'dim': 300, 'lam': 0.0005387055008103203}. Best is trial 2 with value: 0.4955768585205078.
[I 2023-06-27 23:23:57,930] Trial 11 finished with value: 0.5083508491516113 and parameters: {'dim': 240, 'lam': 0.0006864869034585338}. Best is trial 2 with value: 0.4955768585205078.
[I 2023-06-27 23:24:04,861] Trial 12 finished with value: 0.4981384575366974 and parameters: {'dim': 140, 'lam': 0.00011329592048501328}. Best is trial 2 with value: 0.4955768585205078.
[I 2023-06-27 23:24:12,479] Trial 13 finished with value: 0.5051915645599365 and parameters: {'dim': 260, 'lam': 1.468888768476555e-05}. Best is trial 2 with value: 0.4955768585205078.
[I 2023-06-27 23:24:19,934] Trial 14 finished with value: 0.5001782774925232 and parameters: {'dim': 200, 'lam': 0.00014112782670477861}. Best is trial 2 with value: 0.4955768585205078.
[I 2023-06-27 23:24:27,626] Trial 15 finished with value: 0.5124762654304504 and parameters: {'dim': 280, 'lam': 0.0007995220779560548}. Best is trial 2 with value: 0.4955768585205078.
[I 2023-06-27 23:24:34,768] Trial 16 finished with value: 0.510137140750885 and parameters: {'dim': 140, 'lam': 7.019663087374097e-06}. Best is trial 2 with value: 0.4955768585205078.
[I 2023-06-27 23:24:42,307] Trial 17 finished with value: 0.493899941444397 and parameters: {'dim': 220, 'lam': 5.092645076892247e-05}. Best is trial 17 with value: 0.493899941444397.
[I 2023-06-27 23:24:49,910] Trial 18 finished with value: 0.4986354410648346 and parameters: {'dim': 260, 'lam': 5.336912124986727e-05}. Best is trial 17 with value: 0.493899941444397.
[I 2023-06-27 23:24:57,414] Trial 19 finished with value: 0.4984300136566162 and parameters: {'dim': 220, 'lam': 8.720458922318632e-06}. Best is trial 17 with value: 0.493899941444397.
[I 2023-06-27 23:25:05,122] Trial 20 finished with value: 0.480732262134552 and parameters: {'dim': 280, 'lam': 7.538788362361388e-05}. Best is trial 20 with value: 0.480732262134552.
[I 2023-06-27 23:25:12,835] Trial 21 finished with value: 0.4798336327075958 and parameters: {'dim': 280, 'lam': 5.8316768782457544e-05}. Best is trial 21 with value: 0.4798336327075958.
[I 2023-06-27 23:25:20,538] Trial 22 finished with value: 0.4772306978702545 and parameters: {'dim': 280, 'lam': 2.2235335945450518e-05}. Best is trial 22 with value: 0.4772306978702545.
[I 2023-06-27 23:25:28,317] Trial 23 finished with value: 0.4770856201648712 and parameters: {'dim': 280, 'lam': 2.0609128917326218e-05}. Best is trial 23 with value: 0.4770856201648712.
[I 2023-06-27 23:25:36,123] Trial 24 finished with value: 0.4767468273639679 and parameters: {'dim': 280, 'lam': 1.694862740455657e-05}. Best is trial 24 with value: 0.4767468273639679.
[I 2023-06-27 23:25:43,747] Trial 25 finished with value: 0.5042413473129272 and parameters: {'dim': 260, 'lam': 1.8451155117255083e-05}. Best is trial 24 with value: 0.4767468273639679.
[I 2023-06-27 23:25:51,634] Trial 26 finished with value: 0.47568148374557495 and parameters: {'dim': 280, 'lam': 6.239477634970242e-06}. Best is trial 26 with value: 0.47568148374557495.
[I 2023-06-27 23:25:59,299] Trial 27 finished with value: 0.5082512497901917 and parameters: {'dim': 260, 'lam': 4.942247907850066e-06}. Best is trial 26 with value: 0.47568148374557495.
[I 2023-06-27 23:26:07,136] Trial 28 finished with value: 0.5047397613525391 and parameters: {'dim': 300, 'lam': 1.3087521423959838e-05}. Best is trial 26 with value: 0.47568148374557495.
[I 2023-06-27 23:26:14,967] Trial 29 finished with value: 0.47544416785240173 and parameters: {'dim': 280, 'lam': 3.866042790860061e-06}. Best is trial 29 with value: 0.47544416785240173.
[I 2023-06-27 23:26:22,379] Trial 30 finished with value: 0.4995180368423462 and parameters: {'dim': 220, 'lam': 3.832115665231629e-06}. Best is trial 29 with value: 0.47544416785240173.
[I 2023-06-27 23:26:30,371] Trial 31 finished with value: 0.47587326169013977 and parameters: {'dim': 280, 'lam': 8.12846748155777e-06}. Best is trial 29 with value: 0.47544416785240173.
[I 2023-06-27 23:26:38,505] Trial 32 finished with value: 0.507870078086853 and parameters: {'dim': 260, 'lam': 5.983884911808373e-06}. Best is trial 29 with value: 0.47544416785240173.
[I 2023-06-27 23:26:47,737] Trial 33 finished with value: 0.5084264278411865 and parameters: {'dim': 300, 'lam': 2.228350942349243e-06}. Best is trial 29 with value: 0.47544416785240173.
[I 2023-06-27 23:26:55,560] Trial 34 finished with value: 0.4759334921836853 and parameters: {'dim': 280, 'lam': 8.722636636662012e-06}. Best is trial 29 with value: 0.47544416785240173.
[I 2023-06-27 23:27:03,201] Trial 35 finished with value: 0.51329505443573 and parameters: {'dim': 240, 'lam': 9.960834124416939e-06}. Best is trial 29 with value: 0.47544416785240173.
[I 2023-06-27 23:27:10,952] Trial 36 finished with value: 0.5078279972076416 and parameters: {'dim': 300, 'lam': 3.6691887049222864e-06}. Best is trial 29 with value: 0.47544416785240173.
[I 2023-06-27 23:27:18,246] Trial 37 finished with value: 0.5322320461273193 and parameters: {'dim': 180, 'lam': 1.4738989930214628e-06}. Best is trial 29 with value: 0.47544416785240173.
[I 2023-06-27 23:27:25,925] Trial 38 finished with value: 0.5138078927993774 and parameters: {'dim': 240, 'lam': 7.5826861535763715e-06}. Best is trial 29 with value: 0.47544416785240173.
[I 2023-06-27 23:27:33,651] Trial 39 finished with value: 0.5089215040206909 and parameters: {'dim': 260, 'lam': 3.2251399580103865e-06}. Best is trial 29 with value: 0.47544416785240173.
[I 2023-06-27 23:27:41,395] Trial 40 finished with value: 0.4751974642276764 and parameters: {'dim': 280, 'lam': 1.2549879585084925e-06}. Best is trial 40 with value: 0.4751974642276764.
[I 2023-06-27 23:27:49,033] Trial 41 finished with value: 0.4752037823200226 and parameters: {'dim': 280, 'lam': 1.3250185634357283e-06}. Best is trial 40 with value: 0.4751974642276764.
[I 2023-06-27 23:27:56,849] Trial 42 finished with value: 0.5090505480766296 and parameters: {'dim': 300, 'lam': 8.774200288673979e-07}. Best is trial 40 with value: 0.4751974642276764.
[I 2023-06-27 23:28:04,658] Trial 43 finished with value: 0.4752545654773712 and parameters: {'dim': 280, 'lam': 1.8808265271703327e-06}. Best is trial 40 with value: 0.4751974642276764.
[I 2023-06-27 23:28:12,415] Trial 44 finished with value: 0.5095383524894714 and parameters: {'dim': 260, 'lam': 1.7907074177384604e-06}. Best is trial 40 with value: 0.4751974642276764.
[I 2023-06-27 23:28:20,076] Trial 45 finished with value: 0.5158258676528931 and parameters: {'dim': 240, 'lam': 6.484864934929338e-07}. Best is trial 40 with value: 0.4751974642276764.
