[I 2023-06-27 22:42:19,190] Trial 33 finished with value: 162.23239135742188 and parameters: {'dim': 200, 'lam': 0.0006339404367899902, 'beta': 9.995420494907874}. Best is trial 18 with value: 150.22637939453125.
[I 2023-06-27 22:42:26,950] Trial 34 finished with value: 158.158447265625 and parameters: {'dim': 260, 'lam': 0.00031115647610128794, 'beta': 8.476565491230057}. Best is trial 18 with value: 150.22637939453125.
[I 2023-06-27 22:42:34,095] Trial 35 finished with value: 159.2901611328125 and parameters: {'dim': 180, 'lam': 0.0005992094444037227, 'beta': 7.989193932663971}. Best is trial 18 with value: 150.22637939453125.
[I 2023-06-27 22:42:41,729] Trial 36 finished with value: 155.7591094970703 and parameters: {'dim': 240, 'lam': 0.00017480942624649182, 'beta': 9.33468081731934}. Best is trial 18 with value: 150.22637939453125.
[I 2023-06-27 22:42:48,991] Trial 37 finished with value: 167.5408477783203 and parameters: {'dim': 160, 'lam': 0.0007226900938167582, 'beta': 8.625951264998747}. Best is trial 18 with value: 150.22637939453125.
[I 2023-06-27 22:42:56,889] Trial 38 finished with value: 153.97190856933594 and parameters: {'dim': 280, 'lam': 0.0003957333503446789, 'beta': 9.463542687930309}. Best is trial 18 with value: 150.22637939453125.
[I 2023-06-27 22:43:04,583] Trial 39 finished with value: 150.33236694335938 and parameters: {'dim': 220, 'lam': 0.00014883138861635815, 'beta': 9.92229680211249}. Best is trial 18 with value: 150.22637939453125.
[I 2023-06-27 22:43:12,112] Trial 40 finished with value: 162.5655059814453 and parameters: {'dim': 200, 'lam': 0.00010791205554054844, 'beta': 9.905382004029795}. Best is trial 18 with value: 150.22637939453125.
[I 2023-06-27 22:43:19,652] Trial 41 finished with value: 150.3583984375 and parameters: {'dim': 220, 'lam': 0.00018209943312812258, 'beta': 8.873064471593974}. Best is trial 18 with value: 150.22637939453125.
[I 2023-06-27 22:43:27,148] Trial 42 finished with value: 150.31915283203125 and parameters: {'dim': 220, 'lam': 0.0002753411464542458, 'beta': 9.428644518693536}. Best is trial 18 with value: 150.22637939453125.
[I 2023-06-27 22:43:34,835] Trial 43 finished with value: 155.67576599121094 and parameters: {'dim': 240, 'lam': 0.0005294690741705509, 'beta': 9.419804692119541}. Best is trial 18 with value: 150.22637939453125.
[I 2023-06-27 22:43:42,326] Trial 44 finished with value: 162.59947204589844 and parameters: {'dim': 200, 'lam': 5.892822092851422e-05, 'beta': 9.988337711212257}. Best is trial 18 with value: 150.22637939453125.
[I 2023-06-27 22:43:50,054] Trial 45 finished with value: 157.86306762695312 and parameters: {'dim': 260, 'lam': 0.0008242239399366542, 'beta': 9.548555400718222}. Best is trial 18 with value: 150.22637939453125.
[I 2023-06-27 22:43:57,441] Trial 46 finished with value: 167.88587951660156 and parameters: {'dim': 160, 'lam': 0.00014681568188529178, 'beta': 9.033249859277747}. Best is trial 18 with value: 150.22637939453125.
[I 2023-06-27 22:44:04,808] Trial 47 finished with value: 159.11769104003906 and parameters: {'dim': 180, 'lam': 0.0009929928473346077, 'beta': 7.9215979900676805}. Best is trial 18 with value: 150.22637939453125.
[I 2023-06-27 22:44:12,323] Trial 48 finished with value: 155.74099731445312 and parameters: {'dim': 240, 'lam': 0.00021494181139095547, 'beta': 9.613210439206247}. Best is trial 18 with value: 150.22637939453125.
[I 2023-06-27 22:44:19,958] Trial 49 finished with value: 154.02239990234375 and parameters: {'dim': 280, 'lam': 0.0003581415913117461, 'beta': 8.20717070092343}. Best is trial 18 with value: 150.22637939453125.
[I 2023-06-27 22:44:27,396] Trial 50 finished with value: 150.37135314941406 and parameters: {'dim': 220, 'lam': 0.00013737447012030407, 'beta': 8.848569381325513}. Best is trial 18 with value: 150.22637939453125.
[I 2023-06-27 22:44:34,815] Trial 51 finished with value: 150.34317016601562 and parameters: {'dim': 220, 'lam': 0.000293365711554943, 'beta': 8.574190995955028}. Best is trial 18 with value: 150.22637939453125.
[I 2023-06-27 22:44:42,059] Trial 52 finished with value: 162.3605499267578 and parameters: {'dim': 200, 'lam': 0.00046033560011597257, 'beta': 9.368922799435895}. Best is trial 18 with value: 150.22637939453125.
[I 2023-06-27 22:44:49,475] Trial 53 finished with value: 150.309814453125 and parameters: {'dim': 220, 'lam': 0.0002346946754070456, 'beta': 9.985967047175727}. Best is trial 18 with value: 150.22637939453125.
[I 2023-06-27 22:44:57,083] Trial 54 finished with value: 155.72515869140625 and parameters: {'dim': 240, 'lam': 0.00022925864660849784, 'beta': 9.985625381534486}. Best is trial 18 with value: 150.22637939453125.
[I 2023-06-27 22:45:04,720] Trial 55 finished with value: 157.9102020263672 and parameters: {'dim': 260, 'lam': 0.0007286879024159255, 'beta': 9.545578710798786}. Best is trial 18 with value: 150.22637939453125.
[I 2023-06-27 22:45:12,149] Trial 56 finished with value: 150.30044555664062 and parameters: {'dim': 220, 'lam': 0.0003977945376226817, 'beta': 9.145556235916128}. Best is trial 18 with value: 150.22637939453125.
[I 2023-06-27 22:45:19,869] Trial 57 finished with value: 162.2506103515625 and parameters: {'dim': 200, 'lam': 0.0006504253289037654, 'beta': 9.150287127005965}. Best is trial 18 with value: 150.22637939453125.
[I 2023-06-27 22:45:27,627] Trial 58 finished with value: 155.74330139160156 and parameters: {'dim': 240, 'lam': 0.0004010232869701299, 'beta': 8.25752387796129}. Best is trial 18 with value: 150.22637939453125.
[I 2023-06-27 22:45:35,095] Trial 59 finished with value: 162.1071319580078 and parameters: {'dim': 200, 'lam': 0.000904009796439589, 'beta': 8.921884047424363}. Best is trial 18 with value: 150.22637939453125.
[I 2023-06-27 22:45:42,676] Trial 60 finished with value: 150.33592224121094 and parameters: {'dim': 220, 'lam': 0.0004654076222385853, 'beta': 7.654802335962527}. Best is trial 18 with value: 150.22637939453125.
[I 2023-06-27 22:45:50,317] Trial 61 finished with value: 150.3241729736328 and parameters: {'dim': 220, 'lam': 0.0002144387889863748, 'beta': 9.702205763426484}. Best is trial 18 with value: 150.22637939453125.
[I 2023-06-27 22:45:57,916] Trial 62 finished with value: 150.32229614257812 and parameters: {'dim': 220, 'lam': 0.00022827115542488455, 'beta': 9.655641502239485}. Best is trial 18 with value: 150.22637939453125.
[I 2023-06-27 22:46:05,551] Trial 63 finished with value: 155.726318359375 and parameters: {'dim': 240, 'lam': 0.0003256430082065706, 'beta': 9.293275708906224}. Best is trial 18 with value: 150.22637939453125.
[I 2023-06-27 22:46:13,055] Trial 64 finished with value: 162.6298370361328 and parameters: {'dim': 200, 'lam': 6.848429414517179e-05, 'beta': 8.826443686772759}. Best is trial 18 with value: 150.22637939453125.
[I 2023-06-27 22:46:20,497] Trial 65 finished with value: 150.3169403076172 and parameters: {'dim': 220, 'lam': 0.00025128828762681176, 'beta': 9.66031002523121}. Best is trial 18 with value: 150.22637939453125.
[I 2023-06-27 22:46:27,470] Trial 66 finished with value: 167.33518981933594 and parameters: {'dim': 100, 'lam': 0.0005615720679318009, 'beta': 9.185929576065977}. Best is trial 18 with value: 150.22637939453125.
[I 2023-06-27 22:46:34,848] Trial 67 finished with value: 150.39500427246094 and parameters: {'dim': 220, 'lam': 0.000110055772605418, 'beta': 8.405704368231415}. Best is trial 18 with value: 150.22637939453125.
[I 2023-06-27 22:46:41,572] Trial 68 finished with value: 163.30455017089844 and parameters: {'dim': 120, 'lam': 0.000383075998665684, 'beta': 8.811754804975255}. Best is trial 18 with value: 150.22637939453125.
[I 2023-06-27 22:46:48,483] Trial 69 finished with value: 159.17916870117188 and parameters: {'dim': 180, 'lam': 0.0007239331746328515, 'beta': 9.634920044756512}. Best is trial 18 with value: 150.22637939453125.
[I 2023-06-27 22:46:55,761] Trial 70 finished with value: 155.7427978515625 and parameters: {'dim': 240, 'lam': 0.00026360093106121295, 'beta': 9.216670539457851}. Best is trial 18 with value: 150.22637939453125.
[I 2023-06-27 22:47:03,355] Trial 71 finished with value: 150.33370971679688 and parameters: {'dim': 220, 'lam': 0.00018367527408867193, 'beta': 9.61212937619095}. Best is trial 18 with value: 150.22637939453125.
[I 2023-06-27 22:47:10,984] Trial 72 finished with value: 150.31771850585938 and parameters: {'dim': 220, 'lam': 0.0002487185127279721, 'beta': 9.650314943111383}. Best is trial 18 with value: 150.22637939453125.
[I 2023-06-27 22:47:18,365] Trial 73 finished with value: 162.33734130859375 and parameters: {'dim': 200, 'lam': 0.0005008890629348411, 'beta': 9.299995303688126}. Best is trial 18 with value: 150.22637939453125.
[I 2023-06-27 22:47:25,854] Trial 74 finished with value: 150.33932495117188 and parameters: {'dim': 220, 'lam': 0.0002865379892167939, 'beta': 8.738606802459401}. Best is trial 18 with value: 150.22637939453125.
[I 2023-06-27 22:47:33,473] Trial 75 finished with value: 155.7540283203125 and parameters: {'dim': 240, 'lam': 0.00012809373564301959, 'beta': 9.798444752700888}. Best is trial 18 with value: 150.22637939453125.
[I 2023-06-27 22:47:40,983] Trial 76 finished with value: 162.42076110839844 and parameters: {'dim': 200, 'lam': 0.0003802772656836208, 'beta': 9.040412303633158}. Best is trial 18 with value: 150.22637939453125.
[I 2023-06-27 22:47:48,439] Trial 77 finished with value: 150.2171630859375 and parameters: {'dim': 220, 'lam': 0.0007620261759353806, 'beta': 9.410298034983951}. Best is trial 77 with value: 150.2171630859375.
[I 2023-06-27 22:47:55,977] Trial 78 finished with value: 150.20936584472656 and parameters: {'dim': 220, 'lam': 0.0009690040748836961, 'beta': 8.415694184604709}. Best is trial 78 with value: 150.20936584472656.
[I 2023-06-27 22:48:03,810] Trial 79 finished with value: 155.6251678466797 and parameters: {'dim': 240, 'lam': 0.0009986058917696061, 'beta': 7.822600809717672}. Best is trial 78 with value: 150.20936584472656.
[I 2023-06-27 22:48:11,328] Trial 80 finished with value: 162.22097778320312 and parameters: {'dim': 200, 'lam': 0.0007560030581518448, 'beta': 8.157124833169574}. Best is trial 78 with value: 150.20936584472656.
[I 2023-06-27 22:48:18,988] Trial 81 finished with value: 150.28404235839844 and parameters: {'dim': 220, 'lam': 0.0005941304843293692, 'beta': 8.397461155692978}. Best is trial 78 with value: 150.20936584472656.
[I 2023-06-27 22:48:26,581] Trial 82 finished with value: 150.296630859375 and parameters: {'dim': 220, 'lam': 0.0005437037464596117, 'beta': 8.348210311055228}. Best is trial 78 with value: 150.20936584472656.
[I 2023-06-27 22:48:34,110] Trial 83 finished with value: 155.69859313964844 and parameters: {'dim': 240, 'lam': 0.0005661622215220854, 'beta': 8.477061134013063}. Best is trial 78 with value: 150.20936584472656.
[I 2023-06-27 22:48:41,664] Trial 84 finished with value: 150.2992401123047 and parameters: {'dim': 220, 'lam': 0.0006714998815109292, 'beta': 7.48292654011882}. Best is trial 78 with value: 150.20936584472656.
[I 2023-06-27 22:48:49,148] Trial 85 finished with value: 150.29685974121094 and parameters: {'dim': 220, 'lam': 0.0007234628579738031, 'beta': 7.232488491793911}. Best is trial 78 with value: 150.20936584472656.
[I 2023-06-27 22:48:56,661] Trial 86 finished with value: 150.25172424316406 and parameters: {'dim': 220, 'lam': 0.0008145396866336292, 'beta': 8.044522832408097}. Best is trial 78 with value: 150.20936584472656.
[I 2023-06-27 22:49:04,257] Trial 87 finished with value: 162.2153778076172 and parameters: {'dim': 200, 'lam': 0.0008141797512368063, 'beta': 7.264924228457943}. Best is trial 78 with value: 150.20936584472656.
[I 2023-06-27 22:49:11,837] Trial 88 finished with value: 155.72695922851562 and parameters: {'dim': 240, 'lam': 0.0006641874058936248, 'beta': 6.930473291434127}. Best is trial 78 with value: 150.20936584472656.
[I 2023-06-27 22:49:19,509] Trial 89 finished with value: 157.92257690429688 and parameters: {'dim': 260, 'lam': 0.0008268176964308285, 'beta': 7.708909900858957}. Best is trial 78 with value: 150.20936584472656.
[I 2023-06-27 22:49:26,923] Trial 90 finished with value: 150.30178833007812 and parameters: {'dim': 220, 'lam': 0.0005567895451805435, 'beta': 8.108428159915796}. Best is trial 78 with value: 150.20936584472656.
[I 2023-06-27 22:49:34,491] Trial 91 finished with value: 150.32736206054688 and parameters: {'dim': 220, 'lam': 0.00046493702573162756, 'beta': 7.9176851059539075}. Best is trial 78 with value: 150.20936584472656.
[I 2023-06-27 22:49:42,044] Trial 92 finished with value: 150.30020141601562 and parameters: {'dim': 220, 'lam': 0.0006681565197469682, 'beta': 7.477373882338045}. Best is trial 78 with value: 150.20936584472656.
[I 2023-06-27 22:49:49,655] Trial 93 finished with value: 150.23138427734375 and parameters: {'dim': 220, 'lam': 0.0009936508291965526, 'beta': 7.571691262950997}. Best is trial 78 with value: 150.20936584472656.
[I 2023-06-27 22:49:57,089] Trial 94 finished with value: 162.08792114257812 and parameters: {'dim': 200, 'lam': 0.000982791852246188, 'beta': 8.053462596201316}. Best is trial 78 with value: 150.20936584472656.
[I 2023-06-27 22:50:04,541] Trial 95 finished with value: 155.64266967773438 and parameters: {'dim': 240, 'lam': 0.0008398158959799577, 'beta': 8.353470652611376}. Best is trial 78 with value: 150.20936584472656.
[I 2023-06-27 22:50:12,110] Trial 96 finished with value: 150.3034210205078 and parameters: {'dim': 220, 'lam': 0.0006080491987723377, 'beta': 7.726438475685312}. Best is trial 78 with value: 150.20936584472656.
[I 2023-06-27 22:50:19,548] Trial 97 finished with value: 162.25714111328125 and parameters: {'dim': 200, 'lam': 0.0007379414842041114, 'beta': 7.38727322925537}. Best is trial 78 with value: 150.20936584472656.
[I 2023-06-27 22:50:27,127] Trial 98 finished with value: 150.24600219726562 and parameters: {'dim': 220, 'lam': 0.000997344589338756, 'beta': 7.105738545445702}. Best is trial 78 with value: 150.20936584472656.
[I 2023-06-27 22:50:34,782] Trial 99 finished with value: 155.76437377929688 and parameters: {'dim': 240, 'lam': 0.0004932908611721793, 'beta': 6.992422153411966}. Best is trial 78 with value: 150.20936584472656.
[I 2023-06-27 22:50:34,783] A new study created in memory with name: no-name-5e04e61b-d508-427b-ad18-ccc9b5d027c2
[I 2023-06-27 22:50:38,788] Trial 0 finished with value: 0.20794111490249634 and parameters: {'dim': 220, 'lam': 1.0663950918693558e-06, 'clip': 0.14128215839902242}. Best is trial 0 with value: 0.20794111490249634.
[I 2023-06-27 22:50:42,621] Trial 1 finished with value: 0.40566498041152954 and parameters: {'dim': 220, 'lam': 4.1643026075168776e-07, 'clip': 0.06733394978752932}. Best is trial 0 with value: 0.20794111490249634.
[I 2023-06-27 22:50:46,748] Trial 2 finished with value: 0.38417989015579224 and parameters: {'dim': 240, 'lam': 2.460008884580277e-07, 'clip': 0.06681031424652312}. Best is trial 0 with value: 0.20794111490249634.
[I 2023-06-27 22:50:50,722] Trial 3 finished with value: 0.1840185523033142 and parameters: {'dim': 280, 'lam': 1.9688192136047403e-06, 'clip': 0.13073018053352287}. Best is trial 3 with value: 0.1840185523033142.
[I 2023-06-27 22:50:54,750] Trial 4 finished with value: 0.4179816246032715 and parameters: {'dim': 140, 'lam': 6.863550112604971e-05, 'clip': 0.15779297026897743}. Best is trial 3 with value: 0.1840185523033142.
[I 2023-06-27 22:50:58,564] Trial 5 finished with value: 0.0861065685749054 and parameters: {'dim': 220, 'lam': 5.700571675623172e-07, 'clip': 0.4238015052391161}. Best is trial 5 with value: 0.0861065685749054.
[I 2023-06-27 22:51:02,573] Trial 6 finished with value: 0.15901309251785278 and parameters: {'dim': 140, 'lam': 1.4626812075994071e-05, 'clip': 0.4400326951220269}. Best is trial 5 with value: 0.0861065685749054.
[I 2023-06-27 22:51:06,514] Trial 7 finished with value: 0.19867055118083954 and parameters: {'dim': 160, 'lam': 1.68342134192416e-05, 'clip': 0.27844623632949445}. Best is trial 5 with value: 0.0861065685749054.
[I 2023-06-27 22:51:10,327] Trial 8 finished with value: 0.4563482999801636 and parameters: {'dim': 200, 'lam': 0.0005773229940268383, 'clip': 0.48869098939772393}. Best is trial 5 with value: 0.0861065685749054.
[I 2023-06-27 22:51:14,224] Trial 9 finished with value: 0.08314462751150131 and parameters: {'dim': 300, 'lam': 3.314868023081752e-06, 'clip': 0.345002134580588}. Best is trial 9 with value: 0.08314462751150131.
[I 2023-06-27 22:51:18,192] Trial 10 finished with value: 0.0853784903883934 and parameters: {'dim': 280, 'lam': 2.82083192089983e-06, 'clip': 0.35174407780604827}. Best is trial 9 with value: 0.08314462751150131.
[I 2023-06-27 22:51:22,165] Trial 11 finished with value: 0.08623120188713074 and parameters: {'dim': 300, 'lam': 3.3462626182076164e-06, 'clip': 0.32764180110044583}. Best is trial 9 with value: 0.08314462751150131.
[I 2023-06-27 22:51:26,083] Trial 12 finished with value: 0.07939419150352478 and parameters: {'dim': 280, 'lam': 1.046305058952661e-07, 'clip': 0.34639346480516864}. Best is trial 12 with value: 0.07939419150352478.
[I 2023-06-27 22:51:29,645] Trial 13 finished with value: 0.0981023982167244 and parameters: {'dim': 300, 'lam': 1.1452889618821968e-07, 'clip': 0.2450948897612367}. Best is trial 12 with value: 0.07939419150352478.
[I 2023-06-27 22:51:33,488] Trial 14 finished with value: 0.08318836241960526 and parameters: {'dim': 260, 'lam': 1.1812501775776919e-07, 'clip': 0.36009596460364035}. Best is trial 12 with value: 0.07939419150352478.
[I 2023-06-27 22:51:37,137] Trial 15 finished with value: 0.2737468481063843 and parameters: {'dim': 100, 'lam': 6.877215408929627e-07, 'clip': 0.2602471736166294}. Best is trial 12 with value: 0.07939419150352478.
[I 2023-06-27 22:51:41,063] Trial 16 finished with value: 0.09246018528938293 and parameters: {'dim': 260, 'lam': 6.510540328917063e-06, 'clip': 0.4031498024022824}. Best is trial 12 with value: 0.07939419150352478.
[I 2023-06-27 22:51:45,143] Trial 17 finished with value: 0.05750444158911705 and parameters: {'dim': 300, 'lam': 2.414809873472046e-07, 'clip': 0.4991377393038001}. Best is trial 17 with value: 0.05750444158911705.
[I 2023-06-27 22:51:48,806] Trial 18 finished with value: 0.0971379354596138 and parameters: {'dim': 180, 'lam': 1.943493108344282e-07, 'clip': 0.48975714900339956}. Best is trial 17 with value: 0.05750444158911705.
[I 2023-06-27 22:51:52,710] Trial 19 finished with value: 0.07140342146158218 and parameters: {'dim': 260, 'lam': 3.025400756753697e-07, 'clip': 0.448559885955278}. Best is trial 17 with value: 0.05750444158911705.
[I 2023-06-27 22:51:56,541] Trial 20 finished with value: 0.06732802838087082 and parameters: {'dim': 260, 'lam': 3.931329699504621e-07, 'clip': 0.49100293247226884}. Best is trial 17 with value: 0.05750444158911705.
[I 2023-06-27 22:52:00,585] Trial 21 finished with value: 0.0671846941113472 and parameters: {'dim': 260, 'lam': 3.1361897523794216e-07, 'clip': 0.4903803187018345}. Best is trial 17 with value: 0.05750444158911705.
[I 2023-06-27 22:52:04,230] Trial 22 finished with value: 0.07350724935531616 and parameters: {'dim': 240, 'lam': 1.0010100622092797e-06, 'clip': 0.4941934927266893}. Best is trial 17 with value: 0.05750444158911705.
[I 2023-06-27 22:52:08,335] Trial 23 finished with value: 0.07522819191217422 and parameters: {'dim': 240, 'lam': 2.5206759590599556e-07, 'clip': 0.46058534612567364}. Best is trial 17 with value: 0.05750444158911705.
[I 2023-06-27 22:52:12,144] Trial 24 finished with value: 0.070757657289505 and parameters: {'dim': 280, 'lam': 4.939670554521932e-07, 'clip': 0.4117254630222717}. Best is trial 17 with value: 0.05750444158911705.
[I 2023-06-27 22:52:16,209] Trial 25 finished with value: 0.06915079802274704 and parameters: {'dim': 260, 'lam': 1.3580920620794656e-06, 'clip': 0.49788153230761323}. Best is trial 17 with value: 0.05750444158911705.
[I 2023-06-27 22:52:20,196] Trial 26 finished with value: 0.06882837414741516 and parameters: {'dim': 300, 'lam': 6.944798394465023e-07, 'clip': 0.3971302731245709}. Best is trial 17 with value: 0.05750444158911705.
[I 2023-06-27 22:52:24,198] Trial 27 finished with value: 0.09353012591600418 and parameters: {'dim': 200, 'lam': 3.329457917958465e-07, 'clip': 0.45211502353491906}. Best is trial 17 with value: 0.05750444158911705.
[I 2023-06-27 22:52:28,305] Trial 28 finished with value: 0.07476012408733368 and parameters: {'dim': 240, 'lam': 1.6406695566616725e-07, 'clip': 0.46283743642420533}. Best is trial 17 with value: 0.05750444158911705.
[I 2023-06-27 22:52:32,268] Trial 29 finished with value: 0.07462780922651291 and parameters: {'dim': 280, 'lam': 8.747436966549884e-07, 'clip': 0.3895953247466209}. Best is trial 17 with value: 0.05750444158911705.
[I 2023-06-27 22:52:36,277] Trial 30 finished with value: 0.08609052002429962 and parameters: {'dim': 220, 'lam': 1.2528429261346865e-06, 'clip': 0.43558197674432064}. Best is trial 17 with value: 0.05750444158911705.
[I 2023-06-27 22:52:40,274] Trial 31 finished with value: 0.06065519154071808 and parameters: {'dim': 300, 'lam': 4.401521249558527e-07, 'clip': 0.4680158784256273}. Best is trial 17 with value: 0.05750444158911705.
[I 2023-06-27 22:52:44,149] Trial 32 finished with value: 0.05988696590065956 and parameters: {'dim': 300, 'lam': 4.160509591745955e-07, 'clip': 0.47598927805706465}. Best is trial 17 with value: 0.05750444158911705.
[I 2023-06-27 22:52:48,248] Trial 33 finished with value: 0.060102250427007675 and parameters: {'dim': 300, 'lam': 2.0818032727066686e-07, 'clip': 0.46732104764343285}. Best is trial 17 with value: 0.05750444158911705.
[I 2023-06-27 22:52:52,311] Trial 34 finished with value: 0.06103891134262085 and parameters: {'dim': 300, 'lam': 2.0260673823128506e-07, 'clip': 0.4570058244292578}. Best is trial 17 with value: 0.05750444158911705.
