[I 2023-06-27 00:07:31,400] Trial 99 finished with value: 0.25041505694389343 and parameters: {'dim': 180, 'lam': 0.0008034513134687532, 'weight': 0.9440057443628631}. Best is trial 58 with value: 0.2500005066394806.
[I 2023-06-27 00:07:31,401] A new study created in memory with name: no-name-e57c6545-9e15-403a-9f71-f11e9fd9b716
[I 2023-06-27 00:08:04,196] Trial 0 finished with value: 0.25 and parameters: {'dim': 280, 'lam': 0.0004835676624950049, 'clip': 0.4484084639148981}. Best is trial 0 with value: 0.25.
[I 2023-06-27 00:08:37,126] Trial 1 finished with value: 0.25 and parameters: {'dim': 240, 'lam': 0.0009124053531832323, 'clip': 0.07701124561560246}. Best is trial 0 with value: 0.25.
[I 2023-06-27 00:09:10,581] Trial 2 finished with value: 0.40373656153678894 and parameters: {'dim': 120, 'lam': 3.472418576422344e-05, 'clip': 0.3429061314306004}. Best is trial 0 with value: 0.25.
[I 2023-06-27 00:09:45,014] Trial 3 finished with value: 0.2500016987323761 and parameters: {'dim': 180, 'lam': 0.0006494609160029129, 'clip': 0.05173123363729726}. Best is trial 0 with value: 0.25.
[I 2023-06-27 00:10:18,179] Trial 4 finished with value: 0.4828772246837616 and parameters: {'dim': 200, 'lam': 0.00020740631904621424, 'clip': 0.02181959635495795}. Best is trial 0 with value: 0.25.
[I 2023-06-27 00:10:51,146] Trial 5 finished with value: 0.32442569732666016 and parameters: {'dim': 140, 'lam': 5.9908998447480524e-06, 'clip': 0.31659873855944276}. Best is trial 0 with value: 0.25.
[I 2023-06-27 00:11:23,000] Trial 6 finished with value: 0.28522932529449463 and parameters: {'dim': 160, 'lam': 4.293037526314562e-07, 'clip': 0.47590552563557925}. Best is trial 0 with value: 0.25.
[I 2023-06-27 00:11:56,997] Trial 7 finished with value: 0.25 and parameters: {'dim': 260, 'lam': 0.00045537925366480493, 'clip': 0.34640257036561556}. Best is trial 0 with value: 0.25.
[I 2023-06-27 00:12:30,287] Trial 8 finished with value: 0.2500000298023224 and parameters: {'dim': 180, 'lam': 0.0007399856324690817, 'clip': 0.11880657799826355}. Best is trial 0 with value: 0.25.
[I 2023-06-27 00:13:03,688] Trial 9 finished with value: 0.3697344958782196 and parameters: {'dim': 160, 'lam': 0.00012311433314495486, 'clip': 0.4021988710006347}. Best is trial 0 with value: 0.25.
[I 2023-06-27 00:13:36,771] Trial 10 finished with value: 0.45177948474884033 and parameters: {'dim': 300, 'lam': 1.6557500283904094e-05, 'clip': 0.19395774123081483}. Best is trial 0 with value: 0.25.
[I 2023-06-27 00:14:11,089] Trial 11 finished with value: 0.25 and parameters: {'dim': 260, 'lam': 0.0008995153362831069, 'clip': 0.20735551488533546}. Best is trial 0 with value: 0.25.
[I 2023-06-27 00:14:43,562] Trial 12 finished with value: 0.3787268102169037 and parameters: {'dim': 240, 'lam': 9.402731833504002e-05, 'clip': 0.48095228066678164}. Best is trial 0 with value: 0.25.
[I 2023-06-27 00:15:15,690] Trial 13 finished with value: 0.522304892539978 and parameters: {'dim': 300, 'lam': 0.0001273741092853221, 'clip': 0.26242099209944875}. Best is trial 0 with value: 0.25.
[I 2023-06-27 00:15:48,588] Trial 14 finished with value: 0.25 and parameters: {'dim': 240, 'lam': 0.0008961958467775077, 'clip': 0.12064588115515446}. Best is trial 0 with value: 0.25.
[I 2023-06-27 00:16:23,620] Trial 15 finished with value: 0.5362949967384338 and parameters: {'dim': 260, 'lam': 3.8244819792319236e-05, 'clip': 7.708076551482534e-06}. Best is trial 0 with value: 0.25.
[I 2023-06-27 00:16:56,695] Trial 16 finished with value: 0.25 and parameters: {'dim': 220, 'lam': 0.0003086427774024285, 'clip': 0.4176333419816658}. Best is trial 0 with value: 0.25.
[I 2023-06-27 00:17:29,539] Trial 17 finished with value: 0.29494643211364746 and parameters: {'dim': 280, 'lam': 0.00025167033870699415, 'clip': 0.26333009103706373}. Best is trial 0 with value: 0.25.
[I 2023-06-27 00:18:02,744] Trial 18 finished with value: 0.3387574851512909 and parameters: {'dim': 220, 'lam': 4.856340598260809e-06, 'clip': 0.08835252557221118}. Best is trial 0 with value: 0.25.
[I 2023-06-27 00:18:36,550] Trial 19 finished with value: 0.44730865955352783 and parameters: {'dim': 100, 'lam': 5.70443126450374e-05, 'clip': 0.1990840506216417}. Best is trial 0 with value: 0.25.
[I 2023-06-27 00:19:09,858] Trial 20 finished with value: 0.5148393511772156 and parameters: {'dim': 280, 'lam': 0.00020677305130459327, 'clip': 0.13464808733070394}. Best is trial 0 with value: 0.25.
[I 2023-06-27 00:19:42,551] Trial 21 finished with value: 0.25 and parameters: {'dim': 260, 'lam': 0.00038165379822679106, 'clip': 0.3558387454231905}. Best is trial 0 with value: 0.25.
[I 2023-06-27 00:20:16,415] Trial 22 finished with value: 0.25 and parameters: {'dim': 280, 'lam': 0.00039986152029700887, 'clip': 0.42207741944083466}. Best is trial 0 with value: 0.25.
[I 2023-06-27 00:20:49,264] Trial 23 finished with value: 0.25 and parameters: {'dim': 240, 'lam': 0.0009039378996796715, 'clip': 0.2963368818327614}. Best is trial 0 with value: 0.25.
[I 2023-06-27 00:21:21,970] Trial 24 finished with value: 0.25 and parameters: {'dim': 220, 'lam': 0.00047772294471289204, 'clip': 0.37154189282780903}. Best is trial 0 with value: 0.25.
[I 2023-06-27 00:21:55,082] Trial 25 finished with value: 0.2972654402256012 and parameters: {'dim': 300, 'lam': 0.0001659681982471794, 'clip': 0.44876819211713664}. Best is trial 0 with value: 0.25.
[I 2023-06-27 00:22:27,231] Trial 26 finished with value: 0.25 and parameters: {'dim': 260, 'lam': 0.0003556274620950907, 'clip': 0.3829900871435695}. Best is trial 0 with value: 0.25.
[I 2023-06-27 00:22:59,975] Trial 27 finished with value: 0.40259408950805664 and parameters: {'dim': 280, 'lam': 6.754600381757159e-05, 'clip': 0.49698378924994396}. Best is trial 0 with value: 0.25.
[I 2023-06-27 00:23:32,272] Trial 28 finished with value: 0.25 and parameters: {'dim': 240, 'lam': 0.00046904623521107515, 'clip': 0.324387026767018}. Best is trial 0 with value: 0.25.
[I 2023-06-27 00:24:05,400] Trial 29 finished with value: 0.45335227251052856 and parameters: {'dim': 200, 'lam': 9.642771640678221e-05, 'clip': 0.3487584883612896}. Best is trial 0 with value: 0.25.
[I 2023-06-27 00:24:38,636] Trial 30 finished with value: 0.27605175971984863 and parameters: {'dim': 260, 'lam': 0.00018148465715705093, 'clip': 0.43482062061454335}. Best is trial 0 with value: 0.25.
[I 2023-06-27 00:25:11,871] Trial 31 finished with value: 0.25 and parameters: {'dim': 260, 'lam': 0.0008404625555007639, 'clip': 0.22158826317823987}. Best is trial 0 with value: 0.25.
[I 2023-06-27 00:25:47,255] Trial 32 finished with value: 0.25 and parameters: {'dim': 280, 'lam': 0.0005563719625462603, 'clip': 0.38901267076009993}. Best is trial 0 with value: 0.25.
[I 2023-06-27 00:26:19,239] Trial 33 finished with value: 0.25 and parameters: {'dim': 240, 'lam': 0.0005944380713744445, 'clip': 0.29090342416786985}. Best is trial 0 with value: 0.25.
[I 2023-06-27 00:26:53,041] Trial 34 finished with value: 0.25 and parameters: {'dim': 220, 'lam': 0.0009947526887865113, 'clip': 0.06588349435312651}. Best is trial 0 with value: 0.25.
[I 2023-06-27 00:27:25,144] Trial 35 finished with value: 0.2503974735736847 and parameters: {'dim': 300, 'lam': 0.00026938269435484015, 'clip': 0.33006261245507956}. Best is trial 0 with value: 0.25.
[I 2023-06-27 00:27:57,775] Trial 36 finished with value: 0.345745712518692 and parameters: {'dim': 200, 'lam': 0.00026641585748862084, 'clip': 0.16709515758383994}. Best is trial 0 with value: 0.25.
[I 2023-06-27 00:28:31,274] Trial 37 finished with value: 0.25 and parameters: {'dim': 260, 'lam': 0.0005220279747475313, 'clip': 0.24240459374707746}. Best is trial 0 with value: 0.25.
[I 2023-06-27 00:29:04,496] Trial 38 finished with value: 0.25 and parameters: {'dim': 280, 'lam': 0.0006469052979669551, 'clip': 0.29727570485965393}. Best is trial 0 with value: 0.25.
[I 2023-06-27 00:29:37,884] Trial 39 finished with value: 0.5382653474807739 and parameters: {'dim': 180, 'lam': 0.00015928948261155552, 'clip': 0.0386353516231225}. Best is trial 0 with value: 0.25.
[I 2023-06-27 00:30:09,526] Trial 40 finished with value: 0.25 and parameters: {'dim': 240, 'lam': 0.0003279714439668426, 'clip': 0.4549520742966506}. Best is trial 0 with value: 0.25.
[I 2023-06-27 00:30:42,882] Trial 41 finished with value: 0.25 and parameters: {'dim': 240, 'lam': 0.0007938515227401398, 'clip': 0.11706370768618561}. Best is trial 0 with value: 0.25.
[I 2023-06-27 00:31:15,860] Trial 42 finished with value: 0.25 and parameters: {'dim': 260, 'lam': 0.0009616140080420188, 'clip': 0.16676065933879541}. Best is trial 0 with value: 0.25.
[I 2023-06-27 00:31:47,850] Trial 43 finished with value: 0.25 and parameters: {'dim': 220, 'lam': 0.0005542725912749455, 'clip': 0.4060796567177467}. Best is trial 0 with value: 0.25.
[I 2023-06-27 00:32:19,983] Trial 44 finished with value: 0.25 and parameters: {'dim': 240, 'lam': 0.0009517272179812709, 'clip': 0.07086090061845968}. Best is trial 0 with value: 0.25.
[I 2023-06-27 00:32:52,665] Trial 45 finished with value: 0.39887815713882446 and parameters: {'dim': 160, 'lam': 0.00023792540687139372, 'clip': 0.08549530983913614}. Best is trial 0 with value: 0.25.
[I 2023-06-27 00:33:26,301] Trial 46 finished with value: 0.6486872434616089 and parameters: {'dim': 300, 'lam': 0.00012971094295289613, 'clip': 0.030259179811885903}. Best is trial 0 with value: 0.25.
[I 2023-06-27 00:33:59,608] Trial 47 finished with value: 0.25000739097595215 and parameters: {'dim': 280, 'lam': 0.0006194293520920962, 'clip': 0.0053213332183444095}. Best is trial 0 with value: 0.25.
[I 2023-06-27 00:34:33,649] Trial 48 finished with value: 0.3413067162036896 and parameters: {'dim': 260, 'lam': 0.000305927199900295, 'clip': 0.11528188493964295}. Best is trial 0 with value: 0.25.
[I 2023-06-27 00:35:06,593] Trial 49 finished with value: 0.2531055510044098 and parameters: {'dim': 120, 'lam': 0.0003848372379497636, 'clip': 0.14693763063762738}. Best is trial 0 with value: 0.25.
[I 2023-06-27 00:35:38,638] Trial 50 finished with value: 0.44119033217430115 and parameters: {'dim': 200, 'lam': 2.3563292901023976e-05, 'clip': 0.21021326306915586}. Best is trial 0 with value: 0.25.
[I 2023-06-27 00:36:12,034] Trial 51 finished with value: 0.25 and parameters: {'dim': 220, 'lam': 0.0006524480063029402, 'clip': 0.4227666316469149}. Best is trial 0 with value: 0.25.
[I 2023-06-27 00:36:44,865] Trial 52 finished with value: 0.25 and parameters: {'dim': 220, 'lam': 0.0004028515558807321, 'clip': 0.4751653480257517}. Best is trial 0 with value: 0.25.
[I 2023-06-27 00:37:18,812] Trial 53 finished with value: 0.2500116229057312 and parameters: {'dim': 240, 'lam': 0.0002670045526685432, 'clip': 0.36889089008431725}. Best is trial 0 with value: 0.25.
[I 2023-06-27 00:37:51,726] Trial 54 finished with value: 0.49571651220321655 and parameters: {'dim': 240, 'lam': 0.00021042656011467523, 'clip': 0.10235389761347943}. Best is trial 0 with value: 0.25.
[I 2023-06-27 00:38:25,138] Trial 55 finished with value: 0.25 and parameters: {'dim': 260, 'lam': 0.00043848360176401946, 'clip': 0.40314267416791505}. Best is trial 0 with value: 0.25.
[I 2023-06-27 00:38:57,053] Trial 56 finished with value: 0.25 and parameters: {'dim': 280, 'lam': 0.0007576221052944043, 'clip': 0.1854750184736497}. Best is trial 0 with value: 0.25.
[I 2023-06-27 00:39:29,893] Trial 57 finished with value: 0.25 and parameters: {'dim': 220, 'lam': 0.0009734189909636578, 'clip': 0.3571865873770749}. Best is trial 0 with value: 0.25.
[I 2023-06-27 00:40:03,896] Trial 58 finished with value: 0.25797364115715027 and parameters: {'dim': 260, 'lam': 0.0004157768470970505, 'clip': 0.05521397857486101}. Best is trial 0 with value: 0.25.
[I 2023-06-27 00:40:35,917] Trial 59 finished with value: 0.5220386981964111 and parameters: {'dim': 200, 'lam': 0.00017843117918270575, 'clip': 0.13206347970708826}. Best is trial 0 with value: 0.25.
[I 2023-06-27 00:41:08,134] Trial 60 finished with value: 0.25 and parameters: {'dim': 240, 'lam': 0.0006770068725939864, 'clip': 0.44645340395179584}. Best is trial 0 with value: 0.25.
[I 2023-06-27 00:41:41,944] Trial 61 finished with value: 0.2500000298023224 and parameters: {'dim': 260, 'lam': 0.0003392993975485745, 'clip': 0.3453049178039423}. Best is trial 0 with value: 0.25.
[I 2023-06-27 00:42:15,713] Trial 62 finished with value: 0.25 and parameters: {'dim': 260, 'lam': 0.000481537615206952, 'clip': 0.3819564011197947}. Best is trial 0 with value: 0.25.
[I 2023-06-27 00:42:49,021] Trial 63 finished with value: 0.5083719491958618 and parameters: {'dim': 280, 'lam': 9.620727562008999e-05, 'clip': 0.3104630845670022}. Best is trial 0 with value: 0.25.
[I 2023-06-27 00:43:21,459] Trial 64 finished with value: 0.25 and parameters: {'dim': 240, 'lam': 0.0007080222617014927, 'clip': 0.4181917898236522}. Best is trial 0 with value: 0.25.
[I 2023-06-27 00:43:54,165] Trial 65 finished with value: 0.2500007152557373 and parameters: {'dim': 260, 'lam': 0.0003236437493128832, 'clip': 0.3309395641529004}. Best is trial 0 with value: 0.25.
[I 2023-06-27 00:44:27,549] Trial 66 finished with value: 0.25 and parameters: {'dim': 300, 'lam': 0.0004940854111386923, 'clip': 0.3675001195638589}. Best is trial 0 with value: 0.25.
[I 2023-06-27 00:45:00,358] Trial 67 finished with value: 0.32009536027908325 and parameters: {'dim': 220, 'lam': 0.0002241973724980517, 'clip': 0.2710149894022302}. Best is trial 0 with value: 0.25.
[I 2023-06-27 00:45:33,635] Trial 68 finished with value: 0.25 and parameters: {'dim': 240, 'lam': 0.0007616345493447666, 'clip': 0.3951978536066095}. Best is trial 0 with value: 0.25.
[I 2023-06-27 00:46:08,320] Trial 69 finished with value: 0.44541123509407043 and parameters: {'dim': 280, 'lam': 0.00012321383270329887, 'clip': 0.3445864549074073}. Best is trial 0 with value: 0.25.
[I 2023-06-27 00:46:41,859] Trial 70 finished with value: 0.25 and parameters: {'dim': 280, 'lam': 0.0003629202120642376, 'clip': 0.46639099637382303}. Best is trial 0 with value: 0.25.
[I 2023-06-27 00:47:15,507] Trial 71 finished with value: 0.25 and parameters: {'dim': 280, 'lam': 0.0005359539467036411, 'clip': 0.43711242370517445}. Best is trial 0 with value: 0.25.
[I 2023-06-27 00:47:49,102] Trial 72 finished with value: 0.25 and parameters: {'dim': 260, 'lam': 0.00040837989764423406, 'clip': 0.42155629706131964}. Best is trial 0 with value: 0.25.
[I 2023-06-27 00:48:21,514] Trial 73 finished with value: 0.2500001788139343 and parameters: {'dim': 300, 'lam': 0.0002851101487541645, 'clip': 0.3869436062601651}. Best is trial 0 with value: 0.25.
[I 2023-06-27 00:48:54,824] Trial 74 finished with value: 0.25 and parameters: {'dim': 240, 'lam': 0.0009847152450483114, 'clip': 0.49085399782069866}. Best is trial 0 with value: 0.25.
[I 2023-06-27 00:49:28,912] Trial 75 finished with value: 0.25 and parameters: {'dim': 260, 'lam': 0.0006902211123737432, 'clip': 0.46199266288946883}. Best is trial 0 with value: 0.25.
[I 2023-06-27 00:50:03,601] Trial 76 finished with value: 0.319017231464386 and parameters: {'dim': 280, 'lam': 0.00015856391269476923, 'clip': 0.4310727692192269}. Best is trial 0 with value: 0.25.
[I 2023-06-27 00:50:36,574] Trial 77 finished with value: 0.25 and parameters: {'dim': 220, 'lam': 0.0005634063856884416, 'clip': 0.40935228775841337}. Best is trial 0 with value: 0.25.
[I 2023-06-27 00:51:10,271] Trial 78 finished with value: 0.2500001788139343 and parameters: {'dim': 260, 'lam': 0.00024289255751728804, 'clip': 0.44913261908573177}. Best is trial 0 with value: 0.25.
[I 2023-06-27 00:51:45,173] Trial 79 finished with value: 0.25 and parameters: {'dim': 300, 'lam': 0.0007988912506908431, 'clip': 0.3777341782574854}. Best is trial 0 with value: 0.25.
[I 2023-06-27 00:52:24,071] Trial 80 finished with value: 0.25 and parameters: {'dim': 280, 'lam': 0.000455978173806021, 'clip': 0.3970095630605602}. Best is trial 0 with value: 0.25.
[I 2023-06-27 00:53:02,633] Trial 81 finished with value: 0.25 and parameters: {'dim': 240, 'lam': 0.0007945174561749905, 'clip': 0.3172224613477058}. Best is trial 0 with value: 0.25.
[I 2023-06-27 00:53:41,368] Trial 82 finished with value: 0.25 and parameters: {'dim': 240, 'lam': 0.0005943013946098831, 'clip': 0.36055086908866885}. Best is trial 0 with value: 0.25.
[I 2023-06-27 00:54:21,190] Trial 83 finished with value: 0.2501567304134369 and parameters: {'dim': 260, 'lam': 0.00035944857414847893, 'clip': 0.23173790828084034}. Best is trial 0 with value: 0.25.
[I 2023-06-27 00:54:59,313] Trial 84 finished with value: 0.25 and parameters: {'dim': 220, 'lam': 0.0009629815484640412, 'clip': 0.27380503344048446}. Best is trial 0 with value: 0.25.
[I 2023-06-27 00:55:39,026] Trial 85 finished with value: 0.25 and parameters: {'dim': 240, 'lam': 0.000532038923093541, 'clip': 0.2513166743240962}. Best is trial 0 with value: 0.25.
[I 2023-06-27 00:56:17,238] Trial 86 finished with value: 0.2503661513328552 and parameters: {'dim': 260, 'lam': 0.00029936616328173716, 'clip': 0.2865825703202419}. Best is trial 0 with value: 0.25.
[I 2023-06-27 00:56:53,984] Trial 87 finished with value: 0.25 and parameters: {'dim': 200, 'lam': 0.0007796667527935878, 'clip': 0.3513890082618625}. Best is trial 0 with value: 0.25.
[I 2023-06-27 00:57:32,987] Trial 88 finished with value: 0.25 and parameters: {'dim': 240, 'lam': 0.0004160870895254807, 'clip': 0.336006225560609}. Best is trial 0 with value: 0.25.
[I 2023-06-27 00:58:13,561] Trial 89 finished with value: 0.25 and parameters: {'dim': 280, 'lam': 0.0005711577818055983, 'clip': 0.3043290045912266}. Best is trial 0 with value: 0.25.
[I 2023-06-27 00:58:48,773] Trial 90 finished with value: 0.25 and parameters: {'dim': 260, 'lam': 0.0006425887898738961, 'clip': 0.3187853064047951}. Best is trial 0 with value: 0.25.
[I 2023-06-27 00:59:28,818] Trial 91 finished with value: 0.25 and parameters: {'dim': 220, 'lam': 0.0004278656160332378, 'clip': 0.3728305466278411}. Best is trial 0 with value: 0.25.
[I 2023-06-27 01:00:02,379] Trial 92 finished with value: 0.31695181131362915 and parameters: {'dim': 220, 'lam': 0.00019503448266532835, 'clip': 0.3335874520144296}. Best is trial 0 with value: 0.25.
[I 2023-06-27 01:00:35,180] Trial 93 finished with value: 0.2500000298023224 and parameters: {'dim': 180, 'lam': 0.00032123535886078013, 'clip': 0.359872460190008}. Best is trial 0 with value: 0.25.
[I 2023-06-27 01:01:08,031] Trial 94 finished with value: 0.25 and parameters: {'dim': 200, 'lam': 0.0008426198818362802, 'clip': 0.38848508804360515}. Best is trial 0 with value: 0.25.
[I 2023-06-27 01:01:41,286] Trial 95 finished with value: 0.2503049075603485 and parameters: {'dim': 240, 'lam': 0.00048540663374838886, 'clip': 0.09705954764753305}. Best is trial 0 with value: 0.25.
[I 2023-06-27 01:02:15,030] Trial 96 finished with value: 0.25000008940696716 and parameters: {'dim': 220, 'lam': 0.0002663522888070644, 'clip': 0.4146614613728206}. Best is trial 0 with value: 0.25.
[I 2023-06-27 01:02:48,390] Trial 97 finished with value: 0.25 and parameters: {'dim': 260, 'lam': 0.0006562289578801439, 'clip': 0.40117254544231407}. Best is trial 0 with value: 0.25.
[I 2023-06-27 01:03:21,147] Trial 98 finished with value: 0.25 and parameters: {'dim': 240, 'lam': 0.0008619045291576802, 'clip': 0.3257471205583639}. Best is trial 0 with value: 0.25.
[I 2023-06-27 01:03:54,041] Trial 99 finished with value: 0.25013723969459534 and parameters: {'dim': 260, 'lam': 0.0002189185722928417, 'clip': 0.4319684527095154}. Best is trial 0 with value: 0.25.
[I 2023-06-27 01:03:54,042] A new study created in memory with name: no-name-2a95eda2-ebb9-4d5f-93aa-4edc89ffbd9d
[I 2023-06-27 01:04:21,408] Trial 0 finished with value: 0.5105050206184387 and parameters: {'dim': 200, 'lam': 0.0001096501539773326}. Best is trial 0 with value: 0.5105050206184387.
[I 2023-06-27 01:04:48,516] Trial 1 finished with value: 0.37864333391189575 and parameters: {'dim': 180, 'lam': 1.6140651819138432e-07}. Best is trial 1 with value: 0.37864333391189575.
[I 2023-06-27 01:05:14,984] Trial 2 finished with value: 0.5974122285842896 and parameters: {'dim': 180, 'lam': 0.0001982099260528438}. Best is trial 1 with value: 0.37864333391189575.
[I 2023-06-27 01:05:42,516] Trial 3 finished with value: 0.38286736607551575 and parameters: {'dim': 180, 'lam': 1.7075814779350734e-05}. Best is trial 1 with value: 0.37864333391189575.
[I 2023-06-27 01:06:13,006] Trial 4 finished with value: 0.41263070702552795 and parameters: {'dim': 260, 'lam': 4.6292494904165565e-05}. Best is trial 1 with value: 0.37864333391189575.
[I 2023-06-27 01:06:41,826] Trial 5 finished with value: 0.48185741901397705 and parameters: {'dim': 220, 'lam': 8.933958656300648e-05}. Best is trial 1 with value: 0.37864333391189575.
[I 2023-06-27 01:07:12,974] Trial 6 finished with value: 0.5423521995544434 and parameters: {'dim': 280, 'lam': 0.0001374947937025757}. Best is trial 1 with value: 0.37864333391189575.
[I 2023-06-27 01:07:43,197] Trial 7 finished with value: 0.3591049015522003 and parameters: {'dim': 260, 'lam': 1.1980969705125625e-06}. Best is trial 7 with value: 0.3591049015522003.
[I 2023-06-27 01:08:11,943] Trial 8 finished with value: 0.36721739172935486 and parameters: {'dim': 240, 'lam': 1.4847725208814286e-05}. Best is trial 7 with value: 0.3591049015522003.
[I 2023-06-27 01:08:35,453] Trial 9 finished with value: 0.4368430972099304 and parameters: {'dim': 120, 'lam': 4.795597397035102e-05}. Best is trial 7 with value: 0.3591049015522003.
[I 2023-06-27 01:09:07,543] Trial 10 finished with value: 0.35138365626335144 and parameters: {'dim': 300, 'lam': 1.5772935027177908e-06}. Best is trial 10 with value: 0.35138365626335144.
[I 2023-06-27 01:09:39,113] Trial 11 finished with value: 0.3514941334724426 and parameters: {'dim': 300, 'lam': 1.4458568603543177e-06}. Best is trial 10 with value: 0.35138365626335144.
