[I 2023-06-27 21:28:05,966] Trial 99 finished with value: 0.14194384217262268 and parameters: {'dim': 300, 'lam': 8.284414252139889e-07, 'clip': 0.4737392898840202}. Best is trial 55 with value: 0.13253040611743927.
[I 2023-06-27 21:28:05,966] A new study created in memory with name: no-name-b157ffc3-277e-4a28-9a42-5db96c877361
[I 2023-06-27 21:28:14,060] Trial 0 finished with value: 0.47523149847984314 and parameters: {'dim': 280, 'lam': 1.6293058797662369e-06}. Best is trial 0 with value: 0.47523149847984314.
[I 2023-06-27 21:28:21,565] Trial 1 finished with value: 0.4974879026412964 and parameters: {'dim': 200, 'lam': 0.0002268210311178598}. Best is trial 0 with value: 0.47523149847984314.
[I 2023-06-27 21:28:28,927] Trial 2 finished with value: 0.5120387077331543 and parameters: {'dim': 140, 'lam': 2.3472803573106223e-07}. Best is trial 0 with value: 0.47523149847984314.
[I 2023-06-27 21:28:36,733] Trial 3 finished with value: 0.5133477449417114 and parameters: {'dim': 240, 'lam': 0.0007866081870193621}. Best is trial 0 with value: 0.47523149847984314.
[I 2023-06-27 21:28:44,028] Trial 4 finished with value: 0.5251951217651367 and parameters: {'dim': 100, 'lam': 3.17554372428129e-05}. Best is trial 0 with value: 0.47523149847984314.
[I 2023-06-27 21:28:51,529] Trial 5 finished with value: 0.5099835395812988 and parameters: {'dim': 160, 'lam': 0.00015428199624146965}. Best is trial 0 with value: 0.47523149847984314.
[I 2023-06-27 21:28:58,733] Trial 6 finished with value: 0.5115339159965515 and parameters: {'dim': 140, 'lam': 1.7483780897173044e-06}. Best is trial 0 with value: 0.47523149847984314.
[I 2023-06-27 21:29:05,956] Trial 7 finished with value: 0.4953542649745941 and parameters: {'dim': 140, 'lam': 0.0002201936515476416}. Best is trial 0 with value: 0.47523149847984314.
[I 2023-06-27 21:29:13,047] Trial 8 finished with value: 0.5014376044273376 and parameters: {'dim': 120, 'lam': 0.0005181285899873312}. Best is trial 0 with value: 0.47523149847984314.
[I 2023-06-27 21:29:20,422] Trial 9 finished with value: 0.5328181982040405 and parameters: {'dim': 180, 'lam': 4.1365507458722993e-07}. Best is trial 0 with value: 0.47523149847984314.
[I 2023-06-27 21:29:28,427] Trial 10 finished with value: 0.5077381134033203 and parameters: {'dim': 300, 'lam': 3.896317349038163e-06}. Best is trial 0 with value: 0.47523149847984314.
[I 2023-06-27 21:29:36,196] Trial 11 finished with value: 0.5016953349113464 and parameters: {'dim': 260, 'lam': 3.091816985459238e-05}. Best is trial 0 with value: 0.47523149847984314.
[I 2023-06-27 21:29:43,886] Trial 12 finished with value: 0.5137971639633179 and parameters: {'dim': 240, 'lam': 7.630424741876634e-06}. Best is trial 0 with value: 0.47523149847984314.
[I 2023-06-27 21:29:51,726] Trial 13 finished with value: 0.508851945400238 and parameters: {'dim': 300, 'lam': 1.2881998062510035e-06}. Best is trial 0 with value: 0.47523149847984314.
[I 2023-06-27 21:29:59,283] Trial 14 finished with value: 0.4981405735015869 and parameters: {'dim': 220, 'lam': 1.0229286724636246e-05}. Best is trial 0 with value: 0.47523149847984314.
[I 2023-06-27 21:30:07,089] Trial 15 finished with value: 0.4750860631465912 and parameters: {'dim': 280, 'lam': 1.1741099723454732e-07}. Best is trial 15 with value: 0.4750860631465912.
[I 2023-06-27 21:30:14,868] Trial 16 finished with value: 0.4750818908214569 and parameters: {'dim': 280, 'lam': 1.0096728354634078e-07}. Best is trial 16 with value: 0.4750818908214569.
[I 2023-06-27 21:30:22,708] Trial 17 finished with value: 0.510357141494751 and parameters: {'dim': 260, 'lam': 1.6080985460099422e-07}. Best is trial 16 with value: 0.4750818908214569.
[I 2023-06-27 21:30:30,453] Trial 18 finished with value: 0.47512102127075195 and parameters: {'dim': 280, 'lam': 4.237192658000249e-07}. Best is trial 16 with value: 0.4750818908214569.
[I 2023-06-27 21:30:38,075] Trial 19 finished with value: 0.5007045865058899 and parameters: {'dim': 220, 'lam': 1.0008365909949141e-07}. Best is trial 16 with value: 0.4750818908214569.
[I 2023-06-27 21:30:45,913] Trial 20 finished with value: 0.47508567571640015 and parameters: {'dim': 280, 'lam': 1.1560637873120771e-07}. Best is trial 16 with value: 0.4750818908214569.
[I 2023-06-27 21:30:53,722] Trial 21 finished with value: 0.4750838279724121 and parameters: {'dim': 280, 'lam': 1.0800981459185022e-07}. Best is trial 16 with value: 0.4750818908214569.
[I 2023-06-27 21:31:01,514] Trial 22 finished with value: 0.5101929306983948 and parameters: {'dim': 260, 'lam': 4.55206637482003e-07}. Best is trial 16 with value: 0.4750818908214569.
[I 2023-06-27 21:31:09,500] Trial 23 finished with value: 0.5094549655914307 and parameters: {'dim': 300, 'lam': 1.0057609586143066e-07}. Best is trial 16 with value: 0.4750818908214569.
[I 2023-06-27 21:31:17,282] Trial 24 finished with value: 0.5160093307495117 and parameters: {'dim': 240, 'lam': 2.633393961350483e-07}. Best is trial 16 with value: 0.4750818908214569.
[I 2023-06-27 21:31:25,235] Trial 25 finished with value: 0.47513365745544434 and parameters: {'dim': 280, 'lam': 5.507322567085526e-07}. Best is trial 16 with value: 0.4750818908214569.
[I 2023-06-27 21:31:32,888] Trial 26 finished with value: 0.500630259513855 and parameters: {'dim': 220, 'lam': 2.561460118163665e-07}. Best is trial 16 with value: 0.4750818908214569.
[I 2023-06-27 21:31:40,638] Trial 27 finished with value: 0.5099462866783142 and parameters: {'dim': 260, 'lam': 9.323400748882111e-07}. Best is trial 16 with value: 0.4750818908214569.
[I 2023-06-27 21:31:48,548] Trial 28 finished with value: 0.5094197988510132 and parameters: {'dim': 300, 'lam': 1.7100632244180994e-07}. Best is trial 16 with value: 0.4750818908214569.
[I 2023-06-27 21:31:56,385] Trial 29 finished with value: 0.47509968280792236 and parameters: {'dim': 280, 'lam': 2.1925426142243326e-07}. Best is trial 16 with value: 0.4750818908214569.
[I 2023-06-27 21:32:03,802] Trial 30 finished with value: 0.5212152004241943 and parameters: {'dim': 200, 'lam': 6.833233251484781e-07}. Best is trial 16 with value: 0.4750818908214569.
[I 2023-06-27 21:32:11,655] Trial 31 finished with value: 0.47508639097213745 and parameters: {'dim': 280, 'lam': 1.188754795924092e-07}. Best is trial 16 with value: 0.4750818908214569.
[I 2023-06-27 21:32:19,311] Trial 32 finished with value: 0.5103874206542969 and parameters: {'dim': 260, 'lam': 1.1026730444434398e-07}. Best is trial 16 with value: 0.4750818908214569.
[I 2023-06-27 21:32:26,730] Trial 33 finished with value: 0.47510913014411926 and parameters: {'dim': 280, 'lam': 3.0802436737432095e-07}. Best is trial 16 with value: 0.4750818908214569.
[I 2023-06-27 21:32:34,415] Trial 34 finished with value: 0.5094113349914551 and parameters: {'dim': 300, 'lam': 1.8649537713349882e-07}. Best is trial 16 with value: 0.4750818908214569.
[I 2023-06-27 21:32:41,699] Trial 35 finished with value: 0.5159910917282104 and parameters: {'dim': 240, 'lam': 2.9939287863414164e-07}. Best is trial 16 with value: 0.4750818908214569.
[I 2023-06-27 21:32:49,489] Trial 36 finished with value: 0.4751507043838501 and parameters: {'dim': 280, 'lam': 7.322450100194053e-07}. Best is trial 16 with value: 0.4750818908214569.
[I 2023-06-27 21:32:57,252] Trial 37 finished with value: 0.5103604197502136 and parameters: {'dim': 260, 'lam': 1.5528382865719705e-07}. Best is trial 16 with value: 0.4750818908214569.
[I 2023-06-27 21:33:05,008] Trial 38 finished with value: 0.4750950336456299 and parameters: {'dim': 280, 'lam': 1.7824685339585512e-07}. Best is trial 16 with value: 0.4750818908214569.
[I 2023-06-27 21:33:12,736] Trial 39 finished with value: 0.5093302726745605 and parameters: {'dim': 300, 'lam': 3.341500396189711e-07}. Best is trial 16 with value: 0.4750818908214569.
[I 2023-06-27 21:33:20,328] Trial 40 finished with value: 0.5156578421592712 and parameters: {'dim': 240, 'lam': 1.046100035632166e-06}. Best is trial 16 with value: 0.4750818908214569.
[I 2023-06-27 21:33:28,070] Trial 41 finished with value: 0.47508519887924194 and parameters: {'dim': 280, 'lam': 1.134001256496684e-07}. Best is trial 16 with value: 0.4750818908214569.
[I 2023-06-27 21:33:35,790] Trial 42 finished with value: 0.5103918313980103 and parameters: {'dim': 260, 'lam': 1.0318260011581737e-07}. Best is trial 16 with value: 0.4750818908214569.
[I 2023-06-27 21:33:43,452] Trial 43 finished with value: 0.4750975966453552 and parameters: {'dim': 280, 'lam': 2.0068950633138244e-07}. Best is trial 16 with value: 0.4750818908214569.
[I 2023-06-27 21:33:51,155] Trial 44 finished with value: 0.5092531442642212 and parameters: {'dim': 300, 'lam': 4.789817547053075e-07}. Best is trial 16 with value: 0.4750818908214569.
[I 2023-06-27 21:33:58,233] Trial 45 finished with value: 0.535278856754303 and parameters: {'dim': 100, 'lam': 1.5607923978558722e-07}. Best is trial 16 with value: 0.4750818908214569.
[I 2023-06-27 21:34:05,439] Trial 46 finished with value: 0.538529634475708 and parameters: {'dim': 160, 'lam': 3.179039522904023e-07}. Best is trial 16 with value: 0.4750818908214569.
[I 2023-06-27 21:34:12,997] Trial 47 finished with value: 0.5160671472549438 and parameters: {'dim': 240, 'lam': 1.487811371771476e-07}. Best is trial 16 with value: 0.4750818908214569.
[I 2023-06-27 21:34:20,205] Trial 48 finished with value: 0.5329239964485168 and parameters: {'dim': 180, 'lam': 2.3704215034414888e-07}. Best is trial 16 with value: 0.4750818908214569.
[I 2023-06-27 21:34:27,860] Trial 49 finished with value: 0.5101060271263123 and parameters: {'dim': 260, 'lam': 6.188712630950763e-07}. Best is trial 16 with value: 0.4750818908214569.
[I 2023-06-27 21:34:35,745] Trial 50 finished with value: 0.5086368322372437 and parameters: {'dim': 300, 'lam': 1.7540408994937271e-06}. Best is trial 16 with value: 0.4750818908214569.
[I 2023-06-27 21:34:43,467] Trial 51 finished with value: 0.4750893712043762 and parameters: {'dim': 280, 'lam': 1.354792648825923e-07}. Best is trial 16 with value: 0.4750818908214569.
[I 2023-06-27 21:34:51,151] Trial 52 finished with value: 0.4750830829143524 and parameters: {'dim': 280, 'lam': 1.0510197781606023e-07}. Best is trial 16 with value: 0.4750818908214569.
[I 2023-06-27 21:34:58,862] Trial 53 finished with value: 0.5103932023048401 and parameters: {'dim': 260, 'lam': 1.009708764530504e-07}. Best is trial 16 with value: 0.4750818908214569.
[I 2023-06-27 21:35:06,650] Trial 54 finished with value: 0.4751185178756714 and parameters: {'dim': 280, 'lam': 3.9879323990834456e-07}. Best is trial 16 with value: 0.4750818908214569.
[I 2023-06-27 21:35:14,248] Trial 55 finished with value: 0.5093876719474792 and parameters: {'dim': 300, 'lam': 2.292095797098228e-07}. Best is trial 16 with value: 0.4750818908214569.
[I 2023-06-27 21:35:21,970] Trial 56 finished with value: 0.47509077191352844 and parameters: {'dim': 280, 'lam': 1.449354092687934e-07}. Best is trial 16 with value: 0.4750818908214569.
[I 2023-06-27 21:35:29,681] Trial 57 finished with value: 0.5103281736373901 and parameters: {'dim': 260, 'lam': 2.1099831579920978e-07}. Best is trial 16 with value: 0.4750818908214569.
[I 2023-06-27 21:35:37,646] Trial 58 finished with value: 0.5092958807945251 and parameters: {'dim': 300, 'lam': 3.982615374271307e-07}. Best is trial 16 with value: 0.4750818908214569.
[I 2023-06-27 21:35:45,048] Trial 59 finished with value: 0.5006840229034424 and parameters: {'dim': 220, 'lam': 1.3580514609395527e-07}. Best is trial 16 with value: 0.4750818908214569.
[I 2023-06-27 21:35:52,886] Trial 60 finished with value: 0.4751053750514984 and parameters: {'dim': 280, 'lam': 2.719777911439235e-07}. Best is trial 16 with value: 0.4750818908214569.
[I 2023-06-27 21:35:59,830] Trial 61 finished with value: 0.5186024904251099 and parameters: {'dim': 120, 'lam': 1.0337063386363187e-07}. Best is trial 16 with value: 0.4750818908214569.
[I 2023-06-27 21:36:07,638] Trial 62 finished with value: 0.4750887453556061 and parameters: {'dim': 280, 'lam': 1.3224862935078087e-07}. Best is trial 16 with value: 0.4750818908214569.
[I 2023-06-27 21:36:15,471] Trial 63 finished with value: 0.5103391408920288 and parameters: {'dim': 260, 'lam': 1.919336040676699e-07}. Best is trial 16 with value: 0.4750818908214569.
[I 2023-06-27 21:36:23,315] Trial 64 finished with value: 0.47508904337882996 and parameters: {'dim': 280, 'lam': 1.3352570882430658e-07}. Best is trial 16 with value: 0.4750818908214569.
[I 2023-06-27 21:36:31,206] Trial 65 finished with value: 0.5093896389007568 and parameters: {'dim': 300, 'lam': 2.2586157193633885e-07}. Best is trial 16 with value: 0.4750818908214569.
[I 2023-06-27 21:36:38,992] Trial 66 finished with value: 0.4751138687133789 and parameters: {'dim': 280, 'lam': 3.538059454104767e-07}. Best is trial 16 with value: 0.4750818908214569.
[I 2023-06-27 21:36:46,711] Trial 67 finished with value: 0.5160767436027527 and parameters: {'dim': 240, 'lam': 1.2380163968441083e-07}. Best is trial 16 with value: 0.4750818908214569.
[I 2023-06-27 21:36:54,438] Trial 68 finished with value: 0.5103451609611511 and parameters: {'dim': 260, 'lam': 1.8142569938855023e-07}. Best is trial 16 with value: 0.4750818908214569.
[I 2023-06-27 21:37:02,203] Trial 69 finished with value: 0.5094542503356934 and parameters: {'dim': 300, 'lam': 1.0259481822486088e-07}. Best is trial 16 with value: 0.4750818908214569.
[I 2023-06-27 21:37:10,019] Trial 70 finished with value: 0.47510671615600586 and parameters: {'dim': 280, 'lam': 2.8490365989123706e-07}. Best is trial 16 with value: 0.4750818908214569.
[I 2023-06-27 21:37:17,861] Trial 71 finished with value: 0.4750887453556061 and parameters: {'dim': 280, 'lam': 1.320321182480023e-07}. Best is trial 16 with value: 0.4750818908214569.
[I 2023-06-27 21:37:25,598] Trial 72 finished with value: 0.4750937819480896 and parameters: {'dim': 280, 'lam': 1.680005762989217e-07}. Best is trial 16 with value: 0.4750818908214569.
[I 2023-06-27 21:37:33,198] Trial 73 finished with value: 0.5103721618652344 and parameters: {'dim': 260, 'lam': 1.3544229194584172e-07}. Best is trial 16 with value: 0.4750818908214569.
[I 2023-06-27 21:37:41,164] Trial 74 finished with value: 0.47510215640068054 and parameters: {'dim': 280, 'lam': 2.426983584405608e-07}. Best is trial 16 with value: 0.4750818908214569.
[I 2023-06-27 21:37:49,048] Trial 75 finished with value: 0.5094447731971741 and parameters: {'dim': 300, 'lam': 1.2374478935170576e-07}. Best is trial 16 with value: 0.4750818908214569.
[I 2023-06-27 21:37:56,786] Trial 76 finished with value: 0.5103460550308228 and parameters: {'dim': 260, 'lam': 1.8004535683420452e-07}. Best is trial 16 with value: 0.4750818908214569.
[I 2023-06-27 21:38:04,693] Trial 77 finished with value: 0.5094550251960754 and parameters: {'dim': 300, 'lam': 1.0051466881322008e-07}. Best is trial 16 with value: 0.4750818908214569.
[I 2023-06-27 21:38:12,532] Trial 78 finished with value: 0.4751235246658325 and parameters: {'dim': 280, 'lam': 4.489302420263766e-07}. Best is trial 16 with value: 0.4750818908214569.
[I 2023-06-27 21:38:20,135] Trial 79 finished with value: 0.5102627873420715 and parameters: {'dim': 260, 'lam': 3.274548292285009e-07}. Best is trial 16 with value: 0.4750818908214569.
[I 2023-06-27 21:38:27,952] Trial 80 finished with value: 0.4750940203666687 and parameters: {'dim': 280, 'lam': 1.696447646820694e-07}. Best is trial 16 with value: 0.4750818908214569.
[I 2023-06-27 21:38:35,759] Trial 81 finished with value: 0.47508859634399414 and parameters: {'dim': 280, 'lam': 1.3076846903893467e-07}. Best is trial 16 with value: 0.4750818908214569.
[I 2023-06-27 21:38:43,582] Trial 82 finished with value: 0.47508761286735535 and parameters: {'dim': 280, 'lam': 1.255200041382011e-07}. Best is trial 16 with value: 0.4750818908214569.
[I 2023-06-27 21:38:51,295] Trial 83 finished with value: 0.5093855261802673 and parameters: {'dim': 300, 'lam': 2.332459773460897e-07}. Best is trial 16 with value: 0.4750818908214569.
[I 2023-06-27 21:38:58,989] Trial 84 finished with value: 0.47509390115737915 and parameters: {'dim': 280, 'lam': 1.686599189127984e-07}. Best is trial 16 with value: 0.4750818908214569.
[I 2023-06-27 21:39:06,677] Trial 85 finished with value: 0.475085973739624 and parameters: {'dim': 280, 'lam': 1.1696739536096522e-07}. Best is trial 16 with value: 0.4750818908214569.
[I 2023-06-27 21:39:14,495] Trial 86 finished with value: 0.5102931261062622 and parameters: {'dim': 260, 'lam': 2.729620345346661e-07}. Best is trial 16 with value: 0.4750818908214569.
[I 2023-06-27 21:39:22,345] Trial 87 finished with value: 0.5094475746154785 and parameters: {'dim': 300, 'lam': 1.1786913339270316e-07}. Best is trial 16 with value: 0.4750818908214569.
[I 2023-06-27 21:39:30,031] Trial 88 finished with value: 0.5103400945663452 and parameters: {'dim': 260, 'lam': 1.903276507619981e-07}. Best is trial 16 with value: 0.4750818908214569.
[I 2023-06-27 21:39:37,803] Trial 89 finished with value: 0.4750921428203583 and parameters: {'dim': 280, 'lam': 1.549651294389046e-07}. Best is trial 16 with value: 0.4750818908214569.
[I 2023-06-27 21:39:45,386] Trial 90 finished with value: 0.5215080976486206 and parameters: {'dim': 200, 'lam': 1.015383135694019e-07}. Best is trial 16 with value: 0.4750818908214569.
[I 2023-06-27 21:39:53,107] Trial 91 finished with value: 0.4750867784023285 and parameters: {'dim': 280, 'lam': 1.2081563041848186e-07}. Best is trial 16 with value: 0.4750818908214569.
[I 2023-06-27 21:40:00,926] Trial 92 finished with value: 0.475098192691803 and parameters: {'dim': 280, 'lam': 2.061093186191338e-07}. Best is trial 16 with value: 0.4750818908214569.
[I 2023-06-27 21:40:08,710] Trial 93 finished with value: 0.4750863313674927 and parameters: {'dim': 280, 'lam': 1.187816666720313e-07}. Best is trial 16 with value: 0.4750818908214569.
[I 2023-06-27 21:40:16,589] Trial 94 finished with value: 0.5094305276870728 and parameters: {'dim': 300, 'lam': 1.5121251999010745e-07}. Best is trial 16 with value: 0.4750818908214569.
[I 2023-06-27 21:40:24,354] Trial 95 finished with value: 0.4750816524028778 and parameters: {'dim': 280, 'lam': 1.0022970059130204e-07}. Best is trial 95 with value: 0.4750816524028778.
[I 2023-06-27 21:40:32,050] Trial 96 finished with value: 0.5103277564048767 and parameters: {'dim': 260, 'lam': 2.1184945534277972e-07}. Best is trial 95 with value: 0.4750816524028778.
[I 2023-06-27 21:40:39,700] Trial 97 finished with value: 0.5102983713150024 and parameters: {'dim': 260, 'lam': 2.637402360154723e-07}. Best is trial 95 with value: 0.4750816524028778.
[I 2023-06-27 21:40:47,544] Trial 98 finished with value: 0.5094293355941772 and parameters: {'dim': 300, 'lam': 1.5346313900815158e-07}. Best is trial 95 with value: 0.4750816524028778.
[I 2023-06-27 21:40:55,067] Trial 99 finished with value: 0.5160778164863586 and parameters: {'dim': 240, 'lam': 1.1965517508770957e-07}. Best is trial 95 with value: 0.4750816524028778.
[I 2023-06-27 21:40:55,067] A new study created in memory with name: no-name-efc82986-f04d-48f2-a8a5-b14b8a9ca1a3
[I 2023-06-27 21:41:02,549] Trial 0 finished with value: 3.092548131942749 and parameters: {'dim': 220, 'lam': 4.76991859569991e-07, 'beta': 7.041729267635475}. Best is trial 0 with value: 3.092548131942749.
[I 2023-06-27 21:41:10,015] Trial 1 finished with value: 3.23862886428833 and parameters: {'dim': 180, 'lam': 9.339719652078532e-07, 'beta': 9.098189519827157}. Best is trial 0 with value: 3.092548131942749.
[I 2023-06-27 21:41:17,380] Trial 2 finished with value: 3.2121167182922363 and parameters: {'dim': 180, 'lam': 6.65191624573279e-05, 'beta': 8.991032545972713}. Best is trial 0 with value: 3.092548131942749.
[I 2023-06-27 21:41:25,326] Trial 3 finished with value: 3.175546169281006 and parameters: {'dim': 300, 'lam': 0.00045086650018228515, 'beta': 3.089788277044721}. Best is trial 0 with value: 3.092548131942749.
[I 2023-06-27 21:41:33,440] Trial 4 finished with value: 3.329777717590332 and parameters: {'dim': 300, 'lam': 2.2621055622860765e-05, 'beta': 0.6790165122123764}. Best is trial 0 with value: 3.092548131942749.
[I 2023-06-27 21:41:41,388] Trial 5 finished with value: 3.203404664993286 and parameters: {'dim': 300, 'lam': 3.0604365518915133e-07, 'beta': 5.468763230395545}. Best is trial 0 with value: 3.092548131942749.
[I 2023-06-27 21:41:48,520] Trial 6 finished with value: 3.4558074474334717 and parameters: {'dim': 140, 'lam': 2.2205081222812516e-06, 'beta': 4.323812012380618}. Best is trial 0 with value: 3.092548131942749.
[I 2023-06-27 21:41:56,126] Trial 7 finished with value: 3.266289710998535 and parameters: {'dim': 240, 'lam': 5.958390623902927e-05, 'beta': 3.885573867561851}. Best is trial 0 with value: 3.092548131942749.
[I 2023-06-27 21:42:03,616] Trial 8 finished with value: 3.442514419555664 and parameters: {'dim': 200, 'lam': 6.698514422256889e-07, 'beta': 3.0865522302441972}. Best is trial 0 with value: 3.092548131942749.
[I 2023-06-27 21:42:11,378] Trial 9 finished with value: 3.199759006500244 and parameters: {'dim': 260, 'lam': 0.0001406235030560049, 'beta': 5.258862178238771}. Best is trial 0 with value: 3.092548131942749.
[I 2023-06-27 21:42:18,396] Trial 10 finished with value: 3.422670602798462 and parameters: {'dim': 100, 'lam': 1.294391657261512e-07, 'beta': 7.34198865015079}. Best is trial 0 with value: 3.092548131942749.
[I 2023-06-27 21:42:26,121] Trial 11 finished with value: 3.1211748123168945 and parameters: {'dim': 240, 'lam': 0.000729163549225057, 'beta': 7.110174287491335}. Best is trial 0 with value: 3.092548131942749.
[I 2023-06-27 21:42:33,696] Trial 12 finished with value: 3.195524215698242 and parameters: {'dim': 240, 'lam': 5.819458178906231e-06, 'beta': 7.230209745187229}. Best is trial 0 with value: 3.092548131942749.
