[I 2023-06-27 23:28:27,967] Trial 46 finished with value: 0.5087674260139465 and parameters: {'dim': 300, 'lam': 1.4684421729852483e-06}. Best is trial 40 with value: 0.4751974642276764.
[I 2023-06-27 23:28:35,651] Trial 47 finished with value: 0.4751167893409729 and parameters: {'dim': 280, 'lam': 3.8248212856541324e-07}. Best is trial 47 with value: 0.4751167893409729.
[I 2023-06-27 23:28:43,459] Trial 48 finished with value: 0.509398877620697 and parameters: {'dim': 300, 'lam': 2.090598916674203e-07}. Best is trial 47 with value: 0.4751167893409729.
[I 2023-06-27 23:28:51,009] Trial 49 finished with value: 0.5102262496948242 and parameters: {'dim': 260, 'lam': 3.9377685076086845e-07}. Best is trial 47 with value: 0.4751167893409729.
[I 2023-06-27 23:28:58,298] Trial 50 finished with value: 0.5118086934089661 and parameters: {'dim': 140, 'lam': 8.830351736784316e-07}. Best is trial 47 with value: 0.4751167893409729.
[I 2023-06-27 23:29:06,246] Trial 51 finished with value: 0.47530636191368103 and parameters: {'dim': 280, 'lam': 2.4387834970853953e-06}. Best is trial 47 with value: 0.4751167893409729.
[I 2023-06-27 23:29:14,022] Trial 52 finished with value: 0.4753115177154541 and parameters: {'dim': 280, 'lam': 2.4937749481655885e-06}. Best is trial 47 with value: 0.4751167893409729.
[I 2023-06-27 23:29:21,737] Trial 53 finished with value: 0.5083286762237549 and parameters: {'dim': 300, 'lam': 2.4547780551187645e-06}. Best is trial 47 with value: 0.4751167893409729.
[I 2023-06-27 23:29:29,507] Trial 54 finished with value: 0.5100929141044617 and parameters: {'dim': 260, 'lam': 6.442566145760718e-07}. Best is trial 47 with value: 0.4751167893409729.
[I 2023-06-27 23:29:37,347] Trial 55 finished with value: 0.4750906825065613 and parameters: {'dim': 280, 'lam': 1.4430718183659448e-07}. Best is trial 55 with value: 0.4750906825065613.
[I 2023-06-27 23:29:44,882] Trial 56 finished with value: 0.5160762071609497 and parameters: {'dim': 240, 'lam': 1.252913058581758e-07}. Best is trial 55 with value: 0.4750906825065613.
[I 2023-06-27 23:29:51,722] Trial 57 finished with value: 0.5351971983909607 and parameters: {'dim': 100, 'lam': 3.2318835487445673e-07}. Best is trial 55 with value: 0.4750906825065613.
[I 2023-06-27 23:29:59,497] Trial 58 finished with value: 0.4751364588737488 and parameters: {'dim': 280, 'lam': 5.794954308880064e-07}. Best is trial 55 with value: 0.4750906825065613.
[I 2023-06-27 23:30:06,328] Trial 59 finished with value: 0.5185440182685852 and parameters: {'dim': 120, 'lam': 2.21321263399212e-07}. Best is trial 55 with value: 0.4750906825065613.
[I 2023-06-27 23:30:13,967] Trial 60 finished with value: 0.5101556777954102 and parameters: {'dim': 260, 'lam': 5.247074152374627e-07}. Best is trial 55 with value: 0.4750906825065613.
[I 2023-06-27 23:30:21,721] Trial 61 finished with value: 0.4751911163330078 and parameters: {'dim': 280, 'lam': 1.1839685075933837e-06}. Best is trial 55 with value: 0.4750906825065613.
[I 2023-06-27 23:30:29,433] Trial 62 finished with value: 0.4751971662044525 and parameters: {'dim': 280, 'lam': 1.2513111041581303e-06}. Best is trial 55 with value: 0.4750906825065613.
[I 2023-06-27 23:30:37,207] Trial 63 finished with value: 0.5089044570922852 and parameters: {'dim': 300, 'lam': 1.1776439614610083e-06}. Best is trial 55 with value: 0.4750906825065613.
[I 2023-06-27 23:30:44,948] Trial 64 finished with value: 0.475186824798584 and parameters: {'dim': 280, 'lam': 1.1360473081680582e-06}. Best is trial 55 with value: 0.4750906825065613.
[I 2023-06-27 23:30:52,674] Trial 65 finished with value: 0.4751703143119812 and parameters: {'dim': 280, 'lam': 9.516448317219302e-07}. Best is trial 55 with value: 0.4750906825065613.
[I 2023-06-27 23:31:00,346] Trial 66 finished with value: 0.5101389288902283 and parameters: {'dim': 260, 'lam': 5.563770337256953e-07}. Best is trial 55 with value: 0.4750906825065613.
[I 2023-06-27 23:31:08,062] Trial 67 finished with value: 0.47516942024230957 and parameters: {'dim': 280, 'lam': 9.417161834393807e-07}. Best is trial 55 with value: 0.4750906825065613.
[I 2023-06-27 23:31:15,834] Trial 68 finished with value: 0.5090499520301819 and parameters: {'dim': 300, 'lam': 8.787116317015928e-07}. Best is trial 55 with value: 0.4750906825065613.
[I 2023-06-27 23:31:23,973] Trial 69 finished with value: 0.510190486907959 and parameters: {'dim': 260, 'lam': 4.5972735143810685e-07}. Best is trial 55 with value: 0.4750906825065613.
[I 2023-06-27 23:31:31,389] Trial 70 finished with value: 0.5005996227264404 and parameters: {'dim': 220, 'lam': 3.2889918997664594e-07}. Best is trial 55 with value: 0.4750906825065613.
[I 2023-06-27 23:31:39,079] Trial 71 finished with value: 0.4751546084880829 and parameters: {'dim': 280, 'lam': 7.760865526947158e-07}. Best is trial 55 with value: 0.4750906825065613.
[I 2023-06-27 23:31:46,786] Trial 72 finished with value: 0.47515472769737244 and parameters: {'dim': 280, 'lam': 7.767503049215111e-07}. Best is trial 55 with value: 0.4750906825065613.
[I 2023-06-27 23:31:54,254] Trial 73 finished with value: 0.5090802311897278 and parameters: {'dim': 300, 'lam': 8.176341750352034e-07}. Best is trial 55 with value: 0.4750906825065613.
[I 2023-06-27 23:32:01,724] Trial 74 finished with value: 0.475147008895874 and parameters: {'dim': 280, 'lam': 6.917720020697987e-07}. Best is trial 55 with value: 0.4750906825065613.
[I 2023-06-27 23:32:08,947] Trial 75 finished with value: 0.4751443564891815 and parameters: {'dim': 280, 'lam': 6.631197719199548e-07}. Best is trial 55 with value: 0.4750906825065613.
[I 2023-06-27 23:32:16,195] Trial 76 finished with value: 0.5102161765098572 and parameters: {'dim': 260, 'lam': 4.12326586899512e-07}. Best is trial 55 with value: 0.4750906825065613.
[I 2023-06-27 23:32:24,050] Trial 77 finished with value: 0.5091513395309448 and parameters: {'dim': 300, 'lam': 6.762258138495086e-07}. Best is trial 55 with value: 0.4750906825065613.
[I 2023-06-27 23:32:31,390] Trial 78 finished with value: 0.532914400100708 and parameters: {'dim': 180, 'lam': 2.527526215161645e-07}. Best is trial 55 with value: 0.4750906825065613.
[I 2023-06-27 23:32:39,165] Trial 79 finished with value: 0.4750942587852478 and parameters: {'dim': 280, 'lam': 1.7197438413189226e-07}. Best is trial 55 with value: 0.4750906825065613.
[I 2023-06-27 23:32:46,940] Trial 80 finished with value: 0.510351300239563 and parameters: {'dim': 260, 'lam': 1.7077679035963476e-07}. Best is trial 55 with value: 0.4750906825065613.
[I 2023-06-27 23:32:54,681] Trial 81 finished with value: 0.47511032223701477 and parameters: {'dim': 280, 'lam': 3.1934102183288464e-07}. Best is trial 55 with value: 0.4750906825065613.
[I 2023-06-27 23:33:02,435] Trial 82 finished with value: 0.4751094579696655 and parameters: {'dim': 280, 'lam': 3.114507801821591e-07}. Best is trial 55 with value: 0.4750906825065613.
[I 2023-06-27 23:33:10,157] Trial 83 finished with value: 0.4751104712486267 and parameters: {'dim': 280, 'lam': 3.2062557786414214e-07}. Best is trial 55 with value: 0.4750906825065613.
[I 2023-06-27 23:33:17,884] Trial 84 finished with value: 0.509360134601593 and parameters: {'dim': 300, 'lam': 2.794206747841112e-07}. Best is trial 55 with value: 0.4750906825065613.
[I 2023-06-27 23:33:25,601] Trial 85 finished with value: 0.47508201003074646 and parameters: {'dim': 280, 'lam': 1.0138032341816106e-07}. Best is trial 85 with value: 0.47508201003074646.
[I 2023-06-27 23:33:33,443] Trial 86 finished with value: 0.5094514489173889 and parameters: {'dim': 300, 'lam': 1.092991540971508e-07}. Best is trial 85 with value: 0.47508201003074646.
[I 2023-06-27 23:33:41,063] Trial 87 finished with value: 0.510360062122345 and parameters: {'dim': 260, 'lam': 1.5581455542797642e-07}. Best is trial 85 with value: 0.47508201003074646.
[I 2023-06-27 23:33:48,884] Trial 88 finished with value: 0.47509506344795227 and parameters: {'dim': 280, 'lam': 1.7872594888069515e-07}. Best is trial 85 with value: 0.47508201003074646.
[I 2023-06-27 23:33:56,525] Trial 89 finished with value: 0.4750939607620239 and parameters: {'dim': 280, 'lam': 1.6886476718140886e-07}. Best is trial 85 with value: 0.47508201003074646.
[I 2023-06-27 23:34:04,167] Trial 90 finished with value: 0.510391354560852 and parameters: {'dim': 260, 'lam': 1.0399728854692524e-07}. Best is trial 85 with value: 0.47508201003074646.
[I 2023-06-27 23:34:11,869] Trial 91 finished with value: 0.4750954508781433 and parameters: {'dim': 280, 'lam': 1.8144456661629623e-07}. Best is trial 85 with value: 0.47508201003074646.
[I 2023-06-27 23:34:19,644] Trial 92 finished with value: 0.4750944972038269 and parameters: {'dim': 280, 'lam': 1.7404167832367288e-07}. Best is trial 85 with value: 0.47508201003074646.
[I 2023-06-27 23:34:27,279] Trial 93 finished with value: 0.47509199380874634 and parameters: {'dim': 280, 'lam': 1.5408979329230815e-07}. Best is trial 85 with value: 0.47508201003074646.
[I 2023-06-27 23:34:34,969] Trial 94 finished with value: 0.5094326734542847 and parameters: {'dim': 300, 'lam': 1.473641401125551e-07}. Best is trial 85 with value: 0.47508201003074646.
[I 2023-06-27 23:34:42,443] Trial 95 finished with value: 0.5214642286300659 and parameters: {'dim': 200, 'lam': 1.9057772132387448e-07}. Best is trial 85 with value: 0.47508201003074646.
[I 2023-06-27 23:34:50,220] Trial 96 finished with value: 0.47508904337882996 and parameters: {'dim': 280, 'lam': 1.335535399249072e-07}. Best is trial 85 with value: 0.47508201003074646.
[I 2023-06-27 23:34:57,853] Trial 97 finished with value: 0.5103720426559448 and parameters: {'dim': 260, 'lam': 1.3564869927088536e-07}. Best is trial 85 with value: 0.47508201003074646.
[I 2023-06-27 23:35:05,555] Trial 98 finished with value: 0.4750957787036896 and parameters: {'dim': 280, 'lam': 1.8466010664080967e-07}. Best is trial 85 with value: 0.47508201003074646.
[I 2023-06-27 23:35:13,335] Trial 99 finished with value: 0.509415328502655 and parameters: {'dim': 300, 'lam': 1.7917427972397668e-07}. Best is trial 85 with value: 0.47508201003074646.
[I 2023-06-27 23:35:13,335] A new study created in memory with name: no-name-1938524e-15f3-4ed1-97c6-da54ef44edda
[I 2023-06-27 23:35:21,815] Trial 0 finished with value: 95013.625 and parameters: {'dim': 260, 'lam': 0.0006962817216673396, 'beta': 9.464298077547205}. Best is trial 0 with value: 95013.625.
[I 2023-06-27 23:35:29,004] Trial 1 finished with value: 95363.5625 and parameters: {'dim': 140, 'lam': 1.7603591542295204e-07, 'beta': 9.085821627804714}. Best is trial 0 with value: 95013.625.
[I 2023-06-27 23:35:36,347] Trial 2 finished with value: 91540.171875 and parameters: {'dim': 160, 'lam': 1.352487085686316e-07, 'beta': 3.684398026837323}. Best is trial 2 with value: 91540.171875.
[I 2023-06-27 23:35:44,272] Trial 3 finished with value: 89905.0 and parameters: {'dim': 300, 'lam': 0.00012302100765669528, 'beta': 2.4413561129384056}. Best is trial 3 with value: 89905.0.
[I 2023-06-27 23:35:51,412] Trial 4 finished with value: 93968.6796875 and parameters: {'dim': 120, 'lam': 1.7711948768985658e-05, 'beta': 7.39981529505127}. Best is trial 3 with value: 89905.0.
[I 2023-06-27 23:35:58,822] Trial 5 finished with value: 87140.0546875 and parameters: {'dim': 180, 'lam': 8.416972677481374e-06, 'beta': 1.2097112855676715}. Best is trial 5 with value: 87140.0546875.
[I 2023-06-27 23:36:06,716] Trial 6 finished with value: 89905.1484375 and parameters: {'dim': 300, 'lam': 0.0004705576789390576, 'beta': 0.9357330254422295}. Best is trial 5 with value: 87140.0546875.
[I 2023-06-27 23:36:13,812] Trial 7 finished with value: 93958.1484375 and parameters: {'dim': 120, 'lam': 1.3442685336260633e-06, 'beta': 1.2559393440890998}. Best is trial 5 with value: 87140.0546875.
[I 2023-06-27 23:36:21,139] Trial 8 finished with value: 87120.5703125 and parameters: {'dim': 180, 'lam': 0.00011936662998163223, 'beta': 2.7821702497747505}. Best is trial 8 with value: 87120.5703125.
[I 2023-06-27 23:36:29,107] Trial 9 finished with value: 89904.6484375 and parameters: {'dim': 300, 'lam': 0.00015493953462584188, 'beta': 0.3521612275340714}. Best is trial 8 with value: 87120.5703125.
[I 2023-06-27 23:36:39,664] Trial 10 finished with value: 86231.75 and parameters: {'dim': 220, 'lam': 4.1419752693917086e-05, 'beta': 5.170329446682729}. Best is trial 10 with value: 86231.75.
[I 2023-06-27 23:36:47,300] Trial 11 finished with value: 86232.25 and parameters: {'dim': 220, 'lam': 3.920705676764297e-05, 'beta': 5.252235557912261}. Best is trial 10 with value: 86231.75.
[I 2023-06-27 23:36:54,883] Trial 12 finished with value: 89297.0 and parameters: {'dim': 240, 'lam': 4.07796174161163e-05, 'beta': 5.369719364691072}. Best is trial 10 with value: 86231.75.
[I 2023-06-27 23:37:02,474] Trial 13 finished with value: 86246.328125 and parameters: {'dim': 220, 'lam': 6.849942354931621e-06, 'beta': 5.075662181068942}. Best is trial 10 with value: 86231.75.
[I 2023-06-27 23:37:10,030] Trial 14 finished with value: 86229.7265625 and parameters: {'dim': 220, 'lam': 5.113994624341524e-05, 'beta': 6.269596361957751}. Best is trial 14 with value: 86229.7265625.
[I 2023-06-27 23:37:17,962] Trial 15 finished with value: 94999.6484375 and parameters: {'dim': 260, 'lam': 5.503418738044142e-06, 'beta': 6.794548338970669}. Best is trial 14 with value: 86229.7265625.
[I 2023-06-27 23:37:25,419] Trial 16 finished with value: 93406.0546875 and parameters: {'dim': 200, 'lam': 3.066958111765684e-05, 'beta': 6.491694003692254}. Best is trial 14 with value: 86229.7265625.
[I 2023-06-27 23:37:33,160] Trial 17 finished with value: 95010.9765625 and parameters: {'dim': 260, 'lam': 0.00021119816152466426, 'beta': 4.050406222585264}. Best is trial 14 with value: 86229.7265625.
[I 2023-06-27 23:37:40,832] Trial 18 finished with value: 86227.4609375 and parameters: {'dim': 220, 'lam': 6.494306386346736e-05, 'beta': 7.905936015271108}. Best is trial 18 with value: 86227.4609375.
[I 2023-06-27 23:37:48,407] Trial 19 finished with value: 87118.7890625 and parameters: {'dim': 180, 'lam': 0.00036387238246197415, 'beta': 8.044274675587024}. Best is trial 18 with value: 86227.4609375.
[I 2023-06-27 23:37:56,103] Trial 20 finished with value: 89294.234375 and parameters: {'dim': 240, 'lam': 0.000932630649925251, 'beta': 8.289658398886097}. Best is trial 18 with value: 86227.4609375.
[I 2023-06-27 23:38:03,654] Trial 21 finished with value: 86226.3515625 and parameters: {'dim': 220, 'lam': 8.01339904843034e-05, 'beta': 6.271365592181477}. Best is trial 21 with value: 86226.3515625.
[I 2023-06-27 23:38:11,248] Trial 22 finished with value: 93384.6875 and parameters: {'dim': 200, 'lam': 9.273146455508895e-05, 'beta': 6.941124363067858}. Best is trial 21 with value: 86226.3515625.
[I 2023-06-27 23:38:18,837] Trial 23 finished with value: 89296.1875 and parameters: {'dim': 240, 'lam': 8.342211441212412e-05, 'beta': 6.054635754399297}. Best is trial 21 with value: 86226.3515625.
[I 2023-06-27 23:38:26,462] Trial 24 finished with value: 86217.6484375 and parameters: {'dim': 220, 'lam': 0.0003226779367589811, 'beta': 6.103440174765933}. Best is trial 24 with value: 86217.6484375.
[I 2023-06-27 23:38:34,154] Trial 25 finished with value: 83172.359375 and parameters: {'dim': 280, 'lam': 0.00027311047983814027, 'beta': 9.886067763710985}. Best is trial 25 with value: 83172.359375.
[I 2023-06-27 23:38:41,848] Trial 26 finished with value: 95012.2734375 and parameters: {'dim': 260, 'lam': 0.00029015166011092376, 'beta': 8.957746414856135}. Best is trial 25 with value: 83172.359375.
[I 2023-06-27 23:38:49,588] Trial 27 finished with value: 83172.4375 and parameters: {'dim': 280, 'lam': 0.0002670798508807895, 'beta': 9.970234612012392}. Best is trial 25 with value: 83172.359375.
[I 2023-06-27 23:38:57,390] Trial 28 finished with value: 83172.796875 and parameters: {'dim': 280, 'lam': 0.000251045037086818, 'beta': 9.912461814897629}. Best is trial 25 with value: 83172.359375.
[I 2023-06-27 23:39:05,247] Trial 29 finished with value: 83169.0234375 and parameters: {'dim': 280, 'lam': 0.0006555161632398456, 'beta': 9.997537518082396}. Best is trial 29 with value: 83169.0234375.
[I 2023-06-27 23:39:12,919] Trial 30 finished with value: 83167.078125 and parameters: {'dim': 280, 'lam': 0.0009574242734938884, 'beta': 9.510685348503037}. Best is trial 30 with value: 83167.078125.
[I 2023-06-27 23:39:20,711] Trial 31 finished with value: 83169.03125 and parameters: {'dim': 280, 'lam': 0.0006507470411975446, 'beta': 9.997758195995607}. Best is trial 30 with value: 83167.078125.
[I 2023-06-27 23:39:28,576] Trial 32 finished with value: 83167.015625 and parameters: {'dim': 280, 'lam': 0.0009807658946564607, 'beta': 9.213479910201547}. Best is trial 32 with value: 83167.015625.
[I 2023-06-27 23:39:36,532] Trial 33 finished with value: 83169.0390625 and parameters: {'dim': 280, 'lam': 0.0006552782695936388, 'beta': 9.28633418660983}. Best is trial 32 with value: 83167.015625.
[I 2023-06-27 23:39:44,378] Trial 34 finished with value: 89906.15625 and parameters: {'dim': 300, 'lam': 0.0008259733773553142, 'beta': 8.877060504247462}. Best is trial 32 with value: 83167.015625.
[I 2023-06-27 23:39:52,060] Trial 35 finished with value: 95013.8828125 and parameters: {'dim': 260, 'lam': 0.0005541166327986077, 'beta': 8.662832735853286}. Best is trial 32 with value: 83167.015625.
[I 2023-06-27 23:39:59,946] Trial 36 finished with value: 83167.984375 and parameters: {'dim': 280, 'lam': 0.0008242713229769821, 'beta': 9.418638213281962}. Best is trial 32 with value: 83167.015625.
[I 2023-06-27 23:40:07,903] Trial 37 finished with value: 89905.7890625 and parameters: {'dim': 300, 'lam': 0.0009644916056003671, 'beta': 9.32020472522122}. Best is trial 32 with value: 83167.015625.
[I 2023-06-27 23:40:15,677] Trial 38 finished with value: 95014.1484375 and parameters: {'dim': 260, 'lam': 0.00045375824954829383, 'beta': 8.496136002231754}. Best is trial 32 with value: 83167.015625.
[I 2023-06-27 23:40:22,807] Trial 39 finished with value: 95351.453125 and parameters: {'dim': 140, 'lam': 0.0001600148680860186, 'beta': 9.301221256403203}. Best is trial 32 with value: 83167.015625.
[I 2023-06-27 23:40:29,888] Trial 40 finished with value: 94706.8515625 and parameters: {'dim': 100, 'lam': 0.0005997186362221769, 'beta': 7.711754053388625}. Best is trial 32 with value: 83167.015625.
[I 2023-06-27 23:40:37,782] Trial 41 finished with value: 83170.1015625 and parameters: {'dim': 280, 'lam': 0.0004683570523138694, 'beta': 9.587566605166268}. Best is trial 32 with value: 83167.015625.
[I 2023-06-27 23:40:45,527] Trial 42 finished with value: 83167.0234375 and parameters: {'dim': 280, 'lam': 0.0009815417863183636, 'beta': 8.867685968926086}. Best is trial 32 with value: 83167.015625.
[I 2023-06-27 23:40:53,507] Trial 43 finished with value: 89906.3125 and parameters: {'dim': 300, 'lam': 0.000989388475723412, 'beta': 8.624308903898928}. Best is trial 32 with value: 83167.015625.
[I 2023-06-27 23:41:03,191] Trial 44 finished with value: 89905.109375 and parameters: {'dim': 300, 'lam': 0.00042089872660128864, 'beta': 8.991439679107733}. Best is trial 32 with value: 83167.015625.
[I 2023-06-27 23:41:13,422] Trial 45 finished with value: 89296.09375 and parameters: {'dim': 240, 'lam': 0.0006676431162852271, 'beta': 9.486753802662642}. Best is trial 32 with value: 83167.015625.
[I 2023-06-27 23:41:21,204] Trial 46 finished with value: 83174.578125 and parameters: {'dim': 280, 'lam': 0.000179323168548419, 'beta': 7.51798644515981}. Best is trial 32 with value: 83167.015625.
[I 2023-06-27 23:41:28,967] Trial 47 finished with value: 95014.0703125 and parameters: {'dim': 260, 'lam': 0.0004940167001759394, 'beta': 8.340359746676548}. Best is trial 32 with value: 83167.015625.
[I 2023-06-27 23:41:36,722] Trial 48 finished with value: 89903.59375 and parameters: {'dim': 300, 'lam': 0.00039537169998160056, 'beta': 8.947133650835186}. Best is trial 32 with value: 83167.015625.
[I 2023-06-27 23:41:44,477] Trial 49 finished with value: 83175.375 and parameters: {'dim': 280, 'lam': 0.00014842698287354788, 'beta': 9.56524645031797}. Best is trial 32 with value: 83167.015625.
[I 2023-06-27 23:41:52,265] Trial 50 finished with value: 95013.9765625 and parameters: {'dim': 260, 'lam': 0.0009190772593593151, 'beta': 8.310187324502674}. Best is trial 32 with value: 83167.015625.
[I 2023-06-27 23:42:00,099] Trial 51 finished with value: 83168.9609375 and parameters: {'dim': 280, 'lam': 0.000681794172845068, 'beta': 9.971545505862727}. Best is trial 32 with value: 83167.015625.
[I 2023-06-27 23:42:07,841] Trial 52 finished with value: 83169.1328125 and parameters: {'dim': 280, 'lam': 0.0006264427712811079, 'beta': 9.565637981328667}. Best is trial 32 with value: 83167.015625.
[I 2023-06-27 23:42:15,716] Trial 53 finished with value: 89903.4140625 and parameters: {'dim': 300, 'lam': 0.0003690242428530835, 'beta': 9.128282419852253}. Best is trial 32 with value: 83167.015625.
[I 2023-06-27 23:42:23,159] Trial 54 finished with value: 89295.8046875 and parameters: {'dim': 240, 'lam': 0.00020046035439124, 'beta': 8.705207429057136}. Best is trial 32 with value: 83167.015625.
[I 2023-06-27 23:42:31,096] Trial 55 finished with value: 95014.0078125 and parameters: {'dim': 260, 'lam': 0.0009932368240889158, 'beta': 9.659872370033654}. Best is trial 32 with value: 83167.015625.
[I 2023-06-27 23:42:38,939] Trial 56 finished with value: 83168.9921875 and parameters: {'dim': 280, 'lam': 0.0006849297633628673, 'beta': 9.135597604685715}. Best is trial 32 with value: 83167.015625.
[I 2023-06-27 23:42:46,885] Trial 57 finished with value: 89903.5859375 and parameters: {'dim': 300, 'lam': 0.0003510981794496678, 'beta': 9.146298978334078}. Best is trial 32 with value: 83167.015625.
