[I 2023-06-28 00:03:51,932] Trial 67 finished with value: 90770.5625 and parameters: {'dim': 280, 'lam': 0.000373842611956841, 'beta': 6.973183695847084}. Best is trial 64 with value: 88186.984375.
[I 2023-06-28 00:03:59,995] Trial 68 finished with value: 88186.953125 and parameters: {'dim': 300, 'lam': 0.000185083089545004, 'beta': 6.4835353292104605}. Best is trial 68 with value: 88186.953125.
[I 2023-06-28 00:04:07,430] Trial 69 finished with value: 92058.90625 and parameters: {'dim': 160, 'lam': 0.00019702020432811498, 'beta': 7.280803969833491}. Best is trial 68 with value: 88186.953125.
[I 2023-06-28 00:04:15,298] Trial 70 finished with value: 90769.8125 and parameters: {'dim': 280, 'lam': 0.00048473275345769297, 'beta': 6.290237715732863}. Best is trial 68 with value: 88186.953125.
[I 2023-06-28 00:04:23,318] Trial 71 finished with value: 88186.8203125 and parameters: {'dim': 300, 'lam': 0.000309123316374888, 'beta': 6.572257431477434}. Best is trial 71 with value: 88186.8203125.
[I 2023-06-28 00:04:31,291] Trial 72 finished with value: 88186.875 and parameters: {'dim': 300, 'lam': 0.0003167840316237088, 'beta': 6.705014203147603}. Best is trial 71 with value: 88186.8203125.
[I 2023-06-28 00:04:39,348] Trial 73 finished with value: 88188.75 and parameters: {'dim': 300, 'lam': 0.0008529456590507653, 'beta': 6.614276614639586}. Best is trial 71 with value: 88186.8203125.
[I 2023-06-28 00:04:47,382] Trial 74 finished with value: 88186.90625 and parameters: {'dim': 300, 'lam': 0.00032413037328148764, 'beta': 6.863492685276669}. Best is trial 71 with value: 88186.8203125.
[I 2023-06-28 00:04:55,346] Trial 75 finished with value: 90770.875 and parameters: {'dim': 280, 'lam': 0.00030318988316655805, 'beta': 6.801966156146825}. Best is trial 71 with value: 88186.8203125.
[I 2023-06-28 00:05:03,301] Trial 76 finished with value: 88187.046875 and parameters: {'dim': 300, 'lam': 0.00021285265689071866, 'beta': 6.365146133955275}. Best is trial 71 with value: 88186.8203125.
[I 2023-06-28 00:05:11,293] Trial 77 finished with value: 90770.6640625 and parameters: {'dim': 280, 'lam': 0.00036588356120223096, 'beta': 7.466836201368424}. Best is trial 71 with value: 88186.8203125.
[I 2023-06-28 00:05:19,352] Trial 78 finished with value: 88187.890625 and parameters: {'dim': 300, 'lam': 0.0005158286623689114, 'beta': 6.999841385869812}. Best is trial 71 with value: 88186.8203125.
[I 2023-06-28 00:05:26,761] Trial 79 finished with value: 90769.296875 and parameters: {'dim': 140, 'lam': 0.0007247994693975956, 'beta': 7.61297354037299}. Best is trial 71 with value: 88186.8203125.
[I 2023-06-28 00:05:34,907] Trial 80 finished with value: 88187.0 and parameters: {'dim': 300, 'lam': 0.00030318138729235126, 'beta': 6.65315202563459}. Best is trial 71 with value: 88186.8203125.
[I 2023-06-28 00:05:42,933] Trial 81 finished with value: 88187.1875 and parameters: {'dim': 300, 'lam': 0.00028320646240923074, 'beta': 6.734902247486518}. Best is trial 71 with value: 88186.8203125.
[I 2023-06-28 00:05:50,897] Trial 82 finished with value: 88187.0390625 and parameters: {'dim': 300, 'lam': 0.00021041826107133727, 'beta': 6.236922343222585}. Best is trial 71 with value: 88186.8203125.
[I 2023-06-28 00:05:58,977] Trial 83 finished with value: 88187.3125 and parameters: {'dim': 300, 'lam': 0.00040498261703770453, 'beta': 6.072321742872853}. Best is trial 71 with value: 88186.8203125.
[I 2023-06-28 00:06:06,896] Trial 84 finished with value: 88186.828125 and parameters: {'dim': 300, 'lam': 0.0001690147498272713, 'beta': 6.511224092642688}. Best is trial 71 with value: 88186.8203125.
[I 2023-06-28 00:06:14,840] Trial 85 finished with value: 90770.890625 and parameters: {'dim': 280, 'lam': 0.00030097555834603703, 'beta': 5.726939582919133}. Best is trial 71 with value: 88186.8203125.
[I 2023-06-28 00:06:22,789] Trial 86 finished with value: 90771.4921875 and parameters: {'dim': 280, 'lam': 0.00016405207089278723, 'beta': 7.18032423860285}. Best is trial 71 with value: 88186.8203125.
[I 2023-06-28 00:06:30,665] Trial 87 finished with value: 88187.90625 and parameters: {'dim': 300, 'lam': 0.0005286416408555096, 'beta': 6.508014761499785}. Best is trial 71 with value: 88186.8203125.
[I 2023-06-28 00:06:39,019] Trial 88 finished with value: 91154.640625 and parameters: {'dim': 260, 'lam': 0.0009296823369072664, 'beta': 6.901342272984555}. Best is trial 71 with value: 88186.8203125.
[I 2023-06-28 00:06:47,038] Trial 89 finished with value: 88187.203125 and parameters: {'dim': 300, 'lam': 0.00024909448292193703, 'beta': 6.2795442144440115}. Best is trial 71 with value: 88186.8203125.
[I 2023-06-28 00:06:54,925] Trial 90 finished with value: 90772.6796875 and parameters: {'dim': 280, 'lam': 9.806609138881346e-05, 'beta': 6.086763239343011}. Best is trial 71 with value: 88186.8203125.
[I 2023-06-28 00:07:02,931] Trial 91 finished with value: 88187.234375 and parameters: {'dim': 300, 'lam': 0.00016113697878152077, 'beta': 6.645967069767289}. Best is trial 71 with value: 88186.8203125.
[I 2023-06-28 00:07:10,891] Trial 92 finished with value: 88187.0 and parameters: {'dim': 300, 'lam': 0.00019895079729945802, 'beta': 6.424439296859674}. Best is trial 71 with value: 88186.8203125.
[I 2023-06-28 00:07:18,904] Trial 93 finished with value: 88187.3515625 and parameters: {'dim': 300, 'lam': 0.00041416971221696567, 'beta': 5.741289010806448}. Best is trial 71 with value: 88186.8203125.
[I 2023-06-28 00:07:27,027] Trial 94 finished with value: 88186.828125 and parameters: {'dim': 300, 'lam': 0.0003111658492785193, 'beta': 6.4742085371593}. Best is trial 71 with value: 88186.8203125.
[I 2023-06-28 00:07:34,848] Trial 95 finished with value: 91290.75 and parameters: {'dim': 220, 'lam': 0.0003183525939767628, 'beta': 7.1074280947495945}. Best is trial 71 with value: 88186.8203125.
[I 2023-06-28 00:07:42,850] Trial 96 finished with value: 90769.578125 and parameters: {'dim': 280, 'lam': 0.0005937287202723972, 'beta': 6.105745665781325}. Best is trial 71 with value: 88186.8203125.
[I 2023-06-28 00:07:55,561] Trial 97 finished with value: 88187.1875 and parameters: {'dim': 300, 'lam': 0.0002455621034660881, 'beta': 5.886716873256923}. Best is trial 71 with value: 88186.8203125.
[I 2023-06-28 00:08:06,420] Trial 98 finished with value: 88187.1640625 and parameters: {'dim': 300, 'lam': 0.00014353191457694466, 'beta': 6.8829963485204955}. Best is trial 71 with value: 88186.8203125.
[I 2023-06-28 00:08:14,334] Trial 99 finished with value: 90770.7734375 and parameters: {'dim': 280, 'lam': 0.00034348075605084515, 'beta': 6.478136600368116}. Best is trial 71 with value: 88186.8203125.
