[I 2023-06-27 21:54:33,424] Trial 15 finished with value: 0.09719327092170715 and parameters: {'dim': 260, 'lam': 5.568367114889471e-07, 'clip': 0.3129681705268761}. Best is trial 11 with value: 0.06982498615980148.
[I 2023-06-27 21:54:37,250] Trial 16 finished with value: 0.12474828958511353 and parameters: {'dim': 160, 'lam': 3.895439343673597e-07, 'clip': 0.4338691874066642}. Best is trial 11 with value: 0.06982498615980148.
[I 2023-06-27 21:54:41,144] Trial 17 finished with value: 0.07674381136894226 and parameters: {'dim': 260, 'lam': 4.044200565975015e-07, 'clip': 0.4320625451756663}. Best is trial 11 with value: 0.06982498615980148.
[I 2023-06-27 21:54:45,158] Trial 18 finished with value: 0.14619094133377075 and parameters: {'dim': 180, 'lam': 1.1047699675832146e-07, 'clip': 0.29408992148984525}. Best is trial 11 with value: 0.06982498615980148.
[I 2023-06-27 21:54:49,165] Trial 19 finished with value: 0.08184056729078293 and parameters: {'dim': 240, 'lam': 8.149608095317331e-07, 'clip': 0.4448917642642577}. Best is trial 11 with value: 0.06982498615980148.
[I 2023-06-27 21:54:53,179] Trial 20 finished with value: 0.07372356951236725 and parameters: {'dim': 280, 'lam': 2.6258619008383696e-07, 'clip': 0.40603941520141285}. Best is trial 11 with value: 0.06982498615980148.
[I 2023-06-27 21:54:56,985] Trial 21 finished with value: 0.07509417831897736 and parameters: {'dim': 240, 'lam': 1.0073997504030212e-07, 'clip': 0.4900414129520649}. Best is trial 11 with value: 0.06982498615980148.
[I 2023-06-27 21:55:00,795] Trial 22 finished with value: 0.06841402500867844 and parameters: {'dim': 280, 'lam': 2.46162471833725e-07, 'clip': 0.4518347287093917}. Best is trial 22 with value: 0.06841402500867844.
[I 2023-06-27 21:55:04,605] Trial 23 finished with value: 0.06914688646793365 and parameters: {'dim': 280, 'lam': 2.404453145845905e-07, 'clip': 0.4446832945709242}. Best is trial 22 with value: 0.06841402500867844.
[I 2023-06-27 21:55:08,469] Trial 24 finished with value: 0.07732205092906952 and parameters: {'dim': 300, 'lam': 4.409504803305839e-07, 'clip': 0.35186529189171806}. Best is trial 22 with value: 0.06841402500867844.
[I 2023-06-27 21:55:12,373] Trial 25 finished with value: 0.07116910815238953 and parameters: {'dim': 280, 'lam': 1.2236391746524856e-06, 'clip': 0.4498392591021648}. Best is trial 22 with value: 0.06841402500867844.
[I 2023-06-27 21:55:16,391] Trial 26 finished with value: 0.07327037304639816 and parameters: {'dim': 280, 'lam': 2.5871622815188217e-07, 'clip': 0.4095074217116527}. Best is trial 22 with value: 0.06841402500867844.
[I 2023-06-27 21:55:20,375] Trial 27 finished with value: 0.08526281267404556 and parameters: {'dim': 240, 'lam': 2.2052609020541357e-06, 'clip': 0.44503242577693225}. Best is trial 22 with value: 0.06841402500867844.
[I 2023-06-27 21:55:24,254] Trial 28 finished with value: 0.0646284744143486 and parameters: {'dim': 300, 'lam': 6.450465840424826e-07, 'clip': 0.45967218057845366}. Best is trial 28 with value: 0.0646284744143486.
[I 2023-06-27 21:55:27,960] Trial 29 finished with value: 0.07696013897657394 and parameters: {'dim': 300, 'lam': 6.613307914709043e-07, 'clip': 0.3577779838807321}. Best is trial 28 with value: 0.0646284744143486.
[I 2023-06-27 21:55:31,891] Trial 30 finished with value: 0.07378049194812775 and parameters: {'dim': 300, 'lam': 2.2748974468235213e-06, 'clip': 0.4132001646710256}. Best is trial 28 with value: 0.0646284744143486.
[I 2023-06-27 21:55:35,888] Trial 31 finished with value: 0.06748893857002258 and parameters: {'dim': 280, 'lam': 2.2773225393324527e-07, 'clip': 0.4605229544697867}. Best is trial 28 with value: 0.0646284744143486.
[I 2023-06-27 21:55:39,798] Trial 32 finished with value: 0.0671916976571083 and parameters: {'dim': 280, 'lam': 1.9364431682961842e-07, 'clip': 0.46263720030959826}. Best is trial 28 with value: 0.0646284744143486.
[I 2023-06-27 21:55:43,717] Trial 33 finished with value: 0.06378507614135742 and parameters: {'dim': 300, 'lam': 3.970061082345936e-07, 'clip': 0.46160888942054584}. Best is trial 33 with value: 0.06378507614135742.
[I 2023-06-27 21:55:47,630] Trial 34 finished with value: 0.06424890458583832 and parameters: {'dim': 300, 'lam': 6.35872987346602e-07, 'clip': 0.46352200814826844}. Best is trial 33 with value: 0.06378507614135742.
[I 2023-06-27 21:55:51,413] Trial 35 finished with value: 0.07194548100233078 and parameters: {'dim': 300, 'lam': 6.581986277008574e-07, 'clip': 0.39308759723275744}. Best is trial 33 with value: 0.06378507614135742.
[I 2023-06-27 21:55:55,499] Trial 36 finished with value: 0.064969003200531 and parameters: {'dim': 300, 'lam': 1.1139277903573577e-06, 'clip': 0.46976392784752136}. Best is trial 33 with value: 0.06378507614135742.
[I 2023-06-27 21:55:59,559] Trial 37 finished with value: 0.07821455597877502 and parameters: {'dim': 300, 'lam': 4.31152418211748e-06, 'clip': 0.4216185405662774}. Best is trial 33 with value: 0.06378507614135742.
[I 2023-06-27 21:56:03,502] Trial 38 finished with value: 0.10828634351491928 and parameters: {'dim': 300, 'lam': 1.5614380020558497e-06, 'clip': 0.2373365644597431}. Best is trial 33 with value: 0.06378507614135742.
[I 2023-06-27 21:56:07,410] Trial 39 finished with value: 0.06413425505161285 and parameters: {'dim': 300, 'lam': 8.95646713993768e-07, 'clip': 0.47257803579878305}. Best is trial 33 with value: 0.06378507614135742.
[I 2023-06-27 21:56:11,302] Trial 40 finished with value: 0.09734272956848145 and parameters: {'dim': 240, 'lam': 3.053877553422606e-06, 'clip': 0.3757647756570188}. Best is trial 33 with value: 0.06378507614135742.
[I 2023-06-27 21:56:15,311] Trial 41 finished with value: 0.06411649286746979 and parameters: {'dim': 300, 'lam': 9.199623780663006e-07, 'clip': 0.4735259225228592}. Best is trial 33 with value: 0.06378507614135742.
[I 2023-06-27 21:56:19,321] Trial 42 finished with value: 0.06411780416965485 and parameters: {'dim': 300, 'lam': 7.247176927609145e-07, 'clip': 0.46759713607218495}. Best is trial 33 with value: 0.06378507614135742.
[I 2023-06-27 21:56:22,999] Trial 43 finished with value: 0.17987151443958282 and parameters: {'dim': 100, 'lam': 8.921871674469754e-07, 'clip': 0.4978267792214767}. Best is trial 33 with value: 0.06378507614135742.
[I 2023-06-27 21:56:26,939] Trial 44 finished with value: 0.07086340337991714 and parameters: {'dim': 300, 'lam': 1.5851823329312265e-06, 'clip': 0.42277858214384534}. Best is trial 33 with value: 0.06378507614135742.
[I 2023-06-27 21:56:30,541] Trial 45 finished with value: 0.06681407988071442 and parameters: {'dim': 280, 'lam': 4.043732880965225e-07, 'clip': 0.4722881149641552}. Best is trial 33 with value: 0.06378507614135742.
[I 2023-06-27 21:56:34,402] Trial 46 finished with value: 0.1656593233346939 and parameters: {'dim': 120, 'lam': 4.797006274196203e-06, 'clip': 0.47115769852280487}. Best is trial 33 with value: 0.06378507614135742.
[I 2023-06-27 21:56:38,392] Trial 47 finished with value: 0.10320726782083511 and parameters: {'dim': 200, 'lam': 9.783547442301248e-07, 'clip': 0.4263833804536125}. Best is trial 33 with value: 0.06378507614135742.
[I 2023-06-27 21:56:42,265] Trial 48 finished with value: 0.0833624005317688 and parameters: {'dim': 260, 'lam': 4.7545797248977404e-07, 'clip': 0.38462790262241553}. Best is trial 33 with value: 0.06378507614135742.
[I 2023-06-27 21:56:46,339] Trial 49 finished with value: 0.06353143602609634 and parameters: {'dim': 300, 'lam': 1.431651621937269e-06, 'clip': 0.497115282348395}. Best is trial 49 with value: 0.06353143602609634.
[I 2023-06-27 21:56:50,229] Trial 50 finished with value: 0.12689076364040375 and parameters: {'dim': 180, 'lam': 1.1562825454474397e-05, 'clip': 0.49187374425726205}. Best is trial 49 with value: 0.06353143602609634.
[I 2023-06-27 21:56:54,102] Trial 51 finished with value: 0.06590870022773743 and parameters: {'dim': 300, 'lam': 1.6264873685044267e-06, 'clip': 0.4747404165470526}. Best is trial 49 with value: 0.06353143602609634.
[I 2023-06-27 21:56:58,065] Trial 52 finished with value: 0.06523650139570236 and parameters: {'dim': 280, 'lam': 7.290289592111062e-07, 'clip': 0.49963680253575055}. Best is trial 49 with value: 0.06353143602609634.
[I 2023-06-27 21:57:02,123] Trial 53 finished with value: 0.06657226383686066 and parameters: {'dim': 300, 'lam': 5.298120030505568e-07, 'clip': 0.4366786644366605}. Best is trial 49 with value: 0.06353143602609634.
[I 2023-06-27 21:57:05,997] Trial 54 finished with value: 0.06660320609807968 and parameters: {'dim': 280, 'lam': 3.52284491369292e-07, 'clip': 0.4730832775019302}. Best is trial 49 with value: 0.06353143602609634.
[I 2023-06-27 21:57:10,004] Trial 55 finished with value: 0.07568617165088654 and parameters: {'dim': 260, 'lam': 9.452152633428537e-07, 'clip': 0.4534029553949899}. Best is trial 49 with value: 0.06353143602609634.
[I 2023-06-27 21:57:13,874] Trial 56 finished with value: 0.0646396279335022 and parameters: {'dim': 300, 'lam': 1.3691065779865225e-06, 'clip': 0.4814906576615426}. Best is trial 49 with value: 0.06353143602609634.
[I 2023-06-27 21:57:17,643] Trial 57 finished with value: 0.07066205888986588 and parameters: {'dim': 280, 'lam': 3.2874401276983067e-07, 'clip': 0.4328954268582825}. Best is trial 49 with value: 0.06353143602609634.
[I 2023-06-27 21:57:21,552] Trial 58 finished with value: 0.061094678938388824 and parameters: {'dim': 300, 'lam': 6.038782687596731e-07, 'clip': 0.49969856771659327}. Best is trial 58 with value: 0.061094678938388824.
[I 2023-06-27 21:57:25,446] Trial 59 finished with value: 0.06366454809904099 and parameters: {'dim': 280, 'lam': 1.4034816452276808e-07, 'clip': 0.49992666367195177}. Best is trial 58 with value: 0.061094678938388824.
[I 2023-06-27 21:57:29,286] Trial 60 finished with value: 0.06970283389091492 and parameters: {'dim': 260, 'lam': 1.5943341171349275e-07, 'clip': 0.4933262467222739}. Best is trial 58 with value: 0.061094678938388824.
[I 2023-06-27 21:57:33,346] Trial 61 finished with value: 0.06038844212889671 and parameters: {'dim': 300, 'lam': 3.166488924294575e-07, 'clip': 0.49883705837780923}. Best is trial 61 with value: 0.06038844212889671.
[I 2023-06-27 21:57:37,284] Trial 62 finished with value: 0.06472776085138321 and parameters: {'dim': 280, 'lam': 1.7245345055989712e-07, 'clip': 0.4885463405687143}. Best is trial 61 with value: 0.06038844212889671.
[I 2023-06-27 21:57:40,978] Trial 63 finished with value: 0.061488423496484756 and parameters: {'dim': 300, 'lam': 2.814363665108989e-07, 'clip': 0.4841757100687075}. Best is trial 61 with value: 0.06038844212889671.
[I 2023-06-27 21:57:44,618] Trial 64 finished with value: 0.06498119980096817 and parameters: {'dim': 280, 'lam': 1.3961567307057016e-07, 'clip': 0.4847225188366754}. Best is trial 61 with value: 0.06038844212889671.
[I 2023-06-27 21:57:48,572] Trial 65 finished with value: 0.060355253517627716 and parameters: {'dim': 300, 'lam': 3.2829215773707364e-07, 'clip': 0.4996547920741768}. Best is trial 65 with value: 0.060355253517627716.
[I 2023-06-27 21:57:52,522] Trial 66 finished with value: 0.06902649253606796 and parameters: {'dim': 280, 'lam': 3.154065352269894e-07, 'clip': 0.44766967558740717}. Best is trial 65 with value: 0.060355253517627716.
[I 2023-06-27 21:57:56,321] Trial 67 finished with value: 0.08508092910051346 and parameters: {'dim': 220, 'lam': 1.390653521044624e-07, 'clip': 0.45151483400235165}. Best is trial 65 with value: 0.060355253517627716.
[I 2023-06-27 21:58:00,134] Trial 68 finished with value: 0.060925230383872986 and parameters: {'dim': 300, 'lam': 2.7281659231434775e-07, 'clip': 0.4906940144148006}. Best is trial 65 with value: 0.060355253517627716.
[I 2023-06-27 21:58:03,885] Trial 69 finished with value: 0.07041596621274948 and parameters: {'dim': 260, 'lam': 2.1822238766791834e-07, 'clip': 0.48726526974514095}. Best is trial 65 with value: 0.060355253517627716.
[I 2023-06-27 21:58:07,481] Trial 70 finished with value: 0.06988570094108582 and parameters: {'dim': 280, 'lam': 2.731822585713212e-07, 'clip': 0.4386119778726543}. Best is trial 65 with value: 0.060355253517627716.
[I 2023-06-27 21:58:11,386] Trial 71 finished with value: 0.061051469296216965 and parameters: {'dim': 300, 'lam': 4.6209473343394815e-07, 'clip': 0.49542808264292953}. Best is trial 65 with value: 0.060355253517627716.
[I 2023-06-27 21:58:15,328] Trial 72 finished with value: 0.060821209102869034 and parameters: {'dim': 300, 'lam': 4.875343269373846e-07, 'clip': 0.4991874592013475}. Best is trial 65 with value: 0.060355253517627716.
[I 2023-06-27 21:58:19,177] Trial 73 finished with value: 0.06182568520307541 and parameters: {'dim': 300, 'lam': 4.5169146300598974e-07, 'clip': 0.4856117069477012}. Best is trial 65 with value: 0.060355253517627716.
[I 2023-06-27 21:58:23,117] Trial 74 finished with value: 0.06238431856036186 and parameters: {'dim': 300, 'lam': 4.801380339241389e-07, 'clip': 0.4798963992281697}. Best is trial 65 with value: 0.060355253517627716.
[I 2023-06-27 21:58:27,110] Trial 75 finished with value: 0.0644543319940567 and parameters: {'dim': 300, 'lam': 3.1825007333217814e-07, 'clip': 0.4522760251366929}. Best is trial 65 with value: 0.060355253517627716.
[I 2023-06-27 21:58:31,106] Trial 76 finished with value: 0.061151448637247086 and parameters: {'dim': 300, 'lam': 2.0003392244543288e-07, 'clip': 0.4855908353982699}. Best is trial 65 with value: 0.060355253517627716.
[I 2023-06-27 21:58:34,858] Trial 77 finished with value: 0.06348471343517303 and parameters: {'dim': 300, 'lam': 2.0453768553515764e-07, 'clip': 0.4593038807112887}. Best is trial 65 with value: 0.060355253517627716.
[I 2023-06-27 21:58:38,682] Trial 78 finished with value: 0.06970389187335968 and parameters: {'dim': 280, 'lam': 2.5078470125705044e-07, 'clip': 0.4397480992388528}. Best is trial 65 with value: 0.060355253517627716.
[I 2023-06-27 21:58:42,577] Trial 79 finished with value: 0.061436254531145096 and parameters: {'dim': 300, 'lam': 1.812836726569629e-07, 'clip': 0.48161173142298147}. Best is trial 65 with value: 0.060355253517627716.
[I 2023-06-27 21:58:46,273] Trial 80 finished with value: 0.12932349741458893 and parameters: {'dim': 160, 'lam': 5.76729408482192e-07, 'clip': 0.41331090060651504}. Best is trial 65 with value: 0.060355253517627716.
[I 2023-06-27 21:58:50,375] Trial 81 finished with value: 0.06141546741127968 and parameters: {'dim': 300, 'lam': 1.9289673420437004e-07, 'clip': 0.4822239791217838}. Best is trial 65 with value: 0.060355253517627716.
[I 2023-06-27 21:58:54,318] Trial 82 finished with value: 0.06319039314985275 and parameters: {'dim': 300, 'lam': 1.9467325316676877e-07, 'clip': 0.4621923099488788}. Best is trial 65 with value: 0.060355253517627716.
[I 2023-06-27 21:58:58,340] Trial 83 finished with value: 0.06047140061855316 and parameters: {'dim': 300, 'lam': 3.5900915394175906e-07, 'clip': 0.49923126134085755}. Best is trial 65 with value: 0.060355253517627716.
[I 2023-06-27 21:59:02,360] Trial 84 finished with value: 0.06439480930566788 and parameters: {'dim': 280, 'lam': 3.514429650222731e-07, 'clip': 0.4978385234278998}. Best is trial 65 with value: 0.060355253517627716.
[I 2023-06-27 21:59:06,088] Trial 85 finished with value: 0.06236694008111954 and parameters: {'dim': 300, 'lam': 1.198533303944679e-07, 'clip': 0.4690546076284802}. Best is trial 65 with value: 0.060355253517627716.
[I 2023-06-27 21:59:09,868] Trial 86 finished with value: 0.060997024178504944 and parameters: {'dim': 300, 'lam': 5.573872512092589e-07, 'clip': 0.4993463088025656}. Best is trial 65 with value: 0.060355253517627716.
[I 2023-06-27 21:59:13,551] Trial 87 finished with value: 0.06479787826538086 and parameters: {'dim': 280, 'lam': 5.500243844312656e-07, 'clip': 0.4992492091833897}. Best is trial 65 with value: 0.060355253517627716.
[I 2023-06-27 21:59:17,387] Trial 88 finished with value: 0.06418348848819733 and parameters: {'dim': 300, 'lam': 4.0651136520304654e-07, 'clip': 0.45760392438502806}. Best is trial 65 with value: 0.060355253517627716.
[I 2023-06-27 21:59:21,289] Trial 89 finished with value: 0.0631880834698677 and parameters: {'dim': 300, 'lam': 7.568975744948483e-07, 'clip': 0.4791941853182956}. Best is trial 65 with value: 0.060355253517627716.
[I 2023-06-27 21:59:25,410] Trial 90 finished with value: 0.0693705603480339 and parameters: {'dim': 280, 'lam': 2.843499547430222e-07, 'clip': 0.4436528201320182}. Best is trial 65 with value: 0.060355253517627716.
[I 2023-06-27 21:59:29,197] Trial 91 finished with value: 0.06136559322476387 and parameters: {'dim': 300, 'lam': 2.2766031510316426e-07, 'clip': 0.4839199665845318}. Best is trial 65 with value: 0.060355253517627716.
[I 2023-06-27 21:59:32,950] Trial 92 finished with value: 0.0629580169916153 and parameters: {'dim': 300, 'lam': 3.8997769566306565e-07, 'clip': 0.4705320955044523}. Best is trial 65 with value: 0.060355253517627716.
[I 2023-06-27 21:59:36,629] Trial 93 finished with value: 0.0600881427526474 and parameters: {'dim': 300, 'lam': 2.334513313713504e-07, 'clip': 0.49980377339474535}. Best is trial 93 with value: 0.0600881427526474.
[I 2023-06-27 21:59:40,484] Trial 94 finished with value: 0.06094341725111008 and parameters: {'dim': 300, 'lam': 5.290263095711047e-07, 'clip': 0.49905630072022}. Best is trial 93 with value: 0.0600881427526474.
[I 2023-06-27 21:59:44,040] Trial 95 finished with value: 0.06471791118383408 and parameters: {'dim': 280, 'lam': 5.331632933255659e-07, 'clip': 0.49967281595781715}. Best is trial 93 with value: 0.0600881427526474.
[I 2023-06-27 21:59:47,841] Trial 96 finished with value: 0.06434978544712067 and parameters: {'dim': 300, 'lam': 6.351845697964028e-07, 'clip': 0.46240127554294785}. Best is trial 93 with value: 0.0600881427526474.
[I 2023-06-27 21:59:51,795] Trial 97 finished with value: 0.06280120462179184 and parameters: {'dim': 300, 'lam': 4.5744836017765943e-07, 'clip': 0.47436470748490756}. Best is trial 93 with value: 0.0600881427526474.
[I 2023-06-27 21:59:55,445] Trial 98 finished with value: 0.06484786421060562 and parameters: {'dim': 280, 'lam': 3.4029564489786315e-07, 'clip': 0.492207488429478}. Best is trial 93 with value: 0.0600881427526474.
[I 2023-06-27 21:59:59,319] Trial 99 finished with value: 0.061542823910713196 and parameters: {'dim': 300, 'lam': 7.650661144491119e-07, 'clip': 0.49952952989951044}. Best is trial 93 with value: 0.0600881427526474.
[I 2023-06-27 21:59:59,320] A new study created in memory with name: no-name-f814888d-d1cc-4e7c-909d-3cd209eb71b5
[I 2023-06-27 22:00:07,223] Trial 0 finished with value: 3.96108341217041 and parameters: {'dim': 260, 'lam': 0.0006430854760428442, 'beta': 1.8172220724263204}. Best is trial 0 with value: 3.96108341217041.
[I 2023-06-27 22:00:15,335] Trial 1 finished with value: 3.9252026081085205 and parameters: {'dim': 300, 'lam': 5.696228728576001e-05, 'beta': 6.3378183536914925}. Best is trial 1 with value: 3.9252026081085205.
[I 2023-06-27 22:00:22,865] Trial 2 finished with value: 3.842801094055176 and parameters: {'dim': 180, 'lam': 0.0009221298237055835, 'beta': 4.14007828451987}. Best is trial 2 with value: 3.842801094055176.
[I 2023-06-27 22:00:30,196] Trial 3 finished with value: 4.3831963539123535 and parameters: {'dim': 160, 'lam': 1.6200842899170718e-06, 'beta': 2.0009831884536626}. Best is trial 2 with value: 3.842801094055176.
[I 2023-06-27 22:00:37,984] Trial 4 finished with value: 3.9494078159332275 and parameters: {'dim': 220, 'lam': 0.00024159341950625673, 'beta': 6.842676505393022}. Best is trial 2 with value: 3.842801094055176.
[I 2023-06-27 22:00:45,293] Trial 5 finished with value: 3.9696171283721924 and parameters: {'dim': 140, 'lam': 0.00015777881345584044, 'beta': 4.506778332652149}. Best is trial 2 with value: 3.842801094055176.
[I 2023-06-27 22:00:52,421] Trial 6 finished with value: 4.128068923950195 and parameters: {'dim': 100, 'lam': 0.00017695577911671585, 'beta': 9.674649208503082}. Best is trial 2 with value: 3.842801094055176.
[I 2023-06-27 22:01:00,270] Trial 7 finished with value: 4.187418460845947 and parameters: {'dim': 260, 'lam': 1.6935768137778946e-07, 'beta': 4.736420192426574}. Best is trial 2 with value: 3.842801094055176.
[I 2023-06-27 22:01:07,847] Trial 8 finished with value: 4.2086615562438965 and parameters: {'dim': 200, 'lam': 2.8899825015530653e-06, 'beta': 9.001465063825478}. Best is trial 2 with value: 3.842801094055176.
[I 2023-06-27 22:01:15,104] Trial 9 finished with value: 4.210940837860107 and parameters: {'dim': 120, 'lam': 2.148621064282987e-05, 'beta': 0.43095183979990487}. Best is trial 2 with value: 3.842801094055176.
[I 2023-06-27 22:01:22,629] Trial 10 finished with value: 3.842789888381958 and parameters: {'dim': 180, 'lam': 0.0009227686032545345, 'beta': 3.246801035753165}. Best is trial 10 with value: 3.842789888381958.
[I 2023-06-27 22:01:30,129] Trial 11 finished with value: 3.841756582260132 and parameters: {'dim': 180, 'lam': 0.00097895519004572, 'beta': 3.236333436616134}. Best is trial 11 with value: 3.841756582260132.
[I 2023-06-27 22:01:37,780] Trial 12 finished with value: 3.874255657196045 and parameters: {'dim': 220, 'lam': 0.0008102251362942764, 'beta': 3.1487968372718376}. Best is trial 11 with value: 3.841756582260132.
[I 2023-06-27 22:01:45,175] Trial 13 finished with value: 4.353657245635986 and parameters: {'dim': 160, 'lam': 4.683960723160709e-05, 'beta': 3.082180951402362}. Best is trial 11 with value: 3.841756582260132.
[I 2023-06-27 22:01:52,762] Trial 14 finished with value: 4.09086799621582 and parameters: {'dim': 200, 'lam': 0.00028178578429568254, 'beta': 0.6404162569889369}. Best is trial 11 with value: 3.841756582260132.
[I 2023-06-27 22:02:00,635] Trial 15 finished with value: 4.021550178527832 and parameters: {'dim': 240, 'lam': 7.599450385987813e-05, 'beta': 3.1739543146379776}. Best is trial 11 with value: 3.841756582260132.
