[I 2023-06-27 23:12:10,768] Trial 38 finished with value: 29.314741134643555 and parameters: {'dim': 180, 'lam': 1.4052945421961993e-07, 'weight': 0.3870067307931448}. Best is trial 21 with value: 0.17076724767684937.
[I 2023-06-27 23:12:14,536] Trial 39 finished with value: 11.059974670410156 and parameters: {'dim': 160, 'lam': 2.7400233082499556e-07, 'weight': 0.7999659963671804}. Best is trial 21 with value: 0.17076724767684937.
[I 2023-06-27 23:12:18,088] Trial 40 finished with value: 130.48175048828125 and parameters: {'dim': 180, 'lam': 1.1053457674306523e-07, 'weight': 0.07788065124716426}. Best is trial 21 with value: 0.17076724767684937.
[I 2023-06-27 23:12:21,695] Trial 41 finished with value: 1.0137662887573242 and parameters: {'dim': 140, 'lam': 4.73262029671349e-07, 'weight': 0.999600730930058}. Best is trial 21 with value: 0.17076724767684937.
[I 2023-06-27 23:12:25,709] Trial 42 finished with value: 5.07551383972168 and parameters: {'dim': 160, 'lam': 8.077944066263746e-07, 'weight': 0.9274144828007364}. Best is trial 21 with value: 0.17076724767684937.
[I 2023-06-27 23:12:29,699] Trial 43 finished with value: 3.7553493976593018 and parameters: {'dim': 120, 'lam': 1.7902343580862342e-06, 'weight': 0.9462512358507863}. Best is trial 21 with value: 0.17076724767684937.
[I 2023-06-27 23:12:33,743] Trial 44 finished with value: 1.2278459072113037 and parameters: {'dim': 140, 'lam': 4.517394698657852e-06, 'weight': 0.9957707772810074}. Best is trial 21 with value: 0.17076724767684937.
[I 2023-06-27 23:12:37,260] Trial 45 finished with value: 8.829813957214355 and parameters: {'dim': 280, 'lam': 1.814932505437572e-06, 'weight': 0.8725248137063444}. Best is trial 21 with value: 0.17076724767684937.
[I 2023-06-27 23:12:40,740] Trial 46 finished with value: 3.3467159271240234 and parameters: {'dim': 180, 'lam': 6.047678261455515e-07, 'weight': 0.9500222209281474}. Best is trial 21 with value: 0.17076724767684937.
[I 2023-06-27 23:12:44,550] Trial 47 finished with value: 2.9588212966918945 and parameters: {'dim': 220, 'lam': 2.986853710994202e-07, 'weight': 0.9470394478116635}. Best is trial 21 with value: 0.17076724767684937.
[I 2023-06-27 23:12:48,343] Trial 48 finished with value: 12.084717750549316 and parameters: {'dim': 200, 'lam': 1.992323245996542e-07, 'weight': 0.7123617900329652}. Best is trial 21 with value: 0.17076724767684937.
[I 2023-06-27 23:12:52,154] Trial 49 finished with value: 9.764315605163574 and parameters: {'dim': 100, 'lam': 1.0337238492777537e-06, 'weight': 0.8648407878420431}. Best is trial 21 with value: 0.17076724767684937.
[I 2023-06-27 23:12:56,026] Trial 50 finished with value: 12.050297737121582 and parameters: {'dim': 140, 'lam': 4.925544867645268e-07, 'weight': 0.8065893192833359}. Best is trial 21 with value: 0.17076724767684937.
[I 2023-06-27 23:13:00,017] Trial 51 finished with value: 3.447270393371582 and parameters: {'dim': 140, 'lam': 3.842767678335914e-07, 'weight': 0.9589628794282083}. Best is trial 21 with value: 0.17076724767684937.
[I 2023-06-27 23:13:04,103] Trial 52 finished with value: 1.0022168159484863 and parameters: {'dim': 160, 'lam': 9.582830114900256e-07, 'weight': 0.9914510146282821}. Best is trial 21 with value: 0.17076724767684937.
[I 2023-06-27 23:13:07,772] Trial 53 finished with value: 0.21783961355686188 and parameters: {'dim': 160, 'lam': 9.53911568296872e-07, 'weight': 0.9991909639440147}. Best is trial 21 with value: 0.17076724767684937.
[I 2023-06-27 23:13:11,681] Trial 54 finished with value: 7.804152011871338 and parameters: {'dim': 180, 'lam': 1.0934581578978352e-06, 'weight': 0.8853718306565623}. Best is trial 21 with value: 0.17076724767684937.
[I 2023-06-27 23:13:15,630] Trial 55 finished with value: 3.727888345718384 and parameters: {'dim': 160, 'lam': 1.7304327437105049e-06, 'weight': 0.9492176321526298}. Best is trial 21 with value: 0.17076724767684937.
[I 2023-06-27 23:13:19,414] Trial 56 finished with value: 0.3155660033226013 and parameters: {'dim': 160, 'lam': 1.0609463531816058e-05, 'weight': 0.9996482523700628}. Best is trial 21 with value: 0.17076724767684937.
[I 2023-06-27 23:13:23,263] Trial 57 finished with value: 6.494742393493652 and parameters: {'dim': 180, 'lam': 1.105058339478804e-05, 'weight': 0.9064421570621546}. Best is trial 21 with value: 0.17076724767684937.
[I 2023-06-27 23:13:27,052] Trial 58 finished with value: 9.706249237060547 and parameters: {'dim': 120, 'lam': 1.6945542767486864e-05, 'weight': 0.8544130058154185}. Best is trial 21 with value: 0.17076724767684937.
[I 2023-06-27 23:13:30,884] Trial 59 finished with value: 3.296884775161743 and parameters: {'dim': 160, 'lam': 3.925221658803845e-06, 'weight': 0.9561185358529679}. Best is trial 21 with value: 0.17076724767684937.
[I 2023-06-27 23:13:34,695] Trial 60 finished with value: 7.251605033874512 and parameters: {'dim': 200, 'lam': 6.945614864056268e-06, 'weight': 0.8810491448059099}. Best is trial 21 with value: 0.17076724767684937.
[I 2023-06-27 23:13:38,487] Trial 61 finished with value: 2.343660831451416 and parameters: {'dim': 160, 'lam': 8.603584598835575e-07, 'weight': 0.9722469078157564}. Best is trial 21 with value: 0.17076724767684937.
[I 2023-06-27 23:13:42,415] Trial 62 finished with value: 0.547457218170166 and parameters: {'dim': 180, 'lam': 4.971878119911706e-06, 'weight': 0.9994162998637208}. Best is trial 21 with value: 0.17076724767684937.
[I 2023-06-27 23:13:46,362] Trial 63 finished with value: 0.5362139940261841 and parameters: {'dim': 180, 'lam': 5.361944198797296e-06, 'weight': 0.9996444771988054}. Best is trial 21 with value: 0.17076724767684937.
[I 2023-06-27 23:13:50,083] Trial 64 finished with value: 5.057214736938477 and parameters: {'dim': 180, 'lam': 5.1523916674034295e-06, 'weight': 0.9234923184760858}. Best is trial 21 with value: 0.17076724767684937.
[I 2023-06-27 23:13:53,540] Trial 65 finished with value: 2.5773582458496094 and parameters: {'dim': 160, 'lam': 8.518179426074915e-06, 'weight': 0.967811665135793}. Best is trial 21 with value: 0.17076724767684937.
[I 2023-06-27 23:13:57,274] Trial 66 finished with value: 5.009565830230713 and parameters: {'dim': 200, 'lam': 3.3332809809070363e-06, 'weight': 0.9159142274373597}. Best is trial 21 with value: 0.17076724767684937.
[I 2023-06-27 23:14:00,928] Trial 67 finished with value: 11.024129867553711 and parameters: {'dim': 140, 'lam': 5.03621353575148e-06, 'weight': 0.833044872457785}. Best is trial 21 with value: 0.17076724767684937.
[I 2023-06-27 23:14:04,965] Trial 68 finished with value: -0.5553619265556335 and parameters: {'dim': 120, 'lam': 2.502971469142728e-06, 'weight': 0.9997659382550704}. Best is trial 68 with value: -0.5553619265556335.
[I 2023-06-27 23:14:08,904] Trial 69 finished with value: 4.069125175476074 and parameters: {'dim': 100, 'lam': 2.1422209885105088e-06, 'weight': 0.9594349732999574}. Best is trial 68 with value: -0.5553619265556335.
[I 2023-06-27 23:14:12,918] Trial 70 finished with value: 7.044911861419678 and parameters: {'dim': 120, 'lam': 2.3923515818981744e-06, 'weight': 0.9006160855211999}. Best is trial 68 with value: -0.5553619265556335.
[I 2023-06-27 23:14:16,447] Trial 71 finished with value: 5.1009979248046875 and parameters: {'dim': 140, 'lam': 3.3770758692749395e-06, 'weight': 0.9365653653135595}. Best is trial 68 with value: -0.5553619265556335.
[I 2023-06-27 23:14:20,363] Trial 72 finished with value: 2.2140684127807617 and parameters: {'dim': 120, 'lam': 6.087555605636504e-06, 'weight': 0.9684802175311171}. Best is trial 68 with value: -0.5553619265556335.
[I 2023-06-27 23:14:24,291] Trial 73 finished with value: 0.8568435311317444 and parameters: {'dim': 180, 'lam': 2.9252137598574184e-06, 'weight': 0.9948070669429632}. Best is trial 68 with value: -0.5553619265556335.
[I 2023-06-27 23:14:28,270] Trial 74 finished with value: 4.618170261383057 and parameters: {'dim': 180, 'lam': 2.8414646314458705e-06, 'weight': 0.9283407019234777}. Best is trial 68 with value: -0.5553619265556335.
[I 2023-06-27 23:14:32,164] Trial 75 finished with value: 1.7372756004333496 and parameters: {'dim': 200, 'lam': 1.344383400618236e-06, 'weight': 0.9722571431542518}. Best is trial 68 with value: -0.5553619265556335.
[I 2023-06-27 23:14:35,828] Trial 76 finished with value: 7.140219211578369 and parameters: {'dim': 180, 'lam': 8.203708317527484e-06, 'weight': 0.897103651638971}. Best is trial 68 with value: -0.5553619265556335.
[I 2023-06-27 23:14:39,712] Trial 77 finished with value: -0.45135170221328735 and parameters: {'dim': 240, 'lam': 4.074501929676625e-06, 'weight': 0.9886690186983876}. Best is trial 68 with value: -0.5553619265556335.
[I 2023-06-27 23:14:43,630] Trial 78 finished with value: -0.4238271415233612 and parameters: {'dim': 260, 'lam': 3.76601101077338e-06, 'weight': 0.9994657387888302}. Best is trial 68 with value: -0.5553619265556335.
[I 2023-06-27 23:14:47,620] Trial 79 finished with value: 4.537885665893555 and parameters: {'dim': 260, 'lam': 3.932732669062125e-06, 'weight': 0.9259034687658707}. Best is trial 68 with value: -0.5553619265556335.
[I 2023-06-27 23:14:51,480] Trial 80 finished with value: 0.5379772782325745 and parameters: {'dim': 240, 'lam': 1.4618683970124474e-05, 'weight': 0.970807126830542}. Best is trial 68 with value: -0.5553619265556335.
[I 2023-06-27 23:14:55,470] Trial 81 finished with value: 0.4147281050682068 and parameters: {'dim': 240, 'lam': 9.186329598257827e-06, 'weight': 0.9701935932978737}. Best is trial 68 with value: -0.5553619265556335.
[I 2023-06-27 23:15:00,535] Trial 82 finished with value: 3.0277040004730225 and parameters: {'dim': 240, 'lam': 1.0281145197694297e-05, 'weight': 0.9438256418455262}. Best is trial 68 with value: -0.5553619265556335.
[I 2023-06-27 23:15:04,496] Trial 83 finished with value: -1.107261300086975 and parameters: {'dim': 240, 'lam': 6.997372284675444e-06, 'weight': 0.9999804110163052}. Best is trial 83 with value: -1.107261300086975.
[I 2023-06-27 23:15:08,044] Trial 84 finished with value: 2.6987674236297607 and parameters: {'dim': 280, 'lam': 6.806730277309675e-06, 'weight': 0.9693051234807134}. Best is trial 83 with value: -1.107261300086975.
[I 2023-06-27 23:15:11,851] Trial 85 finished with value: 7.862686634063721 and parameters: {'dim': 240, 'lam': 1.416082650677959e-06, 'weight': 0.8805038628782355}. Best is trial 83 with value: -1.107261300086975.
[I 2023-06-27 23:15:15,853] Trial 86 finished with value: 3.219482183456421 and parameters: {'dim': 240, 'lam': 2.340327946982557e-06, 'weight': 0.9410650302753409}. Best is trial 83 with value: -1.107261300086975.
[I 2023-06-27 23:15:19,862] Trial 87 finished with value: 5.420376300811768 and parameters: {'dim': 260, 'lam': 4.009928562254236e-06, 'weight': 0.91320196941299}. Best is trial 83 with value: -1.107261300086975.
[I 2023-06-27 23:15:23,665] Trial 88 finished with value: 0.8924059271812439 and parameters: {'dim': 260, 'lam': 8.803569911340819e-06, 'weight': 0.9752955148844515}. Best is trial 83 with value: -1.107261300086975.
[I 2023-06-27 23:15:27,608] Trial 89 finished with value: 7.948784828186035 and parameters: {'dim': 260, 'lam': 6.260069566968333e-07, 'weight': 0.8591094748598498}. Best is trial 83 with value: -1.107261300086975.
[I 2023-06-27 23:15:31,567] Trial 90 finished with value: 3.2445623874664307 and parameters: {'dim': 220, 'lam': 2.074229159290222e-05, 'weight': 0.9453454480695745}. Best is trial 83 with value: -1.107261300086975.
[I 2023-06-27 23:15:35,225] Trial 91 finished with value: -0.0215776190161705 and parameters: {'dim': 240, 'lam': 5.968720892399013e-06, 'weight': 0.9837751615481687}. Best is trial 83 with value: -1.107261300086975.
[I 2023-06-27 23:15:39,302] Trial 92 finished with value: 0.4485098123550415 and parameters: {'dim': 240, 'lam': 5.8807255790804885e-06, 'weight': 0.9742568956337482}. Best is trial 83 with value: -1.107261300086975.
[I 2023-06-27 23:15:43,266] Trial 93 finished with value: -0.13766348361968994 and parameters: {'dim': 240, 'lam': 1.0982130895931537e-05, 'weight': 0.9816913435504371}. Best is trial 83 with value: -1.107261300086975.
[I 2023-06-27 23:15:47,325] Trial 94 finished with value: 5.7615647315979 and parameters: {'dim': 220, 'lam': 1.1996010878779047e-05, 'weight': 0.9131239957047038}. Best is trial 83 with value: -1.107261300086975.
[I 2023-06-27 23:15:50,973] Trial 95 finished with value: 4.114819049835205 and parameters: {'dim': 280, 'lam': 6.342420534613441e-06, 'weight': 0.944007693631826}. Best is trial 83 with value: -1.107261300086975.
[I 2023-06-27 23:15:54,925] Trial 96 finished with value: 6.840733051300049 and parameters: {'dim': 220, 'lam': 2.0325576346180364e-06, 'weight': 0.8941150537144441}. Best is trial 83 with value: -1.107261300086975.
[I 2023-06-27 23:15:58,818] Trial 97 finished with value: 0.37828829884529114 and parameters: {'dim': 260, 'lam': 3.879654694860379e-06, 'weight': 0.9860621809225949}. Best is trial 83 with value: -1.107261300086975.
[I 2023-06-27 23:16:02,067] Trial 98 finished with value: 1.7130836248397827 and parameters: {'dim': 300, 'lam': 7.5113698806093765e-06, 'weight': 0.9814007688223918}. Best is trial 83 with value: -1.107261300086975.
[I 2023-06-27 23:16:05,945] Trial 99 finished with value: 4.42461633682251 and parameters: {'dim': 260, 'lam': 1.6425300324353305e-06, 'weight': 0.9294098482554359}. Best is trial 83 with value: -1.107261300086975.
[I 2023-06-27 23:16:05,946] A new study created in memory with name: no-name-30618c85-21dc-4426-90c1-767bd0d05eb9
[I 2023-06-27 23:16:09,794] Trial 0 finished with value: 0.272848904132843 and parameters: {'dim': 180, 'lam': 4.863411804287421e-06, 'clip': 0.16751477273531556}. Best is trial 0 with value: 0.272848904132843.
[I 2023-06-27 23:16:13,654] Trial 1 finished with value: 0.22132161259651184 and parameters: {'dim': 280, 'lam': 4.144863311212683e-07, 'clip': 0.25763628191469273}. Best is trial 1 with value: 0.22132161259651184.
[I 2023-06-27 23:16:17,511] Trial 2 finished with value: 0.2190275937318802 and parameters: {'dim': 160, 'lam': 7.92284349375683e-07, 'clip': 0.4402361980814086}. Best is trial 2 with value: 0.2190275937318802.
[I 2023-06-27 23:16:21,299] Trial 3 finished with value: 0.2912128269672394 and parameters: {'dim': 120, 'lam': 9.043088012915577e-07, 'clip': 0.12748704021510032}. Best is trial 2 with value: 0.2190275937318802.
[I 2023-06-27 23:16:25,243] Trial 4 finished with value: 0.7370505332946777 and parameters: {'dim': 160, 'lam': 0.00036908918076087064, 'clip': 0.16261767744582428}. Best is trial 2 with value: 0.2190275937318802.
[I 2023-06-27 23:16:29,061] Trial 5 finished with value: 0.16706636548042297 and parameters: {'dim': 240, 'lam': 5.798919922043955e-07, 'clip': 0.4914517973752307}. Best is trial 5 with value: 0.16706636548042297.
[I 2023-06-27 23:16:32,998] Trial 6 finished with value: 0.30824050307273865 and parameters: {'dim': 100, 'lam': 2.3448654507097618e-05, 'clip': 0.2776468166794408}. Best is trial 5 with value: 0.16706636548042297.
[I 2023-06-27 23:16:37,017] Trial 7 finished with value: 0.25043100118637085 and parameters: {'dim': 100, 'lam': 6.310497482281646e-07, 'clip': 0.4073334049910178}. Best is trial 5 with value: 0.16706636548042297.
[I 2023-06-27 23:16:40,515] Trial 8 finished with value: 0.3524402678012848 and parameters: {'dim': 140, 'lam': 8.305566249682675e-05, 'clip': 0.45151528052620243}. Best is trial 5 with value: 0.16706636548042297.
[I 2023-06-27 23:16:44,485] Trial 9 finished with value: 0.5368386507034302 and parameters: {'dim': 120, 'lam': 0.00014910702137593517, 'clip': 0.09996249440423294}. Best is trial 5 with value: 0.16706636548042297.
[I 2023-06-27 23:16:48,553] Trial 10 finished with value: 0.16704197227954865 and parameters: {'dim': 240, 'lam': 1.3971472038289637e-07, 'clip': 0.48781274606924846}. Best is trial 10 with value: 0.16704197227954865.
[I 2023-06-27 23:16:52,229] Trial 11 finished with value: 0.1671629399061203 and parameters: {'dim': 240, 'lam': 1.1951699564673875e-07, 'clip': 0.48728168403664235}. Best is trial 10 with value: 0.16704197227954865.
[I 2023-06-27 23:16:56,238] Trial 12 finished with value: 0.20983311533927917 and parameters: {'dim': 220, 'lam': 1.0635291312407381e-07, 'clip': 0.3692954375707608}. Best is trial 10 with value: 0.16704197227954865.
[I 2023-06-27 23:17:00,019] Trial 13 finished with value: 0.15277370810508728 and parameters: {'dim': 280, 'lam': 4.297480537661827e-06, 'clip': 0.49935741270542583}. Best is trial 13 with value: 0.15277370810508728.
[I 2023-06-27 23:17:03,920] Trial 14 finished with value: 0.19666564464569092 and parameters: {'dim': 300, 'lam': 5.0503130781042934e-06, 'clip': 0.35712436694737826}. Best is trial 13 with value: 0.15277370810508728.
[I 2023-06-27 23:17:07,806] Trial 15 finished with value: 0.21286050975322723 and parameters: {'dim': 260, 'lam': 2.67443980012884e-06, 'clip': 0.3352353688450461}. Best is trial 13 with value: 0.15277370810508728.
[I 2023-06-27 23:17:11,749] Trial 16 finished with value: 0.2227235585451126 and parameters: {'dim': 200, 'lam': 1.5042037684183586e-05, 'clip': 0.49930362222986024}. Best is trial 13 with value: 0.15277370810508728.
[I 2023-06-27 23:17:15,594] Trial 17 finished with value: -0.2849542796611786 and parameters: {'dim': 300, 'lam': 1.915253321945482e-06, 'clip': 0.009760224547191443}. Best is trial 17 with value: -0.2849542796611786.
[I 2023-06-27 23:17:19,481] Trial 18 finished with value: -3.2210934162139893 and parameters: {'dim': 300, 'lam': 2.445315767708455e-06, 'clip': 0.0007200387656590545}. Best is trial 18 with value: -3.2210934162139893.
[I 2023-06-27 23:17:23,284] Trial 19 finished with value: -1.208146572113037 and parameters: {'dim': 300, 'lam': 1.9548164623381416e-06, 'clip': 0.0002464102789831718}. Best is trial 18 with value: -3.2210934162139893.
[I 2023-06-27 23:17:26,969] Trial 20 finished with value: 0.12463472783565521 and parameters: {'dim': 280, 'lam': 1.3166250824863928e-05, 'clip': 5.76174167708497e-05}. Best is trial 18 with value: -3.2210934162139893.
[I 2023-06-27 23:17:30,688] Trial 21 finished with value: -2.3589000701904297 and parameters: {'dim': 300, 'lam': 1.9834724927211853e-06, 'clip': 0.0026305877731024312}. Best is trial 18 with value: -3.2210934162139893.
[I 2023-06-27 23:17:34,198] Trial 22 finished with value: 0.2386230081319809 and parameters: {'dim': 300, 'lam': 1.9071631617762333e-06, 'clip': 0.05021395762011735}. Best is trial 18 with value: -3.2210934162139893.
[I 2023-06-27 23:17:38,019] Trial 23 finished with value: 0.2611214518547058 and parameters: {'dim': 260, 'lam': 9.12905291908641e-06, 'clip': 0.05432685168959136}. Best is trial 18 with value: -3.2210934162139893.
[I 2023-06-27 23:17:41,865] Trial 24 finished with value: 0.2307111918926239 and parameters: {'dim': 260, 'lam': 1.8135489654268838e-06, 'clip': 0.045314733296731934}. Best is trial 18 with value: -3.2210934162139893.
[I 2023-06-27 23:17:45,394] Trial 25 finished with value: -0.679087221622467 and parameters: {'dim': 300, 'lam': 1.0376322646715825e-06, 'clip': 0.006411192109498724}. Best is trial 18 with value: -3.2210934162139893.
[I 2023-06-27 23:17:48,985] Trial 26 finished with value: 0.2570898234844208 and parameters: {'dim': 280, 'lam': 3.6756617388200656e-07, 'clip': 0.09354793466962272}. Best is trial 18 with value: -3.2210934162139893.
[I 2023-06-27 23:17:53,013] Trial 27 finished with value: 0.21912309527397156 and parameters: {'dim': 220, 'lam': 3.123258030146834e-06, 'clip': 0.03791650689345794}. Best is trial 18 with value: -3.2210934162139893.
[I 2023-06-27 23:17:56,939] Trial 28 finished with value: 0.2691546082496643 and parameters: {'dim': 300, 'lam': 7.86729050228728e-06, 'clip': 0.08533732804092947}. Best is trial 18 with value: -3.2210934162139893.
[I 2023-06-27 23:18:00,745] Trial 29 finished with value: 0.2500494122505188 and parameters: {'dim': 260, 'lam': 5.1536987222634515e-06, 'clip': 0.20204479010505938}. Best is trial 18 with value: -3.2210934162139893.
[I 2023-06-27 23:18:04,676] Trial 30 finished with value: 0.2541261613368988 and parameters: {'dim': 280, 'lam': 1.3973836545331786e-06, 'clip': 0.12878081815983505}. Best is trial 18 with value: -3.2210934162139893.
[I 2023-06-27 23:18:08,558] Trial 31 finished with value: -4.366486549377441 and parameters: {'dim': 300, 'lam': 1.5714896182941211e-06, 'clip': 0.0015481462305286394}. Best is trial 31 with value: -4.366486549377441.
[I 2023-06-27 23:18:12,652] Trial 32 finished with value: 0.22834621369838715 and parameters: {'dim': 280, 'lam': 2.874529082265075e-06, 'clip': 0.04004034075135421}. Best is trial 31 with value: -4.366486549377441.
[I 2023-06-27 23:18:16,466] Trial 33 finished with value: -2.456803560256958 and parameters: {'dim': 300, 'lam': 1.4367470094847192e-06, 'clip': 0.0025441906720984966}. Best is trial 31 with value: -4.366486549377441.
[I 2023-06-27 23:18:20,296] Trial 34 finished with value: 0.2573494017124176 and parameters: {'dim': 280, 'lam': 1.109593764469587e-06, 'clip': 0.06965395478394967}. Best is trial 31 with value: -4.366486549377441.
[I 2023-06-27 23:18:24,287] Trial 35 finished with value: 0.10208819061517715 and parameters: {'dim': 300, 'lam': 4.804832792486024e-07, 'clip': 0.021880305349189423}. Best is trial 31 with value: -4.366486549377441.
[I 2023-06-27 23:18:28,245] Trial 36 finished with value: 0.251431941986084 and parameters: {'dim': 260, 'lam': 3.0897028295521823e-07, 'clip': 0.06997358645771372}. Best is trial 31 with value: -4.366486549377441.
[I 2023-06-27 23:18:32,013] Trial 37 finished with value: 0.1692284494638443 and parameters: {'dim': 180, 'lam': 1.210446370092557e-06, 'clip': 0.026916863386886543}. Best is trial 31 with value: -4.366486549377441.
[I 2023-06-27 23:18:35,965] Trial 38 finished with value: 0.2639384865760803 and parameters: {'dim': 240, 'lam': 8.108171952248413e-07, 'clip': 0.11477666637185353}. Best is trial 31 with value: -4.366486549377441.
