WARNING:tensorflow:From /home/lcur2421/recsys/src/trainer.py:97: The name tf.Session is deprecated. Please use tf.compat.v1.Session instead.

[I 2023-06-26 23:12:56,994] A new study created in memory with name: no-name-0398f3b0-cb8e-4125-bf36-f4a1bf206aaf
[I 2023-06-26 23:13:33,872] Trial 0 finished with value: 0.31093934178352356 and parameters: {'dim': 160, 'lam': 0.00031187460573372687, 'weight': 0.8703967683413713}. Best is trial 0 with value: 0.31093934178352356.
[I 2023-06-26 23:14:05,773] Trial 1 finished with value: 0.3349798321723938 and parameters: {'dim': 160, 'lam': 2.051628814275838e-06, 'weight': 0.23272346119120924}. Best is trial 0 with value: 0.31093934178352356.
[I 2023-06-26 23:14:38,095] Trial 2 finished with value: 0.2581912875175476 and parameters: {'dim': 140, 'lam': 0.0007253795693632604, 'weight': 0.45956709641342325}. Best is trial 2 with value: 0.2581912875175476.
[I 2023-06-26 23:15:10,635] Trial 3 finished with value: 0.2877219617366791 and parameters: {'dim': 120, 'lam': 1.7764649013047778e-07, 'weight': 0.6818221987847243}. Best is trial 2 with value: 0.2581912875175476.
[I 2023-06-26 23:15:43,826] Trial 4 finished with value: 0.3636437654495239 and parameters: {'dim': 200, 'lam': 5.853130944758212e-06, 'weight': 0.47642564292273815}. Best is trial 2 with value: 0.2581912875175476.
[I 2023-06-26 23:16:01,411] Trial 5 finished with value: 0.28086793422698975 and parameters: {'dim': 160, 'lam': 0.0003822060458168833, 'weight': 0.4665509287202046}. Best is trial 2 with value: 0.2581912875175476.
[I 2023-06-26 23:16:17,662] Trial 6 finished with value: 0.3283272385597229 and parameters: {'dim': 100, 'lam': 0.00030333704420517954, 'weight': 0.4533169925807135}. Best is trial 2 with value: 0.2581912875175476.
[I 2023-06-26 23:16:34,490] Trial 7 finished with value: 0.5277581214904785 and parameters: {'dim': 100, 'lam': 8.520176376218727e-05, 'weight': 0.30355924599683115}. Best is trial 2 with value: 0.2581912875175476.
[I 2023-06-26 23:16:50,917] Trial 8 finished with value: 0.48962604999542236 and parameters: {'dim': 160, 'lam': 3.9213348215925115e-05, 'weight': 0.4824605525648234}. Best is trial 2 with value: 0.2581912875175476.
[I 2023-06-26 23:17:08,300] Trial 9 finished with value: 0.5601252913475037 and parameters: {'dim': 300, 'lam': 2.896865238508703e-05, 'weight': 0.23448499737101683}. Best is trial 2 with value: 0.2581912875175476.
[I 2023-06-26 23:17:41,952] Trial 10 finished with value: 0.5458581447601318 and parameters: {'dim': 260, 'lam': 0.0008466785453700011, 'weight': 0.01919904272391665}. Best is trial 2 with value: 0.2581912875175476.
[I 2023-06-26 23:17:59,437] Trial 11 finished with value: 0.2537388205528259 and parameters: {'dim': 200, 'lam': 0.000960603975390075, 'weight': 0.6513053879250151}. Best is trial 11 with value: 0.2537388205528259.
[I 2023-06-26 23:18:31,183] Trial 12 finished with value: 0.2531466484069824 and parameters: {'dim': 220, 'lam': 0.0008862375523599887, 'weight': 0.689454136295437}. Best is trial 12 with value: 0.2531466484069824.
[I 2023-06-26 23:19:03,436] Trial 13 finished with value: 0.6189862489700317 and parameters: {'dim': 220, 'lam': 0.0001035985131207165, 'weight': 0.7144408468423149}. Best is trial 12 with value: 0.2531466484069824.
[I 2023-06-26 23:19:36,759] Trial 14 finished with value: 0.2503221929073334 and parameters: {'dim': 220, 'lam': 0.0009412585153469245, 'weight': 0.9559819166813925}. Best is trial 14 with value: 0.2503221929073334.
[I 2023-06-26 23:20:08,934] Trial 15 finished with value: 0.5915367603302002 and parameters: {'dim': 240, 'lam': 0.00015238627415036199, 'weight': 0.9663383773892429}. Best is trial 14 with value: 0.2503221929073334.
[I 2023-06-26 23:20:41,493] Trial 16 finished with value: 0.582754373550415 and parameters: {'dim': 280, 'lam': 0.00017795820072253723, 'weight': 0.9717076043427157}. Best is trial 14 with value: 0.2503221929073334.
[I 2023-06-26 23:21:13,965] Trial 17 finished with value: 0.251476526260376 and parameters: {'dim': 220, 'lam': 0.0009215977271534157, 'weight': 0.8256602213446123}. Best is trial 14 with value: 0.2503221929073334.
[I 2023-06-26 23:21:46,643] Trial 18 finished with value: 0.544571578502655 and parameters: {'dim': 240, 'lam': 4.458613558838826e-05, 'weight': 0.8421330217698904}. Best is trial 14 with value: 0.2503221929073334.
[I 2023-06-26 23:22:18,648] Trial 19 finished with value: 0.39529502391815186 and parameters: {'dim': 180, 'lam': 1.5259406647396377e-05, 'weight': 0.8141837046103851}. Best is trial 14 with value: 0.2503221929073334.
[I 2023-06-26 23:22:51,943] Trial 20 finished with value: 0.6251630187034607 and parameters: {'dim': 260, 'lam': 7.98482804585882e-05, 'weight': 0.9995897815747099}. Best is trial 14 with value: 0.2503221929073334.
[I 2023-06-26 23:23:25,670] Trial 21 finished with value: 0.25389114022254944 and parameters: {'dim': 220, 'lam': 0.00046288504084345775, 'weight': 0.7625280469980713}. Best is trial 14 with value: 0.2503221929073334.
[I 2023-06-26 23:23:59,717] Trial 22 finished with value: 0.25424617528915405 and parameters: {'dim': 200, 'lam': 0.0007867219831405231, 'weight': 0.6218134406737029}. Best is trial 14 with value: 0.2503221929073334.
[I 2023-06-26 23:24:33,427] Trial 23 finished with value: 0.4423859119415283 and parameters: {'dim': 220, 'lam': 0.0002402627588301342, 'weight': 0.9048545064234499}. Best is trial 14 with value: 0.2503221929073334.
[I 2023-06-26 23:25:07,744] Trial 24 finished with value: 0.25470787286758423 and parameters: {'dim': 240, 'lam': 0.000451727291088376, 'weight': 0.7677391556933532}. Best is trial 14 with value: 0.2503221929073334.
[I 2023-06-26 23:25:41,922] Trial 25 finished with value: 0.2507924437522888 and parameters: {'dim': 180, 'lam': 0.0008803901571731862, 'weight': 0.8982492524595053}. Best is trial 14 with value: 0.2503221929073334.
[I 2023-06-26 23:26:15,894] Trial 26 finished with value: 0.45659857988357544 and parameters: {'dim': 180, 'lam': 0.00021921991234321908, 'weight': 0.9039251191119704}. Best is trial 14 with value: 0.2503221929073334.
[I 2023-06-26 23:26:48,724] Trial 27 finished with value: 0.2521137297153473 and parameters: {'dim': 180, 'lam': 0.0004543604527322467, 'weight': 0.9175161525300984}. Best is trial 14 with value: 0.2503221929073334.
[I 2023-06-26 23:27:21,155] Trial 28 finished with value: 0.6114336848258972 and parameters: {'dim': 260, 'lam': 0.0001540258494546989, 'weight': 0.7934288045646063}. Best is trial 14 with value: 0.2503221929073334.
[I 2023-06-26 23:27:52,699] Trial 29 finished with value: 0.3364483416080475 and parameters: {'dim': 140, 'lam': 0.0002852063333129115, 'weight': 0.8533607956952312}. Best is trial 14 with value: 0.2503221929073334.
[I 2023-06-26 23:28:26,184] Trial 30 finished with value: 0.2507694661617279 and parameters: {'dim': 200, 'lam': 0.0005160601148713242, 'weight': 0.9162656925541335}. Best is trial 14 with value: 0.2503221929073334.
[I 2023-06-26 23:29:00,220] Trial 31 finished with value: 0.25093400478363037 and parameters: {'dim': 200, 'lam': 0.0004953013597287967, 'weight': 0.9180638302224482}. Best is trial 14 with value: 0.2503221929073334.
[I 2023-06-26 23:29:33,885] Trial 32 finished with value: 0.2528209686279297 and parameters: {'dim': 200, 'lam': 0.000446265218315978, 'weight': 0.9304277243679439}. Best is trial 14 with value: 0.2503221929073334.
[I 2023-06-26 23:30:06,319] Trial 33 finished with value: 0.25459134578704834 and parameters: {'dim': 180, 'lam': 0.0004325519845819878, 'weight': 0.8708062581202247}. Best is trial 14 with value: 0.2503221929073334.
[I 2023-06-26 23:30:40,384] Trial 34 finished with value: 0.25016236305236816 and parameters: {'dim': 140, 'lam': 0.0006429152913942896, 'weight': 0.977535880660903}. Best is trial 34 with value: 0.25016236305236816.
[I 2023-06-26 23:31:13,620] Trial 35 finished with value: 0.37952977418899536 and parameters: {'dim': 140, 'lam': 0.00024623145864173355, 'weight': 0.9944119871051836}. Best is trial 34 with value: 0.25016236305236816.
[I 2023-06-26 23:31:46,819] Trial 36 finished with value: 0.2510665953159332 and parameters: {'dim': 120, 'lam': 0.0005900009747545497, 'weight': 0.8684083128298826}. Best is trial 34 with value: 0.25016236305236816.
[I 2023-06-26 23:32:19,568] Trial 37 finished with value: 0.3009888529777527 and parameters: {'dim': 140, 'lam': 0.00031581591944973385, 'weight': 0.9386821287291259}. Best is trial 34 with value: 0.25016236305236816.
[I 2023-06-26 23:32:53,362] Trial 38 finished with value: 0.25012412667274475 and parameters: {'dim': 160, 'lam': 0.0006419413808664431, 'weight': 0.9828118844458198}. Best is trial 38 with value: 0.25012412667274475.
[I 2023-06-26 23:33:26,699] Trial 39 finished with value: 0.5036975145339966 and parameters: {'dim': 120, 'lam': 0.00012888573512526678, 'weight': 0.9902551774211891}. Best is trial 38 with value: 0.25012412667274475.
[I 2023-06-26 23:34:01,636] Trial 40 finished with value: 0.313336580991745 and parameters: {'dim': 160, 'lam': 4.143869867712854e-06, 'weight': 0.9519995497040379}. Best is trial 38 with value: 0.25012412667274475.
[I 2023-06-26 23:34:36,100] Trial 41 finished with value: 0.2509136199951172 and parameters: {'dim': 160, 'lam': 0.0006732423437349735, 'weight': 0.8845649751210322}. Best is trial 38 with value: 0.25012412667274475.
[I 2023-06-26 23:35:09,232] Trial 42 finished with value: 0.2504102885723114 and parameters: {'dim': 140, 'lam': 0.0009755666771565626, 'weight': 0.9446094499920846}. Best is trial 38 with value: 0.25012412667274475.
[I 2023-06-26 23:35:42,754] Trial 43 finished with value: 0.2500181496143341 and parameters: {'dim': 140, 'lam': 0.0006144540322694344, 'weight': 0.9979271449384596}. Best is trial 43 with value: 0.2500181496143341.
[I 2023-06-26 23:36:15,925] Trial 44 finished with value: 0.2788706123828888 and parameters: {'dim': 120, 'lam': 0.0003340850140706649, 'weight': 0.9962211879430966}. Best is trial 43 with value: 0.2500181496143341.
[I 2023-06-26 23:36:49,386] Trial 45 finished with value: 0.2503041625022888 and parameters: {'dim': 140, 'lam': 0.0006303630533622432, 'weight': 0.9586470421886134}. Best is trial 43 with value: 0.2500181496143341.
[I 2023-06-26 23:37:22,849] Trial 46 finished with value: 0.3183891773223877 and parameters: {'dim': 100, 'lam': 0.00028280853857586967, 'weight': 0.848881366636886}. Best is trial 43 with value: 0.2500181496143341.
[I 2023-06-26 23:37:56,214] Trial 47 finished with value: 0.25028499960899353 and parameters: {'dim': 120, 'lam': 0.0006792831205263484, 'weight': 0.9609119691339482}. Best is trial 43 with value: 0.2500181496143341.
[I 2023-06-26 23:38:30,327] Trial 48 finished with value: 0.4438156485557556 and parameters: {'dim': 120, 'lam': 0.00018887534058529523, 'weight': 0.9587214414637202}. Best is trial 43 with value: 0.2500181496143341.
[I 2023-06-26 23:39:03,368] Trial 49 finished with value: 0.25183773040771484 and parameters: {'dim': 140, 'lam': 0.0006329530269174958, 'weight': 0.7920901598575063}. Best is trial 43 with value: 0.2500181496143341.
[I 2023-06-26 23:39:36,558] Trial 50 finished with value: 0.48995161056518555 and parameters: {'dim': 100, 'lam': 9.47498744794801e-05, 'weight': 0.878343900563789}. Best is trial 43 with value: 0.2500181496143341.
[I 2023-06-26 23:40:09,979] Trial 51 finished with value: 0.25027745962142944 and parameters: {'dim': 160, 'lam': 0.0006350980381814119, 'weight': 0.9621476854566526}. Best is trial 43 with value: 0.2500181496143341.
[I 2023-06-26 23:40:43,248] Trial 52 finished with value: 0.2503255605697632 and parameters: {'dim': 160, 'lam': 0.0006465362057094388, 'weight': 0.9557520763869055}. Best is trial 43 with value: 0.2500181496143341.
[I 2023-06-26 23:41:16,463] Trial 53 finished with value: 0.27378252148628235 and parameters: {'dim': 160, 'lam': 0.00035477484309232103, 'weight': 0.9968115713346477}. Best is trial 43 with value: 0.2500181496143341.
[I 2023-06-26 23:41:50,428] Trial 54 finished with value: 0.25145700573921204 and parameters: {'dim': 120, 'lam': 0.0005820354918678153, 'weight': 0.8284492615125039}. Best is trial 43 with value: 0.2500181496143341.
[I 2023-06-26 23:42:22,842] Trial 55 finished with value: 0.27342575788497925 and parameters: {'dim': 140, 'lam': 0.00035451331813636256, 'weight': 0.9501751176452873}. Best is trial 43 with value: 0.2500181496143341.
[I 2023-06-26 23:42:56,738] Trial 56 finished with value: 0.43687912821769714 and parameters: {'dim': 160, 'lam': 0.00021904981875731964, 'weight': 0.8784482497405066}. Best is trial 43 with value: 0.2500181496143341.
[I 2023-06-26 23:43:29,998] Trial 57 finished with value: 0.25021833181381226 and parameters: {'dim': 120, 'lam': 0.0007160796297213384, 'weight': 0.9697552743270109}. Best is trial 43 with value: 0.2500181496143341.
[I 2023-06-26 23:44:02,731] Trial 58 finished with value: 0.2500005066394806 and parameters: {'dim': 120, 'lam': 0.0007648175362667938, 'weight': 0.999930113983722}. Best is trial 58 with value: 0.2500005066394806.
[I 2023-06-26 23:44:35,920] Trial 59 finished with value: 0.47444337606430054 and parameters: {'dim': 100, 'lam': 0.0001433071240612428, 'weight': 0.9223785656189867}. Best is trial 58 with value: 0.2500005066394806.
[I 2023-06-26 23:45:09,473] Trial 60 finished with value: 0.2512495815753937 and parameters: {'dim': 120, 'lam': 0.0008708571770781062, 'weight': 0.8484109976259313}. Best is trial 58 with value: 0.2500005066394806.
[I 2023-06-26 23:45:43,143] Trial 61 finished with value: 0.2501123249530792 and parameters: {'dim': 120, 'lam': 0.000732340883715564, 'weight': 0.9842153016140153}. Best is trial 58 with value: 0.2500005066394806.
[I 2023-06-26 23:46:17,068] Trial 62 finished with value: 0.25543758273124695 and parameters: {'dim': 100, 'lam': 0.0003962933762328287, 'weight': 0.9959857069572746}. Best is trial 58 with value: 0.2500005066394806.
[I 2023-06-26 23:46:50,943] Trial 63 finished with value: 0.25061023235321045 and parameters: {'dim': 140, 'lam': 0.0009659811472338504, 'weight': 0.9197768515897992}. Best is trial 58 with value: 0.2500005066394806.
[I 2023-06-26 23:47:25,109] Trial 64 finished with value: 0.333268940448761 and parameters: {'dim': 120, 'lam': 0.0002728251316970855, 'weight': 0.9726395383817066}. Best is trial 58 with value: 0.2500005066394806.
[I 2023-06-26 23:47:59,024] Trial 65 finished with value: 0.25078123807907104 and parameters: {'dim': 140, 'lam': 0.0009993278421624259, 'weight': 0.8995400115896756}. Best is trial 58 with value: 0.2500005066394806.
[I 2023-06-26 23:48:31,971] Trial 66 finished with value: 0.25092703104019165 and parameters: {'dim': 120, 'lam': 0.0005166212169577922, 'weight': 0.8914008968752276}. Best is trial 58 with value: 0.2500005066394806.
[I 2023-06-26 23:49:05,389] Trial 67 finished with value: 0.2501564919948578 and parameters: {'dim': 140, 'lam': 0.0007092848065166159, 'weight': 0.9781549728186291}. Best is trial 58 with value: 0.2500005066394806.
[I 2023-06-26 23:49:39,801] Trial 68 finished with value: 0.2573612630367279 and parameters: {'dim': 100, 'lam': 0.00038529357464386606, 'weight': 0.9998680446052137}. Best is trial 58 with value: 0.2500005066394806.
[I 2023-06-26 23:50:13,046] Trial 69 finished with value: 0.44056540727615356 and parameters: {'dim': 140, 'lam': 0.00020883533424934274, 'weight': 0.9361188037911221}. Best is trial 58 with value: 0.2500005066394806.
[I 2023-06-26 23:50:46,078] Trial 70 finished with value: 0.2514026463031769 and parameters: {'dim': 120, 'lam': 0.000775566715893021, 'weight': 0.8329352503728976}. Best is trial 58 with value: 0.2500005066394806.
[I 2023-06-26 23:51:19,413] Trial 71 finished with value: 0.25018972158432007 and parameters: {'dim': 160, 'lam': 0.0007118180658037033, 'weight': 0.9736294907402488}. Best is trial 58 with value: 0.2500005066394806.
[I 2023-06-26 23:51:51,930] Trial 72 finished with value: 0.25047823786735535 and parameters: {'dim': 160, 'lam': 0.0004833648040964202, 'weight': 0.9767945334688765}. Best is trial 58 with value: 0.2500005066394806.
[I 2023-06-26 23:52:25,483] Trial 73 finished with value: 0.25055333971977234 and parameters: {'dim': 140, 'lam': 0.0007403984420489388, 'weight': 0.9267179827735896}. Best is trial 58 with value: 0.2500005066394806.
[I 2023-06-26 23:52:58,417] Trial 74 finished with value: 0.2705696225166321 and parameters: {'dim': 180, 'lam': 0.00037334096364635255, 'weight': 0.8988497973608475}. Best is trial 58 with value: 0.2500005066394806.
[I 2023-06-26 23:53:30,956] Trial 75 finished with value: 0.25020113587379456 and parameters: {'dim': 140, 'lam': 0.0007583782597845577, 'weight': 0.9720609831906082}. Best is trial 58 with value: 0.2500005066394806.
[I 2023-06-26 23:54:03,836] Trial 76 finished with value: 0.25059568881988525 and parameters: {'dim': 140, 'lam': 0.0005450698101893588, 'weight': 0.9256077356698367}. Best is trial 58 with value: 0.2500005066394806.
[I 2023-06-26 23:54:37,145] Trial 77 finished with value: 0.3030874729156494 and parameters: {'dim': 160, 'lam': 0.00032023943179223976, 'weight': 0.8669608566329159}. Best is trial 58 with value: 0.2500005066394806.
[I 2023-06-26 23:55:10,052] Trial 78 finished with value: 0.25018051266670227 and parameters: {'dim': 160, 'lam': 0.0007862215852884536, 'weight': 0.9748524654945484}. Best is trial 58 with value: 0.2500005066394806.
[I 2023-06-26 23:55:43,256] Trial 79 finished with value: 0.2512458562850952 and parameters: {'dim': 180, 'lam': 0.00048103730145304067, 'weight': 0.904487943961336}. Best is trial 58 with value: 0.2500005066394806.
[I 2023-06-26 23:56:15,989] Trial 80 finished with value: 0.3602178692817688 and parameters: {'dim': 160, 'lam': 0.00026677554038433555, 'weight': 0.9400654390960467}. Best is trial 58 with value: 0.2500005066394806.
[I 2023-06-26 23:56:48,176] Trial 81 finished with value: 0.2501353621482849 and parameters: {'dim': 160, 'lam': 0.0008153129380170885, 'weight': 0.9810213643782664}. Best is trial 58 with value: 0.2500005066394806.
[I 2023-06-26 23:57:21,707] Trial 82 finished with value: 0.2501809000968933 and parameters: {'dim': 160, 'lam': 0.0008090703342737697, 'weight': 0.9748016152507203}. Best is trial 58 with value: 0.2500005066394806.
[I 2023-06-26 23:57:54,921] Trial 83 finished with value: 0.25000882148742676 and parameters: {'dim': 180, 'lam': 0.000994384626765219, 'weight': 0.9987485091167311}. Best is trial 58 with value: 0.2500005066394806.
[I 2023-06-26 23:58:33,322] Trial 84 finished with value: 0.25049009919166565 and parameters: {'dim': 180, 'lam': 0.0005425647431893755, 'weight': 0.9401599648668973}. Best is trial 58 with value: 0.2500005066394806.
[I 2023-06-26 23:59:10,686] Trial 85 finished with value: 0.25343868136405945 and parameters: {'dim': 180, 'lam': 0.00043064328481955334, 'weight': 0.982133125786363}. Best is trial 58 with value: 0.2500005066394806.
[I 2023-06-26 23:59:49,216] Trial 86 finished with value: 0.2504327893257141 and parameters: {'dim': 140, 'lam': 0.0009290695484012345, 'weight': 0.941751502735441}. Best is trial 58 with value: 0.2500005066394806.
[I 2023-06-27 00:00:27,143] Trial 87 finished with value: 0.2500469982624054 and parameters: {'dim': 160, 'lam': 0.0009957980333632158, 'weight': 0.9933270587222536}. Best is trial 58 with value: 0.2500005066394806.
[I 2023-06-27 00:01:07,142] Trial 88 finished with value: 0.25080496072769165 and parameters: {'dim': 300, 'lam': 0.0009833547010010609, 'weight': 0.8968080508783772}. Best is trial 58 with value: 0.2500005066394806.
[I 2023-06-27 00:01:42,445] Trial 89 finished with value: 0.2510940134525299 and parameters: {'dim': 180, 'lam': 0.000556840054342899, 'weight': 0.8680644423868094}. Best is trial 58 with value: 0.2500005066394806.
[I 2023-06-27 00:02:21,384] Trial 90 finished with value: 0.2527659833431244 and parameters: {'dim': 140, 'lam': 0.0004289748072735048, 'weight': 0.9898604822912899}. Best is trial 58 with value: 0.2500005066394806.
[I 2023-06-27 00:02:57,996] Trial 91 finished with value: 0.2503789961338043 and parameters: {'dim': 160, 'lam': 0.0007259398312956078, 'weight': 0.9486352449684686}. Best is trial 58 with value: 0.2500005066394806.
[I 2023-06-27 00:03:35,040] Trial 92 finished with value: 0.2500486671924591 and parameters: {'dim': 160, 'lam': 0.0006214405224291723, 'weight': 0.9935242782406702}. Best is trial 58 with value: 0.2500005066394806.
[I 2023-06-27 00:04:11,181] Trial 93 finished with value: 0.2506113648414612 and parameters: {'dim': 180, 'lam': 0.000557613215981541, 'weight': 0.9230783420034449}. Best is trial 58 with value: 0.2500005066394806.
[I 2023-06-27 00:04:44,776] Trial 94 finished with value: 0.29269468784332275 and parameters: {'dim': 140, 'lam': 0.0003228383384931221, 'weight': 0.998626472208995}. Best is trial 58 with value: 0.2500005066394806.
[I 2023-06-27 00:05:16,549] Trial 95 finished with value: 0.2503122389316559 and parameters: {'dim': 160, 'lam': 0.0006405023703006486, 'weight': 0.9575302066921773}. Best is trial 58 with value: 0.2500005066394806.
[I 2023-06-27 00:05:50,434] Trial 96 finished with value: 0.257397323846817 and parameters: {'dim': 140, 'lam': 0.0004035276105517595, 'weight': 0.907529585652644}. Best is trial 58 with value: 0.2500005066394806.
[I 2023-06-27 00:06:23,878] Trial 97 finished with value: 0.2501698136329651 and parameters: {'dim': 160, 'lam': 0.0009867851703063253, 'weight': 0.9763077091464678}. Best is trial 58 with value: 0.2500005066394806.
[I 2023-06-27 00:06:57,829] Trial 98 finished with value: 0.41493985056877136 and parameters: {'dim': 200, 'lam': 0.00024626039904025043, 'weight': 0.996207318876815}. Best is trial 58 with value: 0.2500005066394806.
