[I 2023-06-27 22:02:08,096] Trial 16 finished with value: 4.1038408279418945 and parameters: {'dim': 160, 'lam': 0.0008351723364873143, 'beta': 5.718142721180332}. Best is trial 11 with value: 3.841756582260132.
[I 2023-06-27 22:02:15,355] Trial 17 finished with value: 3.938107967376709 and parameters: {'dim': 180, 'lam': 1.573855604599978e-05, 'beta': 1.7002064198644162}. Best is trial 11 with value: 3.841756582260132.
[I 2023-06-27 22:02:22,147] Trial 18 finished with value: 4.098682880401611 and parameters: {'dim': 120, 'lam': 0.00038612255459952, 'beta': 3.7800018610732753}. Best is trial 11 with value: 3.841756582260132.
[I 2023-06-27 22:02:29,295] Trial 19 finished with value: 3.9059364795684814 and parameters: {'dim': 180, 'lam': 0.00014809412584163362, 'beta': 5.566000635769596}. Best is trial 11 with value: 3.841756582260132.
[I 2023-06-27 22:02:37,162] Trial 20 finished with value: 3.8611695766448975 and parameters: {'dim': 300, 'lam': 0.000423935455816505, 'beta': 2.4996245633757512}. Best is trial 11 with value: 3.841756582260132.
[I 2023-06-27 22:02:44,725] Trial 21 finished with value: 3.8470120429992676 and parameters: {'dim': 180, 'lam': 0.0007730284629120113, 'beta': 4.05846621544636}. Best is trial 11 with value: 3.841756582260132.
[I 2023-06-27 22:02:52,223] Trial 22 finished with value: 3.874764919281006 and parameters: {'dim': 140, 'lam': 0.00087606230042179, 'beta': 3.9995793412583014}. Best is trial 11 with value: 3.841756582260132.
[I 2023-06-27 22:03:00,091] Trial 23 finished with value: 3.9152252674102783 and parameters: {'dim': 220, 'lam': 0.0004238290671652671, 'beta': 4.905177596568537}. Best is trial 11 with value: 3.841756582260132.
[I 2023-06-27 22:03:07,609] Trial 24 finished with value: 3.841841459274292 and parameters: {'dim': 180, 'lam': 0.0009741921098381238, 'beta': 2.7484724758335233}. Best is trial 11 with value: 3.841756582260132.
[I 2023-06-27 22:03:14,916] Trial 25 finished with value: 3.933255910873413 and parameters: {'dim': 140, 'lam': 0.0003280773846127086, 'beta': 1.2369757684964047}. Best is trial 11 with value: 3.841756582260132.
[I 2023-06-27 22:03:22,507] Trial 26 finished with value: 4.164763450622559 and parameters: {'dim': 200, 'lam': 8.868515518450454e-05, 'beta': 2.405553324644111}. Best is trial 11 with value: 3.841756582260132.
[I 2023-06-27 22:03:30,139] Trial 27 finished with value: 4.151881217956543 and parameters: {'dim': 200, 'lam': 0.00011738022784874372, 'beta': 0.12516295956208978}. Best is trial 11 with value: 3.841756582260132.
[I 2023-06-27 22:03:37,558] Trial 28 finished with value: 4.252926826477051 and parameters: {'dim': 160, 'lam': 0.00026449550331935446, 'beta': 1.167601608428908}. Best is trial 11 with value: 3.841756582260132.
[I 2023-06-27 22:03:45,431] Trial 29 finished with value: 3.9005839824676514 and parameters: {'dim': 240, 'lam': 0.0005506089045142493, 'beta': 2.6786750204891}. Best is trial 11 with value: 3.841756582260132.
[I 2023-06-27 22:03:53,249] Trial 30 finished with value: 3.9078474044799805 and parameters: {'dim': 240, 'lam': 0.000500450190544868, 'beta': 1.855423476878105}. Best is trial 11 with value: 3.841756582260132.
[I 2023-06-27 22:04:00,733] Trial 31 finished with value: 3.8491787910461426 and parameters: {'dim': 180, 'lam': 0.0007178810955199293, 'beta': 3.6979835174360147}. Best is trial 11 with value: 3.841756582260132.
[I 2023-06-27 22:04:08,272] Trial 32 finished with value: 3.8418643474578857 and parameters: {'dim': 180, 'lam': 0.0009728890650131942, 'beta': 3.443237205696787}. Best is trial 11 with value: 3.841756582260132.
[I 2023-06-27 22:04:15,861] Trial 33 finished with value: 4.038768768310547 and parameters: {'dim': 200, 'lam': 0.0004797662339196316, 'beta': 3.3300292906834996}. Best is trial 11 with value: 3.841756582260132.
[I 2023-06-27 22:04:23,368] Trial 34 finished with value: 4.088578701019287 and parameters: {'dim': 160, 'lam': 0.0009273929291521535, 'beta': 2.695160231818095}. Best is trial 11 with value: 3.841756582260132.
[I 2023-06-27 22:04:30,931] Trial 35 finished with value: 3.8956594467163086 and parameters: {'dim': 180, 'lam': 0.0002055028492930548, 'beta': 2.145065259402014}. Best is trial 11 with value: 3.841756582260132.
[I 2023-06-27 22:04:38,245] Trial 36 finished with value: 3.9451074600219727 and parameters: {'dim': 140, 'lam': 0.0002645279180815118, 'beta': 4.369814791662597}. Best is trial 11 with value: 3.841756582260132.
[I 2023-06-27 22:04:45,800] Trial 37 finished with value: 4.0807414054870605 and parameters: {'dim': 160, 'lam': 0.000978885375793458, 'beta': 3.5219751774862242}. Best is trial 11 with value: 3.841756582260132.
[I 2023-06-27 22:04:53,404] Trial 38 finished with value: 3.903547763824463 and parameters: {'dim': 180, 'lam': 0.00016038311951383375, 'beta': 2.8697208370926597}. Best is trial 11 with value: 3.841756582260132.
[I 2023-06-27 22:05:01,176] Trial 39 finished with value: 3.900631904602051 and parameters: {'dim': 220, 'lam': 0.000529530710254973, 'beta': 4.4019278708587155}. Best is trial 11 with value: 3.841756582260132.
[I 2023-06-27 22:05:09,156] Trial 40 finished with value: 4.018783092498779 and parameters: {'dim': 280, 'lam': 4.86301534975767e-05, 'beta': 3.4351964403155186}. Best is trial 11 with value: 3.841756582260132.
[I 2023-06-27 22:05:16,846] Trial 41 finished with value: 4.025040626525879 and parameters: {'dim': 200, 'lam': 0.0005452838619848971, 'beta': 3.92110315213004}. Best is trial 11 with value: 3.841756582260132.
[I 2023-06-27 22:05:24,624] Trial 42 finished with value: 3.841491937637329 and parameters: {'dim': 180, 'lam': 0.0009955430079762928, 'beta': 2.3236616787555726}. Best is trial 42 with value: 3.841491937637329.
[I 2023-06-27 22:05:32,134] Trial 43 finished with value: 3.8810696601867676 and parameters: {'dim': 180, 'lam': 0.0003073589781916927, 'beta': 2.8467162081121478}. Best is trial 42 with value: 3.841491937637329.
[I 2023-06-27 22:05:39,598] Trial 44 finished with value: 4.272189140319824 and parameters: {'dim': 160, 'lam': 0.000215991718647959, 'beta': 1.7089136431849532}. Best is trial 42 with value: 3.841491937637329.
[I 2023-06-27 22:05:47,265] Trial 45 finished with value: 4.008872985839844 and parameters: {'dim': 200, 'lam': 0.0006331284504135152, 'beta': 2.2158278674519982}. Best is trial 42 with value: 3.841491937637329.
[I 2023-06-27 22:05:54,540] Trial 46 finished with value: 3.868725061416626 and parameters: {'dim': 140, 'lam': 0.0009883913067311543, 'beta': 3.1164482251156223}. Best is trial 42 with value: 3.841491937637329.
[I 2023-06-27 22:06:02,207] Trial 47 finished with value: 3.9233968257904053 and parameters: {'dim': 220, 'lam': 0.0003732958299659599, 'beta': 2.305843760872975}. Best is trial 42 with value: 3.841491937637329.
[I 2023-06-27 22:06:09,411] Trial 48 finished with value: 4.0506696701049805 and parameters: {'dim': 120, 'lam': 0.0006354704674991751, 'beta': 3.5435867974191293}. Best is trial 42 with value: 3.841491937637329.
[I 2023-06-27 22:06:16,841] Trial 49 finished with value: 3.84157395362854 and parameters: {'dim': 180, 'lam': 0.000990170430468519, 'beta': 4.387356161329901}. Best is trial 42 with value: 3.841491937637329.
[I 2023-06-27 22:06:24,261] Trial 50 finished with value: 4.27317476272583 and parameters: {'dim': 160, 'lam': 0.0002136188261206692, 'beta': 4.3488412894200055}. Best is trial 42 with value: 3.841491937637329.
[I 2023-06-27 22:06:31,915] Trial 51 finished with value: 3.841609001159668 and parameters: {'dim': 180, 'lam': 0.000987882375135255, 'beta': 4.762746939188597}. Best is trial 42 with value: 3.841491937637329.
[I 2023-06-27 22:06:39,549] Trial 52 finished with value: 3.856478452682495 and parameters: {'dim': 180, 'lam': 0.0005775302728554751, 'beta': 4.767698406745237}. Best is trial 42 with value: 3.841491937637329.
[I 2023-06-27 22:06:46,875] Trial 53 finished with value: 4.0779829025268555 and parameters: {'dim': 160, 'lam': 0.0009978753921042272, 'beta': 5.090532644679827}. Best is trial 42 with value: 3.841491937637329.
[I 2023-06-27 22:06:54,625] Trial 54 finished with value: 4.0681471824646 and parameters: {'dim': 200, 'lam': 0.00035957628077594835, 'beta': 3.827276196811563}. Best is trial 42 with value: 3.841491937637329.
[I 2023-06-27 22:07:02,177] Trial 55 finished with value: 3.851367950439453 and parameters: {'dim': 180, 'lam': 0.0006711517923411273, 'beta': 2.9867129541513675}. Best is trial 42 with value: 3.841491937637329.
[I 2023-06-27 22:07:09,742] Trial 56 finished with value: 4.067086219787598 and parameters: {'dim': 200, 'lam': 0.0003634525188012206, 'beta': 4.249493599400313}. Best is trial 42 with value: 3.841491937637329.
[I 2023-06-27 22:07:17,205] Trial 57 finished with value: 3.849529266357422 and parameters: {'dim': 180, 'lam': 0.0007102771556813745, 'beta': 5.318370878431234}. Best is trial 42 with value: 3.841491937637329.
[I 2023-06-27 22:07:24,591] Trial 58 finished with value: 4.192999362945557 and parameters: {'dim': 160, 'lam': 0.00044304432997322514, 'beta': 4.675678547042669}. Best is trial 42 with value: 3.841491937637329.
[I 2023-06-27 22:07:32,278] Trial 59 finished with value: 3.976001024246216 and parameters: {'dim': 220, 'lam': 0.00013852481443492592, 'beta': 6.111741999094544}. Best is trial 42 with value: 3.841491937637329.
[I 2023-06-27 22:07:39,774] Trial 60 finished with value: 3.9387311935424805 and parameters: {'dim': 140, 'lam': 0.00029770400081837595, 'beta': 4.050047409548324}. Best is trial 42 with value: 3.841491937637329.
[I 2023-06-27 22:07:47,216] Trial 61 finished with value: 3.8489367961883545 and parameters: {'dim': 180, 'lam': 0.0007235727904234716, 'beta': 3.382548367137595}. Best is trial 42 with value: 3.841491937637329.
[I 2023-06-27 22:07:54,766] Trial 62 finished with value: 3.8414692878723145 and parameters: {'dim': 180, 'lam': 0.0009970396247582127, 'beta': 2.5119151258413206}. Best is trial 62 with value: 3.8414692878723145.
[I 2023-06-27 22:08:02,604] Trial 63 finished with value: 3.999331474304199 and parameters: {'dim': 200, 'lam': 0.0006915665948024928, 'beta': 2.602647459839287}. Best is trial 62 with value: 3.8414692878723145.
[I 2023-06-27 22:08:10,164] Trial 64 finished with value: 3.841726303100586 and parameters: {'dim': 180, 'lam': 0.0009807371442177156, 'beta': 3.083111896327936}. Best is trial 62 with value: 3.8414692878723145.
[I 2023-06-27 22:08:17,648] Trial 65 finished with value: 4.182254314422607 and parameters: {'dim': 160, 'lam': 0.00048071129011328814, 'beta': 2.02523979847229}. Best is trial 62 with value: 3.8414692878723145.
[I 2023-06-27 22:08:25,315] Trial 66 finished with value: 3.8705739974975586 and parameters: {'dim': 180, 'lam': 0.00040122349146927254, 'beta': 2.440305004296861}. Best is trial 62 with value: 3.8414692878723145.
[I 2023-06-27 22:08:32,945] Trial 67 finished with value: 3.9918222427368164 and parameters: {'dim': 200, 'lam': 0.0007417988781993012, 'beta': 3.033557992983315}. Best is trial 62 with value: 3.8414692878723145.
[I 2023-06-27 22:08:40,557] Trial 68 finished with value: 3.8886094093322754 and parameters: {'dim': 180, 'lam': 0.00025140162408031667, 'beta': 1.538857926031154}. Best is trial 62 with value: 3.8414692878723145.
[I 2023-06-27 22:08:47,878] Trial 69 finished with value: 4.0786051750183105 and parameters: {'dim': 160, 'lam': 0.0009935537008150693, 'beta': 2.6466377404062804}. Best is trial 62 with value: 3.8414692878723145.
[I 2023-06-27 22:08:55,283] Trial 70 finished with value: 4.176637649536133 and parameters: {'dim': 160, 'lam': 0.00050132306743502, 'beta': 3.656144530089889}. Best is trial 62 with value: 3.8414692878723145.
[I 2023-06-27 22:09:02,968] Trial 71 finished with value: 3.84765625 and parameters: {'dim': 180, 'lam': 0.0007563760962774913, 'beta': 3.3119669326619507}. Best is trial 62 with value: 3.8414692878723145.
[I 2023-06-27 22:09:10,434] Trial 72 finished with value: 3.8456475734710693 and parameters: {'dim': 180, 'lam': 0.0008133612255887095, 'beta': 2.9744218219428675}. Best is trial 62 with value: 3.8414692878723145.
[I 2023-06-27 22:09:18,016] Trial 73 finished with value: 4.017090797424316 and parameters: {'dim': 200, 'lam': 0.0005872229135867039, 'beta': 3.9924382204134123}. Best is trial 62 with value: 3.8414692878723145.
[I 2023-06-27 22:09:25,613] Trial 74 finished with value: 3.964937448501587 and parameters: {'dim': 200, 'lam': 0.0009629584564873081, 'beta': 2.038184892788377}. Best is trial 62 with value: 3.8414692878723145.
[I 2023-06-27 22:09:33,110] Trial 75 finished with value: 3.8670074939727783 and parameters: {'dim': 180, 'lam': 0.0004390264062779808, 'beta': 4.603273042099584}. Best is trial 62 with value: 3.8414692878723145.
[I 2023-06-27 22:09:40,296] Trial 76 finished with value: 4.095205783843994 and parameters: {'dim': 100, 'lam': 0.00032190449623573547, 'beta': 3.6817920759856846}. Best is trial 62 with value: 3.8414692878723145.
[I 2023-06-27 22:09:47,829] Trial 77 finished with value: 3.8569698333740234 and parameters: {'dim': 180, 'lam': 0.0005699721610328673, 'beta': 2.416353467793838}. Best is trial 62 with value: 3.8414692878723145.
[I 2023-06-27 22:09:55,261] Trial 78 finished with value: 4.108276844024658 and parameters: {'dim': 160, 'lam': 0.0008101582173709657, 'beta': 3.202292830240279}. Best is trial 62 with value: 3.8414692878723145.
[I 2023-06-27 22:10:02,913] Trial 79 finished with value: 4.0153117179870605 and parameters: {'dim': 200, 'lam': 0.0005969867305978346, 'beta': 4.224839086730225}. Best is trial 62 with value: 3.8414692878723145.
[I 2023-06-27 22:10:10,518] Trial 80 finished with value: 3.8638532161712646 and parameters: {'dim': 220, 'lam': 0.0009892096005733163, 'beta': 2.763992541995704}. Best is trial 62 with value: 3.8414692878723145.
[I 2023-06-27 22:10:17,989] Trial 81 finished with value: 3.845757007598877 and parameters: {'dim': 180, 'lam': 0.0008098956001201105, 'beta': 3.148418411664484}. Best is trial 62 with value: 3.8414692878723145.
[I 2023-06-27 22:10:25,448] Trial 82 finished with value: 3.866600513458252 and parameters: {'dim': 180, 'lam': 0.0004435035446829899, 'beta': 3.483483414396632}. Best is trial 62 with value: 3.8414692878723145.
[I 2023-06-27 22:10:33,043] Trial 83 finished with value: 3.853638172149658 and parameters: {'dim': 180, 'lam': 0.0006271721940426459, 'beta': 3.8109161247955194}. Best is trial 62 with value: 3.8414692878723145.
[I 2023-06-27 22:10:40,626] Trial 84 finished with value: 4.111364841461182 and parameters: {'dim': 160, 'lam': 0.0007931368797945658, 'beta': 2.773142376133791}. Best is trial 62 with value: 3.8414692878723145.
[I 2023-06-27 22:10:48,286] Trial 85 finished with value: 4.073050498962402 and parameters: {'dim': 200, 'lam': 0.00034197998169560985, 'beta': 2.226671857448094}. Best is trial 62 with value: 3.8414692878723145.
[I 2023-06-27 22:10:55,790] Trial 86 finished with value: 3.858314275741577 and parameters: {'dim': 180, 'lam': 0.0005492687418342153, 'beta': 2.5369944301697793}. Best is trial 62 with value: 3.8414692878723145.
[I 2023-06-27 22:11:03,397] Trial 87 finished with value: 3.8418335914611816 and parameters: {'dim': 180, 'lam': 0.0009746255591876533, 'beta': 3.365004597830484}. Best is trial 62 with value: 3.8414692878723145.
[I 2023-06-27 22:11:10,880] Trial 88 finished with value: 4.282268047332764 and parameters: {'dim': 160, 'lam': 0.00019208149461853215, 'beta': 3.3464348342474732}. Best is trial 62 with value: 3.8414692878723145.
[I 2023-06-27 22:11:18,233] Trial 89 finished with value: 3.8684282302856445 and parameters: {'dim': 140, 'lam': 0.0009947256889532843, 'beta': 4.498802192834167}. Best is trial 62 with value: 3.8414692878723145.
[I 2023-06-27 22:11:25,942] Trial 90 finished with value: 4.093527793884277 and parameters: {'dim': 200, 'lam': 0.0002732668397633645, 'beta': 2.910590681970647}. Best is trial 62 with value: 3.8414692878723145.
[I 2023-06-27 22:11:33,434] Trial 91 finished with value: 3.8459019660949707 and parameters: {'dim': 180, 'lam': 0.0008053547943000036, 'beta': 3.6315317765215474}. Best is trial 62 with value: 3.8414692878723145.
[I 2023-06-27 22:11:41,002] Trial 92 finished with value: 3.854004144668579 and parameters: {'dim': 180, 'lam': 0.0006207377363829963, 'beta': 3.2428242681907666}. Best is trial 62 with value: 3.8414692878723145.
[I 2023-06-27 22:11:48,618] Trial 93 finished with value: 3.8691048622131348 and parameters: {'dim': 180, 'lam': 0.00041630912334591217, 'beta': 3.9589753424351124}. Best is trial 62 with value: 3.8414692878723145.
[I 2023-06-27 22:11:56,072] Trial 94 finished with value: 4.109618663787842 and parameters: {'dim': 160, 'lam': 0.0008027121023236654, 'beta': 4.2143338759212785}. Best is trial 62 with value: 3.8414692878723145.
[I 2023-06-27 22:12:03,736] Trial 95 finished with value: 3.998363494873047 and parameters: {'dim': 200, 'lam': 0.0006977694916812945, 'beta': 2.2508988037266846}. Best is trial 62 with value: 3.8414692878723145.
[I 2023-06-27 22:12:11,242] Trial 96 finished with value: 3.8618087768554688 and parameters: {'dim': 180, 'lam': 0.0005009878573111657, 'beta': 2.996900584845222}. Best is trial 62 with value: 3.8414692878723145.
[I 2023-06-27 22:12:18,729] Trial 97 finished with value: 3.841474771499634 and parameters: {'dim': 180, 'lam': 0.0009966560269293228, 'beta': 3.507445172756843}. Best is trial 62 with value: 3.8414692878723145.
[I 2023-06-27 22:12:26,245] Trial 98 finished with value: 3.9614832401275635 and parameters: {'dim': 200, 'lam': 0.0009978657172388826, 'beta': 3.5713428839108174}. Best is trial 62 with value: 3.8414692878723145.
[I 2023-06-27 22:12:33,609] Trial 99 finished with value: 4.171630382537842 and parameters: {'dim': 160, 'lam': 0.0005202062225963289, 'beta': 2.550506308154246}. Best is trial 62 with value: 3.8414692878723145.
[I 2023-06-27 22:12:33,632] A new study created in memory with name: no-name-3cb3a05f-edd7-4778-b888-54df4fb7bf13
[I 2023-06-27 22:12:37,635] Trial 0 finished with value: -2.0586583614349365 and parameters: {'dim': 280, 'lam': 5.049769996255762e-05, 'weight': 0.38233709584803094}. Best is trial 0 with value: -2.0586583614349365.
[I 2023-06-27 22:12:41,391] Trial 1 finished with value: -2.651926279067993 and parameters: {'dim': 280, 'lam': 3.045782502466258e-07, 'weight': 0.5998710213223426}. Best is trial 1 with value: -2.651926279067993.
[I 2023-06-27 22:12:45,241] Trial 2 finished with value: 7.51933479309082 and parameters: {'dim': 180, 'lam': 9.26724785340645e-06, 'weight': 0.06652698374869823}. Best is trial 1 with value: -2.651926279067993.
[I 2023-06-27 22:12:49,169] Trial 3 finished with value: -2.838345527648926 and parameters: {'dim': 240, 'lam': 3.669160103998263e-07, 'weight': 0.8882836394134936}. Best is trial 3 with value: -2.838345527648926.
[I 2023-06-27 22:12:52,571] Trial 4 finished with value: 0.21432845294475555 and parameters: {'dim': 200, 'lam': 8.326013792330374e-07, 'weight': 0.16024301274969202}. Best is trial 3 with value: -2.838345527648926.
[I 2023-06-27 22:12:56,432] Trial 5 finished with value: -2.8831701278686523 and parameters: {'dim': 200, 'lam': 1.181149886579269e-06, 'weight': 0.7995705984127289}. Best is trial 5 with value: -2.8831701278686523.
[I 2023-06-27 22:13:00,621] Trial 6 finished with value: -2.405440092086792 and parameters: {'dim': 120, 'lam': 1.3268287828237086e-06, 'weight': 0.9582603154508256}. Best is trial 5 with value: -2.8831701278686523.
[I 2023-06-27 22:13:04,696] Trial 7 finished with value: -2.641317129135132 and parameters: {'dim': 260, 'lam': 3.1975300089682047e-06, 'weight': 0.7001787395249243}. Best is trial 5 with value: -2.8831701278686523.
[I 2023-06-27 22:13:08,587] Trial 8 finished with value: 1.8516818284988403 and parameters: {'dim': 180, 'lam': 5.958994330640286e-05, 'weight': 0.1448506886732217}. Best is trial 5 with value: -2.8831701278686523.
[I 2023-06-27 22:13:12,469] Trial 9 finished with value: 26.33721160888672 and parameters: {'dim': 260, 'lam': 0.00036724516160235605, 'weight': 0.012014518397434629}. Best is trial 5 with value: -2.8831701278686523.
[I 2023-06-27 22:13:16,568] Trial 10 finished with value: -2.2970640659332275 and parameters: {'dim': 120, 'lam': 1.1345823464677465e-07, 'weight': 0.7884533787283057}. Best is trial 5 with value: -2.8831701278686523.
[I 2023-06-27 22:13:20,594] Trial 11 finished with value: -2.7379751205444336 and parameters: {'dim': 220, 'lam': 3.6357685659341986e-07, 'weight': 0.9877744321721189}. Best is trial 5 with value: -2.8831701278686523.
[I 2023-06-27 22:13:24,156] Trial 12 finished with value: -2.686931848526001 and parameters: {'dim': 220, 'lam': 3.0814826448567766e-06, 'weight': 0.8323925646605563}. Best is trial 5 with value: -2.8831701278686523.
[I 2023-06-27 22:13:27,963] Trial 13 finished with value: -2.8322794437408447 and parameters: {'dim': 160, 'lam': 1.000380686338352e-07, 'weight': 0.8375696506969942}. Best is trial 5 with value: -2.8831701278686523.
[I 2023-06-27 22:13:31,978] Trial 14 finished with value: -2.4888973236083984 and parameters: {'dim': 240, 'lam': 6.410623272307559e-07, 'weight': 0.5267300878712432}. Best is trial 5 with value: -2.8831701278686523.
[I 2023-06-27 22:13:35,887] Trial 15 finished with value: -2.6975810527801514 and parameters: {'dim': 160, 'lam': 2.3450630376780984e-06, 'weight': 0.6828902735152593}. Best is trial 5 with value: -2.8831701278686523.
[I 2023-06-27 22:13:39,685] Trial 16 finished with value: -2.754809856414795 and parameters: {'dim': 300, 'lam': 3.246754933826108e-07, 'weight': 0.9059910348275392}. Best is trial 5 with value: -2.8831701278686523.
[I 2023-06-27 22:13:43,580] Trial 17 finished with value: -2.7310526371002197 and parameters: {'dim': 220, 'lam': 8.030963578271428e-06, 'weight': 0.9900786291798567}. Best is trial 5 with value: -2.8831701278686523.
