[I 2023-06-27 23:42:54,698] Trial 58 finished with value: 95008.0859375 and parameters: {'dim': 260, 'lam': 0.00011987497339616017, 'beta': 8.060165704887691}. Best is trial 32 with value: 83167.015625.
[I 2023-06-27 23:43:02,464] Trial 59 finished with value: 89296.0078125 and parameters: {'dim': 240, 'lam': 0.0005243692568620301, 'beta': 7.910063598430154}. Best is trial 32 with value: 83167.015625.
[I 2023-06-27 23:43:10,377] Trial 60 finished with value: 83172.7890625 and parameters: {'dim': 280, 'lam': 0.00025507034642028144, 'beta': 8.590546607349102}. Best is trial 32 with value: 83167.015625.
[I 2023-06-27 23:43:18,175] Trial 61 finished with value: 83168.1640625 and parameters: {'dim': 280, 'lam': 0.000751457596163829, 'beta': 9.679336175034258}. Best is trial 32 with value: 83167.015625.
[I 2023-06-27 23:43:26,133] Trial 62 finished with value: 89906.875 and parameters: {'dim': 300, 'lam': 0.0007678982503035124, 'beta': 9.199102566440509}. Best is trial 32 with value: 83167.015625.
[I 2023-06-27 23:43:34,036] Trial 63 finished with value: 83168.28125 and parameters: {'dim': 280, 'lam': 0.000731186865336563, 'beta': 9.544506919735259}. Best is trial 32 with value: 83167.015625.
[I 2023-06-27 23:43:41,637] Trial 64 finished with value: 95014.0078125 and parameters: {'dim': 260, 'lam': 0.000992435641038612, 'beta': 9.659889235541076}. Best is trial 32 with value: 83167.015625.
[I 2023-06-27 23:43:49,484] Trial 65 finished with value: 83170.640625 and parameters: {'dim': 280, 'lam': 0.00043984642611045994, 'beta': 8.795744583960198}. Best is trial 32 with value: 83167.015625.
[I 2023-06-27 23:43:57,100] Trial 66 finished with value: 95012.46875 and parameters: {'dim': 260, 'lam': 0.0003168571313626659, 'beta': 9.647956268400002}. Best is trial 32 with value: 83167.015625.
[I 2023-06-27 23:44:04,342] Trial 67 finished with value: 91444.5 and parameters: {'dim': 160, 'lam': 0.00022202857482120705, 'beta': 9.3702470012833}. Best is trial 32 with value: 83167.015625.
[I 2023-06-27 23:44:12,317] Trial 68 finished with value: 89907.09375 and parameters: {'dim': 300, 'lam': 0.0006870838566531911, 'beta': 8.246366011979507}. Best is trial 32 with value: 83167.015625.
[I 2023-06-27 23:44:20,034] Trial 69 finished with value: 83168.015625 and parameters: {'dim': 280, 'lam': 0.0008023871717348429, 'beta': 9.993504243061203}. Best is trial 32 with value: 83167.015625.
[I 2023-06-27 23:44:27,798] Trial 70 finished with value: 89295.96875 and parameters: {'dim': 240, 'lam': 0.0005161458498184926, 'beta': 8.852522103036485}. Best is trial 32 with value: 83167.015625.
[I 2023-06-27 23:44:35,644] Trial 71 finished with value: 83168.046875 and parameters: {'dim': 280, 'lam': 0.0007886175904010246, 'beta': 9.888633957982123}. Best is trial 32 with value: 83167.015625.
[I 2023-06-27 23:44:43,527] Trial 72 finished with value: 83168.03125 and parameters: {'dim': 280, 'lam': 0.000801863332836007, 'beta': 9.463977186707163}. Best is trial 32 with value: 83167.015625.
[I 2023-06-27 23:44:51,243] Trial 73 finished with value: 83171.8125 and parameters: {'dim': 280, 'lam': 0.0003405859613048319, 'beta': 9.799468146986229}. Best is trial 32 with value: 83167.015625.
[I 2023-06-27 23:44:58,945] Trial 74 finished with value: 95014.0625 and parameters: {'dim': 260, 'lam': 0.0007779145697706193, 'beta': 9.436551445412714}. Best is trial 32 with value: 83167.015625.
[I 2023-06-27 23:45:06,624] Trial 75 finished with value: 83170.0 and parameters: {'dim': 280, 'lam': 0.0005403301969788083, 'beta': 8.991721148270331}. Best is trial 32 with value: 83167.015625.
[I 2023-06-27 23:45:14,597] Trial 76 finished with value: 89904.4765625 and parameters: {'dim': 300, 'lam': 0.0004431620734975561, 'beta': 9.270228575146591}. Best is trial 32 with value: 83167.015625.
[I 2023-06-27 23:45:22,484] Trial 77 finished with value: 95014.0390625 and parameters: {'dim': 260, 'lam': 0.0008170692612783232, 'beta': 9.76639289197166}. Best is trial 32 with value: 83167.015625.
[I 2023-06-27 23:45:30,251] Trial 78 finished with value: 89904.4921875 and parameters: {'dim': 300, 'lam': 0.0005368344050519745, 'beta': 9.990575172760263}. Best is trial 32 with value: 83167.015625.
[I 2023-06-27 23:45:38,013] Trial 79 finished with value: 83172.2421875 and parameters: {'dim': 280, 'lam': 0.0002848060006293698, 'beta': 8.617968927039172}. Best is trial 32 with value: 83167.015625.
[I 2023-06-27 23:45:45,686] Trial 80 finished with value: 95013.8515625 and parameters: {'dim': 260, 'lam': 0.0008743668054531254, 'beta': 9.423142134043902}. Best is trial 32 with value: 83167.015625.
[I 2023-06-27 23:45:53,465] Trial 81 finished with value: 83168.0859375 and parameters: {'dim': 280, 'lam': 0.0007810574518801802, 'beta': 9.578245275044823}. Best is trial 32 with value: 83167.015625.
[I 2023-06-27 23:46:01,244] Trial 82 finished with value: 83166.875 and parameters: {'dim': 280, 'lam': 0.000999651176930794, 'beta': 9.757200353939133}. Best is trial 82 with value: 83166.875.
[I 2023-06-27 23:46:09,065] Trial 83 finished with value: 83169.78125 and parameters: {'dim': 280, 'lam': 0.0005551497574147637, 'beta': 9.052973516460677}. Best is trial 82 with value: 83166.875.
[I 2023-06-27 23:46:16,922] Trial 84 finished with value: 89905.7421875 and parameters: {'dim': 300, 'lam': 0.0009667247851424773, 'beta': 9.768355679553817}. Best is trial 82 with value: 83166.875.
[I 2023-06-27 23:46:24,721] Trial 85 finished with value: 83171.09375 and parameters: {'dim': 280, 'lam': 0.0003828155223711304, 'beta': 8.855241853837041}. Best is trial 82 with value: 83166.875.
[I 2023-06-27 23:46:32,396] Trial 86 finished with value: 95014.0859375 and parameters: {'dim': 260, 'lam': 0.0007898460764542682, 'beta': 9.33323907104316}. Best is trial 82 with value: 83166.875.
[I 2023-06-27 23:46:40,147] Trial 87 finished with value: 89905.1640625 and parameters: {'dim': 300, 'lam': 0.00041654772050832826, 'beta': 8.450167851217744}. Best is trial 82 with value: 83166.875.
[I 2023-06-27 23:46:47,959] Trial 88 finished with value: 83169.4765625 and parameters: {'dim': 280, 'lam': 0.0005986111703433351, 'beta': 9.811370158854253}. Best is trial 82 with value: 83166.875.
[I 2023-06-27 23:46:55,660] Trial 89 finished with value: 83166.90625 and parameters: {'dim': 280, 'lam': 0.000991725385269713, 'beta': 9.455478915934124}. Best is trial 82 with value: 83166.875.
[I 2023-06-27 23:47:03,453] Trial 90 finished with value: 89905.3046875 and parameters: {'dim': 300, 'lam': 0.0005991098351273393, 'beta': 9.08945597569617}. Best is trial 82 with value: 83166.875.
[I 2023-06-27 23:47:11,182] Trial 91 finished with value: 83167.09375 and parameters: {'dim': 280, 'lam': 0.0009492402297369293, 'beta': 9.423527607163875}. Best is trial 82 with value: 83166.875.
[I 2023-06-27 23:47:18,788] Trial 92 finished with value: 83167.1484375 and parameters: {'dim': 280, 'lam': 0.0009253514546174819, 'beta': 9.352137905922959}. Best is trial 82 with value: 83166.875.
[I 2023-06-27 23:47:26,041] Trial 93 finished with value: 95013.9296875 and parameters: {'dim': 260, 'lam': 0.0009226859095792899, 'beta': 9.346842095741142}. Best is trial 82 with value: 83166.875.
[I 2023-06-27 23:47:33,319] Trial 94 finished with value: 83170.1640625 and parameters: {'dim': 280, 'lam': 0.00046342701686566813, 'beta': 8.735785425856115}. Best is trial 82 with value: 83166.875.
[I 2023-06-27 23:47:40,596] Trial 95 finished with value: 83169.4609375 and parameters: {'dim': 280, 'lam': 0.000612456763080945, 'beta': 9.074313957462678}. Best is trial 82 with value: 83166.875.
[I 2023-06-27 23:47:48,410] Trial 96 finished with value: 89905.7421875 and parameters: {'dim': 300, 'lam': 0.0009695337037485938, 'beta': 8.468954014186664}. Best is trial 82 with value: 83166.875.
[I 2023-06-27 23:47:55,658] Trial 97 finished with value: 93376.96875 and parameters: {'dim': 200, 'lam': 0.0006864502502776069, 'beta': 9.4500890425699}. Best is trial 82 with value: 83166.875.
[I 2023-06-27 23:48:03,172] Trial 98 finished with value: 95012.6484375 and parameters: {'dim': 260, 'lam': 0.0003316850284952554, 'beta': 9.232833423567127}. Best is trial 82 with value: 83166.875.
[I 2023-06-27 23:48:11,094] Trial 99 finished with value: 83166.875 and parameters: {'dim': 280, 'lam': 0.0009944027147023755, 'beta': 9.993000662210198}. Best is trial 82 with value: 83166.875.
[I 2023-06-27 23:48:11,094] A new study created in memory with name: no-name-0222d277-20c5-4a9c-a027-ca2242d0cc7e
[I 2023-06-27 23:48:15,090] Trial 0 finished with value: 0.49576592445373535 and parameters: {'dim': 120, 'lam': 0.0002192215429367707, 'clip': 0.3118143195683216}. Best is trial 0 with value: 0.49576592445373535.
[I 2023-06-27 23:48:19,145] Trial 1 finished with value: 0.4429379403591156 and parameters: {'dim': 100, 'lam': 0.0007069717093188638, 'clip': 0.4902138364793433}. Best is trial 1 with value: 0.4429379403591156.
[I 2023-06-27 23:48:23,016] Trial 2 finished with value: 0.327645480632782 and parameters: {'dim': 260, 'lam': 5.447968879149182e-05, 'clip': 0.1235286104763092}. Best is trial 2 with value: 0.327645480632782.
[I 2023-06-27 23:48:27,031] Trial 3 finished with value: 0.05970492586493492 and parameters: {'dim': 300, 'lam': 7.527333430120807e-07, 'clip': 0.4880781237775344}. Best is trial 3 with value: 0.05970492586493492.
[I 2023-06-27 23:48:31,037] Trial 4 finished with value: 0.31074512004852295 and parameters: {'dim': 120, 'lam': 0.00010520317622851227, 'clip': 0.47396100046267886}. Best is trial 3 with value: 0.05970492586493492.
[I 2023-06-27 23:48:34,751] Trial 5 finished with value: 0.22886069118976593 and parameters: {'dim': 200, 'lam': 1.6897038255454666e-05, 'clip': 0.17722977349673552}. Best is trial 3 with value: 0.05970492586493492.
[I 2023-06-27 23:48:38,793] Trial 6 finished with value: 0.3999265730381012 and parameters: {'dim': 200, 'lam': 8.629953475747375e-06, 'clip': 0.08223546449350999}. Best is trial 3 with value: 0.05970492586493492.
[I 2023-06-27 23:48:42,750] Trial 7 finished with value: 0.143930584192276 and parameters: {'dim': 260, 'lam': 2.711370168291414e-05, 'clip': 0.3757218661421052}. Best is trial 3 with value: 0.05970492586493492.
[I 2023-06-27 23:48:46,483] Trial 8 finished with value: 1.0325008630752563 and parameters: {'dim': 200, 'lam': 3.387500876226642e-05, 'clip': 0.031133583870482207}. Best is trial 3 with value: 0.05970492586493492.
[I 2023-06-27 23:48:50,455] Trial 9 finished with value: 0.1269342601299286 and parameters: {'dim': 200, 'lam': 3.186053405994242e-07, 'clip': 0.2972795056157374}. Best is trial 3 with value: 0.05970492586493492.
[I 2023-06-27 23:48:54,384] Trial 10 finished with value: 0.06804020702838898 and parameters: {'dim': 300, 'lam': 1.8808188760592895e-07, 'clip': 0.3924238444292905}. Best is trial 3 with value: 0.05970492586493492.
[I 2023-06-27 23:48:58,190] Trial 11 finished with value: 0.06830979883670807 and parameters: {'dim': 300, 'lam': 1.2552748079960038e-07, 'clip': 0.3890703492718842}. Best is trial 3 with value: 0.05970492586493492.
[I 2023-06-27 23:49:02,146] Trial 12 finished with value: 0.06568397581577301 and parameters: {'dim': 300, 'lam': 8.522162328176007e-07, 'clip': 0.427386796131417}. Best is trial 3 with value: 0.05970492586493492.
[I 2023-06-27 23:49:06,022] Trial 13 finished with value: 0.06907948851585388 and parameters: {'dim': 260, 'lam': 1.1667424156976856e-06, 'clip': 0.4925645239172092}. Best is trial 3 with value: 0.05970492586493492.
[I 2023-06-27 23:49:09,708] Trial 14 finished with value: 0.08289823681116104 and parameters: {'dim': 240, 'lam': 1.9727039583407863e-06, 'clip': 0.43135640857183}. Best is trial 3 with value: 0.05970492586493492.
[I 2023-06-27 23:49:13,614] Trial 15 finished with value: 0.10044144093990326 and parameters: {'dim': 300, 'lam': 9.608022733955018e-07, 'clip': 0.24434880917301055}. Best is trial 3 with value: 0.05970492586493492.
[I 2023-06-27 23:49:17,520] Trial 16 finished with value: 0.07669371366500854 and parameters: {'dim': 280, 'lam': 2.8203945115988928e-06, 'clip': 0.41158364118894986}. Best is trial 3 with value: 0.05970492586493492.
[I 2023-06-27 23:49:21,206] Trial 17 finished with value: 0.07710544764995575 and parameters: {'dim': 240, 'lam': 4.3477866360293706e-07, 'clip': 0.447716499172616}. Best is trial 3 with value: 0.05970492586493492.
[I 2023-06-27 23:49:24,977] Trial 18 finished with value: 0.12238556146621704 and parameters: {'dim': 160, 'lam': 7.008931046449378e-06, 'clip': 0.4983869663472179}. Best is trial 3 with value: 0.05970492586493492.
[I 2023-06-27 23:49:28,907] Trial 19 finished with value: 0.09444324672222137 and parameters: {'dim': 240, 'lam': 5.087264054559054e-07, 'clip': 0.33952248307128025}. Best is trial 3 with value: 0.05970492586493492.
[I 2023-06-27 23:49:32,812] Trial 20 finished with value: 0.07599473744630814 and parameters: {'dim': 280, 'lam': 3.7364274089859856e-06, 'clip': 0.4379755533208921}. Best is trial 3 with value: 0.05970492586493492.
[I 2023-06-27 23:49:36,836] Trial 21 finished with value: 0.06944917887449265 and parameters: {'dim': 300, 'lam': 1.1256206441307308e-07, 'clip': 0.38026481898475545}. Best is trial 3 with value: 0.05970492586493492.
[I 2023-06-27 23:49:40,831] Trial 22 finished with value: 0.06645894050598145 and parameters: {'dim': 280, 'lam': 2.5451011249407284e-07, 'clip': 0.44322185118888247}. Best is trial 3 with value: 0.05970492586493492.
[I 2023-06-27 23:49:44,919] Trial 23 finished with value: 0.06743234395980835 and parameters: {'dim': 280, 'lam': 8.369780584756007e-07, 'clip': 0.4482346919637444}. Best is trial 3 with value: 0.05970492586493492.
[I 2023-06-27 23:49:48,732] Trial 24 finished with value: 0.06534383445978165 and parameters: {'dim': 280, 'lam': 2.689901307070373e-07, 'clip': 0.4542659928364305}. Best is trial 3 with value: 0.05970492586493492.
[I 2023-06-27 23:49:52,901] Trial 25 finished with value: 0.10021000355482101 and parameters: {'dim': 220, 'lam': 5.934933713864949e-07, 'clip': 0.34341339034962}. Best is trial 3 with value: 0.05970492586493492.
[I 2023-06-27 23:49:56,711] Trial 26 finished with value: 0.06857454031705856 and parameters: {'dim': 300, 'lam': 1.4446592349315595e-06, 'clip': 0.41538727648258134}. Best is trial 3 with value: 0.05970492586493492.
[I 2023-06-27 23:50:00,436] Trial 27 finished with value: 0.11314167827367783 and parameters: {'dim': 160, 'lam': 2.210929013274512e-07, 'clip': 0.4658498658314555}. Best is trial 3 with value: 0.05970492586493492.
[I 2023-06-27 23:50:04,225] Trial 28 finished with value: 0.06711813807487488 and parameters: {'dim': 260, 'lam': 6.253747008368595e-07, 'clip': 0.49904021242428526}. Best is trial 3 with value: 0.05970492586493492.
[I 2023-06-27 23:50:08,287] Trial 29 finished with value: 0.07357388734817505 and parameters: {'dim': 280, 'lam': 3.844856696343404e-06, 'clip': 0.4644249958302961}. Best is trial 3 with value: 0.05970492586493492.
[I 2023-06-27 23:50:12,268] Trial 30 finished with value: 0.12584887444972992 and parameters: {'dim': 160, 'lam': 1.7756242475481984e-06, 'clip': 0.4146325715087805}. Best is trial 3 with value: 0.05970492586493492.
[I 2023-06-27 23:50:15,944] Trial 31 finished with value: 0.06604191660881042 and parameters: {'dim': 280, 'lam': 2.6191067676785433e-07, 'clip': 0.44733709381444725}. Best is trial 3 with value: 0.05970492586493492.
[I 2023-06-27 23:50:19,708] Trial 32 finished with value: 0.06429623812437057 and parameters: {'dim': 280, 'lam': 3.8137824156099904e-07, 'clip': 0.46780430467462447}. Best is trial 3 with value: 0.05970492586493492.
[I 2023-06-27 23:50:23,495] Trial 33 finished with value: 0.06015884876251221 and parameters: {'dim': 300, 'lam': 4.183542022724062e-07, 'clip': 0.4723163610343626}. Best is trial 3 with value: 0.05970492586493492.
[I 2023-06-27 23:50:27,206] Trial 34 finished with value: 0.06872151046991348 and parameters: {'dim': 260, 'lam': 4.0908795583328493e-07, 'clip': 0.47613498704226315}. Best is trial 3 with value: 0.05970492586493492.
[I 2023-06-27 23:50:31,096] Trial 35 finished with value: 0.0787443071603775 and parameters: {'dim': 220, 'lam': 1.5008568883588813e-07, 'clip': 0.47316536395948405}. Best is trial 3 with value: 0.05970492586493492.
[I 2023-06-27 23:50:35,133] Trial 36 finished with value: 0.06901154667139053 and parameters: {'dim': 260, 'lam': 3.3145705196358434e-07, 'clip': 0.47125396895501587}. Best is trial 3 with value: 0.05970492586493492.
[I 2023-06-27 23:50:38,683] Trial 37 finished with value: 0.1439238339662552 and parameters: {'dim': 120, 'lam': 1.7609679979797931e-07, 'clip': 0.4988293711496734}. Best is trial 3 with value: 0.05970492586493492.
[I 2023-06-27 23:50:42,874] Trial 38 finished with value: 0.07251901179552078 and parameters: {'dim': 280, 'lam': 6.268359948230869e-07, 'clip': 0.4001099393102274}. Best is trial 3 with value: 0.05970492586493492.
[I 2023-06-27 23:50:46,599] Trial 39 finished with value: 0.07220018655061722 and parameters: {'dim': 300, 'lam': 1.1765231998665535e-07, 'clip': 0.36118892711695005}. Best is trial 3 with value: 0.05970492586493492.
[I 2023-06-27 23:50:50,286] Trial 40 finished with value: 0.10910345613956451 and parameters: {'dim': 180, 'lam': 2.809241490695309e-07, 'clip': 0.41421725995685976}. Best is trial 3 with value: 0.05970492586493492.
[I 2023-06-27 23:50:54,244] Trial 41 finished with value: 0.06517435610294342 and parameters: {'dim': 300, 'lam': 8.077651800499306e-07, 'clip': 0.43106408331917506}. Best is trial 3 with value: 0.05970492586493492.
[I 2023-06-27 23:50:58,013] Trial 42 finished with value: 0.06358472257852554 and parameters: {'dim': 300, 'lam': 1.1809689621832512e-06, 'clip': 0.456932488443088}. Best is trial 3 with value: 0.05970492586493492.
[I 2023-06-27 23:51:01,967] Trial 43 finished with value: 0.17525964975357056 and parameters: {'dim': 100, 'lam': 1.1929690450973837e-06, 'clip': 0.4818983727838603}. Best is trial 3 with value: 0.05970492586493492.
[I 2023-06-27 23:51:05,930] Trial 44 finished with value: 0.0650377869606018 and parameters: {'dim': 300, 'lam': 7.374594251304815e-07, 'clip': 0.4305993218155417}. Best is trial 3 with value: 0.05970492586493492.
[I 2023-06-27 23:51:09,967] Trial 45 finished with value: 0.07192158699035645 and parameters: {'dim': 300, 'lam': 1.8776399563334575e-06, 'clip': 0.3968262030253894}. Best is trial 3 with value: 0.05970492586493492.
[I 2023-06-27 23:51:13,983] Trial 46 finished with value: 0.06114526838064194 and parameters: {'dim': 300, 'lam': 4.410557944325681e-07, 'clip': 0.46204370393462496}. Best is trial 3 with value: 0.05970492586493492.
[I 2023-06-27 23:51:17,938] Trial 47 finished with value: 0.0683819055557251 and parameters: {'dim': 260, 'lam': 4.103880882925812e-07, 'clip': 0.47964268970128654}. Best is trial 3 with value: 0.05970492586493492.
[I 2023-06-27 23:51:21,877] Trial 48 finished with value: 0.0676574856042862 and parameters: {'dim': 280, 'lam': 1.31080386909169e-06, 'clip': 0.45805558632088206}. Best is trial 3 with value: 0.05970492586493492.
[I 2023-06-27 23:51:25,565] Trial 49 finished with value: 0.07124827057123184 and parameters: {'dim': 300, 'lam': 1.7361050951826973e-07, 'clip': 0.3685998926976752}. Best is trial 3 with value: 0.05970492586493492.
[I 2023-06-27 23:51:29,202] Trial 50 finished with value: 0.07306625694036484 and parameters: {'dim': 240, 'lam': 4.651544732781614e-07, 'clip': 0.4847593527190403}. Best is trial 3 with value: 0.05970492586493492.
[I 2023-06-27 23:51:32,977] Trial 51 finished with value: 0.06536954641342163 and parameters: {'dim': 300, 'lam': 8.006373396057383e-07, 'clip': 0.4290496179138656}. Best is trial 3 with value: 0.05970492586493492.
[I 2023-06-27 23:51:36,934] Trial 52 finished with value: 0.061725862324237823 and parameters: {'dim': 300, 'lam': 3.5610641307749456e-07, 'clip': 0.4534660188445761}. Best is trial 3 with value: 0.05970492586493492.
[I 2023-06-27 23:51:40,946] Trial 53 finished with value: 0.06457985937595367 and parameters: {'dim': 280, 'lam': 3.6937995918091787e-07, 'clip': 0.4645473288837017}. Best is trial 3 with value: 0.05970492586493492.
[I 2023-06-27 23:51:44,600] Trial 54 finished with value: 0.06729035824537277 and parameters: {'dim': 300, 'lam': 2.0048555901893505e-07, 'clip': 0.39863422404649684}. Best is trial 3 with value: 0.05970492586493492.
[I 2023-06-27 23:51:48,485] Trial 55 finished with value: 0.06279163807630539 and parameters: {'dim': 300, 'lam': 5.028929493631545e-07, 'clip': 0.4464972273998523}. Best is trial 3 with value: 0.05970492586493492.
[I 2023-06-27 23:51:52,517] Trial 56 finished with value: 0.061486322432756424 and parameters: {'dim': 300, 'lam': 1.0169771254221e-07, 'clip': 0.4489923721949757}. Best is trial 3 with value: 0.05970492586493492.
[I 2023-06-27 23:51:56,466] Trial 57 finished with value: 0.06264432519674301 and parameters: {'dim': 300, 'lam': 1.3447708309711712e-07, 'clip': 0.4382923354945334}. Best is trial 3 with value: 0.05970492586493492.
[I 2023-06-27 23:52:00,452] Trial 58 finished with value: 0.061095964163541794 and parameters: {'dim': 280, 'lam': 1.1867693325763952e-07, 'clip': 0.49561226471678943}. Best is trial 3 with value: 0.05970492586493492.
[I 2023-06-27 23:52:04,183] Trial 59 finished with value: 0.060689687728881836 and parameters: {'dim': 280, 'lam': 1.0054926409828432e-07, 'clip': 0.49984575424683503}. Best is trial 3 with value: 0.05970492586493492.
[I 2023-06-27 23:52:08,028] Trial 60 finished with value: 0.06620599329471588 and parameters: {'dim': 260, 'lam': 1.2313584490011175e-07, 'clip': 0.49506533776918277}. Best is trial 3 with value: 0.05970492586493492.
[I 2023-06-27 23:52:12,085] Trial 61 finished with value: 0.0622033067047596 and parameters: {'dim': 280, 'lam': 1.8002449694192432e-07, 'clip': 0.4847719122777176}. Best is trial 3 with value: 0.05970492586493492.
