[I 2023-06-27 08:27:23,221] Trial 54 finished with value: 0.3661561906337738 and parameters: {'dim': 300, 'lam': 1.561479252369973e-07, 'clip': 0.4519803865376745}. Best is trial 33 with value: 0.3414139449596405.
[I 2023-06-27 08:27:56,090] Trial 55 finished with value: 0.355686753988266 and parameters: {'dim': 280, 'lam': 4.959878180522557e-07, 'clip': 0.4781535574425655}. Best is trial 33 with value: 0.3414139449596405.
[I 2023-06-27 08:28:28,997] Trial 56 finished with value: 0.34244096279144287 and parameters: {'dim': 260, 'lam': 1.012869736094615e-07, 'clip': 0.49894858802078085}. Best is trial 33 with value: 0.3414139449596405.
[I 2023-06-27 08:29:03,427] Trial 57 finished with value: 0.3630163371562958 and parameters: {'dim': 260, 'lam': 3.426128291200781e-07, 'clip': 0.45599985879797433}. Best is trial 33 with value: 0.3414139449596405.
[I 2023-06-27 08:29:37,441] Trial 58 finished with value: 0.6716625690460205 and parameters: {'dim': 240, 'lam': 2.257994822276943e-07, 'clip': 0.20691598885588158}. Best is trial 33 with value: 0.3414139449596405.
[I 2023-06-27 08:30:12,215] Trial 59 finished with value: 0.3719196021556854 and parameters: {'dim': 300, 'lam': 1.39130263748047e-07, 'clip': 0.44213597064667914}. Best is trial 33 with value: 0.3414139449596405.
[I 2023-06-27 08:30:46,571] Trial 60 finished with value: 0.3891277015209198 and parameters: {'dim': 260, 'lam': 2.860807685040137e-07, 'clip': 0.412879895302369}. Best is trial 33 with value: 0.3414139449596405.
[I 2023-06-27 08:31:21,205] Trial 61 finished with value: 0.35007569193840027 and parameters: {'dim': 300, 'lam': 1.0114785386147991e-07, 'clip': 0.4837391503805674}. Best is trial 33 with value: 0.3414139449596405.
[I 2023-06-27 08:31:54,531] Trial 62 finished with value: 0.36414027214050293 and parameters: {'dim': 280, 'lam': 1.3314913525942016e-07, 'clip': 0.4635081162192016}. Best is trial 33 with value: 0.3414139449596405.
[I 2023-06-27 08:32:28,347] Trial 63 finished with value: 0.3446427583694458 and parameters: {'dim': 300, 'lam': 1.9100309433168458e-07, 'clip': 0.4936396570143426}. Best is trial 33 with value: 0.3414139449596405.
[I 2023-06-27 08:33:02,102] Trial 64 finished with value: 0.3491213321685791 and parameters: {'dim': 300, 'lam': 1.058380430198095e-07, 'clip': 0.4856039778514491}. Best is trial 33 with value: 0.3414139449596405.
[I 2023-06-27 08:33:34,449] Trial 65 finished with value: 0.36567437648773193 and parameters: {'dim': 280, 'lam': 2.279559164926047e-07, 'clip': 0.45981394704536827}. Best is trial 33 with value: 0.3414139449596405.
[I 2023-06-27 08:34:07,219] Trial 66 finished with value: 0.3465268611907959 and parameters: {'dim': 280, 'lam': 1.4676169472131354e-07, 'clip': 0.49861260099699645}. Best is trial 33 with value: 0.3414139449596405.
[I 2023-06-27 08:34:41,257] Trial 67 finished with value: 0.37280037999153137 and parameters: {'dim': 300, 'lam': 2.9613478105499316e-07, 'clip': 0.4389515702345358}. Best is trial 33 with value: 0.3414139449596405.
[I 2023-06-27 08:35:14,427] Trial 68 finished with value: 0.3665028512477875 and parameters: {'dim': 200, 'lam': 4.6707147415587324e-07, 'clip': 0.4670538651144158}. Best is trial 33 with value: 0.3414139449596405.
[I 2023-06-27 08:35:47,288] Trial 69 finished with value: 0.3849983513355255 and parameters: {'dim': 280, 'lam': 2.0531080000946453e-07, 'clip': 0.4270320842651651}. Best is trial 33 with value: 0.3414139449596405.
[I 2023-06-27 08:36:20,929] Trial 70 finished with value: 0.3536512851715088 and parameters: {'dim': 220, 'lam': 1.2875164944753654e-07, 'clip': 0.4830600076189826}. Best is trial 33 with value: 0.3414139449596405.
[I 2023-06-27 08:36:55,318] Trial 71 finished with value: 0.34612444043159485 and parameters: {'dim': 300, 'lam': 1.302194444237814e-07, 'clip': 0.4913997631543314}. Best is trial 33 with value: 0.3414139449596405.
[I 2023-06-27 08:37:29,703] Trial 72 finished with value: 0.3425721824169159 and parameters: {'dim': 300, 'lam': 1.7068496675522077e-07, 'clip': 0.49838379531061944}. Best is trial 33 with value: 0.3414139449596405.
[I 2023-06-27 08:38:04,892] Trial 73 finished with value: 0.34192728996276855 and parameters: {'dim': 300, 'lam': 1.8331190439604224e-07, 'clip': 0.49962043635799525}. Best is trial 33 with value: 0.3414139449596405.
[I 2023-06-27 08:38:40,003] Trial 74 finished with value: 0.35576876997947693 and parameters: {'dim': 300, 'lam': 1.7837223948497737e-07, 'clip': 0.47108299941576415}. Best is trial 33 with value: 0.3414139449596405.
[I 2023-06-27 08:39:13,638] Trial 75 finished with value: 0.36692988872528076 and parameters: {'dim': 300, 'lam': 3.7493511679588604e-07, 'clip': 0.44873001295318526}. Best is trial 33 with value: 0.3414139449596405.
[I 2023-06-27 08:39:46,499] Trial 76 finished with value: 0.36973488330841064 and parameters: {'dim': 100, 'lam': 2.772903340454852e-07, 'clip': 0.4836513032302937}. Best is trial 33 with value: 0.3414139449596405.
[I 2023-06-27 08:40:19,031] Trial 77 finished with value: 0.36403030157089233 and parameters: {'dim': 280, 'lam': 1.7172424321386954e-07, 'clip': 0.46330310570244343}. Best is trial 33 with value: 0.3414139449596405.
[I 2023-06-27 08:40:52,924] Trial 78 finished with value: 0.3677923083305359 and parameters: {'dim': 280, 'lam': 6.27882235236927e-07, 'clip': 0.4552232925962735}. Best is trial 33 with value: 0.3414139449596405.
[I 2023-06-27 08:41:27,348] Trial 79 finished with value: 0.35017359256744385 and parameters: {'dim': 300, 'lam': 2.428486447369575e-07, 'clip': 0.4815049419288157}. Best is trial 33 with value: 0.3414139449596405.
[I 2023-06-27 08:42:00,471] Trial 80 finished with value: 0.34614190459251404 and parameters: {'dim': 280, 'lam': 1.1889295063284857e-07, 'clip': 0.4997961941885452}. Best is trial 33 with value: 0.3414139449596405.
[I 2023-06-27 08:42:33,422] Trial 81 finished with value: 0.3488096296787262 and parameters: {'dim': 300, 'lam': 1.0179567512882833e-07, 'clip': 0.4863320893529349}. Best is trial 33 with value: 0.3414139449596405.
[I 2023-06-27 08:43:07,072] Trial 82 finished with value: 0.3547394275665283 and parameters: {'dim': 300, 'lam': 1.8102852609229e-07, 'clip': 0.47306239207599976}. Best is trial 33 with value: 0.3414139449596405.
[I 2023-06-27 08:43:41,273] Trial 83 finished with value: 0.3429369032382965 and parameters: {'dim': 300, 'lam': 1.365567806268566e-07, 'clip': 0.49812589257641043}. Best is trial 33 with value: 0.3414139449596405.
[I 2023-06-27 08:44:15,605] Trial 84 finished with value: 0.35713714361190796 and parameters: {'dim': 300, 'lam': 1.3691386355827604e-07, 'clip': 0.4690409525453166}. Best is trial 33 with value: 0.3414139449596405.
[I 2023-06-27 08:44:48,690] Trial 85 finished with value: 0.3414437174797058 and parameters: {'dim': 260, 'lam': 3.304651677947897e-07, 'clip': 0.49933110011086257}. Best is trial 33 with value: 0.3414139449596405.
[I 2023-06-27 08:45:21,145] Trial 86 finished with value: 0.3788483142852783 and parameters: {'dim': 240, 'lam': 3.480557971613243e-07, 'clip': 0.4359017313538154}. Best is trial 33 with value: 0.3414139449596405.
[I 2023-06-27 08:45:55,247] Trial 87 finished with value: 0.3411896228790283 and parameters: {'dim': 260, 'lam': 4.7187675192598704e-07, 'clip': 0.4998211311723489}. Best is trial 87 with value: 0.3411896228790283.
[I 2023-06-27 08:46:29,055] Trial 88 finished with value: 0.3412344753742218 and parameters: {'dim': 260, 'lam': 4.243343939183227e-07, 'clip': 0.49968576045430874}. Best is trial 87 with value: 0.3411896228790283.
[I 2023-06-27 08:47:02,695] Trial 89 finished with value: 0.3658983111381531 and parameters: {'dim': 260, 'lam': 5.629760152784906e-07, 'clip': 0.45072393404832195}. Best is trial 87 with value: 0.3411896228790283.
[I 2023-06-27 08:47:35,819] Trial 90 finished with value: 0.3518366515636444 and parameters: {'dim': 240, 'lam': 4.306211998873811e-07, 'clip': 0.4854689034212613}. Best is trial 87 with value: 0.3411896228790283.
[I 2023-06-27 08:48:08,945] Trial 91 finished with value: 0.3419415056705475 and parameters: {'dim': 260, 'lam': 2.4127713591098545e-07, 'clip': 0.49858728790436885}. Best is trial 87 with value: 0.3411896228790283.
[I 2023-06-27 08:48:42,281] Trial 92 finished with value: 0.35274428129196167 and parameters: {'dim': 260, 'lam': 3.0636829010408124e-07, 'clip': 0.47574724141870706}. Best is trial 87 with value: 0.3411896228790283.
[I 2023-06-27 08:49:15,526] Trial 93 finished with value: 0.3412851095199585 and parameters: {'dim': 260, 'lam': 4.770533157413426e-07, 'clip': 0.49961689024453704}. Best is trial 87 with value: 0.3411896228790283.
[I 2023-06-27 08:49:49,054] Trial 94 finished with value: 0.3481089770793915 and parameters: {'dim': 260, 'lam': 8.841654727207194e-07, 'clip': 0.48643219523780495}. Best is trial 87 with value: 0.3411896228790283.
[I 2023-06-27 08:50:21,669] Trial 95 finished with value: 0.3635996878147125 and parameters: {'dim': 240, 'lam': 5.00736475190713e-07, 'clip': 0.46231436462692155}. Best is trial 87 with value: 0.3411896228790283.
[I 2023-06-27 08:50:54,252] Trial 96 finished with value: 0.357095867395401 and parameters: {'dim': 220, 'lam': 6.494170519698917e-07, 'clip': 0.4743748703054242}. Best is trial 87 with value: 0.3411896228790283.
[I 2023-06-27 08:51:27,192] Trial 97 finished with value: 0.3474578857421875 and parameters: {'dim': 260, 'lam': 2.5224243209511817e-07, 'clip': 0.48674971322188076}. Best is trial 87 with value: 0.3411896228790283.
[I 2023-06-27 08:52:01,659] Trial 98 finished with value: 0.3411148488521576 and parameters: {'dim': 260, 'lam': 4.1355952844255046e-07, 'clip': 0.4999494635362448}. Best is trial 98 with value: 0.3411148488521576.
[I 2023-06-27 08:52:35,164] Trial 99 finished with value: 0.3673440217971802 and parameters: {'dim': 260, 'lam': 4.0684763842041604e-07, 'clip': 0.4480863925094869}. Best is trial 98 with value: 0.3411148488521576.
[I 2023-06-27 08:52:35,165] A new study created in memory with name: no-name-f608d213-e828-4ac5-bcba-c28745323c07
[I 2023-06-27 08:53:04,844] Trial 0 finished with value: 624.7610473632812 and parameters: {'dim': 240, 'lam': 1.8562738087031716e-06, 'beta': 1.8167418025331088}. Best is trial 0 with value: 624.7610473632812.
[I 2023-06-27 08:53:31,874] Trial 1 finished with value: 630.5931396484375 and parameters: {'dim': 180, 'lam': 6.3680941316132985e-06, 'beta': 4.596532493075689}. Best is trial 0 with value: 624.7610473632812.
[I 2023-06-27 08:53:54,496] Trial 2 finished with value: 652.8199462890625 and parameters: {'dim': 100, 'lam': 1.248267520134609e-06, 'beta': 5.939677086517149}. Best is trial 0 with value: 624.7610473632812.
[I 2023-06-27 08:54:22,550] Trial 3 finished with value: 625.4290161132812 and parameters: {'dim': 200, 'lam': 0.00031332851590418594, 'beta': 7.325550905052975}. Best is trial 0 with value: 624.7610473632812.
[I 2023-06-27 08:54:47,968] Trial 4 finished with value: 632.9017944335938 and parameters: {'dim': 160, 'lam': 0.00011795825741037467, 'beta': 3.7877440452694393}. Best is trial 0 with value: 624.7610473632812.
[I 2023-06-27 08:55:18,182] Trial 5 finished with value: 623.568115234375 and parameters: {'dim': 260, 'lam': 7.108687546872555e-07, 'beta': 8.775030139056593}. Best is trial 5 with value: 623.568115234375.
[I 2023-06-27 08:55:50,013] Trial 6 finished with value: 606.7818603515625 and parameters: {'dim': 300, 'lam': 0.000391321664559427, 'beta': 2.6625736437376952}. Best is trial 6 with value: 606.7818603515625.
[I 2023-06-27 08:56:11,991] Trial 7 finished with value: 649.5712890625 and parameters: {'dim': 100, 'lam': 8.214255136779989e-06, 'beta': 5.047670774949384}. Best is trial 6 with value: 606.7818603515625.
[I 2023-06-27 08:56:37,960] Trial 8 finished with value: 627.9547119140625 and parameters: {'dim': 180, 'lam': 3.3351758981431394e-05, 'beta': 2.601564840640225}. Best is trial 6 with value: 606.7818603515625.
[I 2023-06-27 08:57:06,873] Trial 9 finished with value: 630.1318969726562 and parameters: {'dim': 240, 'lam': 1.688277311955705e-07, 'beta': 5.712121411553845}. Best is trial 6 with value: 606.7818603515625.
[I 2023-06-27 08:57:38,549] Trial 10 finished with value: 606.7678833007812 and parameters: {'dim': 300, 'lam': 0.0009476962167410931, 'beta': 0.032057431726164154}. Best is trial 10 with value: 606.7678833007812.
[I 2023-06-27 08:58:10,341] Trial 11 finished with value: 606.7636108398438 and parameters: {'dim': 300, 'lam': 0.0009376879880149487, 'beta': 0.02913903522096195}. Best is trial 11 with value: 606.7636108398438.
[I 2023-06-27 08:58:41,777] Trial 12 finished with value: 606.7603149414062 and parameters: {'dim': 300, 'lam': 0.0009072732244041072, 'beta': 0.0796306854169809}. Best is trial 12 with value: 606.7603149414062.
[I 2023-06-27 08:59:12,652] Trial 13 finished with value: 606.1475219726562 and parameters: {'dim': 280, 'lam': 7.251772197405344e-05, 'beta': 0.31339092123714}. Best is trial 13 with value: 606.1475219726562.
[I 2023-06-27 08:59:42,501] Trial 14 finished with value: 612.0802001953125 and parameters: {'dim': 260, 'lam': 8.009224178204498e-05, 'beta': 1.1198946318499843}. Best is trial 13 with value: 606.1475219726562.
[I 2023-06-27 09:00:12,244] Trial 15 finished with value: 613.0247192382812 and parameters: {'dim': 260, 'lam': 3.2191790659463354e-05, 'beta': 1.4068338462871897}. Best is trial 13 with value: 606.1475219726562.
[I 2023-06-27 09:00:42,960] Trial 16 finished with value: 605.3298950195312 and parameters: {'dim': 280, 'lam': 0.00023313736578372697, 'beta': 0.13574812885043647}. Best is trial 16 with value: 605.3298950195312.
[I 2023-06-27 09:01:11,668] Trial 17 finished with value: 620.3204956054688 and parameters: {'dim': 220, 'lam': 0.00013291903645247204, 'beta': 3.107491718572261}. Best is trial 16 with value: 605.3298950195312.
[I 2023-06-27 09:01:43,099] Trial 18 finished with value: 606.9839477539062 and parameters: {'dim': 280, 'lam': 3.511050248061032e-05, 'beta': 1.4097250487877762}. Best is trial 16 with value: 605.3298950195312.
[I 2023-06-27 09:02:08,006] Trial 19 finished with value: 635.7457275390625 and parameters: {'dim': 140, 'lam': 0.00026065609154147314, 'beta': 3.5697354405144757}. Best is trial 16 with value: 605.3298950195312.
[I 2023-06-27 09:02:36,638] Trial 20 finished with value: 622.4586791992188 and parameters: {'dim': 220, 'lam': 1.917440617831695e-05, 'beta': 2.2430133120235696}. Best is trial 16 with value: 605.3298950195312.
[I 2023-06-27 09:03:06,930] Trial 21 finished with value: 605.2334594726562 and parameters: {'dim': 280, 'lam': 0.0003684524217889972, 'beta': 0.6871991655963541}. Best is trial 21 with value: 605.2334594726562.
[I 2023-06-27 09:03:37,357] Trial 22 finished with value: 606.0509643554688 and parameters: {'dim': 280, 'lam': 8.164722035033685e-05, 'beta': 0.8973545506823258}. Best is trial 21 with value: 605.2334594726562.
[I 2023-06-27 09:04:08,871] Trial 23 finished with value: 605.372314453125 and parameters: {'dim': 280, 'lam': 0.00019517222888574114, 'beta': 1.0432432401337357}. Best is trial 21 with value: 605.2334594726562.
[I 2023-06-27 09:04:37,976] Trial 24 finished with value: 616.1556396484375 and parameters: {'dim': 240, 'lam': 0.00021657807479228666, 'beta': 1.706903340053244}. Best is trial 21 with value: 605.2334594726562.
[I 2023-06-27 09:05:09,105] Trial 25 finished with value: 605.2426147460938 and parameters: {'dim': 280, 'lam': 0.0004771940900546979, 'beta': 0.8306644236386715}. Best is trial 21 with value: 605.2334594726562.
[I 2023-06-27 09:05:39,240] Trial 26 finished with value: 611.3284912109375 and parameters: {'dim': 260, 'lam': 0.000499002214682358, 'beta': 0.7682099228131605}. Best is trial 21 with value: 605.2334594726562.
[I 2023-06-27 09:06:07,511] Trial 27 finished with value: 620.03515625 and parameters: {'dim': 220, 'lam': 0.0004908179086407979, 'beta': 2.0652885991443486}. Best is trial 21 with value: 605.2334594726562.
[I 2023-06-27 09:06:38,677] Trial 28 finished with value: 605.4695434570312 and parameters: {'dim': 280, 'lam': 0.00017391276989053582, 'beta': 0.6358327699605164}. Best is trial 21 with value: 605.2334594726562.
[I 2023-06-27 09:07:07,444] Trial 29 finished with value: 616.0724487304688 and parameters: {'dim': 240, 'lam': 0.00038651843522656705, 'beta': 1.8816824827765564}. Best is trial 21 with value: 605.2334594726562.
[I 2023-06-27 09:07:35,966] Trial 30 finished with value: 616.055908203125 and parameters: {'dim': 240, 'lam': 0.0004945612125404259, 'beta': 1.6619113341309795}. Best is trial 21 with value: 605.2334594726562.
[I 2023-06-27 09:08:06,627] Trial 31 finished with value: 605.3778076171875 and parameters: {'dim': 280, 'lam': 0.0001946412442294343, 'beta': 0.9681739466310992}. Best is trial 21 with value: 605.2334594726562.
[I 2023-06-27 09:08:36,282] Trial 32 finished with value: 611.6589965820312 and parameters: {'dim': 260, 'lam': 0.0001438447278611852, 'beta': 0.7880743919014128}. Best is trial 21 with value: 605.2334594726562.
[I 2023-06-27 09:09:07,925] Trial 33 finished with value: 606.8726806640625 and parameters: {'dim': 300, 'lam': 0.0002688234750876655, 'beta': 1.2098386889281318}. Best is trial 21 with value: 605.2334594726562.
[I 2023-06-27 09:09:38,770] Trial 34 finished with value: 605.2273559570312 and parameters: {'dim': 280, 'lam': 0.0005945309942298421, 'beta': 0.6846255836260623}. Best is trial 34 with value: 605.2273559570312.
[I 2023-06-27 09:10:08,864] Trial 35 finished with value: 611.310546875 and parameters: {'dim': 260, 'lam': 0.0005860301519080561, 'beta': 0.506853507488522}. Best is trial 34 with value: 605.2273559570312.
[I 2023-06-27 09:10:36,128] Trial 36 finished with value: 625.4258422851562 and parameters: {'dim': 200, 'lam': 0.0003155671968661838, 'beta': 2.3892478996580517}. Best is trial 34 with value: 605.2273559570312.
[I 2023-06-27 09:11:07,472] Trial 37 finished with value: 606.7399291992188 and parameters: {'dim': 300, 'lam': 0.0006716922140114393, 'beta': 1.8660076152595721}. Best is trial 34 with value: 605.2273559570312.
[I 2023-06-27 09:11:31,915] Trial 38 finished with value: 635.7011108398438 and parameters: {'dim': 140, 'lam': 0.0003470618583345037, 'beta': 0.44332794596650266}. Best is trial 34 with value: 605.2273559570312.
[I 2023-06-27 09:12:02,765] Trial 39 finished with value: 605.3096923828125 and parameters: {'dim': 280, 'lam': 0.000763789323567423, 'beta': 3.030129807636082}. Best is trial 34 with value: 605.2273559570312.
[I 2023-06-27 09:12:32,023] Trial 40 finished with value: 611.30419921875 and parameters: {'dim': 260, 'lam': 0.0006332063489798823, 'beta': 2.9080354651395472}. Best is trial 34 with value: 605.2273559570312.
[I 2023-06-27 09:13:03,009] Trial 41 finished with value: 605.3380126953125 and parameters: {'dim': 280, 'lam': 0.0009101810630321294, 'beta': 3.8941121734088617}. Best is trial 34 with value: 605.2273559570312.
slurmstepd: error: *** JOB 11937079 ON r38n3 CANCELLED AT 2023-06-27T09:13:17 DUE TO TIME LIMIT ***
srun: Job step aborted: Waiting up to 32 seconds for job step to finish.
slurmstepd: error: *** STEP 11937079.0 ON r38n3 CANCELLED AT 2023-06-27T09:13:17 DUE TO TIME LIMIT ***
