[I 2023-06-27 22:13:47,340] Trial 18 finished with value: -2.336827516555786 and parameters: {'dim': 100, 'lam': 1.1852995195780682e-06, 'weight': 0.7604991254840967}. Best is trial 5 with value: -2.8831701278686523.
[I 2023-06-27 22:13:51,113] Trial 19 finished with value: -2.8331875801086426 and parameters: {'dim': 240, 'lam': 2.738525492380761e-07, 'weight': 0.8684794321623163}. Best is trial 5 with value: -2.8831701278686523.
[I 2023-06-27 22:13:54,698] Trial 20 finished with value: -2.800739288330078 and parameters: {'dim': 200, 'lam': 1.7543024333385736e-06, 'weight': 0.699709561817749}. Best is trial 5 with value: -2.8831701278686523.
[I 2023-06-27 22:13:58,676] Trial 21 finished with value: -2.8368327617645264 and parameters: {'dim': 240, 'lam': 2.0862528853811004e-07, 'weight': 0.8824957095631172}. Best is trial 5 with value: -2.8831701278686523.
[I 2023-06-27 22:14:02,625] Trial 22 finished with value: -2.843946695327759 and parameters: {'dim': 240, 'lam': 6.262554031659972e-07, 'weight': 0.911398239058986}. Best is trial 5 with value: -2.8831701278686523.
[I 2023-06-27 22:14:06,613] Trial 23 finished with value: -2.701091766357422 and parameters: {'dim': 260, 'lam': 7.209184769401424e-07, 'weight': 0.7783331947054929}. Best is trial 5 with value: -2.8831701278686523.
[I 2023-06-27 22:14:10,178] Trial 24 finished with value: -2.4439282417297363 and parameters: {'dim': 180, 'lam': 4.427922279940102e-07, 'weight': 0.9142961072621907}. Best is trial 5 with value: -2.8831701278686523.
[I 2023-06-27 22:14:14,075] Trial 25 finished with value: -2.9239649772644043 and parameters: {'dim': 200, 'lam': 7.819764727926137e-07, 'weight': 0.9949270335371697}. Best is trial 25 with value: -2.9239649772644043.
[I 2023-06-27 22:14:17,684] Trial 26 finished with value: -2.8833653926849365 and parameters: {'dim': 160, 'lam': 4.07305111763243e-06, 'weight': 0.998943962358424}. Best is trial 25 with value: -2.9239649772644043.
[I 2023-06-27 22:14:21,528] Trial 27 finished with value: -2.7859387397766113 and parameters: {'dim': 140, 'lam': 4.447399195489928e-06, 'weight': 0.9444115806339213}. Best is trial 25 with value: -2.9239649772644043.
[I 2023-06-27 22:14:25,183] Trial 28 finished with value: -2.882141351699829 and parameters: {'dim': 160, 'lam': 1.8186361884227635e-06, 'weight': 0.9821605699413237}. Best is trial 25 with value: -2.9239649772644043.
[I 2023-06-27 22:14:29,035] Trial 29 finished with value: -2.8941051959991455 and parameters: {'dim': 200, 'lam': 2.0743110905861227e-05, 'weight': 0.9885788747970813}. Best is trial 25 with value: -2.9239649772644043.
[I 2023-06-27 22:14:32,845] Trial 30 finished with value: -2.7857158184051514 and parameters: {'dim': 140, 'lam': 1.92597678098091e-05, 'weight': 0.993453026616814}. Best is trial 25 with value: -2.9239649772644043.
[I 2023-06-27 22:14:36,616] Trial 31 finished with value: -2.891414165496826 and parameters: {'dim': 200, 'lam': 5.275617653189071e-06, 'weight': 0.8236935468371427}. Best is trial 25 with value: -2.9239649772644043.
[I 2023-06-27 22:14:40,472] Trial 32 finished with value: -2.4316930770874023 and parameters: {'dim': 180, 'lam': 1.7474081090356756e-05, 'weight': 0.9270486810943951}. Best is trial 25 with value: -2.9239649772644043.
[I 2023-06-27 22:14:44,382] Trial 33 finished with value: -2.898340940475464 and parameters: {'dim': 200, 'lam': 5.316700895811209e-06, 'weight': 0.8414510969513335}. Best is trial 25 with value: -2.9239649772644043.
[I 2023-06-27 22:14:48,311] Trial 34 finished with value: -2.9005286693573 and parameters: {'dim': 200, 'lam': 5.9190424571389225e-06, 'weight': 0.8507339427554907}. Best is trial 25 with value: -2.9239649772644043.
[I 2023-06-27 22:14:52,232] Trial 35 finished with value: -2.694890022277832 and parameters: {'dim': 220, 'lam': 7.766861884857283e-06, 'weight': 0.869961966343018}. Best is trial 25 with value: -2.9239649772644043.
[I 2023-06-27 22:14:55,803] Trial 36 finished with value: -2.0606484413146973 and parameters: {'dim': 180, 'lam': 1.3906449180242884e-05, 'weight': 0.6071958831032435}. Best is trial 25 with value: -2.9239649772644043.
[I 2023-06-27 22:14:59,573] Trial 37 finished with value: -2.8491148948669434 and parameters: {'dim': 200, 'lam': 4.38685699475908e-05, 'weight': 0.9334382952860144}. Best is trial 25 with value: -2.9239649772644043.
[I 2023-06-27 22:15:03,491] Trial 38 finished with value: -2.115976095199585 and parameters: {'dim': 200, 'lam': 2.4167272949645996e-06, 'weight': 0.39464033230494994}. Best is trial 25 with value: -2.9239649772644043.
[I 2023-06-27 22:15:07,325] Trial 39 finished with value: -2.69411301612854 and parameters: {'dim': 220, 'lam': 5.997022795995097e-06, 'weight': 0.8598838497682605}. Best is trial 25 with value: -2.9239649772644043.
[I 2023-06-27 22:15:11,221] Trial 40 finished with value: -2.2825980186462402 and parameters: {'dim': 180, 'lam': 1.2247474150544018e-05, 'weight': 0.7524108310278115}. Best is trial 25 with value: -2.9239649772644043.
[I 2023-06-27 22:15:14,986] Trial 41 finished with value: -2.8943161964416504 and parameters: {'dim': 200, 'lam': 5.255720173544547e-06, 'weight': 0.8304002336346915}. Best is trial 25 with value: -2.9239649772644043.
[I 2023-06-27 22:15:18,765] Trial 42 finished with value: -2.909099817276001 and parameters: {'dim': 200, 'lam': 8.90460151917907e-06, 'weight': 0.9342865958490085}. Best is trial 25 with value: -2.9239649772644043.
[I 2023-06-27 22:15:22,637] Trial 43 finished with value: -2.6722540855407715 and parameters: {'dim': 220, 'lam': 8.580878266388353e-06, 'weight': 0.8163190460001821}. Best is trial 25 with value: -2.9239649772644043.
[I 2023-06-27 22:15:26,522] Trial 44 finished with value: -2.9150853157043457 and parameters: {'dim': 200, 'lam': 3.521564670822273e-06, 'weight': 0.8964029037834803}. Best is trial 25 with value: -2.9239649772644043.
[I 2023-06-27 22:15:30,419] Trial 45 finished with value: -2.4621636867523193 and parameters: {'dim': 180, 'lam': 3.186051557478334e-06, 'weight': 0.9406053275783994}. Best is trial 25 with value: -2.9239649772644043.
[I 2023-06-27 22:15:34,394] Trial 46 finished with value: -2.7073163986206055 and parameters: {'dim': 220, 'lam': 1.2193910314119031e-06, 'weight': 0.8892940715198678}. Best is trial 25 with value: -2.9239649772644043.
[I 2023-06-27 22:15:38,133] Trial 47 finished with value: -2.273960590362549 and parameters: {'dim': 180, 'lam': 2.0073790300145364e-06, 'weight': 0.7355696924546445}. Best is trial 25 with value: -2.9239649772644043.
[I 2023-06-27 22:15:41,982] Trial 48 finished with value: -2.812291383743286 and parameters: {'dim': 160, 'lam': 3.583907760889823e-06, 'weight': 0.8047407546106733}. Best is trial 25 with value: -2.9239649772644043.
[I 2023-06-27 22:15:45,964] Trial 49 finished with value: -2.9182565212249756 and parameters: {'dim': 200, 'lam': 2.7810852387880227e-06, 'weight': 0.9474719511748194}. Best is trial 25 with value: -2.9239649772644043.
[I 2023-06-27 22:15:49,973] Trial 50 finished with value: -2.7253458499908447 and parameters: {'dim': 220, 'lam': 1.0325559789488832e-06, 'weight': 0.956422504185986}. Best is trial 25 with value: -2.9239649772644043.
[I 2023-06-27 22:15:53,810] Trial 51 finished with value: -2.9131834506988525 and parameters: {'dim': 200, 'lam': 2.633015278118757e-06, 'weight': 0.8833031244728038}. Best is trial 25 with value: -2.9239649772644043.
[I 2023-06-27 22:15:58,007] Trial 52 finished with value: -2.917839765548706 and parameters: {'dim': 200, 'lam': 1.4516216742014628e-06, 'weight': 0.9054000051949429}. Best is trial 25 with value: -2.9239649772644043.
[I 2023-06-27 22:16:01,412] Trial 53 finished with value: -2.4386463165283203 and parameters: {'dim': 180, 'lam': 1.5499596874781376e-06, 'weight': 0.9052614846158952}. Best is trial 25 with value: -2.9239649772644043.
[I 2023-06-27 22:16:04,835] Trial 54 finished with value: -2.7235617637634277 and parameters: {'dim': 220, 'lam': 2.5836237913919024e-06, 'weight': 0.9511235974114334}. Best is trial 25 with value: -2.9239649772644043.
[I 2023-06-27 22:16:08,593] Trial 55 finished with value: -2.9148035049438477 and parameters: {'dim': 200, 'lam': 1.4381826236689411e-06, 'weight': 0.888633757155613}. Best is trial 25 with value: -2.9239649772644043.
[I 2023-06-27 22:16:12,458] Trial 56 finished with value: -2.83683180809021 and parameters: {'dim': 240, 'lam': 9.521698564296029e-07, 'weight': 0.8826177611605246}. Best is trial 25 with value: -2.9239649772644043.
[I 2023-06-27 22:16:16,350] Trial 57 finished with value: -2.881060838699341 and parameters: {'dim': 200, 'lam': 1.3828824922050387e-06, 'weight': 0.7961706937626345}. Best is trial 25 with value: -2.9239649772644043.
[I 2023-06-27 22:16:20,193] Trial 58 finished with value: -2.9170124530792236 and parameters: {'dim': 200, 'lam': 8.14296482517219e-07, 'weight': 0.9002387612979874}. Best is trial 25 with value: -2.9239649772644043.
[I 2023-06-27 22:16:24,150] Trial 59 finished with value: -2.804959774017334 and parameters: {'dim': 260, 'lam': 4.974265288030749e-07, 'weight': 0.9644251113218004}. Best is trial 25 with value: -2.9239649772644043.
[I 2023-06-27 22:16:27,534] Trial 60 finished with value: -2.437748432159424 and parameters: {'dim': 180, 'lam': 6.870837007368008e-07, 'weight': 0.9053471135103087}. Best is trial 25 with value: -2.9239649772644043.
[I 2023-06-27 22:16:31,417] Trial 61 finished with value: -2.909742832183838 and parameters: {'dim': 200, 'lam': 8.615310527173334e-07, 'weight': 0.8681390280776015}. Best is trial 25 with value: -2.9239649772644043.
[I 2023-06-27 22:16:35,354] Trial 62 finished with value: -2.7258732318878174 and parameters: {'dim': 220, 'lam': 1.713113254762728e-06, 'weight': 0.9598994436960854}. Best is trial 25 with value: -2.9239649772644043.
[I 2023-06-27 22:16:39,202] Trial 63 finished with value: -2.4363081455230713 and parameters: {'dim': 180, 'lam': 2.3655307010773162e-06, 'weight': 0.9022344098897291}. Best is trial 25 with value: -2.9239649772644043.
[I 2023-06-27 22:16:43,004] Trial 64 finished with value: -2.873284101486206 and parameters: {'dim': 200, 'lam': 1.2516146262142084e-06, 'weight': 0.7848954469870777}. Best is trial 25 with value: -2.9239649772644043.
[I 2023-06-27 22:16:46,665] Trial 65 finished with value: -2.902967929840088 and parameters: {'dim': 200, 'lam': 3.2125926719909885e-06, 'weight': 0.8488531749762063}. Best is trial 25 with value: -2.9239649772644043.
[I 2023-06-27 22:16:50,154] Trial 66 finished with value: -2.7278521060943604 and parameters: {'dim': 220, 'lam': 9.214632836816828e-07, 'weight': 0.9651037847120274}. Best is trial 25 with value: -2.9239649772644043.
[I 2023-06-27 22:16:53,669] Trial 67 finished with value: -2.74997878074646 and parameters: {'dim': 300, 'lam': 5.437603322153054e-07, 'weight': 0.8920771678792867}. Best is trial 25 with value: -2.9239649772644043.
[I 2023-06-27 22:16:57,411] Trial 68 finished with value: -2.867380142211914 and parameters: {'dim': 240, 'lam': 1.902332713159303e-06, 'weight': 0.9930699465916282}. Best is trial 25 with value: -2.9239649772644043.
[I 2023-06-27 22:17:01,082] Trial 69 finished with value: -2.366971492767334 and parameters: {'dim': 180, 'lam': 1.3792084409041177e-06, 'weight': 0.8200260876965852}. Best is trial 25 with value: -2.9239649772644043.
[I 2023-06-27 22:17:04,746] Trial 70 finished with value: -2.716524600982666 and parameters: {'dim': 220, 'lam': 7.104364078462809e-07, 'weight': 0.9205120791654979}. Best is trial 25 with value: -2.9239649772644043.
[I 2023-06-27 22:17:08,031] Trial 71 finished with value: -2.909200429916382 and parameters: {'dim': 200, 'lam': 7.707313640809505e-07, 'weight': 0.8665928330485337}. Best is trial 25 with value: -2.9239649772644043.
[I 2023-06-27 22:17:12,052] Trial 72 finished with value: -2.906618595123291 and parameters: {'dim': 200, 'lam': 9.409312461607945e-07, 'weight': 0.8579525154068338}. Best is trial 25 with value: -2.9239649772644043.
[I 2023-06-27 22:17:16,017] Trial 73 finished with value: -2.918254852294922 and parameters: {'dim': 200, 'lam': 3.6730214976916476e-07, 'weight': 0.9246177568415467}. Best is trial 25 with value: -2.9239649772644043.
[I 2023-06-27 22:17:19,938] Trial 74 finished with value: -2.4482805728912354 and parameters: {'dim': 180, 'lam': 5.182739315044771e-07, 'weight': 0.9203071417818535}. Best is trial 25 with value: -2.9239649772644043.
[I 2023-06-27 22:17:23,768] Trial 75 finished with value: -2.918668031692505 and parameters: {'dim': 200, 'lam': 3.5500840974410754e-07, 'weight': 0.9374874997449774}. Best is trial 25 with value: -2.9239649772644043.
[I 2023-06-27 22:17:27,160] Trial 76 finished with value: -2.880560874938965 and parameters: {'dim': 160, 'lam': 3.881796683339206e-07, 'weight': 0.9757557762582229}. Best is trial 25 with value: -2.9239649772644043.
[I 2023-06-27 22:17:30,836] Trial 77 finished with value: -2.741346836090088 and parameters: {'dim': 220, 'lam': 2.1181275883687434e-07, 'weight': 0.9980649429627038}. Best is trial 25 with value: -2.9239649772644043.
[I 2023-06-27 22:17:34,764] Trial 78 finished with value: -2.4616384506225586 and parameters: {'dim': 180, 'lam': 4.0725539581790696e-07, 'weight': 0.9401463097815823}. Best is trial 25 with value: -2.9239649772644043.
[I 2023-06-27 22:17:38,433] Trial 79 finished with value: -2.9197804927825928 and parameters: {'dim': 200, 'lam': 2.906236445824816e-07, 'weight': 0.9635855291230209}. Best is trial 25 with value: -2.9239649772644043.
[I 2023-06-27 22:17:42,413] Trial 80 finished with value: -2.7303779125213623 and parameters: {'dim': 220, 'lam': 3.225420603346576e-07, 'weight': 0.9705918725433119}. Best is trial 25 with value: -2.9239649772644043.
[I 2023-06-27 22:17:45,932] Trial 81 finished with value: -2.91827392578125 and parameters: {'dim': 200, 'lam': 2.7213673562438553e-07, 'weight': 0.9280618625954484}. Best is trial 25 with value: -2.9239649772644043.
[I 2023-06-27 22:17:49,881] Trial 82 finished with value: -2.9183554649353027 and parameters: {'dim': 200, 'lam': 2.882580503874149e-07, 'weight': 0.929991055242869}. Best is trial 25 with value: -2.9239649772644043.
[I 2023-06-27 22:17:53,786] Trial 83 finished with value: -2.9184062480926514 and parameters: {'dim': 200, 'lam': 2.2264686922613265e-07, 'weight': 0.9338047706672856}. Best is trial 25 with value: -2.9239649772644043.
[I 2023-06-27 22:17:57,825] Trial 84 finished with value: -2.9184298515319824 and parameters: {'dim': 200, 'lam': 2.2363134388931503e-07, 'weight': 0.934499592416717}. Best is trial 25 with value: -2.9239649772644043.
[I 2023-06-27 22:18:01,617] Trial 85 finished with value: -2.455937385559082 and parameters: {'dim': 180, 'lam': 2.4896912137151233e-07, 'weight': 0.9318278743150615}. Best is trial 25 with value: -2.9239649772644043.
[I 2023-06-27 22:18:05,077] Trial 86 finished with value: -2.9212961196899414 and parameters: {'dim': 200, 'lam': 1.4647188671327122e-07, 'weight': 0.9720141008404085}. Best is trial 25 with value: -2.9239649772644043.
[I 2023-06-27 22:18:09,051] Trial 87 finished with value: -2.7314889430999756 and parameters: {'dim': 220, 'lam': 1.2780706443599223e-07, 'weight': 0.972899943041446}. Best is trial 25 with value: -2.9239649772644043.
[I 2023-06-27 22:18:12,981] Trial 88 finished with value: -2.47249436378479 and parameters: {'dim': 180, 'lam': 1.4883839562257316e-07, 'weight': 0.9592034939080507}. Best is trial 25 with value: -2.9239649772644043.
[I 2023-06-27 22:18:16,879] Trial 89 finished with value: -2.7368054389953613 and parameters: {'dim': 220, 'lam': 2.7745036123969743e-07, 'weight': 0.9848480496812322}. Best is trial 25 with value: -2.9239649772644043.
[I 2023-06-27 22:18:20,554] Trial 90 finished with value: -2.918712854385376 and parameters: {'dim': 200, 'lam': 2.0488200999729723e-07, 'weight': 0.9440320125188295}. Best is trial 25 with value: -2.9239649772644043.
[I 2023-06-27 22:18:24,460] Trial 91 finished with value: -2.918651580810547 and parameters: {'dim': 200, 'lam': 1.7818742054983626e-07, 'weight': 0.9430749814939093}. Best is trial 25 with value: -2.9239649772644043.
[I 2023-06-27 22:18:28,336] Trial 92 finished with value: -2.9185965061187744 and parameters: {'dim': 200, 'lam': 1.7848579288604126e-07, 'weight': 0.9413525378130748}. Best is trial 25 with value: -2.9239649772644043.
[I 2023-06-27 22:18:32,327] Trial 93 finished with value: -2.923654556274414 and parameters: {'dim': 200, 'lam': 1.7144691307967763e-07, 'weight': 0.9983832524906503}. Best is trial 25 with value: -2.9239649772644043.
[I 2023-06-27 22:18:36,286] Trial 94 finished with value: -2.9237658977508545 and parameters: {'dim': 200, 'lam': 1.6843039393353463e-07, 'weight': 0.9992992376257891}. Best is trial 25 with value: -2.9239649772644043.
[I 2023-06-27 22:18:40,123] Trial 95 finished with value: -2.4974193572998047 and parameters: {'dim': 180, 'lam': 1.8457305485247943e-07, 'weight': 0.9930988176975207}. Best is trial 25 with value: -2.9239649772644043.
[I 2023-06-27 22:18:43,792] Trial 96 finished with value: -2.7313551902770996 and parameters: {'dim': 220, 'lam': 1.0068980460892799e-07, 'weight': 0.9727183465004162}. Best is trial 25 with value: -2.9239649772644043.
[I 2023-06-27 22:18:47,663] Trial 97 finished with value: -2.488247871398926 and parameters: {'dim': 100, 'lam': 1.6045285396318735e-07, 'weight': 0.9524278464505468}. Best is trial 25 with value: -2.9239649772644043.
[I 2023-06-27 22:18:51,412] Trial 98 finished with value: -2.9235751628875732 and parameters: {'dim': 200, 'lam': 1.7732731100589006e-07, 'weight': 0.9958595391952201}. Best is trial 25 with value: -2.9239649772644043.
[I 2023-06-27 22:18:55,289] Trial 99 finished with value: -2.9234659671783447 and parameters: {'dim': 200, 'lam': 1.333933729697263e-07, 'weight': 0.994715779037863}. Best is trial 25 with value: -2.9239649772644043.
[I 2023-06-27 22:18:55,290] A new study created in memory with name: no-name-caa3ba7f-b78c-425b-b243-c30e75f916e1
[I 2023-06-27 22:18:59,238] Trial 0 finished with value: 0.11980749666690826 and parameters: {'dim': 180, 'lam': 6.760784853671686e-07, 'clip': 0.02214372538191406}. Best is trial 0 with value: 0.11980749666690826.
[I 2023-06-27 22:19:02,994] Trial 1 finished with value: 0.12895071506500244 and parameters: {'dim': 220, 'lam': 6.858198534439461e-06, 'clip': 0.023112353383809237}. Best is trial 0 with value: 0.11980749666690826.
[I 2023-06-27 22:19:06,892] Trial 2 finished with value: 0.334256649017334 and parameters: {'dim': 180, 'lam': 3.9106386942131935e-05, 'clip': 0.19485667727482558}. Best is trial 0 with value: 0.11980749666690826.
[I 2023-06-27 22:19:10,873] Trial 3 finished with value: 0.25847581028938293 and parameters: {'dim': 220, 'lam': 6.89434637468431e-06, 'clip': 0.22209111543168447}. Best is trial 0 with value: 0.11980749666690826.
[I 2023-06-27 22:19:14,963] Trial 4 finished with value: 0.25003188848495483 and parameters: {'dim': 240, 'lam': 1.1093424672875307e-06, 'clip': 0.19147495996366515}. Best is trial 0 with value: 0.11980749666690826.
[I 2023-06-27 22:19:18,961] Trial 5 finished with value: 0.254382461309433 and parameters: {'dim': 160, 'lam': 5.333424679712165e-06, 'clip': 0.30971168209222094}. Best is trial 0 with value: 0.11980749666690826.
[I 2023-06-27 22:19:22,905] Trial 6 finished with value: 0.29358989000320435 and parameters: {'dim': 180, 'lam': 1.247108249424233e-05, 'clip': 0.13853933639671284}. Best is trial 0 with value: 0.11980749666690826.
[I 2023-06-27 22:19:26,863] Trial 7 finished with value: 0.6023289561271667 and parameters: {'dim': 100, 'lam': 0.0005100508506738085, 'clip': 0.36351770394960264}. Best is trial 0 with value: 0.11980749666690826.
[I 2023-06-27 22:19:30,815] Trial 8 finished with value: 0.2522538900375366 and parameters: {'dim': 120, 'lam': 1.3042027127189216e-06, 'clip': 0.3793565657173347}. Best is trial 0 with value: 0.11980749666690826.
[I 2023-06-27 22:19:34,377] Trial 9 finished with value: 0.22872421145439148 and parameters: {'dim': 180, 'lam': 2.118590941430774e-06, 'clip': 0.38408997238212594}. Best is trial 0 with value: 0.11980749666690826.
[I 2023-06-27 22:19:38,310] Trial 10 finished with value: -1.3846173286437988 and parameters: {'dim': 300, 'lam': 1.1269688490419765e-07, 'clip': 0.0032115361312010093}. Best is trial 10 with value: -1.3846173286437988.
[I 2023-06-27 22:19:42,237] Trial 11 finished with value: -0.08172182738780975 and parameters: {'dim': 300, 'lam': 1.0114135988953974e-07, 'clip': 0.013669181219118386}. Best is trial 10 with value: -1.3846173286437988.
[I 2023-06-27 22:19:45,884] Trial 12 finished with value: -1.2246923446655273 and parameters: {'dim': 300, 'lam': 1.2125704394974846e-07, 'clip': 0.0036814962087178132}. Best is trial 10 with value: -1.3846173286437988.
[I 2023-06-27 22:19:49,704] Trial 13 finished with value: 0.24981628358364105 and parameters: {'dim': 300, 'lam': 1.1349738675217674e-07, 'clip': 0.10116052542165477}. Best is trial 10 with value: -1.3846173286437988.
[I 2023-06-27 22:19:53,226] Trial 14 finished with value: 0.1613662987947464 and parameters: {'dim': 260, 'lam': 2.587486400979301e-07, 'clip': 0.47632245450451555}. Best is trial 10 with value: -1.3846173286437988.
[I 2023-06-27 22:19:57,169] Trial 15 finished with value: 0.2571525573730469 and parameters: {'dim': 280, 'lam': 3.1565805154322603e-07, 'clip': 0.09074714345433801}. Best is trial 10 with value: -1.3846173286437988.
[I 2023-06-27 22:20:01,147] Trial 16 finished with value: 0.25033488869667053 and parameters: {'dim': 260, 'lam': 3.571298942230626e-07, 'clip': 0.06708522379804086}. Best is trial 10 with value: -1.3846173286437988.
[I 2023-06-27 22:20:05,002] Trial 17 finished with value: -1.386396050453186 and parameters: {'dim': 280, 'lam': 1.1675613906021323e-07, 'clip': 0.0033077033951086168}. Best is trial 17 with value: -1.386396050453186.
