[I 2023-06-27 02:59:06,417] Trial 27 finished with value: 0.47486788034439087 and parameters: {'dim': 240, 'lam': 2.082794422133897e-07, 'clip': 0.3671647525240883}. Best is trial 11 with value: 0.3821428716182709.
[I 2023-06-27 02:59:40,195] Trial 28 finished with value: 0.4178740680217743 and parameters: {'dim': 160, 'lam': 4.180467001581471e-07, 'clip': 0.4533777952700098}. Best is trial 11 with value: 0.3821428716182709.
[I 2023-06-27 03:00:12,576] Trial 29 finished with value: 1.082754135131836 and parameters: {'dim': 280, 'lam': 1.6822937092735505e-06, 'clip': 0.05594279969980953}. Best is trial 11 with value: 0.3821428716182709.
[I 2023-06-27 03:00:45,928] Trial 30 finished with value: 0.4396357834339142 and parameters: {'dim': 260, 'lam': 8.89741176965605e-07, 'clip': 0.4049509268863183}. Best is trial 11 with value: 0.3821428716182709.
[I 2023-06-27 03:01:18,366] Trial 31 finished with value: 0.38177376985549927 and parameters: {'dim': 220, 'lam': 1.1845450138109297e-07, 'clip': 0.49810347154005}. Best is trial 31 with value: 0.38177376985549927.
[I 2023-06-27 03:01:51,228] Trial 32 finished with value: 0.4004213511943817 and parameters: {'dim': 220, 'lam': 1.499248185443461e-07, 'clip': 0.46474515231918473}. Best is trial 31 with value: 0.38177376985549927.
[I 2023-06-27 03:02:24,914] Trial 33 finished with value: 0.3996484875679016 and parameters: {'dim': 200, 'lam': 1.9197584957458343e-07, 'clip': 0.47379027066629537}. Best is trial 31 with value: 0.38177376985549927.
[I 2023-06-27 03:02:59,081] Trial 34 finished with value: 0.42433518171310425 and parameters: {'dim': 240, 'lam': 3.239310655569319e-07, 'clip': 0.4291855215957213}. Best is trial 31 with value: 0.38177376985549927.
[I 2023-06-27 03:03:32,516] Trial 35 finished with value: 0.3898572325706482 and parameters: {'dim': 200, 'lam': 1.0104494533778745e-07, 'clip': 0.4917858285461956}. Best is trial 31 with value: 0.38177376985549927.
[I 2023-06-27 03:04:05,004] Trial 36 finished with value: 0.43437257409095764 and parameters: {'dim': 260, 'lam': 4.371888997607347e-07, 'clip': 0.41049306303547584}. Best is trial 31 with value: 0.38177376985549927.
[I 2023-06-27 03:04:38,371] Trial 37 finished with value: 0.39780837297439575 and parameters: {'dim': 220, 'lam': 1.7393909554593122e-07, 'clip': 0.4690016003975921}. Best is trial 31 with value: 0.38177376985549927.
[I 2023-06-27 03:05:12,449] Trial 38 finished with value: 0.39139020442962646 and parameters: {'dim': 160, 'lam': 2.692006883871301e-07, 'clip': 0.49952225158799335}. Best is trial 31 with value: 0.38177376985549927.
[I 2023-06-27 03:05:46,042] Trial 39 finished with value: 0.4070340692996979 and parameters: {'dim': 180, 'lam': 7.040634409528768e-07, 'clip': 0.4635817291633323}. Best is trial 31 with value: 0.38177376985549927.
[I 2023-06-27 03:06:19,441] Trial 40 finished with value: 0.4763346314430237 and parameters: {'dim': 240, 'lam': 8.690133253498337e-06, 'clip': 0.39654196199548436}. Best is trial 31 with value: 0.38177376985549927.
[I 2023-06-27 03:06:52,477] Trial 41 finished with value: 0.3812692165374756 and parameters: {'dim': 220, 'lam': 1.2004612146868792e-07, 'clip': 0.4990488308567136}. Best is trial 41 with value: 0.3812692165374756.
[I 2023-06-27 03:07:24,678] Trial 42 finished with value: 0.42426565289497375 and parameters: {'dim': 220, 'lam': 1.626669326597696e-07, 'clip': 0.4279500519005827}. Best is trial 41 with value: 0.3812692165374756.
[I 2023-06-27 03:07:58,808] Trial 43 finished with value: 0.4041462540626526 and parameters: {'dim': 200, 'lam': 1.4728083479693422e-07, 'clip': 0.4663493657476086}. Best is trial 41 with value: 0.3812692165374756.
[I 2023-06-27 03:08:33,287] Trial 44 finished with value: 0.37876901030540466 and parameters: {'dim': 260, 'lam': 2.6582522216401604e-07, 'clip': 0.4978732143029075}. Best is trial 44 with value: 0.37876901030540466.
[I 2023-06-27 03:09:06,281] Trial 45 finished with value: 0.37931933999061584 and parameters: {'dim': 260, 'lam': 1.0630462184458159e-06, 'clip': 0.49967276826178536}. Best is trial 44 with value: 0.37876901030540466.
[I 2023-06-27 03:09:39,993] Trial 46 finished with value: 0.4074205458164215 and parameters: {'dim': 300, 'lam': 1.0965796016750626e-06, 'clip': 0.45212426907153347}. Best is trial 44 with value: 0.37876901030540466.
[I 2023-06-27 03:10:12,972] Trial 47 finished with value: 0.43038398027420044 and parameters: {'dim': 260, 'lam': 2.6686710232160563e-07, 'clip': 0.41574868886995586}. Best is trial 44 with value: 0.37876901030540466.
[I 2023-06-27 03:10:46,615] Trial 48 finished with value: 0.39760997891426086 and parameters: {'dim': 280, 'lam': 2.742020218983787e-07, 'clip': 0.47380859981442985}. Best is trial 44 with value: 0.37876901030540466.
[I 2023-06-27 03:11:20,537] Trial 49 finished with value: 0.464221715927124 and parameters: {'dim': 260, 'lam': 1.54012976375244e-05, 'clip': 0.4375447420567904}. Best is trial 44 with value: 0.37876901030540466.
[I 2023-06-27 03:11:53,184] Trial 50 finished with value: 0.40868237614631653 and parameters: {'dim': 120, 'lam': 1.4310625306595833e-07, 'clip': 0.4765914497233777}. Best is trial 44 with value: 0.37876901030540466.
[I 2023-06-27 03:12:26,244] Trial 51 finished with value: 0.3782322108745575 and parameters: {'dim': 260, 'lam': 4.084750513586515e-07, 'clip': 0.49885128276403146}. Best is trial 51 with value: 0.3782322108745575.
[I 2023-06-27 03:12:59,243] Trial 52 finished with value: 0.38477832078933716 and parameters: {'dim': 280, 'lam': 3.80233237175174e-07, 'clip': 0.49641673938991426}. Best is trial 51 with value: 0.3782322108745575.
[I 2023-06-27 03:13:32,278] Trial 53 finished with value: 0.3911559581756592 and parameters: {'dim': 260, 'lam': 6.137086936943501e-07, 'clip': 0.47598745889817057}. Best is trial 51 with value: 0.3782322108745575.
[I 2023-06-27 03:14:05,183] Trial 54 finished with value: 0.4076980948448181 and parameters: {'dim': 300, 'lam': 2.3467745875052185e-07, 'clip': 0.45017291774814205}. Best is trial 51 with value: 0.3782322108745575.
[I 2023-06-27 03:14:38,126] Trial 55 finished with value: 0.42775702476501465 and parameters: {'dim': 240, 'lam': 4.982000708148975e-07, 'clip': 0.4243275539909392}. Best is trial 51 with value: 0.3782322108745575.
[I 2023-06-27 03:15:12,212] Trial 56 finished with value: 0.3885202705860138 and parameters: {'dim': 260, 'lam': 1.284723006612317e-07, 'clip': 0.48068231385858873}. Best is trial 51 with value: 0.3782322108745575.
[I 2023-06-27 03:15:45,105] Trial 57 finished with value: 0.38121986389160156 and parameters: {'dim': 220, 'lam': 2.169210607229813e-07, 'clip': 0.4985517546390039}. Best is trial 51 with value: 0.3782322108745575.
[I 2023-06-27 03:16:17,828] Trial 58 finished with value: 0.4111950993537903 and parameters: {'dim': 180, 'lam': 3.494933040643509e-07, 'clip': 0.456620238363173}. Best is trial 51 with value: 0.3782322108745575.
[I 2023-06-27 03:16:52,646] Trial 59 finished with value: 0.41983169317245483 and parameters: {'dim': 240, 'lam': 1.0858050127759252e-06, 'clip': 0.43728761167958735}. Best is trial 51 with value: 0.3782322108745575.
[I 2023-06-27 03:17:25,450] Trial 60 finished with value: 0.38981175422668457 and parameters: {'dim': 220, 'lam': 2.0248996589550543e-07, 'clip': 0.48277988413114714}. Best is trial 51 with value: 0.3782322108745575.
[I 2023-06-27 03:17:58,598] Trial 61 finished with value: 0.38159576058387756 and parameters: {'dim': 220, 'lam': 1.3356451866173662e-07, 'clip': 0.4983174452421722}. Best is trial 51 with value: 0.3782322108745575.
[I 2023-06-27 03:18:32,660] Trial 62 finished with value: 0.3812817931175232 and parameters: {'dim': 220, 'lam': 1.4314689875293974e-07, 'clip': 0.498845066816936}. Best is trial 51 with value: 0.3782322108745575.
[I 2023-06-27 03:19:06,099] Trial 63 finished with value: 0.4028339087963104 and parameters: {'dim': 240, 'lam': 2.625344513899625e-07, 'clip': 0.462122954042191}. Best is trial 51 with value: 0.3782322108745575.
[I 2023-06-27 03:19:41,135] Trial 64 finished with value: 0.38638338446617126 and parameters: {'dim': 260, 'lam': 1.8624075336649028e-07, 'clip': 0.4841379410038191}. Best is trial 51 with value: 0.3782322108745575.
[I 2023-06-27 03:20:13,774] Trial 65 finished with value: 0.4174037277698517 and parameters: {'dim': 280, 'lam': 4.785775456274322e-07, 'clip': 0.4425208706952222}. Best is trial 51 with value: 0.3782322108745575.
[I 2023-06-27 03:20:47,744] Trial 66 finished with value: 0.3851763606071472 and parameters: {'dim': 200, 'lam': 3.3686560733930946e-07, 'clip': 0.4996690136215335}. Best is trial 51 with value: 0.3782322108745575.
[I 2023-06-27 03:21:21,414] Trial 67 finished with value: 0.39041459560394287 and parameters: {'dim': 220, 'lam': 1.4948077585913762e-07, 'clip': 0.48198841005473303}. Best is trial 51 with value: 0.3782322108745575.
[I 2023-06-27 03:21:55,110] Trial 68 finished with value: 0.4029313325881958 and parameters: {'dim': 240, 'lam': 6.305987949317835e-07, 'clip': 0.4620014838319323}. Best is trial 51 with value: 0.3782322108745575.
[I 2023-06-27 03:22:29,205] Trial 69 finished with value: 0.4341902732849121 and parameters: {'dim': 240, 'lam': 1.0097250536544819e-07, 'clip': 0.41638575194356314}. Best is trial 51 with value: 0.3782322108745575.
[I 2023-06-27 03:23:02,250] Trial 70 finished with value: 0.3890374004840851 and parameters: {'dim': 220, 'lam': 2.343730334212441e-07, 'clip': 0.48404523942060257}. Best is trial 51 with value: 0.3782322108745575.
[I 2023-06-27 03:23:36,759] Trial 71 finished with value: 0.3850826919078827 and parameters: {'dim': 220, 'lam': 1.7432836089008467e-07, 'clip': 0.491524722874631}. Best is trial 51 with value: 0.3782322108745575.
[I 2023-06-27 03:24:08,829] Trial 72 finished with value: 0.40230244398117065 and parameters: {'dim': 200, 'lam': 1.2243177662445217e-07, 'clip': 0.46959703016159393}. Best is trial 51 with value: 0.3782322108745575.
[I 2023-06-27 03:24:42,299] Trial 73 finished with value: 0.3858546018600464 and parameters: {'dim': 200, 'lam': 1.4098379035327242e-07, 'clip': 0.498985683355283}. Best is trial 51 with value: 0.3782322108745575.
[I 2023-06-27 03:25:15,629] Trial 74 finished with value: 0.38034701347351074 and parameters: {'dim': 220, 'lam': 3.0745435619013247e-07, 'clip': 0.49995985544688704}. Best is trial 51 with value: 0.3782322108745575.
[I 2023-06-27 03:25:48,866] Trial 75 finished with value: 0.4051017761230469 and parameters: {'dim': 240, 'lam': 3.5196829277347443e-07, 'clip': 0.4582771118116181}. Best is trial 51 with value: 0.3782322108745575.
[I 2023-06-27 03:26:21,526] Trial 76 finished with value: 0.41509342193603516 and parameters: {'dim': 220, 'lam': 2.208245188907136e-07, 'clip': 0.4411940475362346}. Best is trial 51 with value: 0.3782322108745575.
[I 2023-06-27 03:26:55,870] Trial 77 finished with value: 0.3888815939426422 and parameters: {'dim': 260, 'lam': 4.553491511444896e-07, 'clip': 0.47950476462811464}. Best is trial 51 with value: 0.3782322108745575.
[I 2023-06-27 03:27:29,453] Trial 78 finished with value: 0.40371519327163696 and parameters: {'dim': 180, 'lam': 2.9406825647888867e-07, 'clip': 0.46905366720939734}. Best is trial 51 with value: 0.3782322108745575.
[I 2023-06-27 03:28:02,577] Trial 79 finished with value: 0.4070107042789459 and parameters: {'dim': 220, 'lam': 1.8100062120595447e-07, 'clip': 0.453868028622341}. Best is trial 51 with value: 0.3782322108745575.
[I 2023-06-27 03:28:36,176] Trial 80 finished with value: 0.39374956488609314 and parameters: {'dim': 200, 'lam': 6.10223853244216e-07, 'clip': 0.4841924219641471}. Best is trial 51 with value: 0.3782322108745575.
[I 2023-06-27 03:29:08,756] Trial 81 finished with value: 0.38098809123039246 and parameters: {'dim': 220, 'lam': 1.1749964085340971e-07, 'clip': 0.49960735913455034}. Best is trial 51 with value: 0.3782322108745575.
[I 2023-06-27 03:29:42,540] Trial 82 finished with value: 0.3865456283092499 and parameters: {'dim': 220, 'lam': 1.2932764506695392e-07, 'clip': 0.4891190746190598}. Best is trial 51 with value: 0.3782322108745575.
[I 2023-06-27 03:30:16,254] Trial 83 finished with value: 0.39803412556648254 and parameters: {'dim': 240, 'lam': 3.099476259710052e-07, 'clip': 0.4699826914132961}. Best is trial 51 with value: 0.3782322108745575.
[I 2023-06-27 03:30:49,640] Trial 84 finished with value: 0.3852371275424957 and parameters: {'dim': 200, 'lam': 2.151656893905346e-07, 'clip': 0.49981116138329723}. Best is trial 51 with value: 0.3782322108745575.
[I 2023-06-27 03:31:22,674] Trial 85 finished with value: 0.38578179478645325 and parameters: {'dim': 260, 'lam': 1.7283869845207434e-07, 'clip': 0.4852779980056169}. Best is trial 51 with value: 0.3782322108745575.
[I 2023-06-27 03:31:56,093] Trial 86 finished with value: 0.4110637903213501 and parameters: {'dim': 280, 'lam': 1.1670118956099825e-07, 'clip': 0.4526317194376551}. Best is trial 51 with value: 0.3782322108745575.
[I 2023-06-27 03:32:29,619] Trial 87 finished with value: 0.4198915660381317 and parameters: {'dim': 220, 'lam': 4.2788638524320853e-07, 'clip': 0.4338922255686146}. Best is trial 51 with value: 0.3782322108745575.
[I 2023-06-27 03:33:02,952] Trial 88 finished with value: 0.402658611536026 and parameters: {'dim': 240, 'lam': 2.4529820709486823e-07, 'clip': 0.46246589083845546}. Best is trial 51 with value: 0.3782322108745575.
[I 2023-06-27 03:33:36,688] Trial 89 finished with value: 0.3945724070072174 and parameters: {'dim': 220, 'lam': 1.3557169988246136e-07, 'clip': 0.47477289703524167}. Best is trial 51 with value: 0.3782322108745575.
[I 2023-06-27 03:34:09,381] Trial 90 finished with value: 0.387369841337204 and parameters: {'dim': 240, 'lam': 3.8575884587713896e-07, 'clip': 0.48855513462417866}. Best is trial 51 with value: 0.3782322108745575.
[I 2023-06-27 03:34:43,810] Trial 91 finished with value: 0.38096967339515686 and parameters: {'dim': 220, 'lam': 1.0033087219230745e-07, 'clip': 0.49980349918326555}. Best is trial 51 with value: 0.3782322108745575.
[I 2023-06-27 03:35:17,654] Trial 92 finished with value: 0.38561320304870605 and parameters: {'dim': 200, 'lam': 1.0071046655432748e-07, 'clip': 0.4997490519294422}. Best is trial 51 with value: 0.3782322108745575.
[I 2023-06-27 03:35:50,274] Trial 93 finished with value: 0.3956873118877411 and parameters: {'dim': 220, 'lam': 1.6628629952846077e-07, 'clip': 0.47266139204928126}. Best is trial 51 with value: 0.3782322108745575.
[I 2023-06-27 03:36:23,977] Trial 94 finished with value: 0.38691991567611694 and parameters: {'dim': 220, 'lam': 2.0444137888060234e-07, 'clip': 0.4879965554947493}. Best is trial 51 with value: 0.3782322108745575.
[I 2023-06-27 03:36:57,377] Trial 95 finished with value: 0.4095997214317322 and parameters: {'dim': 260, 'lam': 2.799762082489088e-07, 'clip': 0.4454988148105541}. Best is trial 51 with value: 0.3782322108745575.
[I 2023-06-27 03:37:31,152] Trial 96 finished with value: 0.39483073353767395 and parameters: {'dim': 240, 'lam': 1.276695086711644e-07, 'clip': 0.4763078398740269}. Best is trial 51 with value: 0.3782322108745575.
[I 2023-06-27 03:38:04,409] Trial 97 finished with value: 0.40777644515037537 and parameters: {'dim': 200, 'lam': 1.5310498731431047e-07, 'clip': 0.46032377589119555}. Best is trial 51 with value: 0.3782322108745575.
[I 2023-06-27 03:38:38,448] Trial 98 finished with value: 0.3876306712627411 and parameters: {'dim': 220, 'lam': 8.011494391530216e-07, 'clip': 0.48740938875474626}. Best is trial 51 with value: 0.3782322108745575.
[I 2023-06-27 03:39:11,136] Trial 99 finished with value: 0.4272557497024536 and parameters: {'dim': 200, 'lam': 2.1041601737274651e-07, 'clip': 0.4302531541341703}. Best is trial 51 with value: 0.3782322108745575.
[I 2023-06-27 03:39:11,137] A new study created in memory with name: no-name-4017321e-99c9-4ab5-9ad7-9502ea2547c5
[I 2023-06-27 03:39:36,967] Trial 0 finished with value: 1052.606201171875 and parameters: {'dim': 180, 'lam': 1.5489067847155486e-05, 'beta': 4.195957681905685}. Best is trial 0 with value: 1052.606201171875.
[I 2023-06-27 03:40:01,917] Trial 1 finished with value: 1052.606201171875 and parameters: {'dim': 160, 'lam': 1.7651609222023336e-07, 'beta': 9.813810359422128}. Best is trial 0 with value: 1052.606201171875.
[I 2023-06-27 03:40:31,755] Trial 2 finished with value: 1052.606201171875 and parameters: {'dim': 260, 'lam': 1.6239433224472863e-07, 'beta': 1.8595211429594345}. Best is trial 0 with value: 1052.606201171875.
[I 2023-06-27 03:40:58,503] Trial 3 finished with value: 1052.606201171875 and parameters: {'dim': 200, 'lam': 3.110744162469362e-07, 'beta': 4.36070732623839}. Best is trial 0 with value: 1052.606201171875.
[I 2023-06-27 03:41:24,748] Trial 4 finished with value: 1052.606201171875 and parameters: {'dim': 160, 'lam': 2.1450598789239686e-07, 'beta': 6.527530354232068}. Best is trial 0 with value: 1052.606201171875.
[I 2023-06-27 03:41:50,913] Trial 5 finished with value: 1052.606201171875 and parameters: {'dim': 180, 'lam': 0.00012768160773017704, 'beta': 8.5221284384518}. Best is trial 0 with value: 1052.606201171875.
[I 2023-06-27 03:42:22,185] Trial 6 finished with value: 1052.606201171875 and parameters: {'dim': 280, 'lam': 4.502079315573033e-07, 'beta': 9.19111259304576}. Best is trial 0 with value: 1052.606201171875.
[I 2023-06-27 03:42:44,635] Trial 7 finished with value: 1052.606201171875 and parameters: {'dim': 100, 'lam': 2.4180468793709157e-07, 'beta': 8.130373223188894}. Best is trial 0 with value: 1052.606201171875.
[I 2023-06-27 03:43:15,109] Trial 8 finished with value: 1052.606201171875 and parameters: {'dim': 280, 'lam': 1.3099016189101726e-07, 'beta': 5.121550058292324}. Best is trial 0 with value: 1052.606201171875.
[I 2023-06-27 03:43:41,871] Trial 9 finished with value: 1052.606201171875 and parameters: {'dim': 200, 'lam': 0.0001993311558274784, 'beta': 7.6095869147537964}. Best is trial 0 with value: 1052.606201171875.
[I 2023-06-27 03:44:05,043] Trial 10 finished with value: 1052.606201171875 and parameters: {'dim': 120, 'lam': 1.329878989648114e-05, 'beta': 0.22497944598683128}. Best is trial 0 with value: 1052.606201171875.
[I 2023-06-27 03:44:30,657] Trial 11 finished with value: 1052.606201171875 and parameters: {'dim': 140, 'lam': 1.2872944083376034e-06, 'beta': 9.97214604619584}. Best is trial 0 with value: 1052.606201171875.
[I 2023-06-27 03:44:59,466] Trial 12 finished with value: 1052.606201171875 and parameters: {'dim': 240, 'lam': 3.839546981035356e-06, 'beta': 5.08956736732994}. Best is trial 0 with value: 1052.606201171875.
[I 2023-06-27 03:45:24,665] Trial 13 finished with value: 1052.606201171875 and parameters: {'dim': 160, 'lam': 1.8066475532653252e-05, 'beta': 3.481861590030909}. Best is trial 0 with value: 1052.606201171875.
[I 2023-06-27 03:45:52,593] Trial 14 finished with value: 1052.606201171875 and parameters: {'dim': 220, 'lam': 2.7019005775194605e-06, 'beta': 6.920653890734689}. Best is trial 0 with value: 1052.606201171875.
[I 2023-06-27 03:46:17,997] Trial 15 finished with value: 1052.606201171875 and parameters: {'dim': 160, 'lam': 2.9563185013786746e-05, 'beta': 6.247937707713481}. Best is trial 0 with value: 1052.606201171875.
[I 2023-06-27 03:46:40,914] Trial 16 finished with value: 1052.606201171875 and parameters: {'dim': 120, 'lam': 0.00097888913876888, 'beta': 9.783350898210013}. Best is trial 0 with value: 1052.606201171875.
[I 2023-06-27 03:47:08,719] Trial 17 finished with value: 1052.606201171875 and parameters: {'dim': 220, 'lam': 9.510549298838726e-07, 'beta': 3.497466431824721}. Best is trial 0 with value: 1052.606201171875.
[I 2023-06-27 03:47:35,098] Trial 18 finished with value: 1052.606201171875 and parameters: {'dim': 180, 'lam': 6.377738789349225e-06, 'beta': 8.56241534215614}. Best is trial 0 with value: 1052.606201171875.
[I 2023-06-27 03:47:59,213] Trial 19 finished with value: 1052.606201171875 and parameters: {'dim': 140, 'lam': 1.3201310676331673e-06, 'beta': 7.7299849968475725}. Best is trial 0 with value: 1052.606201171875.
[I 2023-06-27 03:48:24,824] Trial 20 finished with value: 1052.606201171875 and parameters: {'dim': 180, 'lam': 1.0346691714679019e-07, 'beta': 5.775459127991769}. Best is trial 0 with value: 1052.606201171875.
[I 2023-06-27 03:48:56,083] Trial 21 finished with value: 1052.606201171875 and parameters: {'dim': 300, 'lam': 6.684884694659138e-07, 'beta': 2.3424764570357883}. Best is trial 0 with value: 1052.606201171875.
[I 2023-06-27 03:49:25,536] Trial 22 finished with value: 1052.606201171875 and parameters: {'dim': 240, 'lam': 1.0696223879201742e-07, 'beta': 1.878927258345708}. Best is trial 0 with value: 1052.606201171875.
[I 2023-06-27 03:49:55,197] Trial 23 finished with value: 1052.606201171875 and parameters: {'dim': 260, 'lam': 4.6512739465959695e-07, 'beta': 4.210342569159717}. Best is trial 0 with value: 1052.606201171875.
[I 2023-06-27 03:50:23,002] Trial 24 finished with value: 1052.606201171875 and parameters: {'dim': 220, 'lam': 2.2769532632550543e-06, 'beta': 7.11053520254624}. Best is trial 0 with value: 1052.606201171875.
[I 2023-06-27 03:50:50,330] Trial 25 finished with value: 1052.606201171875 and parameters: {'dim': 200, 'lam': 6.409584434573438e-06, 'beta': 5.923701001633678}. Best is trial 0 with value: 1052.606201171875.
[I 2023-06-27 03:51:14,876] Trial 26 finished with value: 1052.606201171875 and parameters: {'dim': 140, 'lam': 6.247161252095859e-07, 'beta': 9.064501217615817}. Best is trial 0 with value: 1052.606201171875.
[I 2023-06-27 03:51:43,744] Trial 27 finished with value: 1052.606201171875 and parameters: {'dim': 240, 'lam': 3.233957760431635e-07, 'beta': 5.645653395333111}. Best is trial 0 with value: 1052.606201171875.
[I 2023-06-27 03:52:15,542] Trial 28 finished with value: 1052.606201171875 and parameters: {'dim': 300, 'lam': 1.832295961772875e-07, 'beta': 2.1655122852702524}. Best is trial 0 with value: 1052.606201171875.
