[I 2023-06-27 03:52:41,249] Trial 29 finished with value: 1052.606201171875 and parameters: {'dim': 180, 'lam': 3.0389637362076825e-07, 'beta': 4.331191436456071}. Best is trial 0 with value: 1052.606201171875.
[I 2023-06-27 03:53:10,261] Trial 30 finished with value: 1052.606201171875 and parameters: {'dim': 260, 'lam': 1.7029677247341417e-06, 'beta': 7.0445993321852844}. Best is trial 0 with value: 1052.606201171875.
[I 2023-06-27 03:53:37,185] Trial 31 finished with value: 1052.606201171875 and parameters: {'dim': 200, 'lam': 2.0892592939288295e-07, 'beta': 6.5127251519364915}. Best is trial 0 with value: 1052.606201171875.
[I 2023-06-27 03:54:02,990] Trial 32 finished with value: 1052.606201171875 and parameters: {'dim': 160, 'lam': 2.425599764627885e-07, 'beta': 4.170486226661489}. Best is trial 0 with value: 1052.606201171875.
[I 2023-06-27 03:54:29,149] Trial 33 finished with value: 1052.606201171875 and parameters: {'dim': 200, 'lam': 7.304289042880737e-07, 'beta': 4.838894826126444}. Best is trial 0 with value: 1052.606201171875.
[I 2023-06-27 03:54:55,027] Trial 34 finished with value: 1052.606201171875 and parameters: {'dim': 180, 'lam': 4.507512082378477e-07, 'beta': 2.9967811968267997}. Best is trial 0 with value: 1052.606201171875.
[I 2023-06-27 03:55:22,221] Trial 35 finished with value: 1052.606201171875 and parameters: {'dim': 220, 'lam': 1.6586005745074337e-07, 'beta': 5.515001876784093}. Best is trial 0 with value: 1052.606201171875.
[I 2023-06-27 03:55:47,857] Trial 36 finished with value: 1052.606201171875 and parameters: {'dim': 160, 'lam': 3.087895393840136e-07, 'beta': 4.710649731637614}. Best is trial 0 with value: 1052.606201171875.
[I 2023-06-27 03:56:09,690] Trial 37 finished with value: 1052.606201171875 and parameters: {'dim': 100, 'lam': 1.0472336611347106e-07, 'beta': 6.217387384204342}. Best is trial 0 with value: 1052.606201171875.
[I 2023-06-27 03:56:35,741] Trial 38 finished with value: 1052.606201171875 and parameters: {'dim': 200, 'lam': 1.7155343738006013e-07, 'beta': 1.2835800161517936}. Best is trial 0 with value: 1052.606201171875.
[I 2023-06-27 03:57:05,763] Trial 39 finished with value: 1052.606201171875 and parameters: {'dim': 280, 'lam': 9.505991183117877e-07, 'beta': 3.597870669763088}. Best is trial 0 with value: 1052.606201171875.
[I 2023-06-27 03:57:31,257] Trial 40 finished with value: 1052.606201171875 and parameters: {'dim': 180, 'lam': 4.841604572090922e-07, 'beta': 5.205189593892063}. Best is trial 0 with value: 1052.606201171875.
[I 2023-06-27 03:57:55,607] Trial 41 finished with value: 1052.606201171875 and parameters: {'dim': 140, 'lam': 1.5658690961568883e-07, 'beta': 8.144997239623203}. Best is trial 0 with value: 1052.606201171875.
[I 2023-06-27 03:58:20,566] Trial 42 finished with value: 1052.606201171875 and parameters: {'dim': 160, 'lam': 3.8804600407893563e-07, 'beta': 7.436897124585149}. Best is trial 0 with value: 1052.606201171875.
[I 2023-06-27 03:58:44,184] Trial 43 finished with value: 1052.606201171875 and parameters: {'dim': 120, 'lam': 2.572182028035332e-07, 'beta': 9.458188836162183}. Best is trial 0 with value: 1052.606201171875.
[I 2023-06-27 03:59:09,173] Trial 44 finished with value: 1052.606201171875 and parameters: {'dim': 160, 'lam': 1.4255113634547915e-07, 'beta': 8.789946540999019}. Best is trial 0 with value: 1052.606201171875.
[I 2023-06-27 03:59:35,054] Trial 45 finished with value: 1052.606201171875 and parameters: {'dim': 180, 'lam': 3.380969300493128e-05, 'beta': 9.451137657710273}. Best is trial 0 with value: 1052.606201171875.
[I 2023-06-27 03:59:59,819] Trial 46 finished with value: 1052.606201171875 and parameters: {'dim': 140, 'lam': 2.5307703773477587e-07, 'beta': 8.278805649317356}. Best is trial 0 with value: 1052.606201171875.
[I 2023-06-27 04:00:27,162] Trial 47 finished with value: 1052.606201171875 and parameters: {'dim': 220, 'lam': 1.0218244832808071e-07, 'beta': 6.611418430778118}. Best is trial 0 with value: 1052.606201171875.
[I 2023-06-27 04:00:53,707] Trial 48 finished with value: 1052.606201171875 and parameters: {'dim': 200, 'lam': 1.187343415777637e-06, 'beta': 7.7806266903575665}. Best is trial 0 with value: 1052.606201171875.
[I 2023-06-27 04:01:17,367] Trial 49 finished with value: 1052.606201171875 and parameters: {'dim': 120, 'lam': 6.277244493772487e-07, 'beta': 5.159985883971735}. Best is trial 0 with value: 1052.606201171875.
[I 2023-06-27 04:01:42,877] Trial 50 finished with value: 1052.606201171875 and parameters: {'dim': 160, 'lam': 1.9735757083656488e-07, 'beta': 8.826813887041634}. Best is trial 0 with value: 1052.606201171875.
[I 2023-06-27 04:02:08,544] Trial 51 finished with value: 1052.606201171875 and parameters: {'dim': 180, 'lam': 8.739639072423518e-05, 'beta': 9.986078363726596}. Best is trial 0 with value: 1052.606201171875.
[I 2023-06-27 04:02:35,279] Trial 52 finished with value: 1052.606201171875 and parameters: {'dim': 200, 'lam': 4.0049771234064554e-06, 'beta': 9.535944887046943}. Best is trial 0 with value: 1052.606201171875.
[I 2023-06-27 04:03:00,679] Trial 53 finished with value: 1052.606201171875 and parameters: {'dim': 180, 'lam': 1.6753377371500938e-05, 'beta': 8.578301065614362}. Best is trial 0 with value: 1052.606201171875.
[I 2023-06-27 04:03:24,725] Trial 54 finished with value: 1052.606201171875 and parameters: {'dim': 160, 'lam': 9.84871642507561e-06, 'beta': 8.98212963203102}. Best is trial 0 with value: 1052.606201171875.
[I 2023-06-27 04:03:48,883] Trial 55 finished with value: 1052.606201171875 and parameters: {'dim': 140, 'lam': 0.00036031501229375374, 'beta': 0.24191108613863754}. Best is trial 0 with value: 1052.606201171875.
[I 2023-06-27 04:04:14,677] Trial 56 finished with value: 1052.606201171875 and parameters: {'dim': 180, 'lam': 1.3759858668713382e-07, 'beta': 7.915226355113424}. Best is trial 0 with value: 1052.606201171875.
[I 2023-06-27 04:04:44,280] Trial 57 finished with value: 1052.606201171875 and parameters: {'dim': 260, 'lam': 3.897729199585748e-07, 'beta': 7.34161877468045}. Best is trial 0 with value: 1052.606201171875.
[I 2023-06-27 04:05:09,630] Trial 58 finished with value: 1052.606201171875 and parameters: {'dim': 160, 'lam': 3.1210177807163816e-05, 'beta': 9.291629358093704}. Best is trial 0 with value: 1052.606201171875.
[I 2023-06-27 04:05:38,058] Trial 59 finished with value: 1052.606201171875 and parameters: {'dim': 240, 'lam': 1.9136925988922277e-06, 'beta': 9.77307721846865}. Best is trial 0 with value: 1052.606201171875.
[I 2023-06-27 04:06:04,407] Trial 60 finished with value: 1052.606201171875 and parameters: {'dim': 200, 'lam': 3.409699539243974e-06, 'beta': 6.65679926253298}. Best is trial 0 with value: 1052.606201171875.
[I 2023-06-27 04:06:34,582] Trial 61 finished with value: 1052.606201171875 and parameters: {'dim': 280, 'lam': 2.340876151764632e-07, 'beta': 8.332321940101243}. Best is trial 0 with value: 1052.606201171875.
[I 2023-06-27 04:07:05,922] Trial 62 finished with value: 1052.606201171875 and parameters: {'dim': 280, 'lam': 3.440357623726994e-07, 'beta': 9.063457138412891}. Best is trial 0 with value: 1052.606201171875.
[I 2023-06-27 04:07:38,035] Trial 63 finished with value: 1052.606201171875 and parameters: {'dim': 300, 'lam': 4.955893088443821e-07, 'beta': 6.027584703628483}. Best is trial 0 with value: 1052.606201171875.
[I 2023-06-27 04:08:08,682] Trial 64 finished with value: 1052.606201171875 and parameters: {'dim': 260, 'lam': 1.3689550165707866e-07, 'beta': 7.910436263576624}. Best is trial 0 with value: 1052.606201171875.
[I 2023-06-27 04:08:37,453] Trial 65 finished with value: 1052.606201171875 and parameters: {'dim': 220, 'lam': 1.9855940958401024e-07, 'beta': 3.824652431947129}. Best is trial 0 with value: 1052.606201171875.
[I 2023-06-27 04:09:09,812] Trial 66 finished with value: 1052.606201171875 and parameters: {'dim': 300, 'lam': 8.533123692271034e-07, 'beta': 4.633556654765267}. Best is trial 0 with value: 1052.606201171875.
[I 2023-06-27 04:09:36,524] Trial 67 finished with value: 1052.606201171875 and parameters: {'dim': 180, 'lam': 5.990003393883454e-07, 'beta': 3.0538131055600206}. Best is trial 0 with value: 1052.606201171875.
[I 2023-06-27 04:10:01,766] Trial 68 finished with value: 1052.606201171875 and parameters: {'dim': 140, 'lam': 2.6434745675191453e-07, 'beta': 4.442181613984651}. Best is trial 0 with value: 1052.606201171875.
[I 2023-06-27 04:10:29,636] Trial 69 finished with value: 1052.606201171875 and parameters: {'dim': 200, 'lam': 3.0823442072768007e-07, 'beta': 5.565869315074023}. Best is trial 0 with value: 1052.606201171875.
[I 2023-06-27 04:11:00,887] Trial 70 finished with value: 1052.606201171875 and parameters: {'dim': 280, 'lam': 1.0757605978278384e-06, 'beta': 5.359754710715654}. Best is trial 0 with value: 1052.606201171875.
[I 2023-06-27 04:11:23,078] Trial 71 finished with value: 1052.606201171875 and parameters: {'dim': 100, 'lam': 1.214752170295079e-07, 'beta': 8.551503849007304}. Best is trial 0 with value: 1052.606201171875.
[I 2023-06-27 04:11:46,030] Trial 72 finished with value: 1052.606201171875 and parameters: {'dim': 120, 'lam': 2.050711816264623e-07, 'beta': 9.244847990836503}. Best is trial 0 with value: 1052.606201171875.
[I 2023-06-27 04:12:13,424] Trial 73 finished with value: 1052.606201171875 and parameters: {'dim': 220, 'lam': 4.0740123429338287e-07, 'beta': 5.034094615873981}. Best is trial 0 with value: 1052.606201171875.
[I 2023-06-27 04:12:42,588] Trial 74 finished with value: 1052.606201171875 and parameters: {'dim': 240, 'lam': 1.594286083680916e-07, 'beta': 7.455708630246927}. Best is trial 0 with value: 1052.606201171875.
[I 2023-06-27 04:13:05,472] Trial 75 finished with value: 1052.606201171875 and parameters: {'dim': 100, 'lam': 4.806193563182579e-07, 'beta': 4.090006794873176}. Best is trial 0 with value: 1052.606201171875.
[I 2023-06-27 04:13:32,356] Trial 76 finished with value: 1052.606201171875 and parameters: {'dim': 180, 'lam': 7.875822967426386e-07, 'beta': 9.764251188078}. Best is trial 0 with value: 1052.606201171875.
[I 2023-06-27 04:13:58,099] Trial 77 finished with value: 1052.606201171875 and parameters: {'dim': 160, 'lam': 3.134043744823607e-07, 'beta': 5.7817651165873185}. Best is trial 0 with value: 1052.606201171875.
[I 2023-06-27 04:14:25,857] Trial 78 finished with value: 1052.606201171875 and parameters: {'dim': 200, 'lam': 1.2737161536300062e-07, 'beta': 7.09239000288321}. Best is trial 0 with value: 1052.606201171875.
[I 2023-06-27 04:14:49,711] Trial 79 finished with value: 1052.606201171875 and parameters: {'dim': 120, 'lam': 1.8524279167819702e-07, 'beta': 4.8866991142398035}. Best is trial 0 with value: 1052.606201171875.
[I 2023-06-27 04:15:19,889] Trial 80 finished with value: 1052.606201171875 and parameters: {'dim': 260, 'lam': 1.3104240098221718e-06, 'beta': 8.086460043280004}. Best is trial 0 with value: 1052.606201171875.
[I 2023-06-27 04:15:50,882] Trial 81 finished with value: 1052.606201171875 and parameters: {'dim': 280, 'lam': 2.2510185499760957e-07, 'beta': 4.618098898352715}. Best is trial 0 with value: 1052.606201171875.
[I 2023-06-27 04:16:21,469] Trial 82 finished with value: 1052.606201171875 and parameters: {'dim': 280, 'lam': 1.0652909132217471e-07, 'beta': 5.40453202299487}. Best is trial 0 with value: 1052.606201171875.
[I 2023-06-27 04:16:53,549] Trial 83 finished with value: 1052.606201171875 and parameters: {'dim': 300, 'lam': 1.6140004347429573e-07, 'beta': 6.34785874257302}. Best is trial 0 with value: 1052.606201171875.
[I 2023-06-27 04:17:24,020] Trial 84 finished with value: 1052.606201171875 and parameters: {'dim': 260, 'lam': 2.518600979887164e-07, 'beta': 7.6826452119210105}. Best is trial 0 with value: 1052.606201171875.
[I 2023-06-27 04:17:50,041] Trial 85 finished with value: 1052.606201171875 and parameters: {'dim': 160, 'lam': 3.229798166232791e-07, 'beta': 6.931176694262081}. Best is trial 0 with value: 1052.606201171875.
[I 2023-06-27 04:18:15,754] Trial 86 finished with value: 1052.606201171875 and parameters: {'dim': 180, 'lam': 1.3547486090496832e-07, 'beta': 6.104185364594814}. Best is trial 0 with value: 1052.606201171875.
[I 2023-06-27 04:18:42,118] Trial 87 finished with value: 1052.606201171875 and parameters: {'dim': 200, 'lam': 1.0147006973585887e-07, 'beta': 4.02993944433793}. Best is trial 0 with value: 1052.606201171875.
[I 2023-06-27 04:19:07,290] Trial 88 finished with value: 1052.606201171875 and parameters: {'dim': 180, 'lam': 1.7556504179414237e-07, 'beta': 5.7892941096351915}. Best is trial 0 with value: 1052.606201171875.
[I 2023-06-27 04:19:36,933] Trial 89 finished with value: 1052.606201171875 and parameters: {'dim': 280, 'lam': 5.292876103443257e-07, 'beta': 5.09387553947317}. Best is trial 0 with value: 1052.606201171875.
[I 2023-06-27 04:20:01,226] Trial 90 finished with value: 1052.606201171875 and parameters: {'dim': 140, 'lam': 7.217644188733117e-07, 'beta': 8.714220607552814}. Best is trial 0 with value: 1052.606201171875.
[I 2023-06-27 04:20:28,685] Trial 91 finished with value: 1052.606201171875 and parameters: {'dim': 200, 'lam': 3.9067214992543924e-07, 'beta': 3.506239199721036}. Best is trial 0 with value: 1052.606201171875.
[I 2023-06-27 04:20:56,764] Trial 92 finished with value: 1052.606201171875 and parameters: {'dim': 220, 'lam': 2.6166272490043e-07, 'beta': 4.389544591713147}. Best is trial 0 with value: 1052.606201171875.
[I 2023-06-27 04:21:24,193] Trial 93 finished with value: 1052.606201171875 and parameters: {'dim': 200, 'lam': 2.1521138382099933e-07, 'beta': 8.454159408937498}. Best is trial 0 with value: 1052.606201171875.
[I 2023-06-27 04:21:49,620] Trial 94 finished with value: 1052.606201171875 and parameters: {'dim': 160, 'lam': 0.00013528135618854625, 'beta': 6.633204692504933}. Best is trial 0 with value: 1052.606201171875.
[I 2023-06-27 04:22:19,163] Trial 95 finished with value: 1052.606201171875 and parameters: {'dim': 240, 'lam': 1.4776061250562408e-07, 'beta': 8.122728300579263}. Best is trial 0 with value: 1052.606201171875.
[I 2023-06-27 04:22:45,203] Trial 96 finished with value: 1052.606201171875 and parameters: {'dim': 180, 'lam': 3.835906805655456e-07, 'beta': 8.710000693149441}. Best is trial 0 with value: 1052.606201171875.
[I 2023-06-27 04:23:13,374] Trial 97 finished with value: 1052.606201171875 and parameters: {'dim': 220, 'lam': 1.5079626618121148e-06, 'beta': 8.299827098489564}. Best is trial 0 with value: 1052.606201171875.
[I 2023-06-27 04:23:39,712] Trial 98 finished with value: 1052.606201171875 and parameters: {'dim': 180, 'lam': 1.2052362684824362e-07, 'beta': 3.2351545263259043}. Best is trial 0 with value: 1052.606201171875.
[I 2023-06-27 04:24:11,059] Trial 99 finished with value: 1052.606201171875 and parameters: {'dim': 300, 'lam': 2.895246536627396e-07, 'beta': 9.02098533788392}. Best is trial 0 with value: 1052.606201171875.
[I 2023-06-27 04:24:11,067] A new study created in memory with name: no-name-4a806012-44b6-4554-a7f5-8fce9666a1c2
[I 2023-06-27 04:24:43,973] Trial 0 finished with value: -1.1222481727600098 and parameters: {'dim': 200, 'lam': 0.0007094113856349471, 'weight': 0.31660959394622834}. Best is trial 0 with value: -1.1222481727600098.
[I 2023-06-27 04:25:17,924] Trial 1 finished with value: -1.2686452865600586 and parameters: {'dim': 260, 'lam': 0.00029436696526013284, 'weight': 0.8138682783625054}. Best is trial 1 with value: -1.2686452865600586.
[I 2023-06-27 04:25:50,354] Trial 2 finished with value: -3.003779888153076 and parameters: {'dim': 260, 'lam': 6.436251131602463e-07, 'weight': 0.7858036225612159}. Best is trial 2 with value: -3.003779888153076.
[I 2023-06-27 04:26:23,184] Trial 3 finished with value: -2.326918840408325 and parameters: {'dim': 140, 'lam': 1.112634915537957e-06, 'weight': 0.9187463344863801}. Best is trial 2 with value: -3.003779888153076.
[I 2023-06-27 04:26:56,414] Trial 4 finished with value: -2.17984938621521 and parameters: {'dim': 100, 'lam': 0.00012529067954348413, 'weight': 0.9667893392870152}. Best is trial 2 with value: -3.003779888153076.
[I 2023-06-27 04:27:29,925] Trial 5 finished with value: -2.8271536827087402 and parameters: {'dim': 280, 'lam': 1.0155439193461741e-06, 'weight': 0.9126066122795162}. Best is trial 2 with value: -3.003779888153076.
[I 2023-06-27 04:28:02,102] Trial 6 finished with value: -3.3331918716430664 and parameters: {'dim': 180, 'lam': 2.3579401136508673e-05, 'weight': 0.6771347294546183}. Best is trial 6 with value: -3.3331918716430664.
[I 2023-06-27 04:28:36,504] Trial 7 finished with value: -1.59590482711792 and parameters: {'dim': 300, 'lam': 0.0004040052366430725, 'weight': 0.10278207893434531}. Best is trial 6 with value: -3.3331918716430664.
[I 2023-06-27 04:29:10,678] Trial 8 finished with value: 0.1589069366455078 and parameters: {'dim': 280, 'lam': 0.0008406537522083455, 'weight': 0.1416023318039965}. Best is trial 6 with value: -3.3331918716430664.
[I 2023-06-27 04:29:44,471] Trial 9 finished with value: -2.4434664249420166 and parameters: {'dim': 140, 'lam': 9.151823418852145e-06, 'weight': 0.9900508755246455}. Best is trial 6 with value: -3.3331918716430664.
[I 2023-06-27 04:30:17,179] Trial 10 finished with value: -3.483217716217041 and parameters: {'dim': 200, 'lam': 3.174940354190809e-05, 'weight': 0.6464146702253061}. Best is trial 10 with value: -3.483217716217041.
[I 2023-06-27 04:30:49,340] Trial 11 finished with value: -3.5230016708374023 and parameters: {'dim': 200, 'lam': 4.1367700941676066e-05, 'weight': 0.6302979119396911}. Best is trial 11 with value: -3.5230016708374023.
[I 2023-06-27 04:31:21,202] Trial 12 finished with value: -3.7208938598632812 and parameters: {'dim': 220, 'lam': 4.552733111325719e-05, 'weight': 0.5851345836547776}. Best is trial 12 with value: -3.7208938598632812.
[I 2023-06-27 04:31:55,090] Trial 13 finished with value: -4.1761369705200195 and parameters: {'dim': 240, 'lam': 8.082830375206357e-05, 'weight': 0.4680544422191631}. Best is trial 13 with value: -4.1761369705200195.
[I 2023-06-27 04:32:27,603] Trial 14 finished with value: -4.175695896148682 and parameters: {'dim': 240, 'lam': 9.952759125464531e-05, 'weight': 0.4483351070745984}. Best is trial 13 with value: -4.1761369705200195.
[I 2023-06-27 04:32:59,806] Trial 15 finished with value: -4.037274360656738 and parameters: {'dim': 240, 'lam': 0.0001274619125301026, 'weight': 0.4431124463531885}. Best is trial 13 with value: -4.1761369705200195.
[I 2023-06-27 04:33:32,906] Trial 16 finished with value: -4.069268226623535 and parameters: {'dim': 240, 'lam': 6.073255622140476e-06, 'weight': 0.4407975605738193}. Best is trial 13 with value: -4.1761369705200195.
[I 2023-06-27 04:34:06,345] Trial 17 finished with value: -1.2390556335449219 and parameters: {'dim': 160, 'lam': 1.7178940694354147e-07, 'weight': 0.31984613678712936}. Best is trial 13 with value: -4.1761369705200195.
[I 2023-06-27 04:34:40,176] Trial 18 finished with value: -3.564476490020752 and parameters: {'dim': 240, 'lam': 0.00013824555204475063, 'weight': 0.5222834749766834}. Best is trial 13 with value: -4.1761369705200195.
[I 2023-06-27 04:35:13,881] Trial 19 finished with value: 63.23841094970703 and parameters: {'dim': 300, 'lam': 8.279928458417401e-05, 'weight': 0.004684628091342458}. Best is trial 13 with value: -4.1761369705200195.
[I 2023-06-27 04:35:47,407] Trial 20 finished with value: -3.644625186920166 and parameters: {'dim': 220, 'lam': 0.0002728705277795652, 'weight': 0.3267007803370553}. Best is trial 13 with value: -4.1761369705200195.
[I 2023-06-27 04:36:20,490] Trial 21 finished with value: -4.177628517150879 and parameters: {'dim': 240, 'lam': 8.347076741933502e-06, 'weight': 0.4350307554927161}. Best is trial 21 with value: -4.177628517150879.
[I 2023-06-27 04:36:53,057] Trial 22 finished with value: -4.279207229614258 and parameters: {'dim': 260, 'lam': 1.6787723460524232e-05, 'weight': 0.49920329176206774}. Best is trial 22 with value: -4.279207229614258.
[I 2023-06-27 04:37:26,502] Trial 23 finished with value: -3.9897477626800537 and parameters: {'dim': 260, 'lam': 1.3951184613361327e-05, 'weight': 0.5625138990556585}. Best is trial 22 with value: -4.279207229614258.
[I 2023-06-27 04:37:58,386] Trial 24 finished with value: -4.2397685050964355 and parameters: {'dim': 280, 'lam': 4.177748219119194e-06, 'weight': 0.48244812474557774}. Best is trial 22 with value: -4.279207229614258.
[I 2023-06-27 04:38:31,335] Trial 25 finished with value: -4.560274600982666 and parameters: {'dim': 280, 'lam': 4.634932993502402e-06, 'weight': 0.3891539812187396}. Best is trial 25 with value: -4.560274600982666.
[I 2023-06-27 04:39:03,998] Trial 26 finished with value: -4.5541253089904785 and parameters: {'dim': 280, 'lam': 3.998466544495254e-06, 'weight': 0.3748106555346346}. Best is trial 25 with value: -4.560274600982666.
[I 2023-06-27 04:39:37,598] Trial 27 finished with value: -4.556384086608887 and parameters: {'dim': 300, 'lam': 3.4328373496205756e-06, 'weight': 0.36222779686671674}. Best is trial 25 with value: -4.560274600982666.
[I 2023-06-27 04:40:11,646] Trial 28 finished with value: -4.610378742218018 and parameters: {'dim': 300, 'lam': 4.188169093040392e-06, 'weight': 0.36916549689877365}. Best is trial 28 with value: -4.610378742218018.
[I 2023-06-27 04:40:43,617] Trial 29 finished with value: -4.083052158355713 and parameters: {'dim': 300, 'lam': 2.712457114660278e-06, 'weight': 0.22341264224004334}. Best is trial 28 with value: -4.610378742218018.
[I 2023-06-27 04:41:16,746] Trial 30 finished with value: -4.295231342315674 and parameters: {'dim': 300, 'lam': 2.5854167258367456e-06, 'weight': 0.2566996843438956}. Best is trial 28 with value: -4.610378742218018.
[I 2023-06-27 04:41:49,057] Trial 31 finished with value: -4.530905723571777 and parameters: {'dim': 280, 'lam': 3.7194530285536788e-06, 'weight': 0.37493080940680873}. Best is trial 28 with value: -4.610378742218018.
