[I 2023-06-27 02:06:33,680] Trial 25 finished with value: 1.744509220123291 and parameters: {'dim': 280, 'lam': 2.478126355019158e-06, 'beta': 9.225017191923392}. Best is trial 17 with value: 1.722068428993225.
[I 2023-06-27 02:07:03,112] Trial 26 finished with value: 1.7647706270217896 and parameters: {'dim': 260, 'lam': 4.3722292552137735e-06, 'beta': 8.494453195419963}. Best is trial 17 with value: 1.722068428993225.
[I 2023-06-27 02:07:31,569] Trial 27 finished with value: 1.815805435180664 and parameters: {'dim': 240, 'lam': 9.004737554793032e-05, 'beta': 7.430075375702381}. Best is trial 17 with value: 1.722068428993225.
[I 2023-06-27 02:08:02,377] Trial 28 finished with value: 1.7214791774749756 and parameters: {'dim': 300, 'lam': 6.640109643573558e-06, 'beta': 9.62455340766046}. Best is trial 28 with value: 1.7214791774749756.
[I 2023-06-27 02:08:27,592] Trial 29 finished with value: 1.8766354322433472 and parameters: {'dim': 180, 'lam': 9.688592248608487e-07, 'beta': 9.525530659461383}. Best is trial 28 with value: 1.7214791774749756.
[I 2023-06-27 02:08:58,047] Trial 30 finished with value: 1.7386685609817505 and parameters: {'dim': 280, 'lam': 2.9358874854542247e-06, 'beta': 9.95402528609959}. Best is trial 28 with value: 1.7214791774749756.
[I 2023-06-27 02:09:28,968] Trial 31 finished with value: 1.7265740633010864 and parameters: {'dim': 300, 'lam': 7.543121570254448e-06, 'beta': 8.578121300866204}. Best is trial 28 with value: 1.7214791774749756.
[I 2023-06-27 02:09:59,837] Trial 32 finished with value: 1.7191916704177856 and parameters: {'dim': 300, 'lam': 1.7914540903609387e-05, 'beta': 9.315987649574176}. Best is trial 32 with value: 1.7191916704177856.
[I 2023-06-27 02:10:29,988] Trial 33 finished with value: 1.7301584482192993 and parameters: {'dim': 280, 'lam': 6.712782293307906e-06, 'beta': 9.421782272225448}. Best is trial 32 with value: 1.7191916704177856.
[I 2023-06-27 02:10:57,408] Trial 34 finished with value: 1.8138409852981567 and parameters: {'dim': 220, 'lam': 1.7114617331598409e-06, 'beta': 9.103801774544706}. Best is trial 32 with value: 1.7191916704177856.
[I 2023-06-27 02:11:28,278] Trial 35 finished with value: 1.726635456085205 and parameters: {'dim': 300, 'lam': 1.9376918400479864e-05, 'beta': 8.038116819931092}. Best is trial 32 with value: 1.7191916704177856.
[I 2023-06-27 02:11:57,494] Trial 36 finished with value: 1.7494930028915405 and parameters: {'dim': 260, 'lam': 2.172094123646692e-05, 'beta': 9.45189196780652}. Best is trial 32 with value: 1.7191916704177856.
[I 2023-06-27 02:12:27,144] Trial 37 finished with value: 1.7329643964767456 and parameters: {'dim': 280, 'lam': 8.487227546683651e-06, 'beta': 8.553443183453606}. Best is trial 32 with value: 1.7191916704177856.
[I 2023-06-27 02:12:55,014] Trial 38 finished with value: 1.7727152109146118 and parameters: {'dim': 240, 'lam': 4.1152730752941416e-06, 'beta': 7.946254213145506}. Best is trial 32 with value: 1.7191916704177856.
[I 2023-06-27 02:13:25,995] Trial 39 finished with value: 1.7222325801849365 and parameters: {'dim': 300, 'lam': 5.543903871916627e-06, 'beta': 9.995879444227576}. Best is trial 32 with value: 1.7191916704177856.
[I 2023-06-27 02:13:53,152] Trial 40 finished with value: 1.793786883354187 and parameters: {'dim': 220, 'lam': 4.723646520112767e-06, 'beta': 9.89110750656701}. Best is trial 32 with value: 1.7191916704177856.
[I 2023-06-27 02:14:23,911] Trial 41 finished with value: 1.7233710289001465 and parameters: {'dim': 300, 'lam': 8.985933984383753e-06, 'beta': 8.8760318525265}. Best is trial 32 with value: 1.7191916704177856.
[I 2023-06-27 02:14:54,977] Trial 42 finished with value: 1.7228816747665405 and parameters: {'dim': 300, 'lam': 6.76493378643533e-06, 'beta': 9.315497139251377}. Best is trial 32 with value: 1.7191916704177856.
[I 2023-06-27 02:15:25,094] Trial 43 finished with value: 1.749057412147522 and parameters: {'dim': 280, 'lam': 1.6048941970531307e-06, 'beta': 9.596199553700092}. Best is trial 32 with value: 1.7191916704177856.
[I 2023-06-27 02:15:54,425] Trial 44 finished with value: 1.7682719230651855 and parameters: {'dim': 260, 'lam': 2.4833759778720113e-06, 'beta': 9.33041405625815}. Best is trial 32 with value: 1.7191916704177856.
[I 2023-06-27 02:16:25,071] Trial 45 finished with value: 1.721543312072754 and parameters: {'dim': 300, 'lam': 5.923605647672131e-06, 'beta': 9.901972555278332}. Best is trial 32 with value: 1.7191916704177856.
[I 2023-06-27 02:16:54,923] Trial 46 finished with value: 1.7368454933166504 and parameters: {'dim': 280, 'lam': 3.5720490107029933e-06, 'beta': 9.812063397500008}. Best is trial 32 with value: 1.7191916704177856.
[I 2023-06-27 02:17:19,140] Trial 47 finished with value: 1.8466908931732178 and parameters: {'dim': 160, 'lam': 5.39100113047538e-06, 'beta': 9.99678529934815}. Best is trial 32 with value: 1.7191916704177856.
[I 2023-06-27 02:17:49,609] Trial 48 finished with value: 1.7224353551864624 and parameters: {'dim': 300, 'lam': 9.708551380620069e-06, 'beta': 8.951169327507298}. Best is trial 32 with value: 1.7191916704177856.
[I 2023-06-27 02:18:11,464] Trial 49 finished with value: 1.9660813808441162 and parameters: {'dim': 100, 'lam': 2.1824568363177628e-05, 'beta': 8.091689003563205}. Best is trial 32 with value: 1.7191916704177856.
[I 2023-06-27 02:18:41,816] Trial 50 finished with value: 1.7452901601791382 and parameters: {'dim': 280, 'lam': 2.0011050274267046e-06, 'beta': 9.615041713631532}. Best is trial 32 with value: 1.7191916704177856.
[I 2023-06-27 02:19:12,947] Trial 51 finished with value: 1.7231417894363403 and parameters: {'dim': 300, 'lam': 9.666225682648078e-06, 'beta': 8.845708188027034}. Best is trial 32 with value: 1.7191916704177856.
[I 2023-06-27 02:19:43,525] Trial 52 finished with value: 1.7285120487213135 and parameters: {'dim': 300, 'lam': 4.5234380856838755e-06, 'beta': 9.090768434467462}. Best is trial 32 with value: 1.7191916704177856.
[I 2023-06-27 02:20:14,793] Trial 53 finished with value: 1.7289162874221802 and parameters: {'dim': 300, 'lam': 6.121252137079063e-06, 'beta': 8.413571588540863}. Best is trial 32 with value: 1.7191916704177856.
[I 2023-06-27 02:20:44,730] Trial 54 finished with value: 1.7249870300292969 and parameters: {'dim': 280, 'lam': 1.1663983622421648e-05, 'beta': 9.57717326027475}. Best is trial 32 with value: 1.7191916704177856.
[I 2023-06-27 02:21:15,492] Trial 55 finished with value: 1.7232444286346436 and parameters: {'dim': 300, 'lam': 2.531974604678843e-05, 'beta': 8.925892527972577}. Best is trial 32 with value: 1.7191916704177856.
[I 2023-06-27 02:21:44,377] Trial 56 finished with value: 1.753097653388977 and parameters: {'dim': 260, 'lam': 8.537304830199206e-06, 'beta': 9.187365622770788}. Best is trial 32 with value: 1.7191916704177856.
[I 2023-06-27 02:22:14,710] Trial 57 finished with value: 1.7391396760940552 and parameters: {'dim': 280, 'lam': 1.550445759930316e-05, 'beta': 7.104465465540694}. Best is trial 32 with value: 1.7191916704177856.
[I 2023-06-27 02:22:45,766] Trial 58 finished with value: 1.725624442100525 and parameters: {'dim': 300, 'lam': 1.0784362216179914e-05, 'beta': 8.32687321272856}. Best is trial 32 with value: 1.7191916704177856.
[I 2023-06-27 02:23:15,260] Trial 59 finished with value: 1.7732007503509521 and parameters: {'dim': 260, 'lam': 3.5004359389908305e-06, 'beta': 7.6706564303294105}. Best is trial 32 with value: 1.7191916704177856.
[I 2023-06-27 02:23:38,164] Trial 60 finished with value: 1.9253357648849487 and parameters: {'dim': 120, 'lam': 3.0040477146616275e-05, 'beta': 9.993259586581372}. Best is trial 32 with value: 1.7191916704177856.
[I 2023-06-27 02:24:09,132] Trial 61 finished with value: 1.7234538793563843 and parameters: {'dim': 300, 'lam': 6.4640492789578576e-06, 'beta': 9.288046050306923}. Best is trial 32 with value: 1.7191916704177856.
[I 2023-06-27 02:24:39,875] Trial 62 finished with value: 1.7226824760437012 and parameters: {'dim': 300, 'lam': 5.862663624092766e-06, 'beta': 9.599500461756984}. Best is trial 32 with value: 1.7191916704177856.
[I 2023-06-27 02:25:10,074] Trial 63 finished with value: 1.739430546760559 and parameters: {'dim': 280, 'lam': 2.9178947843575895e-06, 'beta': 9.640348832758425}. Best is trial 32 with value: 1.7191916704177856.
[I 2023-06-27 02:25:41,461] Trial 64 finished with value: 1.722145676612854 and parameters: {'dim': 300, 'lam': 1.4870386810450795e-05, 'beta': 8.783353701156946}. Best is trial 32 with value: 1.7191916704177856.
[I 2023-06-27 02:26:11,669] Trial 65 finished with value: 1.7293486595153809 and parameters: {'dim': 280, 'lam': 1.6133819949891007e-05, 'beta': 8.73399495435744}. Best is trial 32 with value: 1.7191916704177856.
[I 2023-06-27 02:26:42,829] Trial 66 finished with value: 1.7237612009048462 and parameters: {'dim': 300, 'lam': 1.1538267601827257e-05, 'beta': 8.685718415808589}. Best is trial 32 with value: 1.7191916704177856.
[I 2023-06-27 02:27:14,015] Trial 67 finished with value: 1.7291806936264038 and parameters: {'dim': 300, 'lam': 2.770939455097252e-05, 'beta': 8.157919254829913}. Best is trial 32 with value: 1.7191916704177856.
[I 2023-06-27 02:27:44,424] Trial 68 finished with value: 1.7282418012619019 and parameters: {'dim': 280, 'lam': 1.7425856470186012e-05, 'beta': 8.907378168339038}. Best is trial 32 with value: 1.7191916704177856.
[I 2023-06-27 02:28:15,567] Trial 69 finished with value: 1.7406504154205322 and parameters: {'dim': 300, 'lam': 5.3926542260782716e-05, 'beta': 9.184796092394288}. Best is trial 32 with value: 1.7191916704177856.
[I 2023-06-27 02:28:45,851] Trial 70 finished with value: 1.7353599071502686 and parameters: {'dim': 280, 'lam': 8.18573803078134e-06, 'beta': 8.20638466495393}. Best is trial 32 with value: 1.7191916704177856.
[I 2023-06-27 02:29:16,771] Trial 71 finished with value: 1.723860740661621 and parameters: {'dim': 300, 'lam': 5.011223583894986e-06, 'beta': 9.692185939446388}. Best is trial 32 with value: 1.7191916704177856.
[I 2023-06-27 02:29:47,711] Trial 72 finished with value: 1.7183057069778442 and parameters: {'dim': 300, 'lam': 1.3764950082089847e-05, 'beta': 9.50372673566932}. Best is trial 72 with value: 1.7183057069778442.
[I 2023-06-27 02:30:18,806] Trial 73 finished with value: 1.7182786464691162 and parameters: {'dim': 300, 'lam': 1.4195205246768461e-05, 'beta': 9.463662205888877}. Best is trial 73 with value: 1.7182786464691162.
[I 2023-06-27 02:30:49,170] Trial 74 finished with value: 1.724109411239624 and parameters: {'dim': 280, 'lam': 1.3864980579877128e-05, 'beta': 9.679002145427223}. Best is trial 73 with value: 1.7182786464691162.
[I 2023-06-27 02:31:19,981] Trial 75 finished with value: 1.7193950414657593 and parameters: {'dim': 300, 'lam': 2.046777125966405e-05, 'beta': 9.388226555054455}. Best is trial 73 with value: 1.7182786464691162.
[I 2023-06-27 02:31:50,492] Trial 76 finished with value: 1.7235515117645264 and parameters: {'dim': 300, 'lam': 1.9172208430835e-05, 'beta': 8.594349515284188}. Best is trial 73 with value: 1.7182786464691162.
[I 2023-06-27 02:32:20,570] Trial 77 finished with value: 1.7268986701965332 and parameters: {'dim': 280, 'lam': 2.318361311514291e-05, 'beta': 9.422915566149557}. Best is trial 73 with value: 1.7182786464691162.
[I 2023-06-27 02:32:46,252] Trial 78 finished with value: 1.806011438369751 and parameters: {'dim': 200, 'lam': 1.226358049252314e-05, 'beta': 9.163498460602131}. Best is trial 73 with value: 1.7182786464691162.
[I 2023-06-27 02:33:17,060] Trial 79 finished with value: 1.7324328422546387 and parameters: {'dim': 300, 'lam': 4.436940093017477e-05, 'beta': 9.384799948672523}. Best is trial 73 with value: 1.7182786464691162.
[I 2023-06-27 02:33:48,058] Trial 80 finished with value: 1.7245032787322998 and parameters: {'dim': 300, 'lam': 1.8448984233197852e-05, 'beta': 8.374365157743265}. Best is trial 73 with value: 1.7182786464691162.
[I 2023-06-27 02:34:18,983] Trial 81 finished with value: 1.7194576263427734 and parameters: {'dim': 300, 'lam': 8.072481552506988e-06, 'beta': 9.817540655701434}. Best is trial 73 with value: 1.7182786464691162.
[I 2023-06-27 02:34:49,991] Trial 82 finished with value: 1.7195851802825928 and parameters: {'dim': 300, 'lam': 7.757360987178231e-06, 'beta': 9.788905341039015}. Best is trial 73 with value: 1.7182786464691162.
[I 2023-06-27 02:35:20,269] Trial 83 finished with value: 1.7276073694229126 and parameters: {'dim': 280, 'lam': 7.456747067963576e-06, 'beta': 9.776665198418137}. Best is trial 73 with value: 1.7182786464691162.
[I 2023-06-27 02:35:51,126] Trial 84 finished with value: 1.7189892530441284 and parameters: {'dim': 300, 'lam': 1.0689576591565115e-05, 'beta': 9.461562750993505}. Best is trial 73 with value: 1.7182786464691162.
[I 2023-06-27 02:36:22,213] Trial 85 finished with value: 1.7182929515838623 and parameters: {'dim': 300, 'lam': 9.821036422295318e-06, 'beta': 9.750973129147756}. Best is trial 73 with value: 1.7182786464691162.
[I 2023-06-27 02:36:52,569] Trial 86 finished with value: 1.7257347106933594 and parameters: {'dim': 280, 'lam': 1.2635319589915769e-05, 'beta': 9.460054497292445}. Best is trial 73 with value: 1.7182786464691162.
[I 2023-06-27 02:37:23,688] Trial 87 finished with value: 1.7186700105667114 and parameters: {'dim': 300, 'lam': 9.37722183964249e-06, 'beta': 9.715605239576321}. Best is trial 73 with value: 1.7182786464691162.
[I 2023-06-27 02:37:54,831] Trial 88 finished with value: 1.7219696044921875 and parameters: {'dim': 300, 'lam': 9.587009518969978e-06, 'beta': 9.064513757095712}. Best is trial 73 with value: 1.7182786464691162.
[I 2023-06-27 02:38:24,932] Trial 89 finished with value: 1.726991891860962 and parameters: {'dim': 280, 'lam': 2.291477681343125e-05, 'beta': 9.310113828875089}. Best is trial 73 with value: 1.7182786464691162.
[I 2023-06-27 02:38:54,365] Trial 90 finished with value: 1.7518492937088013 and parameters: {'dim': 260, 'lam': 3.188870102787472e-05, 'beta': 9.791268345898635}. Best is trial 73 with value: 1.7182786464691162.
[I 2023-06-27 02:39:24,697] Trial 91 finished with value: 1.7212707996368408 and parameters: {'dim': 300, 'lam': 7.61115603059231e-06, 'beta': 9.451420925568591}. Best is trial 73 with value: 1.7182786464691162.
[I 2023-06-27 02:39:55,705] Trial 92 finished with value: 1.7229923009872437 and parameters: {'dim': 300, 'lam': 8.272585381798456e-06, 'beta': 9.06152087026921}. Best is trial 73 with value: 1.7182786464691162.
[I 2023-06-27 02:40:27,017] Trial 93 finished with value: 1.7177624702453613 and parameters: {'dim': 300, 'lam': 1.0290525990206331e-05, 'beta': 9.78990087011143}. Best is trial 93 with value: 1.7177624702453613.
[I 2023-06-27 02:40:58,450] Trial 94 finished with value: 1.717573642730713 and parameters: {'dim': 300, 'lam': 1.0488896849983888e-05, 'beta': 9.802585735290954}. Best is trial 94 with value: 1.717573642730713.
[I 2023-06-27 02:41:29,808] Trial 95 finished with value: 1.7177191972732544 and parameters: {'dim': 300, 'lam': 1.7943307890821244e-05, 'beta': 9.724761674360638}. Best is trial 94 with value: 1.717573642730713.
[I 2023-06-27 02:42:00,361] Trial 96 finished with value: 1.7231909036636353 and parameters: {'dim': 280, 'lam': 1.6045158425550883e-05, 'beta': 9.995404962966578}. Best is trial 94 with value: 1.717573642730713.
[I 2023-06-27 02:42:31,454] Trial 97 finished with value: 1.7197023630142212 and parameters: {'dim': 300, 'lam': 1.969257346668332e-05, 'beta': 9.291569429633284}. Best is trial 94 with value: 1.717573642730713.
[I 2023-06-27 02:43:02,062] Trial 98 finished with value: 1.7250925302505493 and parameters: {'dim': 280, 'lam': 1.290905435812171e-05, 'beta': 9.51333389068768}. Best is trial 94 with value: 1.717573642730713.
[I 2023-06-27 02:43:33,221] Trial 99 finished with value: 1.7242367267608643 and parameters: {'dim': 300, 'lam': 1.0528887793206515e-05, 'beta': 8.603379516843596}. Best is trial 94 with value: 1.717573642730713.
[I 2023-06-27 02:43:33,222] A new study created in memory with name: no-name-206dbb41-0a60-4f51-8cc3-a0689d20869d
[I 2023-06-27 02:44:07,308] Trial 0 finished with value: 1.0566093921661377 and parameters: {'dim': 260, 'lam': 8.179994536332058e-06, 'clip': 0.08828429755193423}. Best is trial 0 with value: 1.0566093921661377.
[I 2023-06-27 02:44:39,813] Trial 1 finished with value: 0.45526668429374695 and parameters: {'dim': 140, 'lam': 6.529065091509498e-05, 'clip': 0.47655761128163326}. Best is trial 1 with value: 0.45526668429374695.
[I 2023-06-27 02:45:12,275] Trial 2 finished with value: 0.4545067846775055 and parameters: {'dim': 300, 'lam': 5.329261324282946e-06, 'clip': 0.40972463284463745}. Best is trial 2 with value: 0.4545067846775055.
[I 2023-06-27 02:45:46,310] Trial 3 finished with value: 0.45076772570610046 and parameters: {'dim': 180, 'lam': 1.0556269996703661e-06, 'clip': 0.40128825206847635}. Best is trial 3 with value: 0.45076772570610046.
[I 2023-06-27 02:46:18,749] Trial 4 finished with value: 0.6489355564117432 and parameters: {'dim': 120, 'lam': 6.32247529562598e-05, 'clip': 0.27945113574269675}. Best is trial 3 with value: 0.45076772570610046.
[I 2023-06-27 02:46:52,488] Trial 5 finished with value: 0.47763916850090027 and parameters: {'dim': 220, 'lam': 2.849165350238548e-07, 'clip': 0.36251543840956546}. Best is trial 3 with value: 0.45076772570610046.
[I 2023-06-27 02:47:24,967] Trial 6 finished with value: 0.602237343788147 and parameters: {'dim': 260, 'lam': 0.0002033654467599475, 'clip': 0.2724138365661361}. Best is trial 3 with value: 0.45076772570610046.
[I 2023-06-27 02:47:58,192] Trial 7 finished with value: 0.4144565761089325 and parameters: {'dim': 200, 'lam': 0.0006884463322193512, 'clip': 0.4769363992331665}. Best is trial 7 with value: 0.4144565761089325.
[I 2023-06-27 02:48:31,292] Trial 8 finished with value: 0.424798846244812 and parameters: {'dim': 260, 'lam': 1.5760890508199903e-07, 'clip': 0.4236929555803682}. Best is trial 7 with value: 0.4144565761089325.
[I 2023-06-27 02:49:04,739] Trial 9 finished with value: 0.5115378499031067 and parameters: {'dim': 180, 'lam': 1.4601153567627312e-06, 'clip': 0.33689152299806474}. Best is trial 7 with value: 0.4144565761089325.
[I 2023-06-27 02:49:37,635] Trial 10 finished with value: 0.7841634750366211 and parameters: {'dim': 100, 'lam': 0.0006817251207465498, 'clip': 0.1825916542300699}. Best is trial 7 with value: 0.4144565761089325.
[I 2023-06-27 02:50:11,468] Trial 11 finished with value: 0.3821428716182709 and parameters: {'dim': 220, 'lam': 1.1843159349956805e-07, 'clip': 0.49740426144528016}. Best is trial 11 with value: 0.3821428716182709.
[I 2023-06-27 02:50:45,676] Trial 12 finished with value: 0.38674619793891907 and parameters: {'dim': 220, 'lam': 1.0055126012072303e-07, 'clip': 0.48899596046166877}. Best is trial 11 with value: 0.3821428716182709.
[I 2023-06-27 02:51:19,208] Trial 13 finished with value: 0.3907250463962555 and parameters: {'dim': 220, 'lam': 1.0653573214542948e-07, 'clip': 0.4817509900936054}. Best is trial 11 with value: 0.3821428716182709.
[I 2023-06-27 02:51:53,157] Trial 14 finished with value: 0.38366618752479553 and parameters: {'dim': 240, 'lam': 4.6183671698814817e-07, 'clip': 0.49537163903826587}. Best is trial 11 with value: 0.3821428716182709.
[I 2023-06-27 02:52:26,307] Trial 15 finished with value: 0.5127471089363098 and parameters: {'dim': 300, 'lam': 5.07157843414213e-07, 'clip': 0.3283866212020129}. Best is trial 11 with value: 0.3821428716182709.
[I 2023-06-27 02:53:00,612] Trial 16 finished with value: 0.4277944564819336 and parameters: {'dim': 240, 'lam': 5.496541087337817e-07, 'clip': 0.4243347007636333}. Best is trial 11 with value: 0.3821428716182709.
[I 2023-06-27 02:53:33,112] Trial 17 finished with value: 0.7944342494010925 and parameters: {'dim': 180, 'lam': 1.9821762689082727e-06, 'clip': 0.1765590135773985}. Best is trial 11 with value: 0.3821428716182709.
[I 2023-06-27 02:54:05,055] Trial 18 finished with value: 0.3935907185077667 and parameters: {'dim': 160, 'lam': 3.1786904333908476e-07, 'clip': 0.49533098731115416}. Best is trial 11 with value: 0.3821428716182709.
[I 2023-06-27 02:54:38,850] Trial 19 finished with value: 0.4787486791610718 and parameters: {'dim': 280, 'lam': 3.901187336828946e-06, 'clip': 0.3796455856288926}. Best is trial 11 with value: 0.3821428716182709.
[I 2023-06-27 02:55:12,589] Trial 20 finished with value: 0.4161590039730072 and parameters: {'dim': 240, 'lam': 6.172470896562195e-07, 'clip': 0.4412850535081149}. Best is trial 11 with value: 0.3821428716182709.
[I 2023-06-27 02:55:46,743] Trial 21 finished with value: 0.38480737805366516 and parameters: {'dim': 220, 'lam': 1.1459330664841836e-07, 'clip': 0.4924453210371836}. Best is trial 11 with value: 0.3821428716182709.
[I 2023-06-27 02:56:20,466] Trial 22 finished with value: 0.42059457302093506 and parameters: {'dim': 200, 'lam': 2.3177766398229685e-07, 'clip': 0.43999440836298315}. Best is trial 11 with value: 0.3821428716182709.
[I 2023-06-27 02:56:53,740] Trial 23 finished with value: 0.4112260937690735 and parameters: {'dim': 240, 'lam': 2.0068776918117853e-07, 'clip': 0.448996574599312}. Best is trial 11 with value: 0.3821428716182709.
[I 2023-06-27 02:57:25,874] Trial 24 finished with value: 0.3884178400039673 and parameters: {'dim': 200, 'lam': 1.0135616704967287e-07, 'clip': 0.4944554138111981}. Best is trial 11 with value: 0.3821428716182709.
[I 2023-06-27 02:57:58,608] Trial 25 finished with value: 0.45566749572753906 and parameters: {'dim': 220, 'lam': 3.6335372189536044e-07, 'clip': 0.3868909358029156}. Best is trial 11 with value: 0.3821428716182709.
[I 2023-06-27 02:58:32,567] Trial 26 finished with value: 0.41260531544685364 and parameters: {'dim': 280, 'lam': 8.045354135338666e-07, 'clip': 0.45070687590832087}. Best is trial 11 with value: 0.3821428716182709.
