[I 2023-06-27 05:38:12,126] Trial 33 finished with value: 0.3560471534729004 and parameters: {'dim': 260, 'lam': 0.0001817840603407876, 'clip': 0.494486802978013}. Best is trial 14 with value: -0.07444408535957336.
[I 2023-06-27 05:38:44,644] Trial 34 finished with value: 0.25 and parameters: {'dim': 280, 'lam': 0.0006036808477203359, 'clip': 0.42471084732389797}. Best is trial 14 with value: -0.07444408535957336.
[I 2023-06-27 05:39:18,697] Trial 35 finished with value: 0.43679893016815186 and parameters: {'dim': 180, 'lam': 9.148253146806173e-05, 'clip': 0.4653384187726567}. Best is trial 14 with value: -0.07444408535957336.
[I 2023-06-27 05:39:51,169] Trial 36 finished with value: 0.2947007715702057 and parameters: {'dim': 220, 'lam': 0.0003172615987704976, 'clip': 0.40928914880758976}. Best is trial 14 with value: -0.07444408535957336.
[I 2023-06-27 05:40:24,149] Trial 37 finished with value: 0.5309592485427856 and parameters: {'dim': 300, 'lam': 0.00015725469118095024, 'clip': 0.36552267102580904}. Best is trial 14 with value: -0.07444408535957336.
[I 2023-06-27 05:40:58,083] Trial 38 finished with value: 0.25 and parameters: {'dim': 260, 'lam': 0.0009415921856688756, 'clip': 0.4682264029474653}. Best is trial 14 with value: -0.07444408535957336.
[I 2023-06-27 05:41:30,231] Trial 39 finished with value: 0.3336147367954254 and parameters: {'dim': 160, 'lam': 7.501278903050674e-06, 'clip': 0.4980254346756673}. Best is trial 14 with value: -0.07444408535957336.
[I 2023-06-27 05:42:02,687] Trial 40 finished with value: 0.6347615122795105 and parameters: {'dim': 240, 'lam': 0.0002819378252498499, 'clip': 0.2627893075332229}. Best is trial 14 with value: -0.07444408535957336.
[I 2023-06-27 05:42:36,415] Trial 41 finished with value: 0.25 and parameters: {'dim': 300, 'lam': 0.0006157440851519436, 'clip': 0.47111848547399215}. Best is trial 14 with value: -0.07444408535957336.
[I 2023-06-27 05:43:10,857] Trial 42 finished with value: 0.25 and parameters: {'dim': 300, 'lam': 0.0009780075317906785, 'clip': 0.4979902405031292}. Best is trial 14 with value: -0.07444408535957336.
[I 2023-06-27 05:43:45,111] Trial 43 finished with value: 0.25 and parameters: {'dim': 280, 'lam': 0.0004648175795330501, 'clip': 0.41329067441099915}. Best is trial 14 with value: -0.07444408535957336.
[I 2023-06-27 05:44:16,974] Trial 44 finished with value: 0.3328004479408264 and parameters: {'dim': 300, 'lam': 0.0002511822338275303, 'clip': 0.44926797862033924}. Best is trial 14 with value: -0.07444408535957336.
[I 2023-06-27 05:44:50,252] Trial 45 finished with value: 0.25 and parameters: {'dim': 280, 'lam': 0.0006698352203377605, 'clip': 0.46487622344410257}. Best is trial 14 with value: -0.07444408535957336.
[I 2023-06-27 05:45:24,169] Trial 46 finished with value: 0.25061050057411194 and parameters: {'dim': 260, 'lam': 0.00035746775090892124, 'clip': 0.4283700053819939}. Best is trial 14 with value: -0.07444408535957336.
[I 2023-06-27 05:45:58,294] Trial 47 finished with value: 0.3849705457687378 and parameters: {'dim': 140, 'lam': 2.4928170863018666e-05, 'clip': 0.48015823660651874}. Best is trial 14 with value: -0.07444408535957336.
[I 2023-06-27 05:46:32,429] Trial 48 finished with value: 0.5321222543716431 and parameters: {'dim': 240, 'lam': 0.0001505694333723769, 'clip': 0.35999950291072447}. Best is trial 14 with value: -0.07444408535957336.
[I 2023-06-27 05:47:05,647] Trial 49 finished with value: 0.3652428686618805 and parameters: {'dim': 300, 'lam': 0.00022856230705845359, 'clip': 0.44200914686249043}. Best is trial 14 with value: -0.07444408535957336.
[I 2023-06-27 05:47:39,955] Trial 50 finished with value: 0.8662142753601074 and parameters: {'dim': 200, 'lam': 7.724459362529323e-05, 'clip': 0.1079841957793618}. Best is trial 14 with value: -0.07444408535957336.
[I 2023-06-27 05:48:12,550] Trial 51 finished with value: 0.25 and parameters: {'dim': 280, 'lam': 0.0009510731810783364, 'clip': 0.42540307273312944}. Best is trial 14 with value: -0.07444408535957336.
[I 2023-06-27 05:48:46,739] Trial 52 finished with value: 0.25 and parameters: {'dim': 280, 'lam': 0.0006296169451861665, 'clip': 0.4790271633636301}. Best is trial 14 with value: -0.07444408535957336.
[I 2023-06-27 05:49:19,486] Trial 53 finished with value: 0.25000646710395813 and parameters: {'dim': 300, 'lam': 0.0004162804038501489, 'clip': 0.3985531996219659}. Best is trial 14 with value: -0.07444408535957336.
[I 2023-06-27 05:49:53,311] Trial 54 finished with value: 0.25 and parameters: {'dim': 260, 'lam': 0.0006800389414350036, 'clip': 0.44463755713365577}. Best is trial 14 with value: -0.07444408535957336.
[I 2023-06-27 05:50:25,941] Trial 55 finished with value: 0.3813297748565674 and parameters: {'dim': 280, 'lam': 0.0002921895408702304, 'clip': 0.37787460388125055}. Best is trial 14 with value: -0.07444408535957336.
[I 2023-06-27 05:50:58,501] Trial 56 finished with value: 0.4997590482234955 and parameters: {'dim': 300, 'lam': 0.00011373309673387432, 'clip': 0.4115161001083235}. Best is trial 14 with value: -0.07444408535957336.
[I 2023-06-27 05:51:32,779] Trial 57 finished with value: 0.2551800608634949 and parameters: {'dim': 140, 'lam': 0.00044942508182710904, 'clip': 0.34178409423233186}. Best is trial 14 with value: -0.07444408535957336.
[I 2023-06-27 05:52:05,757] Trial 58 finished with value: 0.34850892424583435 and parameters: {'dim': 120, 'lam': 1.1502832086150928e-05, 'clip': 0.4623992606177227}. Best is trial 14 with value: -0.07444408535957336.
[I 2023-06-27 05:52:38,464] Trial 59 finished with value: 0.7781926393508911 and parameters: {'dim': 260, 'lam': 4.245525242166542e-05, 'clip': 0.030899248457721046}. Best is trial 14 with value: -0.07444408535957336.
[I 2023-06-27 05:53:11,208] Trial 60 finished with value: 0.25 and parameters: {'dim': 280, 'lam': 0.000787467625439052, 'clip': 0.4842489980373233}. Best is trial 14 with value: -0.07444408535957336.
[I 2023-06-27 05:53:45,043] Trial 61 finished with value: 0.25 and parameters: {'dim': 300, 'lam': 0.0009858969977332604, 'clip': 0.45334522169399055}. Best is trial 14 with value: -0.07444408535957336.
[I 2023-06-27 05:54:18,843] Trial 62 finished with value: 0.25 and parameters: {'dim': 300, 'lam': 0.0004872516602019353, 'clip': 0.4356245674403519}. Best is trial 14 with value: -0.07444408535957336.
[I 2023-06-27 05:54:52,483] Trial 63 finished with value: 0.25 and parameters: {'dim': 280, 'lam': 0.0008545583291598649, 'clip': 0.4561485498620562}. Best is trial 14 with value: -0.07444408535957336.
[I 2023-06-27 05:55:26,376] Trial 64 finished with value: 0.25 and parameters: {'dim': 300, 'lam': 0.0007126365303816682, 'clip': 0.4813782723748676}. Best is trial 14 with value: -0.07444408535957336.
[I 2023-06-27 05:56:00,226] Trial 65 finished with value: 0.25 and parameters: {'dim': 280, 'lam': 0.0004838292946872922, 'clip': 0.43358480218039547}. Best is trial 14 with value: -0.07444408535957336.
[I 2023-06-27 05:56:33,661] Trial 66 finished with value: 0.2500106692314148 and parameters: {'dim': 180, 'lam': 0.0003052824811325609, 'clip': 0.4995048949497241}. Best is trial 14 with value: -0.07444408535957336.
[I 2023-06-27 05:57:07,596] Trial 67 finished with value: 0.25 and parameters: {'dim': 300, 'lam': 0.000738364020696944, 'clip': 0.3970552957730302}. Best is trial 14 with value: -0.07444408535957336.
[I 2023-06-27 05:57:40,267] Trial 68 finished with value: 2.036330223083496 and parameters: {'dim': 260, 'lam': 0.00036837221610261454, 'clip': 0.06871972958804723}. Best is trial 14 with value: -0.07444408535957336.
[I 2023-06-27 05:58:13,813] Trial 69 finished with value: 0.352487713098526 and parameters: {'dim': 220, 'lam': 0.00021882966958957595, 'clip': 0.45411402893440517}. Best is trial 14 with value: -0.07444408535957336.
[I 2023-06-27 05:58:47,719] Trial 70 finished with value: 0.25 and parameters: {'dim': 300, 'lam': 0.0005551419071473504, 'clip': 0.41875231998648577}. Best is trial 14 with value: -0.07444408535957336.
[I 2023-06-27 05:59:19,284] Trial 71 finished with value: 0.25 and parameters: {'dim': 280, 'lam': 0.000998605318453118, 'clip': 0.4848781703201635}. Best is trial 14 with value: -0.07444408535957336.
[I 2023-06-27 05:59:52,843] Trial 72 finished with value: 0.25 and parameters: {'dim': 280, 'lam': 0.0005471360512509384, 'clip': 0.47903883076437076}. Best is trial 14 with value: -0.07444408535957336.
[I 2023-06-27 06:00:26,714] Trial 73 finished with value: 0.25 and parameters: {'dim': 280, 'lam': 0.0006914096261004772, 'clip': 0.4655458086341817}. Best is trial 14 with value: -0.07444408535957336.
[I 2023-06-27 06:01:00,044] Trial 74 finished with value: 0.2500065267086029 and parameters: {'dim': 260, 'lam': 0.00036334625593322217, 'clip': 0.4422815687970493}. Best is trial 14 with value: -0.07444408535957336.
[I 2023-06-27 06:01:32,138] Trial 75 finished with value: 0.25 and parameters: {'dim': 240, 'lam': 0.0007650074322406116, 'clip': 0.48834625719604363}. Best is trial 14 with value: -0.07444408535957336.
[I 2023-06-27 06:02:05,319] Trial 76 finished with value: 0.25 and parameters: {'dim': 300, 'lam': 0.0005538551826870445, 'clip': 0.47103193878774646}. Best is trial 14 with value: -0.07444408535957336.
[I 2023-06-27 06:02:39,035] Trial 77 finished with value: 0.39303261041641235 and parameters: {'dim': 280, 'lam': 0.00013960789313764694, 'clip': 0.49832046245344874}. Best is trial 14 with value: -0.07444408535957336.
[I 2023-06-27 06:03:12,026] Trial 78 finished with value: 0.41585662961006165 and parameters: {'dim': 260, 'lam': 0.00019633983244549306, 'clip': 0.42175041360173193}. Best is trial 14 with value: -0.07444408535957336.
[I 2023-06-27 06:03:45,611] Trial 79 finished with value: 0.25 and parameters: {'dim': 300, 'lam': 0.00039564538361622957, 'clip': 0.44824188904552875}. Best is trial 14 with value: -0.07444408535957336.
[I 2023-06-27 06:04:19,116] Trial 80 finished with value: 0.25 and parameters: {'dim': 200, 'lam': 0.0007978975056956079, 'clip': 0.4036125882772353}. Best is trial 14 with value: -0.07444408535957336.
[I 2023-06-27 06:04:51,957] Trial 81 finished with value: 0.25 and parameters: {'dim': 280, 'lam': 0.0005428854007045219, 'clip': 0.429061288661098}. Best is trial 14 with value: -0.07444408535957336.
[I 2023-06-27 06:05:23,847] Trial 82 finished with value: 0.2997729182243347 and parameters: {'dim': 280, 'lam': 0.00026550179019953825, 'clip': 0.46161371423703085}. Best is trial 14 with value: -0.07444408535957336.
[I 2023-06-27 06:05:56,838] Trial 83 finished with value: 0.25 and parameters: {'dim': 300, 'lam': 0.0006134332831754906, 'clip': 0.47218951020044464}. Best is trial 14 with value: -0.07444408535957336.
[I 2023-06-27 06:06:29,347] Trial 84 finished with value: 0.25 and parameters: {'dim': 280, 'lam': 0.0009807003677465749, 'clip': 0.40924355676630786}. Best is trial 14 with value: -0.07444408535957336.
[I 2023-06-27 06:07:01,719] Trial 85 finished with value: 0.2512791156768799 and parameters: {'dim': 260, 'lam': 0.0003437448053318447, 'clip': 0.4370040239289834}. Best is trial 14 with value: -0.07444408535957336.
[I 2023-06-27 06:07:34,549] Trial 86 finished with value: 0.25 and parameters: {'dim': 160, 'lam': 0.0008180121033848555, 'clip': 0.38200998641542633}. Best is trial 14 with value: -0.07444408535957336.
[I 2023-06-27 06:08:08,582] Trial 87 finished with value: 0.25 and parameters: {'dim': 300, 'lam': 0.0005618975636603762, 'clip': 0.4186022604516836}. Best is trial 14 with value: -0.07444408535957336.
[I 2023-06-27 06:08:42,708] Trial 88 finished with value: 0.6874004602432251 and parameters: {'dim': 280, 'lam': 0.0004702354002838755, 'clip': 0.20746712019997873}. Best is trial 14 with value: -0.07444408535957336.
[I 2023-06-27 06:09:14,656] Trial 89 finished with value: 0.36372169852256775 and parameters: {'dim': 300, 'lam': 0.00018081452276085965, 'clip': 0.4908971130047254}. Best is trial 14 with value: -0.07444408535957336.
[I 2023-06-27 06:09:47,605] Trial 90 finished with value: 0.3045484125614166 and parameters: {'dim': 100, 'lam': 0.00024460722264399047, 'clip': 0.44717029197464164}. Best is trial 14 with value: -0.07444408535957336.
[I 2023-06-27 06:10:20,914] Trial 91 finished with value: 0.25 and parameters: {'dim': 260, 'lam': 0.0007939834472249585, 'clip': 0.47161422369235056}. Best is trial 14 with value: -0.07444408535957336.
[I 2023-06-27 06:10:53,530] Trial 92 finished with value: 0.25 and parameters: {'dim': 280, 'lam': 0.000647345949368187, 'clip': 0.45860158003074425}. Best is trial 14 with value: -0.07444408535957336.
[I 2023-06-27 06:11:26,268] Trial 93 finished with value: 0.25 and parameters: {'dim': 280, 'lam': 0.0004532898147946621, 'clip': 0.4767398782563389}. Best is trial 14 with value: -0.07444408535957336.
[I 2023-06-27 06:11:58,883] Trial 94 finished with value: 0.25 and parameters: {'dim': 260, 'lam': 0.000969050297739977, 'clip': 0.42895136364067}. Best is trial 14 with value: -0.07444408535957336.
[I 2023-06-27 06:12:32,454] Trial 95 finished with value: 0.25 and parameters: {'dim': 240, 'lam': 0.0006726570182588704, 'clip': 0.4903037393877745}. Best is trial 14 with value: -0.07444408535957336.
[I 2023-06-27 06:13:05,697] Trial 96 finished with value: 0.25032955408096313 and parameters: {'dim': 300, 'lam': 0.0003277775757650209, 'clip': 0.4606566089430985}. Best is trial 14 with value: -0.07444408535957336.
[I 2023-06-27 06:13:39,460] Trial 97 finished with value: 0.25 and parameters: {'dim': 300, 'lam': 0.0004266991834307097, 'clip': 0.45015113208873625}. Best is trial 14 with value: -0.07444408535957336.
[I 2023-06-27 06:14:11,167] Trial 98 finished with value: 0.25 and parameters: {'dim': 280, 'lam': 0.0008607122259436197, 'clip': 0.48807142825670286}. Best is trial 14 with value: -0.07444408535957336.
[I 2023-06-27 06:14:44,331] Trial 99 finished with value: 0.25 and parameters: {'dim': 280, 'lam': 0.0005240067740357453, 'clip': 0.43791016642078984}. Best is trial 14 with value: -0.07444408535957336.
[I 2023-06-27 06:14:44,332] A new study created in memory with name: no-name-dec9a6cb-e4fe-456c-9f7d-d6a0f7f7bd13
[I 2023-06-27 06:15:08,109] Trial 0 finished with value: 0.6931472420692444 and parameters: {'dim': 120, 'lam': 0.0004723102418365988}. Best is trial 0 with value: 0.6931472420692444.
[I 2023-06-27 06:15:36,005] Trial 1 finished with value: 0.3673747777938843 and parameters: {'dim': 200, 'lam': 1.688169385311115e-06}. Best is trial 1 with value: 0.3673747777938843.
[I 2023-06-27 06:16:00,239] Trial 2 finished with value: 0.6931472420692444 and parameters: {'dim': 120, 'lam': 0.0007955342331690745}. Best is trial 1 with value: 0.3673747777938843.
[I 2023-06-27 06:16:25,909] Trial 3 finished with value: 0.6931472420692444 and parameters: {'dim': 140, 'lam': 0.000522330573548033}. Best is trial 1 with value: 0.3673747777938843.
[I 2023-06-27 06:16:51,248] Trial 4 finished with value: 0.3877977430820465 and parameters: {'dim': 140, 'lam': 1.7135149898689502e-07}. Best is trial 1 with value: 0.3673747777938843.
[I 2023-06-27 06:17:14,347] Trial 5 finished with value: 0.40455162525177 and parameters: {'dim': 100, 'lam': 3.707442625841289e-07}. Best is trial 1 with value: 0.3673747777938843.
[I 2023-06-27 06:17:42,253] Trial 6 finished with value: 0.36996108293533325 and parameters: {'dim': 200, 'lam': 4.468169543099191e-07}. Best is trial 1 with value: 0.3673747777938843.
[I 2023-06-27 06:18:06,842] Trial 7 finished with value: 0.37806999683380127 and parameters: {'dim': 160, 'lam': 9.559083809901393e-07}. Best is trial 1 with value: 0.3673747777938843.
[I 2023-06-27 06:18:39,068] Trial 8 finished with value: 0.35445597767829895 and parameters: {'dim': 300, 'lam': 2.414089023992621e-07}. Best is trial 8 with value: 0.35445597767829895.
[I 2023-06-27 06:19:07,249] Trial 9 finished with value: 0.36528280377388 and parameters: {'dim': 220, 'lam': 1.11751897790831e-06}. Best is trial 8 with value: 0.35445597767829895.
[I 2023-06-27 06:19:39,395] Trial 10 finished with value: 0.353919118642807 and parameters: {'dim': 300, 'lam': 7.943548359816552e-06}. Best is trial 10 with value: 0.353919118642807.
[I 2023-06-27 06:20:11,487] Trial 11 finished with value: 0.35501211881637573 and parameters: {'dim': 300, 'lam': 9.170798088986296e-06}. Best is trial 10 with value: 0.353919118642807.
[I 2023-06-27 06:20:43,930] Trial 12 finished with value: 0.3555038869380951 and parameters: {'dim': 300, 'lam': 1.040776382005908e-07}. Best is trial 10 with value: 0.353919118642807.
[I 2023-06-27 06:21:14,096] Trial 13 finished with value: 0.3591465353965759 and parameters: {'dim': 260, 'lam': 5.8552890755257355e-06}. Best is trial 10 with value: 0.353919118642807.
[I 2023-06-27 06:21:44,596] Trial 14 finished with value: 0.40497738122940063 and parameters: {'dim': 260, 'lam': 4.153015137729219e-05}. Best is trial 10 with value: 0.353919118642807.
[I 2023-06-27 06:22:15,176] Trial 15 finished with value: 0.3919948637485504 and parameters: {'dim': 260, 'lam': 3.320212604399591e-05}. Best is trial 10 with value: 0.353919118642807.
[I 2023-06-27 06:22:46,707] Trial 16 finished with value: 0.353360652923584 and parameters: {'dim': 280, 'lam': 2.8621735385991973e-06}. Best is trial 16 with value: 0.353360652923584.
[I 2023-06-27 06:23:16,549] Trial 17 finished with value: 0.35837796330451965 and parameters: {'dim': 240, 'lam': 3.5254106906689644e-06}. Best is trial 16 with value: 0.353360652923584.
[I 2023-06-27 06:23:47,872] Trial 18 finished with value: 0.36576035618782043 and parameters: {'dim': 280, 'lam': 1.739407049542812e-05}. Best is trial 16 with value: 0.353360652923584.
[I 2023-06-27 06:24:17,684] Trial 19 finished with value: 0.3586999773979187 and parameters: {'dim': 240, 'lam': 4.680258693633338e-06}. Best is trial 16 with value: 0.353360652923584.
[I 2023-06-27 06:24:48,722] Trial 20 finished with value: 0.3536083698272705 and parameters: {'dim': 280, 'lam': 1.9572839040499215e-06}. Best is trial 16 with value: 0.353360652923584.
[I 2023-06-27 06:25:19,867] Trial 21 finished with value: 0.35336241126060486 and parameters: {'dim': 280, 'lam': 2.812280342121066e-06}. Best is trial 16 with value: 0.353360652923584.
[I 2023-06-27 06:25:50,924] Trial 22 finished with value: 0.3535864055156708 and parameters: {'dim': 280, 'lam': 1.9974722226930578e-06}. Best is trial 16 with value: 0.353360652923584.
[I 2023-06-27 06:26:22,422] Trial 23 finished with value: 0.3554641008377075 and parameters: {'dim': 280, 'lam': 6.968714128642925e-07}. Best is trial 16 with value: 0.353360652923584.
[I 2023-06-27 06:26:52,606] Trial 24 finished with value: 0.3585246503353119 and parameters: {'dim': 240, 'lam': 2.1850530831592606e-06}. Best is trial 16 with value: 0.353360652923584.
[I 2023-06-27 06:27:24,562] Trial 25 finished with value: 0.35339435935020447 and parameters: {'dim': 280, 'lam': 2.5484378926201563e-06}. Best is trial 16 with value: 0.353360652923584.
[I 2023-06-27 06:27:53,867] Trial 26 finished with value: 0.3642071783542633 and parameters: {'dim': 220, 'lam': 3.583401098645195e-06}. Best is trial 16 with value: 0.353360652923584.
[I 2023-06-27 06:28:20,778] Trial 27 finished with value: 0.3759081959724426 and parameters: {'dim': 180, 'lam': 6.636124273457646e-07}. Best is trial 16 with value: 0.353360652923584.
[I 2023-06-27 06:28:51,618] Trial 28 finished with value: 0.3594095706939697 and parameters: {'dim': 260, 'lam': 1.0096939076188195e-06}. Best is trial 16 with value: 0.353360652923584.
[I 2023-06-27 06:29:20,920] Trial 29 finished with value: 0.36984822154045105 and parameters: {'dim': 220, 'lam': 1.2160310956909905e-05}. Best is trial 16 with value: 0.353360652923584.
[I 2023-06-27 06:29:52,240] Trial 30 finished with value: 0.5260598063468933 and parameters: {'dim': 280, 'lam': 0.00012367745119769863}. Best is trial 16 with value: 0.353360652923584.
[I 2023-06-27 06:30:23,840] Trial 31 finished with value: 0.35345354676246643 and parameters: {'dim': 280, 'lam': 2.313979650342558e-06}. Best is trial 16 with value: 0.353360652923584.
[I 2023-06-27 06:30:54,204] Trial 32 finished with value: 0.35820239782333374 and parameters: {'dim': 260, 'lam': 3.2032878248893848e-06}. Best is trial 16 with value: 0.353360652923584.
[I 2023-06-27 06:31:26,010] Trial 33 finished with value: 0.3515186309814453 and parameters: {'dim': 300, 'lam': 1.4196634300049156e-06}. Best is trial 33 with value: 0.3515186309814453.
[I 2023-06-27 06:31:57,761] Trial 34 finished with value: 0.3514786958694458 and parameters: {'dim': 300, 'lam': 1.4626350606486236e-06}. Best is trial 34 with value: 0.3514786958694458.
[I 2023-06-27 06:32:29,697] Trial 35 finished with value: 0.3516581952571869 and parameters: {'dim': 300, 'lam': 1.2840689107228043e-06}. Best is trial 34 with value: 0.3514786958694458.
[I 2023-06-27 06:33:00,722] Trial 36 finished with value: 0.35174646973609924 and parameters: {'dim': 300, 'lam': 1.2089594402294314e-06}. Best is trial 34 with value: 0.3514786958694458.
[I 2023-06-27 06:33:31,752] Trial 37 finished with value: 0.35381439328193665 and parameters: {'dim': 300, 'lam': 3.5763181542213896e-07}. Best is trial 34 with value: 0.3514786958694458.
[I 2023-06-27 06:34:03,188] Trial 38 finished with value: 0.35151365399360657 and parameters: {'dim': 300, 'lam': 1.424965025086252e-06}. Best is trial 34 with value: 0.3514786958694458.
[I 2023-06-27 06:34:34,448] Trial 39 finished with value: 0.3529992997646332 and parameters: {'dim': 300, 'lam': 5.700084287180677e-07}. Best is trial 34 with value: 0.3514786958694458.
[I 2023-06-27 06:34:57,793] Trial 40 finished with value: 0.3948747515678406 and parameters: {'dim': 120, 'lam': 1.394811505100829e-06}. Best is trial 34 with value: 0.3514786958694458.
[I 2023-06-27 06:35:29,204] Trial 41 finished with value: 0.35147106647491455 and parameters: {'dim': 300, 'lam': 1.4710332741424485e-06}. Best is trial 41 with value: 0.35147106647491455.
