[I 2023-06-27 23:01:47,247] Trial 36 finished with value: 162.01268005371094 and parameters: {'dim': 240, 'lam': 4.572933005891225e-06, 'beta': 3.597421344221892}. Best is trial 24 with value: 157.27891540527344.
[I 2023-06-27 23:01:54,551] Trial 37 finished with value: 167.64271545410156 and parameters: {'dim': 100, 'lam': 1.568187418413706e-05, 'beta': 2.9269981630844537}. Best is trial 24 with value: 157.27891540527344.
[I 2023-06-27 23:02:01,980] Trial 38 finished with value: 167.70318603515625 and parameters: {'dim': 200, 'lam': 7.5234156869279544e-06, 'beta': 5.8002685016380475}. Best is trial 24 with value: 157.27891540527344.
[I 2023-06-27 23:02:09,163] Trial 39 finished with value: 172.87669372558594 and parameters: {'dim': 160, 'lam': 1.7543199889985296e-05, 'beta': 6.472558593180327}. Best is trial 24 with value: 157.27891540527344.
[I 2023-06-27 23:02:16,568] Trial 40 finished with value: 158.3779754638672 and parameters: {'dim': 220, 'lam': 4.485247597385015e-05, 'beta': 4.6722224371958845}. Best is trial 24 with value: 157.27891540527344.
[I 2023-06-27 23:02:23,924] Trial 41 finished with value: 157.3424072265625 and parameters: {'dim': 180, 'lam': 1.804968492644073e-06, 'beta': 4.4113536369453294}. Best is trial 24 with value: 157.27891540527344.
[I 2023-06-27 23:02:31,479] Trial 42 finished with value: 157.36997985839844 and parameters: {'dim': 180, 'lam': 9.463513702764557e-07, 'beta': 5.209719622489008}. Best is trial 24 with value: 157.27891540527344.
[I 2023-06-27 23:02:39,206] Trial 43 finished with value: 167.7107696533203 and parameters: {'dim': 200, 'lam': 3.291117925067981e-06, 'beta': 3.847496430391299}. Best is trial 24 with value: 157.27891540527344.
[I 2023-06-27 23:02:46,653] Trial 44 finished with value: 172.92872619628906 and parameters: {'dim': 160, 'lam': 5.887739744272504e-06, 'beta': 2.3761638614215004}. Best is trial 24 with value: 157.27891540527344.
[I 2023-06-27 23:02:53,836] Trial 45 finished with value: 158.86251831054688 and parameters: {'dim': 140, 'lam': 1.055260918260642e-05, 'beta': 4.334489796146303}. Best is trial 24 with value: 157.27891540527344.
[I 2023-06-27 23:03:01,415] Trial 46 finished with value: 157.34205627441406 and parameters: {'dim': 180, 'lam': 1.817614231135611e-06, 'beta': 3.3289217253320733}. Best is trial 24 with value: 157.27891540527344.
[I 2023-06-27 23:03:08,899] Trial 47 finished with value: 172.95127868652344 and parameters: {'dim': 160, 'lam': 3.4421650513867246e-06, 'beta': 4.969245801166403}. Best is trial 24 with value: 157.27891540527344.
[I 2023-06-27 23:03:16,549] Trial 48 finished with value: 167.70619201660156 and parameters: {'dim': 200, 'lam': 5.518251709828515e-06, 'beta': 3.8592293454126265}. Best is trial 24 with value: 157.27891540527344.
[I 2023-06-27 23:03:23,927] Trial 49 finished with value: 157.36390686035156 and parameters: {'dim': 180, 'lam': 1.1111682748773463e-06, 'beta': 5.682557160425974}. Best is trial 24 with value: 157.27891540527344.
[I 2023-06-27 23:03:30,914] Trial 50 finished with value: 170.55825805664062 and parameters: {'dim': 120, 'lam': 2.158759913969505e-06, 'beta': 5.240693543812534}. Best is trial 24 with value: 157.27891540527344.
[I 2023-06-27 23:03:38,577] Trial 51 finished with value: 157.34202575683594 and parameters: {'dim': 180, 'lam': 1.8192808682889472e-06, 'beta': 4.114629851763398}. Best is trial 24 with value: 157.27891540527344.
[I 2023-06-27 23:03:46,006] Trial 52 finished with value: 157.32406616210938 and parameters: {'dim': 180, 'lam': 2.5645126544557238e-06, 'beta': 4.6515155320532875}. Best is trial 24 with value: 157.27891540527344.
[I 2023-06-27 23:03:53,771] Trial 53 finished with value: 157.30218505859375 and parameters: {'dim': 180, 'lam': 3.832202087707887e-06, 'beta': 4.875504887778663}. Best is trial 24 with value: 157.27891540527344.
[I 2023-06-27 23:04:01,474] Trial 54 finished with value: 167.70883178710938 and parameters: {'dim': 200, 'lam': 3.967644810040032e-06, 'beta': 3.3222545475942242}. Best is trial 24 with value: 157.27891540527344.
[I 2023-06-27 23:04:08,956] Trial 55 finished with value: 172.9130096435547 and parameters: {'dim': 160, 'lam': 8.242380441217817e-06, 'beta': 4.008435998025201}. Best is trial 24 with value: 157.27891540527344.
[I 2023-06-27 23:04:16,727] Trial 56 finished with value: 158.4899444580078 and parameters: {'dim': 220, 'lam': 5.734836948727112e-06, 'beta': 5.074575217462223}. Best is trial 24 with value: 157.27891540527344.
[I 2023-06-27 23:04:24,052] Trial 57 finished with value: 158.86151123046875 and parameters: {'dim': 140, 'lam': 1.0879668193482548e-05, 'beta': 5.635993152963203}. Best is trial 24 with value: 157.27891540527344.
[I 2023-06-27 23:04:31,560] Trial 58 finished with value: 157.309326171875 and parameters: {'dim': 180, 'lam': 3.353703344923672e-06, 'beta': 4.585068108907806}. Best is trial 24 with value: 157.27891540527344.
[I 2023-06-27 23:04:38,980] Trial 59 finished with value: 172.9517059326172 and parameters: {'dim': 160, 'lam': 3.3833502801658564e-06, 'beta': 6.159397371321877}. Best is trial 24 with value: 157.27891540527344.
[I 2023-06-27 23:04:46,534] Trial 60 finished with value: 167.7073974609375 and parameters: {'dim': 200, 'lam': 4.931115801638944e-06, 'beta': 4.627879815861668}. Best is trial 24 with value: 157.27891540527344.
[I 2023-06-27 23:04:53,989] Trial 61 finished with value: 157.31613159179688 and parameters: {'dim': 180, 'lam': 2.952585832982821e-06, 'beta': 3.766548896108706}. Best is trial 24 with value: 157.27891540527344.
[I 2023-06-27 23:05:01,276] Trial 62 finished with value: 172.9142608642578 and parameters: {'dim': 160, 'lam': 8.034830961388277e-06, 'beta': 3.7253830393508793}. Best is trial 24 with value: 157.27891540527344.
[I 2023-06-27 23:05:08,711] Trial 63 finished with value: 157.35377502441406 and parameters: {'dim': 180, 'lam': 1.4176045857416663e-06, 'beta': 5.019086301923602}. Best is trial 24 with value: 157.27891540527344.
[I 2023-06-27 23:05:16,257] Trial 64 finished with value: 157.3036651611328 and parameters: {'dim': 180, 'lam': 3.727866627658467e-06, 'beta': 3.166701206126946}. Best is trial 24 with value: 157.27891540527344.
[I 2023-06-27 23:05:24,211] Trial 65 finished with value: 157.9390869140625 and parameters: {'dim': 300, 'lam': 4.522877347518035e-06, 'beta': 2.548246021238737}. Best is trial 24 with value: 157.27891540527344.
[I 2023-06-27 23:05:31,872] Trial 66 finished with value: 167.70574951171875 and parameters: {'dim': 200, 'lam': 5.921443556567668e-06, 'beta': 3.17614933998482}. Best is trial 24 with value: 157.27891540527344.
[I 2023-06-27 23:05:39,416] Trial 67 finished with value: 157.30426025390625 and parameters: {'dim': 180, 'lam': 3.6862995927070425e-06, 'beta': 3.7811187517271083}. Best is trial 24 with value: 157.27891540527344.
[I 2023-06-27 23:05:46,997] Trial 68 finished with value: 167.7021484375 and parameters: {'dim': 200, 'lam': 9.207845947684466e-06, 'beta': 3.110591987621023}. Best is trial 24 with value: 157.27891540527344.
[I 2023-06-27 23:05:54,949] Trial 69 finished with value: 161.19956970214844 and parameters: {'dim': 280, 'lam': 6.607721093942925e-06, 'beta': 4.067024475209035}. Best is trial 24 with value: 157.27891540527344.
[I 2023-06-27 23:06:02,184] Trial 70 finished with value: 172.94615173339844 and parameters: {'dim': 160, 'lam': 3.950379612382348e-06, 'beta': 3.6547183596868007}. Best is trial 24 with value: 157.27891540527344.
[I 2023-06-27 23:06:09,670] Trial 71 finished with value: 157.3285369873047 and parameters: {'dim': 180, 'lam': 2.3548885496254144e-06, 'beta': 3.633782656124038}. Best is trial 24 with value: 157.27891540527344.
[I 2023-06-27 23:06:17,250] Trial 72 finished with value: 157.3111114501953 and parameters: {'dim': 180, 'lam': 3.2435277293255644e-06, 'beta': 4.120773066534319}. Best is trial 24 with value: 157.27891540527344.
[I 2023-06-27 23:06:24,662] Trial 73 finished with value: 157.3031463623047 and parameters: {'dim': 180, 'lam': 3.7640865802666194e-06, 'beta': 4.790630874856261}. Best is trial 24 with value: 157.27891540527344.
[I 2023-06-27 23:06:32,239] Trial 74 finished with value: 167.7069854736328 and parameters: {'dim': 200, 'lam': 5.042940656535988e-06, 'beta': 5.3631904202221925}. Best is trial 24 with value: 157.27891540527344.
[I 2023-06-27 23:06:39,937] Trial 75 finished with value: 157.2431182861328 and parameters: {'dim': 180, 'lam': 1.1879282525112281e-05, 'beta': 4.812072691884149}. Best is trial 75 with value: 157.2431182861328.
[I 2023-06-27 23:06:47,477] Trial 76 finished with value: 172.8963623046875 and parameters: {'dim': 160, 'lam': 1.1611695253807096e-05, 'beta': 4.956954940482497}. Best is trial 75 with value: 157.2431182861328.
[I 2023-06-27 23:06:54,927] Trial 77 finished with value: 158.84100341796875 and parameters: {'dim': 140, 'lam': 2.1300966052609303e-05, 'beta': 4.7952973759411615}. Best is trial 75 with value: 157.2431182861328.
[I 2023-06-27 23:07:02,715] Trial 78 finished with value: 158.4359130859375 and parameters: {'dim': 220, 'lam': 1.4489308407246257e-05, 'beta': 5.467224646031811}. Best is trial 75 with value: 157.2431182861328.
[I 2023-06-27 23:07:10,124] Trial 79 finished with value: 172.91981506347656 and parameters: {'dim': 160, 'lam': 7.14150346410652e-06, 'beta': 4.334301808632336}. Best is trial 75 with value: 157.2431182861328.
[I 2023-06-27 23:07:17,644] Trial 80 finished with value: 157.23779296875 and parameters: {'dim': 180, 'lam': 1.3477508069256378e-05, 'beta': 3.333727604337311}. Best is trial 80 with value: 157.23779296875.
[I 2023-06-27 23:07:25,244] Trial 81 finished with value: 157.24070739746094 and parameters: {'dim': 180, 'lam': 1.2506246834173933e-05, 'beta': 3.1741884955471886}. Best is trial 80 with value: 157.23779296875.
[I 2023-06-27 23:07:32,976] Trial 82 finished with value: 167.70193481445312 and parameters: {'dim': 200, 'lam': 9.385049011303981e-06, 'beta': 3.403195659606723}. Best is trial 80 with value: 157.23779296875.
[I 2023-06-27 23:07:40,507] Trial 83 finished with value: 157.223876953125 and parameters: {'dim': 180, 'lam': 1.9311578814692013e-05, 'beta': 2.8916643948297867}. Best is trial 83 with value: 157.223876953125.
[I 2023-06-27 23:07:48,124] Trial 84 finished with value: 167.7008514404297 and parameters: {'dim': 200, 'lam': 1.2979895775314233e-05, 'beta': 2.682135535242475}. Best is trial 83 with value: 157.223876953125.
[I 2023-06-27 23:07:55,636] Trial 85 finished with value: 157.22164916992188 and parameters: {'dim': 180, 'lam': 2.0794724266908835e-05, 'beta': 2.301528432624477}. Best is trial 85 with value: 157.22164916992188.
[I 2023-06-27 23:08:02,908] Trial 86 finished with value: 172.8733367919922 and parameters: {'dim': 160, 'lam': 1.886823626811063e-05, 'beta': 2.1766627732932657}. Best is trial 85 with value: 157.22164916992188.
[I 2023-06-27 23:08:10,422] Trial 87 finished with value: 157.21485900878906 and parameters: {'dim': 180, 'lam': 2.6579694464596073e-05, 'beta': 3.010418471016576}. Best is trial 87 with value: 157.21485900878906.
[I 2023-06-27 23:08:18,138] Trial 88 finished with value: 167.68760681152344 and parameters: {'dim': 200, 'lam': 2.9501581476000716e-05, 'beta': 2.931440437906404}. Best is trial 87 with value: 157.21485900878906.
[I 2023-06-27 23:08:25,692] Trial 89 finished with value: 157.21510314941406 and parameters: {'dim': 180, 'lam': 2.5670444165988142e-05, 'beta': 2.7682111086970975}. Best is trial 87 with value: 157.21485900878906.
[I 2023-06-27 23:08:33,051] Trial 90 finished with value: 172.8443145751953 and parameters: {'dim': 160, 'lam': 3.55804578422306e-05, 'beta': 2.0213517408976225}. Best is trial 87 with value: 157.21485900878906.
[I 2023-06-27 23:08:40,576] Trial 91 finished with value: 157.2196502685547 and parameters: {'dim': 180, 'lam': 2.223609292025027e-05, 'beta': 2.706897820753343}. Best is trial 87 with value: 157.21485900878906.
[I 2023-06-27 23:08:48,145] Trial 92 finished with value: 157.22000122070312 and parameters: {'dim': 180, 'lam': 2.2000977845619234e-05, 'beta': 2.7027436704130134}. Best is trial 87 with value: 157.21485900878906.
[I 2023-06-27 23:08:55,717] Trial 93 finished with value: 157.21730041503906 and parameters: {'dim': 180, 'lam': 2.395233004112137e-05, 'beta': 2.7481790235701493}. Best is trial 87 with value: 157.21485900878906.
[I 2023-06-27 23:09:03,317] Trial 94 finished with value: 157.21510314941406 and parameters: {'dim': 180, 'lam': 2.630777655611328e-05, 'beta': 2.7330602282884042}. Best is trial 87 with value: 157.21485900878906.
[I 2023-06-27 23:09:10,909] Trial 95 finished with value: 167.6925506591797 and parameters: {'dim': 200, 'lam': 2.3188779791635742e-05, 'beta': 2.667049407663443}. Best is trial 87 with value: 157.21485900878906.
[I 2023-06-27 23:09:18,548] Trial 96 finished with value: 157.2152099609375 and parameters: {'dim': 180, 'lam': 2.588880422988934e-05, 'beta': 2.3799491664786387}. Best is trial 87 with value: 157.21485900878906.
[I 2023-06-27 23:09:26,267] Trial 97 finished with value: 157.2137451171875 and parameters: {'dim': 180, 'lam': 2.75855684095034e-05, 'beta': 2.391686948908548}. Best is trial 97 with value: 157.2137451171875.
[I 2023-06-27 23:09:33,779] Trial 98 finished with value: 172.8291778564453 and parameters: {'dim': 160, 'lam': 4.831305564494504e-05, 'beta': 2.354888093933384}. Best is trial 97 with value: 157.2137451171875.
[I 2023-06-27 23:09:41,677] Trial 99 finished with value: 166.17678833007812 and parameters: {'dim': 260, 'lam': 2.8108211314563862e-05, 'beta': 1.8878247036480338}. Best is trial 97 with value: 157.2137451171875.
[I 2023-06-27 23:09:41,694] A new study created in memory with name: no-name-e4fe10f2-704f-4342-8aba-f906e658d84c
[I 2023-06-27 23:09:45,586] Trial 0 finished with value: 188.07424926757812 and parameters: {'dim': 260, 'lam': 4.391123777282517e-07, 'weight': 0.0504529757258153}. Best is trial 0 with value: 188.07424926757812.
[I 2023-06-27 23:09:49,079] Trial 1 finished with value: 2.14152455329895 and parameters: {'dim': 160, 'lam': 3.732644659255091e-05, 'weight': 0.9746029515769137}. Best is trial 1 with value: 2.14152455329895.
[I 2023-06-27 23:09:52,859] Trial 2 finished with value: 33.777198791503906 and parameters: {'dim': 300, 'lam': 0.0006645608349644916, 'weight': 0.33680061595614924}. Best is trial 1 with value: 2.14152455329895.
[I 2023-06-27 23:09:56,895] Trial 3 finished with value: 33.56637191772461 and parameters: {'dim': 260, 'lam': 0.0001449792808305893, 'weight': 0.3380877750608468}. Best is trial 1 with value: 2.14152455329895.
[I 2023-06-27 23:10:00,822] Trial 4 finished with value: 15.810844421386719 and parameters: {'dim': 300, 'lam': 1.4012479332132277e-05, 'weight': 0.622249710463129}. Best is trial 1 with value: 2.14152455329895.
[I 2023-06-27 23:10:04,517] Trial 5 finished with value: 16.2718563079834 and parameters: {'dim': 280, 'lam': 0.0003816300046130582, 'weight': 0.6926904335118861}. Best is trial 1 with value: 2.14152455329895.
[I 2023-06-27 23:10:08,002] Trial 6 finished with value: 18.937057495117188 and parameters: {'dim': 180, 'lam': 7.288821774493511e-06, 'weight': 0.5330549400827223}. Best is trial 1 with value: 2.14152455329895.
[I 2023-06-27 23:10:11,805] Trial 7 finished with value: 11.785853385925293 and parameters: {'dim': 220, 'lam': 1.2876386451525145e-05, 'weight': 0.7418328191187219}. Best is trial 1 with value: 2.14152455329895.
[I 2023-06-27 23:10:15,621] Trial 8 finished with value: 4.22814416885376 and parameters: {'dim': 180, 'lam': 0.00026565281801924204, 'weight': 0.9483948596619719}. Best is trial 1 with value: 2.14152455329895.
[I 2023-06-27 23:10:19,387] Trial 9 finished with value: 12.353591918945312 and parameters: {'dim': 240, 'lam': 3.031888737714664e-05, 'weight': 0.7056593425718671}. Best is trial 1 with value: 2.14152455329895.
[I 2023-06-27 23:10:23,206] Trial 10 finished with value: 3.515702247619629 and parameters: {'dim': 100, 'lam': 1.2686073838659608e-06, 'weight': 0.9658154820377433}. Best is trial 1 with value: 2.14152455329895.
[I 2023-06-27 23:10:27,014] Trial 11 finished with value: 1.8174041509628296 and parameters: {'dim': 100, 'lam': 1.1171766511843345e-06, 'weight': 0.9865917431147223}. Best is trial 11 with value: 1.8174041509628296.
[I 2023-06-27 23:10:30,867] Trial 12 finished with value: 3.084503412246704 and parameters: {'dim': 100, 'lam': 1.2118891481578237e-07, 'weight': 0.9697116732288305}. Best is trial 11 with value: 1.8174041509628296.
[I 2023-06-27 23:10:34,608] Trial 13 finished with value: 10.601737976074219 and parameters: {'dim': 140, 'lam': 2.4509602275315506e-06, 'weight': 0.8432475664826828}. Best is trial 11 with value: 1.8174041509628296.
[I 2023-06-27 23:10:38,447] Trial 14 finished with value: 11.595907211303711 and parameters: {'dim': 140, 'lam': 6.266723046317417e-05, 'weight': 0.8340368975886003}. Best is trial 11 with value: 1.8174041509628296.
[I 2023-06-27 23:10:42,308] Trial 15 finished with value: 0.9691272974014282 and parameters: {'dim': 140, 'lam': 4.451045732770282e-06, 'weight': 0.9998998010168831}. Best is trial 15 with value: 0.9691272974014282.
[I 2023-06-27 23:10:46,251] Trial 16 finished with value: 10.31950855255127 and parameters: {'dim': 120, 'lam': 3.1314792428592136e-06, 'weight': 0.8340407535599182}. Best is trial 15 with value: 0.9691272974014282.
[I 2023-06-27 23:10:49,919] Trial 17 finished with value: 9.450014114379883 and parameters: {'dim': 120, 'lam': 6.856261382371848e-07, 'weight': 0.8488749491199796}. Best is trial 15 with value: 0.9691272974014282.
[I 2023-06-27 23:10:53,407] Trial 18 finished with value: 7.779876708984375 and parameters: {'dim': 200, 'lam': 6.412721278670802e-06, 'weight': 0.8743552960569763}. Best is trial 15 with value: 0.9691272974014282.
[I 2023-06-27 23:10:57,340] Trial 19 finished with value: 1.6484452486038208 and parameters: {'dim': 140, 'lam': 2.588096988496232e-06, 'weight': 0.9849979212544587}. Best is trial 15 with value: 0.9691272974014282.
[I 2023-06-27 23:11:01,281] Trial 20 finished with value: 11.318004608154297 and parameters: {'dim': 160, 'lam': 2.9916622984067854e-06, 'weight': 0.7620581587897937}. Best is trial 15 with value: 0.9691272974014282.
[I 2023-06-27 23:11:05,324] Trial 21 finished with value: 0.17076724767684937 and parameters: {'dim': 120, 'lam': 1.1215311934458133e-06, 'weight': 0.9912722971448253}. Best is trial 21 with value: 0.17076724767684937.
[I 2023-06-27 23:11:08,774] Trial 22 finished with value: 1.1520403623580933 and parameters: {'dim': 140, 'lam': 3.76045135886975e-07, 'weight': 0.9980327590221345}. Best is trial 21 with value: 0.17076724767684937.
[I 2023-06-27 23:11:12,312] Trial 23 finished with value: 7.617127418518066 and parameters: {'dim': 120, 'lam': 3.0408279742142953e-07, 'weight': 0.8911422485918326}. Best is trial 21 with value: 0.17076724767684937.
[I 2023-06-27 23:11:16,059] Trial 24 finished with value: 6.772030830383301 and parameters: {'dim': 160, 'lam': 2.2505339913018554e-07, 'weight': 0.8908803280005682}. Best is trial 21 with value: 0.17076724767684937.
[I 2023-06-27 23:11:20,012] Trial 25 finished with value: 10.632730484008789 and parameters: {'dim': 180, 'lam': 6.953747865184652e-07, 'weight': 0.7906463360879243}. Best is trial 21 with value: 0.17076724767684937.
[I 2023-06-27 23:11:23,977] Trial 26 finished with value: 6.772831916809082 and parameters: {'dim': 140, 'lam': 1.5548537727544713e-07, 'weight': 0.9115794948889206}. Best is trial 21 with value: 0.17076724767684937.
[I 2023-06-27 23:11:27,788] Trial 27 finished with value: 6.494078159332275 and parameters: {'dim': 120, 'lam': 4.466464153193879e-07, 'weight': 0.9077358736628395}. Best is trial 21 with value: 0.17076724767684937.
[I 2023-06-27 23:11:31,728] Trial 28 finished with value: 11.763344764709473 and parameters: {'dim': 200, 'lam': 1.3382646382722544e-06, 'weight': 0.7719985676243913}. Best is trial 21 with value: 0.17076724767684937.
[I 2023-06-27 23:11:35,828] Trial 29 finished with value: 1.3906782865524292 and parameters: {'dim': 160, 'lam': 2.6003236015172813e-07, 'weight': 0.9846127693596033}. Best is trial 21 with value: 0.17076724767684937.
[I 2023-06-27 23:11:39,874] Trial 30 finished with value: 7.711577415466309 and parameters: {'dim': 100, 'lam': 4.3435502658120525e-07, 'weight': 0.9088915807549708}. Best is trial 21 with value: 0.17076724767684937.
[I 2023-06-27 23:11:43,659] Trial 31 finished with value: 0.3871175944805145 and parameters: {'dim': 160, 'lam': 2.1051382344839428e-07, 'weight': 0.9977602288376651}. Best is trial 21 with value: 0.17076724767684937.
[I 2023-06-27 23:11:47,464] Trial 32 finished with value: 1.495106816291809 and parameters: {'dim': 140, 'lam': 1.022326197290609e-07, 'weight': 0.9871051138730591}. Best is trial 21 with value: 0.17076724767684937.
[I 2023-06-27 23:11:51,007] Trial 33 finished with value: 5.222682952880859 and parameters: {'dim': 160, 'lam': 1.8251291547615838e-07, 'weight': 0.9251938959747493}. Best is trial 21 with value: 0.17076724767684937.
[I 2023-06-27 23:11:55,092] Trial 34 finished with value: 10.453376770019531 and parameters: {'dim': 120, 'lam': 4.4230255477678245e-07, 'weight': 0.8348400312110094}. Best is trial 21 with value: 0.17076724767684937.
[I 2023-06-27 23:11:58,906] Trial 35 finished with value: 0.9958910942077637 and parameters: {'dim': 180, 'lam': 2.1359488791975135e-07, 'weight': 0.9933101262160626}. Best is trial 21 with value: 0.17076724767684937.
[I 2023-06-27 23:12:02,885] Trial 36 finished with value: 4.136184215545654 and parameters: {'dim': 200, 'lam': 1.9330122053549936e-07, 'weight': 0.9318914914311665}. Best is trial 21 with value: 0.17076724767684937.
[I 2023-06-27 23:12:06,753] Trial 37 finished with value: 14.618080139160156 and parameters: {'dim': 220, 'lam': 7.56268354525068e-07, 'weight': 0.6288498439443411}. Best is trial 21 with value: 0.17076724767684937.
