[I 2023-06-27 21:42:41,387] Trial 13 finished with value: 3.130255699157715 and parameters: {'dim': 240, 'lam': 0.0005200636379511783, 'beta': 7.120549549481181}. Best is trial 0 with value: 3.092548131942749.
[I 2023-06-27 21:42:48,981] Trial 14 finished with value: 3.0319619178771973 and parameters: {'dim': 220, 'lam': 1.113019967459727e-05, 'beta': 9.927739450754435}. Best is trial 14 with value: 3.0319619178771973.
[I 2023-06-27 21:42:56,520] Trial 15 finished with value: 3.2617669105529785 and parameters: {'dim': 200, 'lam': 7.067052113191276e-06, 'beta': 9.964298880549158}. Best is trial 14 with value: 3.0319619178771973.
[I 2023-06-27 21:43:03,697] Trial 16 finished with value: 3.328336238861084 and parameters: {'dim': 140, 'lam': 2.3380931068835615e-06, 'beta': 9.679478404455132}. Best is trial 14 with value: 3.0319619178771973.
[I 2023-06-27 21:43:10,907] Trial 17 finished with value: 3.364621877670288 and parameters: {'dim': 160, 'lam': 1.629808064405417e-05, 'beta': 8.537072506763678}. Best is trial 14 with value: 3.0319619178771973.
[I 2023-06-27 21:43:18,412] Trial 18 finished with value: 3.0662379264831543 and parameters: {'dim': 220, 'lam': 1.4580179793427202e-07, 'beta': 8.488125431213804}. Best is trial 14 with value: 3.0319619178771973.
[I 2023-06-27 21:43:26,092] Trial 19 finished with value: 3.188555955886841 and parameters: {'dim': 260, 'lam': 1.1945754360122477e-07, 'beta': 8.063700146815592}. Best is trial 14 with value: 3.0319619178771973.
[I 2023-06-27 21:43:33,695] Trial 20 finished with value: 3.03924298286438 and parameters: {'dim': 220, 'lam': 2.3633946190530918e-06, 'beta': 9.974400550003118}. Best is trial 14 with value: 3.0319619178771973.
[I 2023-06-27 21:43:41,210] Trial 21 finished with value: 3.0408568382263184 and parameters: {'dim': 220, 'lam': 2.3757276581904017e-06, 'beta': 9.776237316856355}. Best is trial 14 with value: 3.0319619178771973.
[I 2023-06-27 21:43:48,647] Trial 22 finished with value: 3.039029359817505 and parameters: {'dim': 220, 'lam': 2.6973361247057573e-06, 'beta': 9.969832547220252}. Best is trial 14 with value: 3.0319619178771973.
[I 2023-06-27 21:43:56,276] Trial 23 finished with value: 3.1414201259613037 and parameters: {'dim': 260, 'lam': 4.2214903709911486e-06, 'beta': 9.880656448827553}. Best is trial 14 with value: 3.0319619178771973.
[I 2023-06-27 21:44:03,631] Trial 24 finished with value: 3.2309422492980957 and parameters: {'dim': 180, 'lam': 1.3432806184273116e-05, 'beta': 9.050497928751092}. Best is trial 14 with value: 3.0319619178771973.
[I 2023-06-27 21:44:11,398] Trial 25 finished with value: 3.124058723449707 and parameters: {'dim': 280, 'lam': 1.114886505680169e-06, 'beta': 8.186126354889899}. Best is trial 14 with value: 3.0319619178771973.
[I 2023-06-27 21:44:18,820] Trial 26 finished with value: 3.26322078704834 and parameters: {'dim': 200, 'lam': 4.038027470824047e-06, 'beta': 9.997195589020624}. Best is trial 14 with value: 3.0319619178771973.
[I 2023-06-27 21:44:26,640] Trial 27 finished with value: 3.0477538108825684 and parameters: {'dim': 220, 'lam': 1.0773441709211095e-05, 'beta': 9.163564761450791}. Best is trial 14 with value: 3.0319619178771973.
[I 2023-06-27 21:44:33,998] Trial 28 finished with value: 3.3871026039123535 and parameters: {'dim': 160, 'lam': 1.415526421964547e-06, 'beta': 7.908079188960182}. Best is trial 14 with value: 3.0319619178771973.
[I 2023-06-27 21:44:41,605] Trial 29 finished with value: 3.11136531829834 and parameters: {'dim': 220, 'lam': 8.037070187479224e-06, 'beta': 6.026345303567794}. Best is trial 14 with value: 3.0319619178771973.
[I 2023-06-27 21:44:49,413] Trial 30 finished with value: 3.105867624282837 and parameters: {'dim': 280, 'lam': 4.6317649919609353e-07, 'beta': 8.992689456322772}. Best is trial 14 with value: 3.0319619178771973.
[I 2023-06-27 21:44:57,011] Trial 31 finished with value: 3.0456693172454834 and parameters: {'dim': 220, 'lam': 2.913436994273847e-06, 'beta': 9.475512979113345}. Best is trial 14 with value: 3.0319619178771973.
[I 2023-06-27 21:45:04,621] Trial 32 finished with value: 3.2771248817443848 and parameters: {'dim': 200, 'lam': 1.7039875162609693e-06, 'beta': 9.411930324904187}. Best is trial 14 with value: 3.0319619178771973.
[I 2023-06-27 21:45:11,983] Trial 33 finished with value: 3.291001319885254 and parameters: {'dim': 200, 'lam': 3.4643046772615692e-06, 'beta': 8.696253474706308}. Best is trial 14 with value: 3.0319619178771973.
[I 2023-06-27 21:45:19,379] Trial 34 finished with value: 3.2290070056915283 and parameters: {'dim': 180, 'lam': 1.0972187222369498e-06, 'beta': 9.37979290945298}. Best is trial 14 with value: 3.0319619178771973.
[I 2023-06-27 21:45:27,096] Trial 35 finished with value: 3.1438400745391846 and parameters: {'dim': 240, 'lam': 5.620885145872492e-06, 'beta': 9.94019981650236}. Best is trial 14 with value: 3.0319619178771973.
[I 2023-06-27 21:45:34,835] Trial 36 finished with value: 3.0565736293792725 and parameters: {'dim': 220, 'lam': 2.5065233027058805e-06, 'beta': 8.87917531444073}. Best is trial 14 with value: 3.0319619178771973.
[I 2023-06-27 21:45:42,475] Trial 37 finished with value: 3.0741379261016846 and parameters: {'dim': 220, 'lam': 1.5434922626985347e-06, 'beta': 7.883708692994918}. Best is trial 14 with value: 3.0319619178771973.
[I 2023-06-27 21:45:49,819] Trial 38 finished with value: 3.216677188873291 and parameters: {'dim': 180, 'lam': 2.4422774689026633e-05, 'beta': 9.397318210524528}. Best is trial 14 with value: 3.0319619178771973.
[I 2023-06-27 21:45:57,562] Trial 39 finished with value: 3.174450159072876 and parameters: {'dim': 260, 'lam': 7.299785011001838e-07, 'beta': 8.549422203161267}. Best is trial 14 with value: 3.0319619178771973.
[I 2023-06-27 21:46:04,806] Trial 40 finished with value: 3.420624017715454 and parameters: {'dim': 160, 'lam': 1.9317365242365725e-06, 'beta': 6.498158521001292}. Best is trial 14 with value: 3.0319619178771973.
[I 2023-06-27 21:46:12,435] Trial 41 finished with value: 3.0414280891418457 and parameters: {'dim': 220, 'lam': 2.7646738009319148e-06, 'beta': 9.598781513259471}. Best is trial 14 with value: 3.0319619178771973.
[I 2023-06-27 21:46:20,010] Trial 42 finished with value: 3.2709577083587646 and parameters: {'dim': 200, 'lam': 4.57923251592155e-06, 'beta': 9.540894384304629}. Best is trial 14 with value: 3.0319619178771973.
[I 2023-06-27 21:46:27,468] Trial 43 finished with value: 3.054044008255005 and parameters: {'dim': 220, 'lam': 3.000156955881531e-06, 'beta': 9.018600285694875}. Best is trial 14 with value: 3.0319619178771973.
[I 2023-06-27 21:46:35,200] Trial 44 finished with value: 3.1441917419433594 and parameters: {'dim': 240, 'lam': 8.218916603390992e-06, 'beta': 9.964191647764236}. Best is trial 14 with value: 3.0319619178771973.
[I 2023-06-27 21:46:43,019] Trial 45 finished with value: 3.1580028533935547 and parameters: {'dim': 240, 'lam': 8.939520919216647e-07, 'beta': 9.266370260331678}. Best is trial 14 with value: 3.0319619178771973.
[I 2023-06-27 21:46:50,155] Trial 46 finished with value: 3.3181684017181396 and parameters: {'dim': 200, 'lam': 5.097977852134317e-06, 'beta': 7.632549857464738}. Best is trial 14 with value: 3.0319619178771973.
[I 2023-06-27 21:46:57,319] Trial 47 finished with value: 3.0673773288726807 and parameters: {'dim': 220, 'lam': 2.079317188679257e-06, 'beta': 8.35138453239448}. Best is trial 14 with value: 3.0319619178771973.
[I 2023-06-27 21:47:04,774] Trial 48 finished with value: 3.1073858737945557 and parameters: {'dim': 280, 'lam': 5.228731710143928e-07, 'beta': 8.757096587183085}. Best is trial 14 with value: 3.0319619178771973.
[I 2023-06-27 21:47:11,831] Trial 49 finished with value: 3.3653934001922607 and parameters: {'dim': 100, 'lam': 1.2775677923220607e-06, 'beta': 9.600435562093487}. Best is trial 14 with value: 3.0319619178771973.
[I 2023-06-27 21:47:19,224] Trial 50 finished with value: 3.266277551651001 and parameters: {'dim': 180, 'lam': 3.3024429623897297e-06, 'beta': 7.64153738811646}. Best is trial 14 with value: 3.0319619178771973.
[I 2023-06-27 21:47:26,800] Trial 51 finished with value: 3.044910192489624 and parameters: {'dim': 220, 'lam': 2.779552817118134e-06, 'beta': 9.505251438219785}. Best is trial 14 with value: 3.0319619178771973.
[I 2023-06-27 21:47:34,477] Trial 52 finished with value: 3.1508724689483643 and parameters: {'dim': 240, 'lam': 7.177467716576505e-06, 'beta': 9.647704747041951}. Best is trial 14 with value: 3.0319619178771973.
[I 2023-06-27 21:47:42,050] Trial 53 finished with value: 3.050536632537842 and parameters: {'dim': 220, 'lam': 2.2103435023003285e-06, 'beta': 9.097382803869898}. Best is trial 14 with value: 3.0319619178771973.
[I 2023-06-27 21:47:49,638] Trial 54 finished with value: 3.171116352081299 and parameters: {'dim': 240, 'lam': 5.264351759842227e-06, 'beta': 8.486380685525413}. Best is trial 14 with value: 3.0319619178771973.
[I 2023-06-27 21:47:57,107] Trial 55 finished with value: 3.272148370742798 and parameters: {'dim': 200, 'lam': 1.6910904777345418e-06, 'beta': 9.628990717028572}. Best is trial 14 with value: 3.0319619178771973.
[I 2023-06-27 21:48:04,590] Trial 56 finished with value: 3.2652478218078613 and parameters: {'dim': 200, 'lam': 3.6290486549159755e-06, 'beta': 9.986253441833945}. Best is trial 14 with value: 3.0319619178771973.
[I 2023-06-27 21:48:12,325] Trial 57 finished with value: 3.1627471446990967 and parameters: {'dim': 260, 'lam': 1.1101361019549466e-05, 'beta': 8.809288050028123}. Best is trial 14 with value: 3.0319619178771973.
[I 2023-06-27 21:48:19,849] Trial 58 finished with value: 3.051442861557007 and parameters: {'dim': 220, 'lam': 9.623314174675268e-07, 'beta': 9.300364408835414}. Best is trial 14 with value: 3.0319619178771973.
[I 2023-06-27 21:48:27,458] Trial 59 finished with value: 3.178431987762451 and parameters: {'dim': 240, 'lam': 2.6877552156324356e-06, 'beta': 8.228734292853733}. Best is trial 14 with value: 3.0319619178771973.
[I 2023-06-27 21:48:35,058] Trial 60 finished with value: 3.0386476516723633 and parameters: {'dim': 220, 'lam': 6.1022431962943e-06, 'beta': 9.667798419124876}. Best is trial 14 with value: 3.0319619178771973.
[I 2023-06-27 21:48:42,605] Trial 61 finished with value: 3.0379018783569336 and parameters: {'dim': 220, 'lam': 6.531816813209035e-06, 'beta': 9.7029668326523}. Best is trial 14 with value: 3.0319619178771973.
[I 2023-06-27 21:48:50,128] Trial 62 finished with value: 3.145967960357666 and parameters: {'dim': 240, 'lam': 1.7109797013311508e-05, 'beta': 9.712634047678455}. Best is trial 14 with value: 3.0319619178771973.
[I 2023-06-27 21:48:57,741] Trial 63 finished with value: 3.053689956665039 and parameters: {'dim': 220, 'lam': 6.6895649235140704e-06, 'beta': 8.960781405630541}. Best is trial 14 with value: 3.0319619178771973.
[I 2023-06-27 21:49:05,153] Trial 64 finished with value: 3.2665276527404785 and parameters: {'dim': 200, 'lam': 4.266804225549099e-06, 'beta': 9.750442356636476}. Best is trial 14 with value: 3.0319619178771973.
[I 2023-06-27 21:49:12,675] Trial 65 finished with value: 3.0475575923919678 and parameters: {'dim': 220, 'lam': 9.660904042738388e-06, 'beta': 9.167724754025516}. Best is trial 14 with value: 3.0319619178771973.
[I 2023-06-27 21:49:20,401] Trial 66 finished with value: 3.1677021980285645 and parameters: {'dim': 240, 'lam': 6.555720245125883e-06, 'beta': 8.776387709705425}. Best is trial 14 with value: 3.0319619178771973.
[I 2023-06-27 21:49:28,184] Trial 67 finished with value: 3.2619237899780273 and parameters: {'dim': 200, 'lam': 4.672154341415688e-06, 'beta': 9.976465226250058}. Best is trial 14 with value: 3.0319619178771973.
[I 2023-06-27 21:49:36,039] Trial 68 finished with value: 3.1560566425323486 and parameters: {'dim': 260, 'lam': 1.6001945144100065e-06, 'beta': 9.242149879863389}. Best is trial 14 with value: 3.0319619178771973.
[I 2023-06-27 21:49:43,441] Trial 69 finished with value: 3.247865915298462 and parameters: {'dim': 180, 'lam': 3.690612623135988e-06, 'beta': 8.43921092909494}. Best is trial 14 with value: 3.0319619178771973.
[I 2023-06-27 21:49:51,087] Trial 70 finished with value: 3.037950277328491 and parameters: {'dim': 220, 'lam': 8.934017760352326e-06, 'beta': 9.739877157272907}. Best is trial 14 with value: 3.0319619178771973.
[I 2023-06-27 21:49:58,729] Trial 71 finished with value: 3.0349464416503906 and parameters: {'dim': 220, 'lam': 1.1862891366237917e-05, 'beta': 9.755299736206673}. Best is trial 14 with value: 3.0319619178771973.
[I 2023-06-27 21:50:05,845] Trial 72 finished with value: 3.2453906536102295 and parameters: {'dim': 120, 'lam': 1.2658660221033504e-05, 'beta': 9.75422224865319}. Best is trial 14 with value: 3.0319619178771973.
[I 2023-06-27 21:50:13,500] Trial 73 finished with value: 3.046419858932495 and parameters: {'dim': 220, 'lam': 8.685577757686585e-06, 'beta': 9.308708130284327}. Best is trial 14 with value: 3.0319619178771973.
[I 2023-06-27 21:50:21,062] Trial 74 finished with value: 3.2522470951080322 and parameters: {'dim': 200, 'lam': 2.2175710736627264e-05, 'beta': 9.994746760224523}. Best is trial 14 with value: 3.0319619178771973.
[I 2023-06-27 21:50:28,814] Trial 75 finished with value: 3.053414821624756 and parameters: {'dim': 220, 'lam': 6.2040157699141384e-06, 'beta': 9.005729250889626}. Best is trial 14 with value: 3.0319619178771973.
[I 2023-06-27 21:50:36,396] Trial 76 finished with value: 3.1506471633911133 and parameters: {'dim': 240, 'lam': 1.539446856961931e-05, 'beta': 9.418389357198802}. Best is trial 14 with value: 3.0319619178771973.
[I 2023-06-27 21:50:44,007] Trial 77 finished with value: 3.2871124744415283 and parameters: {'dim': 200, 'lam': 8.900578449845452e-06, 'beta': 8.691242064866195}. Best is trial 14 with value: 3.0319619178771973.
[I 2023-06-27 21:50:51,618] Trial 78 finished with value: 3.036736249923706 and parameters: {'dim': 220, 'lam': 9.914638254168526e-06, 'beta': 9.673704482321329}. Best is trial 14 with value: 3.0319619178771973.
[I 2023-06-27 21:50:59,370] Trial 79 finished with value: 3.148505926132202 and parameters: {'dim': 240, 'lam': 1.2674534712578139e-05, 'beta': 9.665060610190785}. Best is trial 14 with value: 3.0319619178771973.
[I 2023-06-27 21:51:06,954] Trial 80 finished with value: 3.0460331439971924 and parameters: {'dim': 220, 'lam': 1.9284278231676658e-05, 'beta': 9.1410211140381}. Best is trial 14 with value: 3.0319619178771973.
[I 2023-06-27 21:51:14,623] Trial 81 finished with value: 3.0304372310638428 and parameters: {'dim': 220, 'lam': 2.8471838064173853e-05, 'beta': 9.761204430648428}. Best is trial 81 with value: 3.0304372310638428.
[I 2023-06-27 21:51:22,125] Trial 82 finished with value: 3.029566764831543 and parameters: {'dim': 220, 'lam': 2.932079753557587e-05, 'beta': 9.780441741515423}. Best is trial 82 with value: 3.029566764831543.
[I 2023-06-27 21:51:29,594] Trial 83 finished with value: 3.031954526901245 and parameters: {'dim': 220, 'lam': 5.0526087841847e-05, 'beta': 9.441183263930748}. Best is trial 82 with value: 3.029566764831543.
[I 2023-06-27 21:51:37,111] Trial 84 finished with value: 3.255709648132324 and parameters: {'dim': 200, 'lam': 3.341861857108879e-05, 'beta': 9.379824136265452}. Best is trial 82 with value: 3.029566764831543.
[I 2023-06-27 21:51:44,585] Trial 85 finished with value: 3.0255331993103027 and parameters: {'dim': 220, 'lam': 3.9698500869814955e-05, 'beta': 9.78511613768966}. Best is trial 85 with value: 3.0255331993103027.
[I 2023-06-27 21:51:52,111] Trial 86 finished with value: 3.1558406352996826 and parameters: {'dim': 240, 'lam': 3.2768268737381674e-05, 'beta': 8.93256958961588}. Best is trial 85 with value: 3.0255331993103027.
[I 2023-06-27 21:51:59,672] Trial 87 finished with value: 3.023513078689575 and parameters: {'dim': 220, 'lam': 9.242269168035869e-05, 'beta': 9.428828686545584}. Best is trial 87 with value: 3.023513078689575.
[I 2023-06-27 21:52:07,232] Trial 88 finished with value: 3.0317604541778564 and parameters: {'dim': 220, 'lam': 6.620313976261965e-05, 'beta': 9.400059724112102}. Best is trial 87 with value: 3.023513078689575.
[I 2023-06-27 21:52:14,986] Trial 89 finished with value: 3.1549901962280273 and parameters: {'dim': 240, 'lam': 7.682016725610237e-05, 'beta': 8.674833816824497}. Best is trial 87 with value: 3.023513078689575.
[I 2023-06-27 21:52:22,593] Trial 90 finished with value: 3.249847650527954 and parameters: {'dim': 200, 'lam': 5.1785338608281964e-05, 'beta': 9.21436595091991}. Best is trial 87 with value: 3.023513078689575.
[I 2023-06-27 21:52:30,294] Trial 91 finished with value: 3.0263710021972656 and parameters: {'dim': 220, 'lam': 8.185218133012106e-05, 'beta': 9.428115974338077}. Best is trial 87 with value: 3.023513078689575.
[I 2023-06-27 21:52:37,855] Trial 92 finished with value: 3.021554708480835 and parameters: {'dim': 220, 'lam': 9.578218902944775e-05, 'beta': 9.506229235786334}. Best is trial 92 with value: 3.021554708480835.
[I 2023-06-27 21:52:45,412] Trial 93 finished with value: 3.0223333835601807 and parameters: {'dim': 220, 'lam': 9.486581029281887e-05, 'beta': 9.436696510825774}. Best is trial 92 with value: 3.021554708480835.
[I 2023-06-27 21:52:52,850] Trial 94 finished with value: 3.227848768234253 and parameters: {'dim': 200, 'lam': 9.840039019738966e-05, 'beta': 9.448428319076218}. Best is trial 92 with value: 3.021554708480835.
[I 2023-06-27 21:53:00,393] Trial 95 finished with value: 3.025603771209717 and parameters: {'dim': 220, 'lam': 0.00016733639036905948, 'beta': 8.925889439866067}. Best is trial 92 with value: 3.021554708480835.
[I 2023-06-27 21:53:08,132] Trial 96 finished with value: 3.1321604251861572 and parameters: {'dim': 240, 'lam': 0.00016063828026135533, 'beta': 8.972822335399128}. Best is trial 92 with value: 3.021554708480835.
[I 2023-06-27 21:53:15,746] Trial 97 finished with value: 3.040801763534546 and parameters: {'dim': 220, 'lam': 0.00013975471998414613, 'beta': 8.206003198777344}. Best is trial 92 with value: 3.021554708480835.
[I 2023-06-27 21:53:23,392] Trial 98 finished with value: 3.2671101093292236 and parameters: {'dim': 200, 'lam': 5.037082093982716e-05, 'beta': 8.567371060861833}. Best is trial 92 with value: 3.021554708480835.
[I 2023-06-27 21:53:30,953] Trial 99 finished with value: 3.0335910320281982 and parameters: {'dim': 220, 'lam': 7.414807079387648e-05, 'beta': 9.17751165140105}. Best is trial 92 with value: 3.021554708480835.
[I 2023-06-27 21:53:30,953] A new study created in memory with name: no-name-5f43a838-a610-43f6-9fe6-d43f867ea638
[I 2023-06-27 21:53:34,773] Trial 0 finished with value: 0.22065600752830505 and parameters: {'dim': 200, 'lam': 2.608406788072452e-06, 'clip': 0.16983212282596882}. Best is trial 0 with value: 0.22065600752830505.
[I 2023-06-27 21:53:38,802] Trial 1 finished with value: 0.1665581464767456 and parameters: {'dim': 300, 'lam': 1.0860491975067652e-05, 'clip': 0.16814490208225696}. Best is trial 1 with value: 0.1665581464767456.
[I 2023-06-27 21:53:42,728] Trial 2 finished with value: 0.3766646385192871 and parameters: {'dim': 300, 'lam': 9.705672546964185e-05, 'clip': 0.1459002907885772}. Best is trial 1 with value: 0.1665581464767456.
[I 2023-06-27 21:53:46,752] Trial 3 finished with value: 0.1792418360710144 and parameters: {'dim': 220, 'lam': 1.085822002375617e-06, 'clip': 0.17762907360477748}. Best is trial 1 with value: 0.1665581464767456.
[I 2023-06-27 21:53:50,682] Trial 4 finished with value: 0.5620697140693665 and parameters: {'dim': 220, 'lam': 0.0007569681142250685, 'clip': 0.38558151866106194}. Best is trial 1 with value: 0.1665581464767456.
[I 2023-06-27 21:53:54,442] Trial 5 finished with value: 0.17861829698085785 and parameters: {'dim': 220, 'lam': 2.446067043383459e-07, 'clip': 0.17620157428693356}. Best is trial 1 with value: 0.1665581464767456.
[I 2023-06-27 21:53:58,418] Trial 6 finished with value: 1.3847155570983887 and parameters: {'dim': 220, 'lam': 0.0007205844019540627, 'clip': 0.0615850542832298}. Best is trial 1 with value: 0.1665581464767456.
[I 2023-06-27 21:54:02,028] Trial 7 finished with value: 0.13051556050777435 and parameters: {'dim': 200, 'lam': 7.1550122324530724e-06, 'clip': 0.3575119427396756}. Best is trial 7 with value: 0.13051556050777435.
[I 2023-06-27 21:54:05,895] Trial 8 finished with value: 0.07870952039957047 and parameters: {'dim': 280, 'lam': 1.1645602956895466e-06, 'clip': 0.3863938904793536}. Best is trial 8 with value: 0.07870952039957047.
[I 2023-06-27 21:54:09,461] Trial 9 finished with value: 0.5097046494483948 and parameters: {'dim': 100, 'lam': 4.509429997205047e-05, 'clip': 0.17316576447056753}. Best is trial 8 with value: 0.07870952039957047.
[I 2023-06-27 21:54:13,410] Trial 10 finished with value: 0.07021788507699966 and parameters: {'dim': 260, 'lam': 1.113799927311581e-07, 'clip': 0.48648269392030696}. Best is trial 10 with value: 0.07021788507699966.
[I 2023-06-27 21:54:17,459] Trial 11 finished with value: 0.06982498615980148 and parameters: {'dim': 260, 'lam': 1.5039599267224695e-07, 'clip': 0.4917502514073654}. Best is trial 11 with value: 0.06982498615980148.
[I 2023-06-27 21:54:21,470] Trial 12 finished with value: 0.07146916538476944 and parameters: {'dim': 260, 'lam': 1.830476492543934e-07, 'clip': 0.4754183733485096}. Best is trial 11 with value: 0.06982498615980148.
[I 2023-06-27 21:54:25,379] Trial 13 finished with value: 0.07009203732013702 and parameters: {'dim': 260, 'lam': 1.0382285819155854e-07, 'clip': 0.48761430227739416}. Best is trial 11 with value: 0.06982498615980148.
[I 2023-06-27 21:54:29,358] Trial 14 finished with value: 0.12572404742240906 and parameters: {'dim': 140, 'lam': 1.0239122137782344e-07, 'clip': 0.4974731120632003}. Best is trial 11 with value: 0.06982498615980148.
